2021-05-05 19:52:52,800 INFO o.a.j.u.JMeterUtils: Setting Locale to en_EN
2021-05-05 19:52:52,820 INFO o.a.j.JMeter: Loading user properties from: /hdd/homework/testing/apache-jmeter-5.4.1/bin/user.properties
2021-05-05 19:52:52,821 INFO o.a.j.JMeter: Loading system properties from: /hdd/homework/testing/apache-jmeter-5.4.1/bin/system.properties
2021-05-05 19:52:52,821 INFO o.a.j.JMeter: Loading additional properties from: ../jmeter.properties
2021-05-05 19:52:52,828 INFO o.a.j.JMeter: Copyright (c) 1998-2021 The Apache Software Foundation
2021-05-05 19:52:52,828 INFO o.a.j.JMeter: Version 5.4.1
2021-05-05 19:52:52,828 INFO o.a.j.JMeter: java.version=15.0.2
2021-05-05 19:52:52,828 INFO o.a.j.JMeter: java.vm.name=OpenJDK 64-Bit Server VM
2021-05-05 19:52:52,828 INFO o.a.j.JMeter: os.name=Linux
2021-05-05 19:52:52,828 INFO o.a.j.JMeter: os.arch=amd64
2021-05-05 19:52:52,828 INFO o.a.j.JMeter: os.version=5.4.114-1-MANJARO
2021-05-05 19:52:52,828 INFO o.a.j.JMeter: file.encoding=UTF-8
2021-05-05 19:52:52,829 INFO o.a.j.JMeter: java.awt.headless=true
2021-05-05 19:52:52,829 INFO o.a.j.JMeter: Max memory     =1073741824
2021-05-05 19:52:52,829 INFO o.a.j.JMeter: Available Processors =8
2021-05-05 19:52:52,838 INFO o.a.j.JMeter: Default Locale=English (EN)
2021-05-05 19:52:52,838 INFO o.a.j.JMeter: JMeter  Locale=English (EN)
2021-05-05 19:52:52,838 INFO o.a.j.JMeter: JMeterHome=/hdd/homework/testing/apache-jmeter-5.4.1
2021-05-05 19:52:52,839 INFO o.a.j.JMeter: user.dir  =/hdd/homework/testing/lab4/load1
2021-05-05 19:52:52,839 INFO o.a.j.JMeter: PWD       =/hdd/homework/testing/lab4/load1
2021-05-05 19:52:52,839 INFO o.a.j.JMeter: IP: 127.0.1.1 Name: asurkis-manjaro FullName: asurkis-manjaro
2021-05-05 19:52:52,843 INFO o.a.j.JMeter: Setting property 'jmeter.reportgenerator.outputdir' to:'/hdd/homework/testing/lab4/load1/out'
2021-05-05 19:52:52,845 INFO o.a.j.s.FileServer: Default base='/hdd/homework/testing/lab4/load1'
2021-05-05 19:52:52,846 INFO o.a.j.s.FileServer: Set new base='/hdd/homework/testing/lab4/load1'
2021-05-05 19:52:52,988 INFO o.a.j.s.SaveService: Testplan (JMX) version: 2.2. Testlog (JTL) version: 2.2
2021-05-05 19:52:53,008 INFO o.a.j.s.SaveService: Using SaveService properties version 5.0
2021-05-05 19:52:53,010 INFO o.a.j.s.SaveService: Using SaveService properties file encoding UTF-8
2021-05-05 19:52:53,012 INFO o.a.j.s.SaveService: Loading file: test.jmx
2021-05-05 19:52:53,044 INFO o.a.j.p.h.s.HTTPSamplerBase: Parser for text/html is org.apache.jmeter.protocol.http.parser.LagartoBasedHtmlParser
2021-05-05 19:52:53,045 INFO o.a.j.p.h.s.HTTPSamplerBase: Parser for application/xhtml+xml is org.apache.jmeter.protocol.http.parser.LagartoBasedHtmlParser
2021-05-05 19:52:53,045 INFO o.a.j.p.h.s.HTTPSamplerBase: Parser for application/xml is org.apache.jmeter.protocol.http.parser.LagartoBasedHtmlParser
2021-05-05 19:52:53,045 INFO o.a.j.p.h.s.HTTPSamplerBase: Parser for text/xml is org.apache.jmeter.protocol.http.parser.LagartoBasedHtmlParser
2021-05-05 19:52:53,045 INFO o.a.j.p.h.s.HTTPSamplerBase: Parser for text/vnd.wap.wml is org.apache.jmeter.protocol.http.parser.RegexpHTMLParser
2021-05-05 19:52:53,045 INFO o.a.j.p.h.s.HTTPSamplerBase: Parser for text/css is org.apache.jmeter.protocol.http.parser.CssParser
2021-05-05 19:52:53,065 INFO o.a.j.JMeter: Creating summariser <summary>
2021-05-05 19:52:53,068 INFO o.a.j.r.d.ReportGenerator: ReportGenerator will use for Parsing the separator: ','
2021-05-05 19:52:53,068 INFO o.a.j.r.d.ReportGenerator: Will generate report at end of test from  results file: samples.csv
2021-05-05 19:52:53,068 INFO o.a.j.r.d.ReportGenerator: Reading report generator properties from: /hdd/homework/testing/apache-jmeter-5.4.1/bin/reportgenerator.properties
2021-05-05 19:52:53,069 INFO o.a.j.r.d.ReportGenerator: Merging with JMeter properties
2021-05-05 19:52:53,072 INFO o.a.j.r.c.ReportGeneratorConfiguration: Property 'jmeter.reportgenerator.temp_dir' not found, using default value 'temp' instead.
2021-05-05 19:52:53,074 INFO o.a.j.r.c.ReportGeneratorConfiguration: Property 'jmeter.reportgenerator.apdex_per_transaction' not found, using default value 'null' instead.
2021-05-05 19:52:53,074 INFO o.a.j.r.c.ReportGeneratorConfiguration: apdex_per_transaction is empty, not APDEX per transaction customization
2021-05-05 19:52:53,074 INFO o.a.j.r.c.ReportGeneratorConfiguration: Property 'jmeter.reportgenerator.sample_filter' not found, using default value 'null' instead.
2021-05-05 19:52:53,075 INFO o.a.j.r.c.ReportGeneratorConfiguration: Property 'jmeter.reportgenerator.report_title' not found, using default value 'null' instead.
2021-05-05 19:52:53,075 INFO o.a.j.r.c.ReportGeneratorConfiguration: Property 'jmeter.reportgenerator.start_date' not found, using default value 'null' instead.
2021-05-05 19:52:53,075 INFO o.a.j.r.c.ReportGeneratorConfiguration: Property 'jmeter.reportgenerator.end_date' not found, using default value 'null' instead.
2021-05-05 19:52:53,075 INFO o.a.j.r.c.ReportGeneratorConfiguration: Property 'jmeter.reportgenerator.date_format' not found, using default value 'null' instead.
2021-05-05 19:52:53,076 INFO o.a.j.r.c.ReportGeneratorConfiguration: Will use date range start date: null, end date: null
2021-05-05 19:52:53,080 INFO o.a.j.r.c.ReportGeneratorConfiguration: Property 'jmeter.reportgenerator.graph.totalTPS.exclude_controllers' not found, using default value 'false' instead.
2021-05-05 19:52:53,080 INFO o.a.j.r.c.ReportGeneratorConfiguration: Property 'jmeter.reportgenerator.graph.activeThreadsOverTime.exclude_controllers' not found, using default value 'false' instead.
2021-05-05 19:52:53,080 INFO o.a.j.r.c.ReportGeneratorConfiguration: Property 'jmeter.reportgenerator.graph.timeVsThreads.exclude_controllers' not found, using default value 'false' instead.
2021-05-05 19:52:53,081 INFO o.a.j.r.c.ReportGeneratorConfiguration: Property 'jmeter.reportgenerator.graph.responseTimeDistribution.exclude_controllers' not found, using default value 'false' instead.
2021-05-05 19:52:53,081 INFO o.a.j.r.c.ReportGeneratorConfiguration: Property 'jmeter.reportgenerator.graph.transactionsPerSecond.exclude_controllers' not found, using default value 'false' instead.
2021-05-05 19:52:53,081 INFO o.a.j.r.c.ReportGeneratorConfiguration: Property 'jmeter.reportgenerator.graph.responseTimePercentiles.exclude_controllers' not found, using default value 'false' instead.
2021-05-05 19:52:53,082 INFO o.a.j.r.c.ReportGeneratorConfiguration: Property 'jmeter.reportgenerator.graph.responseTimePercentilesOverTime.exclude_controllers' not found, using default value 'false' instead.
2021-05-05 19:52:53,082 INFO o.a.j.r.c.ReportGeneratorConfiguration: Property 'jmeter.reportgenerator.graph.responseTimesOverTime.exclude_controllers' not found, using default value 'false' instead.
2021-05-05 19:52:53,082 INFO o.a.j.r.c.ReportGeneratorConfiguration: Property 'jmeter.reportgenerator.graph.connectTimeOverTime.exclude_controllers' not found, using default value 'false' instead.
2021-05-05 19:52:53,082 INFO o.a.j.r.c.ReportGeneratorConfiguration: Property 'jmeter.reportgenerator.graph.latenciesOverTime.exclude_controllers' not found, using default value 'false' instead.
2021-05-05 19:52:53,083 INFO o.a.j.r.c.ReportGeneratorConfiguration: Property 'jmeter.reportgenerator.exporter.json.filters_only_sample_series' not found, using default value 'true' instead.
2021-05-05 19:52:53,083 INFO o.a.j.r.c.ReportGeneratorConfiguration: Property 'jmeter.reportgenerator.exporter.json.series_filter' not found, using default value '' instead.
2021-05-05 19:52:53,083 INFO o.a.j.r.c.ReportGeneratorConfiguration: Property 'jmeter.reportgenerator.exporter.json.show_controllers_only' not found, using default value 'false' instead.
2021-05-05 19:52:53,084 INFO o.a.j.r.c.ReportGeneratorConfiguration: Property 'jmeter.reportgenerator.exporter.html.filters_only_sample_series' not found, using default value 'true' instead.
2021-05-05 19:52:53,084 INFO o.a.j.r.c.ReportGeneratorConfiguration: Property 'jmeter.reportgenerator.exporter.html.series_filter' not found, using default value '' instead.
2021-05-05 19:52:53,084 INFO o.a.j.r.c.ReportGeneratorConfiguration: Property 'jmeter.reportgenerator.exporter.html.show_controllers_only' not found, using default value 'false' instead.
2021-05-05 19:52:53,088 INFO o.a.j.e.StandardJMeterEngine: Running the test!
2021-05-05 19:52:53,089 INFO o.a.j.s.SampleEvent: List of sample_variables: []
2021-05-05 19:52:53,089 INFO o.a.j.s.SampleEvent: List of sample_variables: []
2021-05-05 19:52:53,092 INFO o.a.j.e.u.CompoundVariable: Note: Function class names must contain the string: '.functions.'
2021-05-05 19:52:53,093 INFO o.a.j.e.u.CompoundVariable: Note: Function class names must not contain the string: '.gui.'
2021-05-05 19:52:53,137 INFO o.a.j.JMeter: Running test (1620233573137)
2021-05-05 19:52:53,149 INFO o.a.j.e.StandardJMeterEngine: Starting ThreadGroup: 1 : Thread Group
2021-05-05 19:52:53,149 INFO o.a.j.e.StandardJMeterEngine: Starting 200 threads for group Thread Group.
2021-05-05 19:52:53,149 INFO o.a.j.e.StandardJMeterEngine: Test will stop on error
2021-05-05 19:52:53,149 INFO o.a.j.t.ThreadGroup: Starting thread group... number=1 threads=200 ramp-up=600 delayedStart=false
2021-05-05 19:52:53,156 INFO o.a.j.t.JMeterThread: Thread started: Thread Group 1-1
2021-05-05 19:52:53,214 INFO o.a.j.t.ThreadGroup: Started thread group number 1
2021-05-05 19:52:53,214 INFO o.a.j.e.StandardJMeterEngine: All thread groups have been started
2021-05-05 19:52:54,672 INFO o.a.j.p.h.s.HTTPHCAbstractImpl: Local host = asurkis-manjaro
2021-05-05 19:52:54,677 INFO o.a.j.p.h.s.HTTPHC4Impl: HTTP request retry count = 0
2021-05-05 19:52:54,678 INFO o.a.j.s.SampleResult: Note: Sample TimeStamps are START times
2021-05-05 19:52:54,678 INFO o.a.j.s.SampleResult: sampleresult.default.encoding is set to ISO-8859-1
2021-05-05 19:52:54,678 INFO o.a.j.s.SampleResult: sampleresult.useNanoTime=true
2021-05-05 19:52:54,678 INFO o.a.j.s.SampleResult: sampleresult.nanoThreadSleep=5000
2021-05-05 19:52:56,152 INFO o.a.j.t.JMeterThread: Thread started: Thread Group 1-2
2021-05-05 19:52:59,151 INFO o.a.j.t.JMeterThread: Thread started: Thread Group 1-3
2021-05-05 19:53:00,066 INFO o.a.j.r.Summariser: summary +      5 in 00:00:07 =    0.7/s Avg:   456 Min:   438 Max:   497 Err:     0 (0.00%) Active: 3 Started: 3 Finished: 0
2021-05-05 19:53:02,152 INFO o.a.j.t.JMeterThread: Thread started: Thread Group 1-4
2021-05-05 19:53:05,150 INFO o.a.j.t.JMeterThread: Thread started: Thread Group 1-5
2021-05-05 19:53:08,151 INFO o.a.j.t.JMeterThread: Thread started: Thread Group 1-6
2021-05-05 19:53:11,149 INFO o.a.j.t.JMeterThread: Thread started: Thread Group 1-7
2021-05-05 19:53:14,151 INFO o.a.j.t.JMeterThread: Thread started: Thread Group 1-8
2021-05-05 19:53:17,150 INFO o.a.j.t.JMeterThread: Thread started: Thread Group 1-9
2021-05-05 19:53:20,150 INFO o.a.j.t.JMeterThread: Thread started: Thread Group 1-10
2021-05-05 19:53:23,150 INFO o.a.j.t.JMeterThread: Thread started: Thread Group 1-11
2021-05-05 19:53:26,149 INFO o.a.j.t.JMeterThread: Thread started: Thread Group 1-12
2021-05-05 19:53:29,150 INFO o.a.j.t.JMeterThread: Thread started: Thread Group 1-13
2021-05-05 19:53:30,077 INFO o.a.j.r.Summariser: summary +    114 in 00:00:30 =    3.8/s Avg:   468 Min:   443 Max:   515 Err:     0 (0.00%) Active: 13 Started: 13 Finished: 0
2021-05-05 19:53:30,078 INFO o.a.j.r.Summariser: summary =    119 in 00:00:37 =    3.2/s Avg:   467 Min:   438 Max:   515 Err:     0 (0.00%)
2021-05-05 19:53:32,152 INFO o.a.j.t.JMeterThread: Thread started: Thread Group 1-14
2021-05-05 19:53:35,150 INFO o.a.j.t.JMeterThread: Thread started: Thread Group 1-15
2021-05-05 19:53:38,151 INFO o.a.j.t.JMeterThread: Thread started: Thread Group 1-16
2021-05-05 19:53:41,150 INFO o.a.j.t.JMeterThread: Thread started: Thread Group 1-17
2021-05-05 19:53:44,150 INFO o.a.j.t.JMeterThread: Thread started: Thread Group 1-18
2021-05-05 19:53:47,149 INFO o.a.j.t.JMeterThread: Thread started: Thread Group 1-19
2021-05-05 19:53:50,149 INFO o.a.j.t.JMeterThread: Thread started: Thread Group 1-20
2021-05-05 19:53:53,150 INFO o.a.j.t.JMeterThread: Thread started: Thread Group 1-21
2021-05-05 19:53:56,150 INFO o.a.j.t.JMeterThread: Thread started: Thread Group 1-22
2021-05-05 19:53:56,665 INFO o.a.j.t.JMeterThread: Shutdown Test detected by thread: Thread Group 1-1
2021-05-05 19:53:56,667 INFO o.a.j.t.JMeterThread: Thread finished: Thread Group 1-1
2021-05-05 19:53:56,668 INFO o.a.j.t.JMeterThread: Stopping: Thread Group 1-91
2021-05-05 19:53:56,668 INFO o.a.j.t.JMeterThread: Stopping: Thread Group 1-129
2021-05-05 19:53:56,669 INFO o.a.j.t.JMeterThread: Stopping: Thread Group 1-115
2021-05-05 19:53:56,669 INFO o.a.j.t.JMeterThread: Stopping: Thread Group 1-119
2021-05-05 19:53:56,669 INFO o.a.j.t.JMeterThread: Stopping: Thread Group 1-169
2021-05-05 19:53:56,669 INFO o.a.j.t.JMeterThread: Stopping: Thread Group 1-53
2021-05-05 19:53:56,669 INFO o.a.j.t.JMeterThread: Stopping: Thread Group 1-89
2021-05-05 19:53:56,669 INFO o.a.j.t.JMeterThread: Stopping: Thread Group 1-148
2021-05-05 19:53:56,670 INFO o.a.j.t.JMeterThread: Stopping: Thread Group 1-102
2021-05-05 19:53:56,670 INFO o.a.j.t.JMeterThread: Stopping: Thread Group 1-104
2021-05-05 19:53:56,670 INFO o.a.j.t.JMeterThread: Stopping: Thread Group 1-9
2021-05-05 19:53:56,670 INFO o.a.j.t.JMeterThread: Stopping: Thread Group 1-48
2021-05-05 19:53:56,670 INFO o.a.j.t.JMeterThread: Stopping: Thread Group 1-10
2021-05-05 19:53:56,670 INFO o.a.j.t.JMeterThread: Stopping: Thread Group 1-56
2021-05-05 19:53:56,671 INFO o.a.j.t.JMeterThread: Stopping: Thread Group 1-58
2021-05-05 19:53:56,671 INFO o.a.j.t.JMeterThread: Stopping: Thread Group 1-131
2021-05-05 19:53:56,671 INFO o.a.j.t.JMeterThread: Stopping: Thread Group 1-192
2021-05-05 19:53:56,671 INFO o.a.j.t.JMeterThread: Stopping: Thread Group 1-188
2021-05-05 19:53:56,671 INFO o.a.j.t.JMeterThread: Stopping: Thread Group 1-92
2021-05-05 19:53:56,672 INFO o.a.j.t.JMeterThread: Stopping: Thread Group 1-103
2021-05-05 19:53:56,672 INFO o.a.j.t.JMeterThread: Stopping: Thread Group 1-106
2021-05-05 19:53:56,672 INFO o.a.j.t.JMeterThread: Stopping: Thread Group 1-114
2021-05-05 19:53:56,672 INFO o.a.j.t.JMeterThread: Stopping: Thread Group 1-112
2021-05-05 19:53:56,672 INFO o.a.j.t.JMeterThread: Stopping: Thread Group 1-69
2021-05-05 19:53:56,672 INFO o.a.j.t.JMeterThread: Stopping: Thread Group 1-100
2021-05-05 19:53:56,673 INFO o.a.j.t.JMeterThread: Stopping: Thread Group 1-36
2021-05-05 19:53:56,673 INFO o.a.j.t.JMeterThread: Stopping: Thread Group 1-173
2021-05-05 19:53:56,673 INFO o.a.j.t.JMeterThread: Stopping: Thread Group 1-133
2021-05-05 19:53:56,673 INFO o.a.j.t.JMeterThread: Stopping: Thread Group 1-65
2021-05-05 19:53:56,673 INFO o.a.j.t.JMeterThread: Stopping: Thread Group 1-139
2021-05-05 19:53:56,673 INFO o.a.j.t.JMeterThread: Stopping: Thread Group 1-140
2021-05-05 19:53:56,674 INFO o.a.j.t.JMeterThread: Stopping: Thread Group 1-60
2021-05-05 19:53:56,674 INFO o.a.j.t.JMeterThread: Stopping: Thread Group 1-107
2021-05-05 19:53:56,674 INFO o.a.j.t.JMeterThread: Stopping: Thread Group 1-44
2021-05-05 19:53:56,674 INFO o.a.j.t.JMeterThread: Stopping: Thread Group 1-160
2021-05-05 19:53:56,674 INFO o.a.j.t.JMeterThread: Stopping: Thread Group 1-66
2021-05-05 19:53:56,674 INFO o.a.j.t.JMeterThread: Stopping: Thread Group 1-200
2021-05-05 19:53:56,675 INFO o.a.j.t.JMeterThread: Stopping: Thread Group 1-132
2021-05-05 19:53:56,675 INFO o.a.j.t.JMeterThread: Stopping: Thread Group 1-74
2021-05-05 19:53:56,675 INFO o.a.j.t.JMeterThread: Stopping: Thread Group 1-68
2021-05-05 19:53:56,675 INFO o.a.j.t.JMeterThread: Stopping: Thread Group 1-87
2021-05-05 19:53:56,675 INFO o.a.j.t.JMeterThread: Stopping: Thread Group 1-59
2021-05-05 19:53:56,675 INFO o.a.j.t.JMeterThread: Stopping: Thread Group 1-182
2021-05-05 19:53:56,675 INFO o.a.j.t.JMeterThread: Stopping: Thread Group 1-117
2021-05-05 19:53:56,676 INFO o.a.j.t.JMeterThread: Stopping: Thread Group 1-124
2021-05-05 19:53:56,676 INFO o.a.j.t.JMeterThread: Stopping: Thread Group 1-41
2021-05-05 19:53:56,676 INFO o.a.j.t.JMeterThread: Stopping: Thread Group 1-177
2021-05-05 19:53:56,676 INFO o.a.j.t.JMeterThread: Stopping: Thread Group 1-193
2021-05-05 19:53:56,676 INFO o.a.j.t.JMeterThread: Stopping: Thread Group 1-149
2021-05-05 19:53:56,676 INFO o.a.j.t.JMeterThread: Stopping: Thread Group 1-110
2021-05-05 19:53:56,676 INFO o.a.j.t.JMeterThread: Stopping: Thread Group 1-101
2021-05-05 19:53:56,676 INFO o.a.j.t.JMeterThread: Stopping: Thread Group 1-50
2021-05-05 19:53:56,677 INFO o.a.j.t.JMeterThread: Stopping: Thread Group 1-146
2021-05-05 19:53:56,677 INFO o.a.j.t.JMeterThread: Stopping: Thread Group 1-55
2021-05-05 19:53:56,677 INFO o.a.j.t.JMeterThread: Stopping: Thread Group 1-78
2021-05-05 19:53:56,677 INFO o.a.j.t.JMeterThread: Stopping: Thread Group 1-128
2021-05-05 19:53:56,677 INFO o.a.j.t.JMeterThread: Stopping: Thread Group 1-108
2021-05-05 19:53:56,677 INFO o.a.j.t.JMeterThread: Stopping: Thread Group 1-95
2021-05-05 19:53:56,677 INFO o.a.j.t.JMeterThread: Stopping: Thread Group 1-159
2021-05-05 19:53:56,678 INFO o.a.j.t.JMeterThread: Stopping: Thread Group 1-183
2021-05-05 19:53:56,678 INFO o.a.j.t.JMeterThread: Stopping: Thread Group 1-37
2021-05-05 19:53:56,678 INFO o.a.j.t.JMeterThread: Stopping: Thread Group 1-96
2021-05-05 19:53:56,678 INFO o.a.j.t.JMeterThread: Stopping: Thread Group 1-16
2021-05-05 19:53:56,678 INFO o.a.j.t.JMeterThread: Stopping: Thread Group 1-14
2021-05-05 19:53:56,678 INFO o.a.j.t.JMeterThread: Stopping: Thread Group 1-49
2021-05-05 19:53:56,678 INFO o.a.j.t.JMeterThread: Stopping: Thread Group 1-52
2021-05-05 19:53:56,679 INFO o.a.j.t.JMeterThread: Stopping: Thread Group 1-17
2021-05-05 19:53:56,679 INFO o.a.j.t.JMeterThread: Stopping: Thread Group 1-176
2021-05-05 19:53:56,679 INFO o.a.j.t.JMeterThread: Stopping: Thread Group 1-194
2021-05-05 19:53:56,679 INFO o.a.j.t.JMeterThread: Stopping: Thread Group 1-21
2021-05-05 19:53:56,679 INFO o.a.j.t.JMeterThread: Stopping: Thread Group 1-141
2021-05-05 19:53:56,679 INFO o.a.j.t.JMeterThread: Stopping: Thread Group 1-79
2021-05-05 19:53:56,679 INFO o.a.j.t.JMeterThread: Stopping: Thread Group 1-150
2021-05-05 19:53:56,680 INFO o.a.j.t.JMeterThread: Stopping: Thread Group 1-5
2021-05-05 19:53:56,680 INFO o.a.j.t.JMeterThread: Stopping: Thread Group 1-73
2021-05-05 19:53:56,680 INFO o.a.j.t.JMeterThread: Stopping: Thread Group 1-75
2021-05-05 19:53:56,680 INFO o.a.j.t.JMeterThread: Stopping: Thread Group 1-190
2021-05-05 19:53:56,680 INFO o.a.j.t.JMeterThread: Stopping: Thread Group 1-77
2021-05-05 19:53:56,680 INFO o.a.j.t.JMeterThread: Stopping: Thread Group 1-126
2021-05-05 19:53:56,680 INFO o.a.j.t.JMeterThread: Stopping: Thread Group 1-85
2021-05-05 19:53:56,680 INFO o.a.j.t.JMeterThread: Stopping: Thread Group 1-171
2021-05-05 19:53:56,680 INFO o.a.j.t.JMeterThread: Stopping: Thread Group 1-81
2021-05-05 19:53:56,681 INFO o.a.j.t.JMeterThread: Stopping: Thread Group 1-174
2021-05-05 19:53:56,681 INFO o.a.j.t.JMeterThread: Stopping: Thread Group 1-86
2021-05-05 19:53:56,681 INFO o.a.j.t.JMeterThread: Stopping: Thread Group 1-191
2021-05-05 19:53:56,681 INFO o.a.j.t.JMeterThread: Stopping: Thread Group 1-35
2021-05-05 19:53:56,681 INFO o.a.j.t.JMeterThread: Stopping: Thread Group 1-105
2021-05-05 19:53:56,681 INFO o.a.j.t.JMeterThread: Stopping: Thread Group 1-99
2021-05-05 19:53:56,681 INFO o.a.j.t.JMeterThread: Stopping: Thread Group 1-94
2021-05-05 19:53:56,682 INFO o.a.j.t.JMeterThread: Stopping: Thread Group 1-137
2021-05-05 19:53:56,682 INFO o.a.j.t.JMeterThread: Stopping: Thread Group 1-180
2021-05-05 19:53:56,682 INFO o.a.j.t.JMeterThread: Stopping: Thread Group 1-123
2021-05-05 19:53:56,682 INFO o.a.j.t.JMeterThread: Stopping: Thread Group 1-145
2021-05-05 19:53:56,682 INFO o.a.j.t.JMeterThread: Stopping: Thread Group 1-32
2021-05-05 19:53:56,682 INFO o.a.j.t.JMeterThread: Stopping: Thread Group 1-154
2021-05-05 19:53:56,682 INFO o.a.j.t.JMeterThread: Stopping: Thread Group 1-6
2021-05-05 19:53:56,683 INFO o.a.j.t.JMeterThread: Stopping: Thread Group 1-199
2021-05-05 19:53:56,683 INFO o.a.j.t.JMeterThread: Stopping: Thread Group 1-109
2021-05-05 19:53:56,683 INFO o.a.j.t.JMeterThread: Stopping: Thread Group 1-165
2021-05-05 19:53:56,683 INFO o.a.j.t.JMeterThread: Stopping: Thread Group 1-142
2021-05-05 19:53:56,683 INFO o.a.j.t.JMeterThread: Stopping: Thread Group 1-13
2021-05-05 19:53:56,683 INFO o.a.j.t.JMeterThread: Stopping: Thread Group 1-34
2021-05-05 19:53:56,683 INFO o.a.j.t.JMeterThread: Stopping: Thread Group 1-153
2021-05-05 19:53:56,683 INFO o.a.j.t.JMeterThread: Stopping: Thread Group 1-189
2021-05-05 19:53:56,684 INFO o.a.j.t.JMeterThread: Stopping: Thread Group 1-7
2021-05-05 19:53:56,684 INFO o.a.j.t.JMeterThread: Stopping: Thread Group 1-167
2021-05-05 19:53:56,684 INFO o.a.j.t.JMeterThread: Stopping: Thread Group 1-155
2021-05-05 19:53:56,684 INFO o.a.j.t.JMeterThread: Stopping: Thread Group 1-138
2021-05-05 19:53:56,684 INFO o.a.j.t.JMeterThread: Stopping: Thread Group 1-163
2021-05-05 19:53:56,684 INFO o.a.j.t.JMeterThread: Stopping: Thread Group 1-47
2021-05-05 19:53:56,684 INFO o.a.j.t.JMeterThread: Stopping: Thread Group 1-170
2021-05-05 19:53:56,684 INFO o.a.j.t.JMeterThread: Stopping: Thread Group 1-164
2021-05-05 19:53:56,685 INFO o.a.j.t.JMeterThread: Stopping: Thread Group 1-23
2021-05-05 19:53:56,685 INFO o.a.j.t.JMeterThread: Stopping: Thread Group 1-24
2021-05-05 19:53:56,685 INFO o.a.j.t.JMeterThread: Stopping: Thread Group 1-2
2021-05-05 19:53:56,685 INFO o.a.j.t.JMeterThread: Stopping: Thread Group 1-147
2021-05-05 19:53:56,685 INFO o.a.j.t.JMeterThread: Stopping: Thread Group 1-4
2021-05-05 19:53:56,685 INFO o.a.j.t.JMeterThread: Stopping: Thread Group 1-25
2021-05-05 19:53:56,685 INFO o.a.j.t.JMeterThread: Stopping: Thread Group 1-143
2021-05-05 19:53:56,685 INFO o.a.j.t.JMeterThread: Stopping: Thread Group 1-45
2021-05-05 19:53:56,685 INFO o.a.j.t.JMeterThread: Stopping: Thread Group 1-19
2021-05-05 19:53:56,686 INFO o.a.j.t.JMeterThread: Stopping: Thread Group 1-33
2021-05-05 19:53:56,686 INFO o.a.j.t.JMeterThread: Stopping: Thread Group 1-27
2021-05-05 19:53:56,686 INFO o.a.j.t.JMeterThread: Stopping: Thread Group 1-181
2021-05-05 19:53:56,686 INFO o.a.j.t.JMeterThread: Stopping: Thread Group 1-11
2021-05-05 19:53:56,686 INFO o.a.j.t.JMeterThread: Stopping: Thread Group 1-64
2021-05-05 19:53:56,686 INFO o.a.j.t.JMeterThread: Stopping: Thread Group 1-72
2021-05-05 19:53:56,686 INFO o.a.j.t.JMeterThread: Stopping: Thread Group 1-121
2021-05-05 19:53:56,686 INFO o.a.j.t.JMeterThread: Stopping: Thread Group 1-42
2021-05-05 19:53:56,687 INFO o.a.j.t.JMeterThread: Stopping: Thread Group 1-84
2021-05-05 19:53:56,687 INFO o.a.j.t.JMeterThread: Stopping: Thread Group 1-54
2021-05-05 19:53:56,687 INFO o.a.j.t.JMeterThread: Stopping: Thread Group 1-158
2021-05-05 19:53:56,687 INFO o.a.j.t.JMeterThread: Thread finished: Thread Group 1-11
2021-05-05 19:53:56,687 INFO o.a.j.t.JMeterThread: Stopping: Thread Group 1-98
2021-05-05 19:53:56,687 INFO o.a.j.t.JMeterThread: Stopping: Thread Group 1-172
2021-05-05 19:53:56,688 INFO o.a.j.t.JMeterThread: Stopping: Thread Group 1-184
2021-05-05 19:53:56,688 INFO o.a.j.t.JMeterThread: Stopping: Thread Group 1-29
2021-05-05 19:53:56,688 INFO o.a.j.t.JMeterThread: Stopping: Thread Group 1-136
2021-05-05 19:53:56,688 INFO o.a.j.t.JMeterThread: Stopping: Thread Group 1-113
2021-05-05 19:53:56,688 INFO o.a.j.t.JMeterThread: Stopping: Thread Group 1-71
2021-05-05 19:53:56,688 INFO o.a.j.t.JMeterThread: Stopping: Thread Group 1-157
2021-05-05 19:53:56,689 INFO o.a.j.t.JMeterThread: Stopping: Thread Group 1-57
2021-05-05 19:53:56,689 INFO o.a.j.t.JMeterThread: Stopping: Thread Group 1-8
2021-05-05 19:53:56,689 INFO o.a.j.t.JMeterThread: Stopping: Thread Group 1-134
2021-05-05 19:53:56,689 INFO o.a.j.t.JMeterThread: Stopping: Thread Group 1-3
2021-05-05 19:53:56,689 INFO o.a.j.t.JMeterThread: Stopping: Thread Group 1-38
2021-05-05 19:53:56,689 INFO o.a.j.t.JMeterThread: Stopping: Thread Group 1-125
2021-05-05 19:53:56,689 INFO o.a.j.t.JMeterThread: Stopping: Thread Group 1-185
2021-05-05 19:53:56,689 INFO o.a.j.t.JMeterThread: Stopping: Thread Group 1-195
2021-05-05 19:53:56,689 INFO o.a.j.t.JMeterThread: Stopping: Thread Group 1-196
2021-05-05 19:53:56,689 INFO o.a.j.t.JMeterThread: Stopping: Thread Group 1-93
2021-05-05 19:53:56,689 INFO o.a.j.t.JMeterThread: Stopping: Thread Group 1-15
2021-05-05 19:53:56,689 INFO o.a.j.t.JMeterThread: Stopping: Thread Group 1-130
2021-05-05 19:53:56,689 INFO o.a.j.t.JMeterThread: Stopping: Thread Group 1-168
2021-05-05 19:53:56,689 INFO o.a.j.t.JMeterThread: Stopping: Thread Group 1-118
2021-05-05 19:53:56,690 INFO o.a.j.t.JMeterThread: Stopping: Thread Group 1-61
2021-05-05 19:53:56,690 INFO o.a.j.t.JMeterThread: Stopping: Thread Group 1-162
2021-05-05 19:53:56,690 INFO o.a.j.t.JMeterThread: Stopping: Thread Group 1-122
2021-05-05 19:53:56,690 INFO o.a.j.t.JMeterThread: Stopping: Thread Group 1-135
2021-05-05 19:53:56,690 INFO o.a.j.t.JMeterThread: Stopping: Thread Group 1-70
2021-05-05 19:53:56,690 INFO o.a.j.t.JMeterThread: Stopping: Thread Group 1-156
2021-05-05 19:53:56,690 INFO o.a.j.t.JMeterThread: Stopping: Thread Group 1-152
2021-05-05 19:53:56,690 INFO o.a.j.t.JMeterThread: Stopping: Thread Group 1-197
2021-05-05 19:53:56,690 INFO o.a.j.t.JMeterThread: Stopping: Thread Group 1-76
2021-05-05 19:53:56,691 INFO o.a.j.t.JMeterThread: Stopping: Thread Group 1-62
2021-05-05 19:53:56,691 INFO o.a.j.t.JMeterThread: Stopping: Thread Group 1-46
2021-05-05 19:53:56,691 INFO o.a.j.t.JMeterThread: Stopping: Thread Group 1-161
2021-05-05 19:53:56,691 INFO o.a.j.t.JMeterThread: Stopping: Thread Group 1-175
2021-05-05 19:53:56,691 INFO o.a.j.t.JMeterThread: Stopping: Thread Group 1-31
2021-05-05 19:53:56,691 INFO o.a.j.t.JMeterThread: Stopping: Thread Group 1-187
2021-05-05 19:53:56,691 INFO o.a.j.t.JMeterThread: Stopping: Thread Group 1-80
2021-05-05 19:53:56,691 INFO o.a.j.t.JMeterThread: Stopping: Thread Group 1-198
2021-05-05 19:53:56,692 INFO o.a.j.t.JMeterThread: Stopping: Thread Group 1-166
2021-05-05 19:53:56,692 INFO o.a.j.t.JMeterThread: Stopping: Thread Group 1-51
2021-05-05 19:53:56,692 INFO o.a.j.t.JMeterThread: Stopping: Thread Group 1-39
2021-05-05 19:53:56,692 INFO o.a.j.t.JMeterThread: Stopping: Thread Group 1-144
2021-05-05 19:53:56,692 INFO o.a.j.t.JMeterThread: Stopping: Thread Group 1-82
2021-05-05 19:53:56,692 INFO o.a.j.t.JMeterThread: Stopping: Thread Group 1-186
2021-05-05 19:53:56,692 INFO o.a.j.t.JMeterThread: Stopping: Thread Group 1-43
2021-05-05 19:53:56,692 INFO o.a.j.t.JMeterThread: Stopping: Thread Group 1-127
2021-05-05 19:53:56,693 INFO o.a.j.t.JMeterThread: Stopping: Thread Group 1-26
2021-05-05 19:53:56,693 INFO o.a.j.t.JMeterThread: Stopping: Thread Group 1-22
2021-05-05 19:53:56,693 INFO o.a.j.t.JMeterThread: Stopping: Thread Group 1-120
2021-05-05 19:53:56,693 INFO o.a.j.t.JMeterThread: Stopping: Thread Group 1-116
2021-05-05 19:53:56,693 INFO o.a.j.t.JMeterThread: Stopping: Thread Group 1-28
2021-05-05 19:53:56,693 INFO o.a.j.t.JMeterThread: Stopping: Thread Group 1-97
2021-05-05 19:53:56,694 INFO o.a.j.t.JMeterThread: Stopping: Thread Group 1-178
2021-05-05 19:53:56,694 INFO o.a.j.t.JMeterThread: Stopping: Thread Group 1-179
2021-05-05 19:53:56,694 INFO o.a.j.t.JMeterThread: Stopping: Thread Group 1-67
2021-05-05 19:53:56,694 INFO o.a.j.t.JMeterThread: Stopping: Thread Group 1-111
2021-05-05 19:53:56,694 INFO o.a.j.t.JMeterThread: Stopping: Thread Group 1-88
2021-05-05 19:53:56,694 INFO o.a.j.t.JMeterThread: Stopping: Thread Group 1-40
2021-05-05 19:53:56,695 INFO o.a.j.t.JMeterThread: Stopping: Thread Group 1-30
2021-05-05 19:53:56,695 INFO o.a.j.t.JMeterThread: Stopping: Thread Group 1-20
2021-05-05 19:53:56,695 INFO o.a.j.t.JMeterThread: Stopping: Thread Group 1-63
2021-05-05 19:53:56,695 INFO o.a.j.t.JMeterThread: Stopping: Thread Group 1-83
2021-05-05 19:53:56,695 INFO o.a.j.t.JMeterThread: Stopping: Thread Group 1-18
2021-05-05 19:53:56,695 INFO o.a.j.t.JMeterThread: Stopping: Thread Group 1-151
2021-05-05 19:53:56,696 INFO o.a.j.t.JMeterThread: Stopping: Thread Group 1-12
2021-05-05 19:53:56,696 INFO o.a.j.t.JMeterThread: Stopping: Thread Group 1-90
2021-05-05 19:53:56,715 INFO o.a.j.t.JMeterThread: Thread finished: Thread Group 1-21
2021-05-05 19:53:56,736 INFO o.a.j.t.JMeterThread: Thread finished: Thread Group 1-3
2021-05-05 19:53:56,742 INFO o.a.j.t.JMeterThread: Thread finished: Thread Group 1-13
2021-05-05 19:53:56,768 INFO o.a.j.t.JMeterThread: Thread finished: Thread Group 1-19
2021-05-05 19:53:56,791 INFO o.a.j.t.JMeterThread: Thread finished: Thread Group 1-15
2021-05-05 19:53:56,809 INFO o.a.j.t.JMeterThread: Thread finished: Thread Group 1-17
2021-05-05 19:53:56,856 INFO o.a.j.t.JMeterThread: Thread finished: Thread Group 1-5
2021-05-05 19:53:56,990 INFO o.a.j.t.JMeterThread: Thread finished: Thread Group 1-7
2021-05-05 19:53:57,084 INFO o.a.j.t.JMeterThread: Thread finished: Thread Group 1-2
2021-05-05 19:53:57,126 INFO o.a.j.t.JMeterThread: Thread finished: Thread Group 1-9
2021-05-05 19:53:57,173 INFO o.a.j.t.JMeterThread: Thread started: Thread Group 1-25
2021-05-05 19:53:57,173 INFO o.a.j.t.JMeterThread: Thread finished: Thread Group 1-25
2021-05-05 19:53:57,173 INFO o.a.j.t.JMeterThread: Thread started: Thread Group 1-24
2021-05-05 19:53:57,173 INFO o.a.j.t.JMeterThread: Thread started: Thread Group 1-23
2021-05-05 19:53:57,173 INFO o.a.j.t.JMeterThread: Thread started: Thread Group 1-31
2021-05-05 19:53:57,173 INFO o.a.j.t.JMeterThread: Thread started: Thread Group 1-26
2021-05-05 19:53:57,173 INFO o.a.j.t.JMeterThread: Thread started: Thread Group 1-28
2021-05-05 19:53:57,173 INFO o.a.j.t.JMeterThread: Thread finished: Thread Group 1-24
2021-05-05 19:53:57,173 INFO o.a.j.t.JMeterThread: Thread started: Thread Group 1-27
2021-05-05 19:53:57,173 INFO o.a.j.t.JMeterThread: Thread finished: Thread Group 1-31
2021-05-05 19:53:57,173 INFO o.a.j.t.JMeterThread: Thread finished: Thread Group 1-23
2021-05-05 19:53:57,174 INFO o.a.j.t.JMeterThread: Thread finished: Thread Group 1-26
2021-05-05 19:53:57,174 INFO o.a.j.t.JMeterThread: Thread finished: Thread Group 1-28
2021-05-05 19:53:57,174 INFO o.a.j.t.JMeterThread: Thread finished: Thread Group 1-27
2021-05-05 19:53:57,174 INFO o.a.j.t.JMeterThread: Thread started: Thread Group 1-30
2021-05-05 19:53:57,174 INFO o.a.j.t.JMeterThread: Thread started: Thread Group 1-29
2021-05-05 19:53:57,174 INFO o.a.j.t.JMeterThread: Thread finished: Thread Group 1-29
2021-05-05 19:53:57,174 INFO o.a.j.t.JMeterThread: Thread finished: Thread Group 1-30
2021-05-05 19:53:57,175 INFO o.a.j.t.JMeterThread: Thread started: Thread Group 1-35
2021-05-05 19:53:57,176 INFO o.a.j.t.JMeterThread: Thread started: Thread Group 1-32
2021-05-05 19:53:57,176 INFO o.a.j.t.JMeterThread: Thread started: Thread Group 1-36
2021-05-05 19:53:57,176 INFO o.a.j.t.JMeterThread: Thread started: Thread Group 1-33
2021-05-05 19:53:57,176 INFO o.a.j.t.JMeterThread: Thread finished: Thread Group 1-35
2021-05-05 19:53:57,176 INFO o.a.j.t.JMeterThread: Thread finished: Thread Group 1-32
2021-05-05 19:53:57,176 INFO o.a.j.t.JMeterThread: Thread finished: Thread Group 1-33
2021-05-05 19:53:57,176 INFO o.a.j.t.JMeterThread: Thread finished: Thread Group 1-36
2021-05-05 19:53:57,175 INFO o.a.j.t.JMeterThread: Thread started: Thread Group 1-34
2021-05-05 19:53:57,176 INFO o.a.j.t.JMeterThread: Thread finished: Thread Group 1-34
2021-05-05 19:53:57,176 INFO o.a.j.t.JMeterThread: Thread started: Thread Group 1-43
2021-05-05 19:53:57,177 INFO o.a.j.t.JMeterThread: Thread finished: Thread Group 1-43
2021-05-05 19:53:57,176 INFO o.a.j.t.JMeterThread: Thread started: Thread Group 1-38
2021-05-05 19:53:57,176 INFO o.a.j.t.JMeterThread: Thread started: Thread Group 1-46
2021-05-05 19:53:57,177 INFO o.a.j.t.JMeterThread: Thread finished: Thread Group 1-46
2021-05-05 19:53:57,177 INFO o.a.j.t.JMeterThread: Thread finished: Thread Group 1-38
2021-05-05 19:53:57,177 INFO o.a.j.t.JMeterThread: Thread started: Thread Group 1-50
2021-05-05 19:53:57,177 INFO o.a.j.t.JMeterThread: Thread finished: Thread Group 1-50
2021-05-05 19:53:57,177 INFO o.a.j.t.JMeterThread: Thread started: Thread Group 1-51
2021-05-05 19:53:57,177 INFO o.a.j.t.JMeterThread: Thread started: Thread Group 1-49
2021-05-05 19:53:57,177 INFO o.a.j.t.JMeterThread: Thread started: Thread Group 1-42
2021-05-05 19:53:57,177 INFO o.a.j.t.JMeterThread: Thread finished: Thread Group 1-51
2021-05-05 19:53:57,176 INFO o.a.j.t.JMeterThread: Thread started: Thread Group 1-41
2021-05-05 19:53:57,177 INFO o.a.j.t.JMeterThread: Thread finished: Thread Group 1-49
2021-05-05 19:53:57,178 INFO o.a.j.t.JMeterThread: Thread finished: Thread Group 1-41
2021-05-05 19:53:57,178 INFO o.a.j.t.JMeterThread: Thread finished: Thread Group 1-42
2021-05-05 19:53:57,177 INFO o.a.j.t.JMeterThread: Thread started: Thread Group 1-39
2021-05-05 19:53:57,177 INFO o.a.j.t.JMeterThread: Thread started: Thread Group 1-48
2021-05-05 19:53:57,178 INFO o.a.j.t.JMeterThread: Thread started: Thread Group 1-44
2021-05-05 19:53:57,178 INFO o.a.j.t.JMeterThread: Thread finished: Thread Group 1-39
2021-05-05 19:53:57,178 INFO o.a.j.t.JMeterThread: Thread finished: Thread Group 1-44
2021-05-05 19:53:57,178 INFO o.a.j.t.JMeterThread: Thread finished: Thread Group 1-48
2021-05-05 19:53:57,178 INFO o.a.j.t.JMeterThread: Thread started: Thread Group 1-40
2021-05-05 19:53:57,179 INFO o.a.j.t.JMeterThread: Thread started: Thread Group 1-47
2021-05-05 19:53:57,179 INFO o.a.j.t.JMeterThread: Thread finished: Thread Group 1-47
2021-05-05 19:53:57,179 INFO o.a.j.t.JMeterThread: Thread started: Thread Group 1-37
2021-05-05 19:53:57,179 INFO o.a.j.t.JMeterThread: Thread finished: Thread Group 1-40
2021-05-05 19:53:57,180 INFO o.a.j.t.JMeterThread: Thread finished: Thread Group 1-37
2021-05-05 19:53:57,180 INFO o.a.j.t.JMeterThread: Thread started: Thread Group 1-45
2021-05-05 19:53:57,180 INFO o.a.j.t.JMeterThread: Thread started: Thread Group 1-55
2021-05-05 19:53:57,180 INFO o.a.j.t.JMeterThread: Thread started: Thread Group 1-54
2021-05-05 19:53:57,180 INFO o.a.j.t.JMeterThread: Thread finished: Thread Group 1-55
2021-05-05 19:53:57,180 INFO o.a.j.t.JMeterThread: Thread finished: Thread Group 1-54
2021-05-05 19:53:57,180 INFO o.a.j.t.JMeterThread: Thread started: Thread Group 1-62
2021-05-05 19:53:57,180 INFO o.a.j.t.JMeterThread: Thread finished: Thread Group 1-45
2021-05-05 19:53:57,181 INFO o.a.j.t.JMeterThread: Thread finished: Thread Group 1-62
2021-05-05 19:53:57,180 INFO o.a.j.t.JMeterThread: Thread started: Thread Group 1-58
2021-05-05 19:53:57,181 INFO o.a.j.t.JMeterThread: Thread finished: Thread Group 1-58
2021-05-05 19:53:57,181 INFO o.a.j.t.JMeterThread: Thread started: Thread Group 1-56
2021-05-05 19:53:57,181 INFO o.a.j.t.JMeterThread: Thread started: Thread Group 1-59
2021-05-05 19:53:57,181 INFO o.a.j.t.JMeterThread: Thread started: Thread Group 1-52
2021-05-05 19:53:57,181 INFO o.a.j.t.JMeterThread: Thread finished: Thread Group 1-56
2021-05-05 19:53:57,181 INFO o.a.j.t.JMeterThread: Thread started: Thread Group 1-53
2021-05-05 19:53:57,181 INFO o.a.j.t.JMeterThread: Thread finished: Thread Group 1-52
2021-05-05 19:53:57,181 INFO o.a.j.t.JMeterThread: Thread finished: Thread Group 1-59
2021-05-05 19:53:57,181 INFO o.a.j.t.JMeterThread: Thread finished: Thread Group 1-53
2021-05-05 19:53:57,181 INFO o.a.j.t.JMeterThread: Thread started: Thread Group 1-57
2021-05-05 19:53:57,182 INFO o.a.j.t.JMeterThread: Thread finished: Thread Group 1-57
2021-05-05 19:53:57,181 INFO o.a.j.t.JMeterThread: Thread started: Thread Group 1-60
2021-05-05 19:53:57,182 INFO o.a.j.t.JMeterThread: Thread finished: Thread Group 1-60
2021-05-05 19:53:57,182 INFO o.a.j.t.JMeterThread: Thread started: Thread Group 1-64
2021-05-05 19:53:57,182 INFO o.a.j.t.JMeterThread: Thread started: Thread Group 1-67
2021-05-05 19:53:57,182 INFO o.a.j.t.JMeterThread: Thread finished: Thread Group 1-67
2021-05-05 19:53:57,182 INFO o.a.j.t.JMeterThread: Thread started: Thread Group 1-65
2021-05-05 19:53:57,182 INFO o.a.j.t.JMeterThread: Thread started: Thread Group 1-63
2021-05-05 19:53:57,182 INFO o.a.j.t.JMeterThread: Thread started: Thread Group 1-61
2021-05-05 19:53:57,182 INFO o.a.j.t.JMeterThread: Thread finished: Thread Group 1-61
2021-05-05 19:53:57,182 INFO o.a.j.t.JMeterThread: Thread started: Thread Group 1-66
2021-05-05 19:53:57,182 INFO o.a.j.t.JMeterThread: Thread started: Thread Group 1-68
2021-05-05 19:53:57,183 INFO o.a.j.t.JMeterThread: Thread finished: Thread Group 1-66
2021-05-05 19:53:57,183 INFO o.a.j.t.JMeterThread: Thread finished: Thread Group 1-68
2021-05-05 19:53:57,182 INFO o.a.j.t.JMeterThread: Thread finished: Thread Group 1-65
2021-05-05 19:53:57,183 INFO o.a.j.t.JMeterThread: Thread finished: Thread Group 1-63
2021-05-05 19:53:57,183 INFO o.a.j.t.JMeterThread: Thread finished: Thread Group 1-64
2021-05-05 19:53:57,183 INFO o.a.j.t.JMeterThread: Thread started: Thread Group 1-72
2021-05-05 19:53:57,183 INFO o.a.j.t.JMeterThread: Thread started: Thread Group 1-71
2021-05-05 19:53:57,183 INFO o.a.j.t.JMeterThread: Thread started: Thread Group 1-69
2021-05-05 19:53:57,184 INFO o.a.j.t.JMeterThread: Thread finished: Thread Group 1-71
2021-05-05 19:53:57,184 INFO o.a.j.t.JMeterThread: Thread finished: Thread Group 1-72
2021-05-05 19:53:57,184 INFO o.a.j.t.JMeterThread: Thread started: Thread Group 1-78
2021-05-05 19:53:57,184 INFO o.a.j.t.JMeterThread: Thread finished: Thread Group 1-69
2021-05-05 19:53:57,184 INFO o.a.j.t.JMeterThread: Thread finished: Thread Group 1-78
2021-05-05 19:53:57,184 INFO o.a.j.t.JMeterThread: Thread started: Thread Group 1-74
2021-05-05 19:53:57,184 INFO o.a.j.t.JMeterThread: Thread started: Thread Group 1-83
2021-05-05 19:53:57,185 INFO o.a.j.t.JMeterThread: Thread finished: Thread Group 1-83
2021-05-05 19:53:57,185 INFO o.a.j.t.JMeterThread: Thread started: Thread Group 1-73
2021-05-05 19:53:57,185 INFO o.a.j.t.JMeterThread: Thread started: Thread Group 1-76
2021-05-05 19:53:57,184 INFO o.a.j.t.JMeterThread: Thread started: Thread Group 1-79
2021-05-05 19:53:57,185 INFO o.a.j.t.JMeterThread: Thread finished: Thread Group 1-73
2021-05-05 19:53:57,185 INFO o.a.j.t.JMeterThread: Thread started: Thread Group 1-86
2021-05-05 19:53:57,185 INFO o.a.j.t.JMeterThread: Thread finished: Thread Group 1-79
2021-05-05 19:53:57,185 INFO o.a.j.t.JMeterThread: Thread started: Thread Group 1-84
2021-05-05 19:53:57,186 INFO o.a.j.t.JMeterThread: Thread finished: Thread Group 1-84
2021-05-05 19:53:57,186 INFO o.a.j.t.JMeterThread: Thread finished: Thread Group 1-86
2021-05-05 19:53:57,184 INFO o.a.j.t.JMeterThread: Thread started: Thread Group 1-70
2021-05-05 19:53:57,186 INFO o.a.j.t.JMeterThread: Thread finished: Thread Group 1-70
2021-05-05 19:53:57,184 INFO o.a.j.t.JMeterThread: Thread started: Thread Group 1-77
2021-05-05 19:53:57,185 INFO o.a.j.t.JMeterThread: Thread finished: Thread Group 1-74
2021-05-05 19:53:57,184 INFO o.a.j.t.JMeterThread: Thread started: Thread Group 1-75
2021-05-05 19:53:57,186 INFO o.a.j.t.JMeterThread: Thread finished: Thread Group 1-77
2021-05-05 19:53:57,186 INFO o.a.j.t.JMeterThread: Thread finished: Thread Group 1-75
2021-05-05 19:53:57,186 INFO o.a.j.t.JMeterThread: Thread started: Thread Group 1-82
2021-05-05 19:53:57,187 INFO o.a.j.t.JMeterThread: Thread finished: Thread Group 1-82
2021-05-05 19:53:57,187 INFO o.a.j.t.JMeterThread: Thread started: Thread Group 1-91
2021-05-05 19:53:57,187 INFO o.a.j.t.JMeterThread: Thread started: Thread Group 1-89
2021-05-05 19:53:57,186 INFO o.a.j.t.JMeterThread: Thread started: Thread Group 1-88
2021-05-05 19:53:57,185 INFO o.a.j.t.JMeterThread: Thread finished: Thread Group 1-76
2021-05-05 19:53:57,187 INFO o.a.j.t.JMeterThread: Thread finished: Thread Group 1-91
2021-05-05 19:53:57,187 INFO o.a.j.t.JMeterThread: Thread finished: Thread Group 1-89
2021-05-05 19:53:57,187 INFO o.a.j.t.JMeterThread: Thread finished: Thread Group 1-88
2021-05-05 19:53:57,187 INFO o.a.j.t.JMeterThread: Thread started: Thread Group 1-90
2021-05-05 19:53:57,187 INFO o.a.j.t.JMeterThread: Thread finished: Thread Group 1-90
2021-05-05 19:53:57,187 INFO o.a.j.t.JMeterThread: Thread started: Thread Group 1-81
2021-05-05 19:53:57,188 INFO o.a.j.t.JMeterThread: Thread finished: Thread Group 1-81
2021-05-05 19:53:57,188 INFO o.a.j.t.JMeterThread: Thread started: Thread Group 1-85
2021-05-05 19:53:57,188 INFO o.a.j.t.JMeterThread: Thread finished: Thread Group 1-85
2021-05-05 19:53:57,188 INFO o.a.j.t.JMeterThread: Thread started: Thread Group 1-87
2021-05-05 19:53:57,189 INFO o.a.j.t.JMeterThread: Thread finished: Thread Group 1-87
2021-05-05 19:53:57,187 INFO o.a.j.t.JMeterThread: Thread started: Thread Group 1-80
2021-05-05 19:53:57,189 INFO o.a.j.t.JMeterThread: Thread finished: Thread Group 1-80
2021-05-05 19:53:57,189 INFO o.a.j.t.JMeterThread: Thread started: Thread Group 1-101
2021-05-05 19:53:57,189 INFO o.a.j.t.JMeterThread: Thread started: Thread Group 1-99
2021-05-05 19:53:57,189 INFO o.a.j.t.JMeterThread: Thread started: Thread Group 1-94
2021-05-05 19:53:57,189 INFO o.a.j.t.JMeterThread: Thread started: Thread Group 1-98
2021-05-05 19:53:57,189 INFO o.a.j.t.JMeterThread: Thread finished: Thread Group 1-98
2021-05-05 19:53:57,189 INFO o.a.j.t.JMeterThread: Thread finished: Thread Group 1-94
2021-05-05 19:53:57,189 INFO o.a.j.t.JMeterThread: Thread started: Thread Group 1-103
2021-05-05 19:53:57,189 INFO o.a.j.t.JMeterThread: Thread finished: Thread Group 1-101
2021-05-05 19:53:57,190 INFO o.a.j.t.JMeterThread: Thread finished: Thread Group 1-103
2021-05-05 19:53:57,189 INFO o.a.j.t.JMeterThread: Thread started: Thread Group 1-92
2021-05-05 19:53:57,189 INFO o.a.j.t.JMeterThread: Thread started: Thread Group 1-93
2021-05-05 19:53:57,190 INFO o.a.j.t.JMeterThread: Thread finished: Thread Group 1-92
2021-05-05 19:53:57,189 INFO o.a.j.t.JMeterThread: Thread started: Thread Group 1-100
2021-05-05 19:53:57,190 INFO o.a.j.t.JMeterThread: Thread finished: Thread Group 1-93
2021-05-05 19:53:57,190 INFO o.a.j.t.JMeterThread: Thread finished: Thread Group 1-100
2021-05-05 19:53:57,189 INFO o.a.j.t.JMeterThread: Thread started: Thread Group 1-97
2021-05-05 19:53:57,190 INFO o.a.j.t.JMeterThread: Thread started: Thread Group 1-96
2021-05-05 19:53:57,190 INFO o.a.j.t.JMeterThread: Thread finished: Thread Group 1-99
2021-05-05 19:53:57,190 INFO o.a.j.t.JMeterThread: Thread finished: Thread Group 1-97
2021-05-05 19:53:57,190 INFO o.a.j.t.JMeterThread: Thread finished: Thread Group 1-96
2021-05-05 19:53:57,190 INFO o.a.j.t.JMeterThread: Thread started: Thread Group 1-102
2021-05-05 19:53:57,189 INFO o.a.j.t.JMeterThread: Thread started: Thread Group 1-95
2021-05-05 19:53:57,191 INFO o.a.j.t.JMeterThread: Thread finished: Thread Group 1-102
2021-05-05 19:53:57,191 INFO o.a.j.t.JMeterThread: Thread finished: Thread Group 1-95
2021-05-05 19:53:57,191 INFO o.a.j.t.JMeterThread: Thread started: Thread Group 1-104
2021-05-05 19:53:57,191 INFO o.a.j.t.JMeterThread: Thread finished: Thread Group 1-104
2021-05-05 19:53:57,192 INFO o.a.j.t.JMeterThread: Thread started: Thread Group 1-106
2021-05-05 19:53:57,192 INFO o.a.j.t.JMeterThread: Thread finished: Thread Group 1-106
2021-05-05 19:53:57,193 INFO o.a.j.t.JMeterThread: Thread started: Thread Group 1-105
2021-05-05 19:53:57,193 INFO o.a.j.t.JMeterThread: Thread started: Thread Group 1-107
2021-05-05 19:53:57,193 INFO o.a.j.t.JMeterThread: Thread finished: Thread Group 1-105
2021-05-05 19:53:57,193 INFO o.a.j.t.JMeterThread: Thread finished: Thread Group 1-107
2021-05-05 19:53:57,194 INFO o.a.j.t.JMeterThread: Thread started: Thread Group 1-113
2021-05-05 19:53:57,194 INFO o.a.j.t.JMeterThread: Thread started: Thread Group 1-111
2021-05-05 19:53:57,194 INFO o.a.j.t.JMeterThread: Thread finished: Thread Group 1-113
2021-05-05 19:53:57,194 INFO o.a.j.t.JMeterThread: Thread finished: Thread Group 1-111
2021-05-05 19:53:57,194 INFO o.a.j.t.JMeterThread: Thread started: Thread Group 1-110
2021-05-05 19:53:57,194 INFO o.a.j.t.JMeterThread: Thread finished: Thread Group 1-110
2021-05-05 19:53:57,194 INFO o.a.j.t.JMeterThread: Thread started: Thread Group 1-114
2021-05-05 19:53:57,194 INFO o.a.j.t.JMeterThread: Thread started: Thread Group 1-109
2021-05-05 19:53:57,195 INFO o.a.j.t.JMeterThread: Thread started: Thread Group 1-112
2021-05-05 19:53:57,195 INFO o.a.j.t.JMeterThread: Thread finished: Thread Group 1-109
2021-05-05 19:53:57,195 INFO o.a.j.t.JMeterThread: Thread finished: Thread Group 1-112
2021-05-05 19:53:57,195 INFO o.a.j.t.JMeterThread: Thread finished: Thread Group 1-114
2021-05-05 19:53:57,195 INFO o.a.j.t.JMeterThread: Thread started: Thread Group 1-108
2021-05-05 19:53:57,196 INFO o.a.j.t.JMeterThread: Thread finished: Thread Group 1-108
2021-05-05 19:53:57,197 INFO o.a.j.t.JMeterThread: Thread started: Thread Group 1-120
2021-05-05 19:53:57,197 INFO o.a.j.t.JMeterThread: Thread started: Thread Group 1-119
2021-05-05 19:53:57,198 INFO o.a.j.t.JMeterThread: Thread finished: Thread Group 1-120
2021-05-05 19:53:57,197 INFO o.a.j.t.JMeterThread: Thread started: Thread Group 1-121
2021-05-05 19:53:57,197 INFO o.a.j.t.JMeterThread: Thread started: Thread Group 1-122
2021-05-05 19:53:57,198 INFO o.a.j.t.JMeterThread: Thread finished: Thread Group 1-122
2021-05-05 19:53:57,198 INFO o.a.j.t.JMeterThread: Thread finished: Thread Group 1-121
2021-05-05 19:53:57,198 INFO o.a.j.t.JMeterThread: Thread finished: Thread Group 1-119
2021-05-05 19:53:57,198 INFO o.a.j.t.JMeterThread: Thread started: Thread Group 1-123
2021-05-05 19:53:57,199 INFO o.a.j.t.JMeterThread: Thread finished: Thread Group 1-123
2021-05-05 19:53:57,198 INFO o.a.j.t.JMeterThread: Thread started: Thread Group 1-118
2021-05-05 19:53:57,198 INFO o.a.j.t.JMeterThread: Thread started: Thread Group 1-115
2021-05-05 19:53:57,199 INFO o.a.j.t.JMeterThread: Thread finished: Thread Group 1-118
2021-05-05 19:53:57,199 INFO o.a.j.t.JMeterThread: Thread started: Thread Group 1-127
2021-05-05 19:53:57,199 INFO o.a.j.t.JMeterThread: Thread started: Thread Group 1-128
2021-05-05 19:53:57,199 INFO o.a.j.t.JMeterThread: Thread started: Thread Group 1-117
2021-05-05 19:53:57,200 INFO o.a.j.t.JMeterThread: Thread finished: Thread Group 1-127
2021-05-05 19:53:57,200 INFO o.a.j.t.JMeterThread: Thread finished: Thread Group 1-128
2021-05-05 19:53:57,198 INFO o.a.j.t.JMeterThread: Thread started: Thread Group 1-126
2021-05-05 19:53:57,200 INFO o.a.j.t.JMeterThread: Thread finished: Thread Group 1-126
2021-05-05 19:53:57,199 INFO o.a.j.t.JMeterThread: Thread started: Thread Group 1-130
2021-05-05 19:53:57,200 INFO o.a.j.t.JMeterThread: Thread started: Thread Group 1-124
2021-05-05 19:53:57,199 INFO o.a.j.t.JMeterThread: Thread started: Thread Group 1-129
2021-05-05 19:53:57,200 INFO o.a.j.t.JMeterThread: Thread finished: Thread Group 1-124
2021-05-05 19:53:57,200 INFO o.a.j.t.JMeterThread: Thread finished: Thread Group 1-117
2021-05-05 19:53:57,198 INFO o.a.j.t.JMeterThread: Thread started: Thread Group 1-116
2021-05-05 19:53:57,201 INFO o.a.j.t.JMeterThread: Thread started: Thread Group 1-132
2021-05-05 19:53:57,201 INFO o.a.j.t.JMeterThread: Thread started: Thread Group 1-138
2021-05-05 19:53:57,201 INFO o.a.j.t.JMeterThread: Thread started: Thread Group 1-141
2021-05-05 19:53:57,201 INFO o.a.j.t.JMeterThread: Thread started: Thread Group 1-140
2021-05-05 19:53:57,202 INFO o.a.j.t.JMeterThread: Thread started: Thread Group 1-148
2021-05-05 19:53:57,202 INFO o.a.j.t.JMeterThread: Thread started: Thread Group 1-134
2021-05-05 19:53:57,202 INFO o.a.j.t.JMeterThread: Thread finished: Thread Group 1-148
2021-05-05 19:53:57,202 INFO o.a.j.t.JMeterThread: Thread finished: Thread Group 1-134
2021-05-05 19:53:57,202 INFO o.a.j.t.JMeterThread: Thread started: Thread Group 1-153
2021-05-05 19:53:57,203 INFO o.a.j.t.JMeterThread: Thread finished: Thread Group 1-153
2021-05-05 19:53:57,202 INFO o.a.j.t.JMeterThread: Thread started: Thread Group 1-151
2021-05-05 19:53:57,203 INFO o.a.j.t.JMeterThread: Thread finished: Thread Group 1-151
2021-05-05 19:53:57,201 INFO o.a.j.t.JMeterThread: Thread started: Thread Group 1-135
2021-05-05 19:53:57,203 INFO o.a.j.t.JMeterThread: Thread finished: Thread Group 1-135
2021-05-05 19:53:57,199 INFO o.a.j.t.JMeterThread: Thread started: Thread Group 1-125
2021-05-05 19:53:57,200 INFO o.a.j.t.JMeterThread: Thread finished: Thread Group 1-130
2021-05-05 19:53:57,202 INFO o.a.j.t.JMeterThread: Thread started: Thread Group 1-154
2021-05-05 19:53:57,202 INFO o.a.j.t.JMeterThread: Thread finished: Thread Group 1-140
2021-05-05 19:53:57,204 INFO o.a.j.t.JMeterThread: Thread finished: Thread Group 1-154
2021-05-05 19:53:57,202 INFO o.a.j.t.JMeterThread: Thread started: Thread Group 1-152
2021-05-05 19:53:57,202 INFO o.a.j.t.JMeterThread: Thread started: Thread Group 1-150
2021-05-05 19:53:57,204 INFO o.a.j.t.JMeterThread: Thread started: Thread Group 1-146
2021-05-05 19:53:57,204 INFO o.a.j.t.JMeterThread: Thread finished: Thread Group 1-150
2021-05-05 19:53:57,202 INFO o.a.j.t.JMeterThread: Thread started: Thread Group 1-147
2021-05-05 19:53:57,202 INFO o.a.j.t.JMeterThread: Thread started: Thread Group 1-137
2021-05-05 19:53:57,202 INFO o.a.j.t.JMeterThread: Thread started: Thread Group 1-149
2021-05-05 19:53:57,204 INFO o.a.j.t.JMeterThread: Thread finished: Thread Group 1-147
2021-05-05 19:53:57,204 INFO o.a.j.t.JMeterThread: Thread finished: Thread Group 1-137
2021-05-05 19:53:57,202 INFO o.a.j.t.JMeterThread: Thread started: Thread Group 1-136
2021-05-05 19:53:57,204 INFO o.a.j.t.JMeterThread: Thread finished: Thread Group 1-146
2021-05-05 19:53:57,204 INFO o.a.j.t.JMeterThread: Thread finished: Thread Group 1-136
2021-05-05 19:53:57,204 INFO o.a.j.t.JMeterThread: Thread finished: Thread Group 1-149
2021-05-05 19:53:57,201 INFO o.a.j.t.JMeterThread: Thread started: Thread Group 1-145
2021-05-05 19:53:57,201 INFO o.a.j.t.JMeterThread: Thread started: Thread Group 1-133
2021-05-05 19:53:57,202 INFO o.a.j.t.JMeterThread: Thread started: Thread Group 1-139
2021-05-05 19:53:57,202 INFO o.a.j.t.JMeterThread: Thread started: Thread Group 1-143
2021-05-05 19:53:57,200 INFO o.a.j.t.JMeterThread: Thread finished: Thread Group 1-115
2021-05-05 19:53:57,205 INFO o.a.j.t.JMeterThread: Thread finished: Thread Group 1-145
2021-05-05 19:53:57,205 INFO o.a.j.t.JMeterThread: Thread finished: Thread Group 1-139
2021-05-05 19:53:57,205 INFO o.a.j.t.JMeterThread: Thread finished: Thread Group 1-143
2021-05-05 19:53:57,205 INFO o.a.j.t.JMeterThread: Thread finished: Thread Group 1-133
2021-05-05 19:53:57,202 INFO o.a.j.t.JMeterThread: Thread finished: Thread Group 1-116
2021-05-05 19:53:57,202 INFO o.a.j.t.JMeterThread: Thread finished: Thread Group 1-138
2021-05-05 19:53:57,205 INFO o.a.j.t.JMeterThread: Thread started: Thread Group 1-155
2021-05-05 19:53:57,202 INFO o.a.j.t.JMeterThread: Thread finished: Thread Group 1-141
2021-05-05 19:53:57,201 INFO o.a.j.t.JMeterThread: Thread started: Thread Group 1-142
2021-05-05 19:53:57,205 INFO o.a.j.t.JMeterThread: Thread finished: Thread Group 1-142
2021-05-05 19:53:57,201 INFO o.a.j.t.JMeterThread: Thread finished: Thread Group 1-132
2021-05-05 19:53:57,201 INFO o.a.j.t.JMeterThread: Thread started: Thread Group 1-131
2021-05-05 19:53:57,201 INFO o.a.j.t.JMeterThread: Thread finished: Thread Group 1-129
2021-05-05 19:53:57,206 INFO o.a.j.t.JMeterThread: Thread finished: Thread Group 1-131
2021-05-05 19:53:57,205 INFO o.a.j.t.JMeterThread: Thread started: Thread Group 1-157
2021-05-05 19:53:57,205 INFO o.a.j.t.JMeterThread: Thread finished: Thread Group 1-155
2021-05-05 19:53:57,203 INFO o.a.j.t.JMeterThread: Thread started: Thread Group 1-144
2021-05-05 19:53:57,206 INFO o.a.j.t.JMeterThread: Thread finished: Thread Group 1-144
2021-05-05 19:53:57,204 INFO o.a.j.t.JMeterThread: Thread finished: Thread Group 1-152
2021-05-05 19:53:57,204 INFO o.a.j.t.JMeterThread: Thread finished: Thread Group 1-125
2021-05-05 19:53:57,206 INFO o.a.j.t.JMeterThread: Thread started: Thread Group 1-158
2021-05-05 19:53:57,206 INFO o.a.j.t.JMeterThread: Thread finished: Thread Group 1-158
2021-05-05 19:53:57,206 INFO o.a.j.t.JMeterThread: Thread started: Thread Group 1-156
2021-05-05 19:53:57,207 INFO o.a.j.t.JMeterThread: Thread finished: Thread Group 1-156
2021-05-05 19:53:57,207 INFO o.a.j.t.JMeterThread: Thread started: Thread Group 1-162
2021-05-05 19:53:57,207 INFO o.a.j.t.JMeterThread: Thread finished: Thread Group 1-162
2021-05-05 19:53:57,206 INFO o.a.j.t.JMeterThread: Thread finished: Thread Group 1-157
2021-05-05 19:53:57,208 INFO o.a.j.t.JMeterThread: Thread started: Thread Group 1-168
2021-05-05 19:53:57,208 INFO o.a.j.t.JMeterThread: Thread started: Thread Group 1-160
2021-05-05 19:53:57,208 INFO o.a.j.t.JMeterThread: Thread started: Thread Group 1-171
2021-05-05 19:53:57,208 INFO o.a.j.t.JMeterThread: Thread finished: Thread Group 1-160
2021-05-05 19:53:57,208 INFO o.a.j.t.JMeterThread: Thread started: Thread Group 1-161
2021-05-05 19:53:57,208 INFO o.a.j.t.JMeterThread: Thread started: Thread Group 1-170
2021-05-05 19:53:57,208 INFO o.a.j.t.JMeterThread: Thread started: Thread Group 1-176
2021-05-05 19:53:57,209 INFO o.a.j.t.JMeterThread: Thread finished: Thread Group 1-170
2021-05-05 19:53:57,209 INFO o.a.j.t.JMeterThread: Thread finished: Thread Group 1-161
2021-05-05 19:53:57,208 INFO o.a.j.t.JMeterThread: Thread started: Thread Group 1-163
2021-05-05 19:53:57,209 INFO o.a.j.t.JMeterThread: Thread started: Thread Group 1-172
2021-05-05 19:53:57,208 INFO o.a.j.t.JMeterThread: Thread finished: Thread Group 1-168
2021-05-05 19:53:57,209 INFO o.a.j.t.JMeterThread: Thread started: Thread Group 1-174
2021-05-05 19:53:57,209 INFO o.a.j.t.JMeterThread: Thread finished: Thread Group 1-172
2021-05-05 19:53:57,209 INFO o.a.j.t.JMeterThread: Thread finished: Thread Group 1-163
2021-05-05 19:53:57,209 INFO o.a.j.t.JMeterThread: Thread finished: Thread Group 1-176
2021-05-05 19:53:57,209 INFO o.a.j.t.JMeterThread: Thread finished: Thread Group 1-171
2021-05-05 19:53:57,209 INFO o.a.j.t.JMeterThread: Thread started: Thread Group 1-175
2021-05-05 19:53:57,209 INFO o.a.j.t.JMeterThread: Thread started: Thread Group 1-177
2021-05-05 19:53:57,210 INFO o.a.j.t.JMeterThread: Thread finished: Thread Group 1-177
2021-05-05 19:53:57,210 INFO o.a.j.t.JMeterThread: Thread finished: Thread Group 1-175
2021-05-05 19:53:57,209 INFO o.a.j.t.JMeterThread: Thread started: Thread Group 1-165
2021-05-05 19:53:57,210 INFO o.a.j.t.JMeterThread: Thread finished: Thread Group 1-174
2021-05-05 19:53:57,210 INFO o.a.j.t.JMeterThread: Thread finished: Thread Group 1-165
2021-05-05 19:53:57,210 INFO o.a.j.t.JMeterThread: Thread started: Thread Group 1-166
2021-05-05 19:53:57,208 INFO o.a.j.t.JMeterThread: Thread started: Thread Group 1-167
2021-05-05 19:53:57,209 INFO o.a.j.t.JMeterThread: Thread started: Thread Group 1-169
2021-05-05 19:53:57,210 INFO o.a.j.t.JMeterThread: Thread finished: Thread Group 1-166
2021-05-05 19:53:57,208 INFO o.a.j.t.JMeterThread: Thread started: Thread Group 1-159
2021-05-05 19:53:57,210 INFO o.a.j.t.JMeterThread: Thread finished: Thread Group 1-169
2021-05-05 19:53:57,210 INFO o.a.j.t.JMeterThread: Thread finished: Thread Group 1-159
2021-05-05 19:53:57,210 INFO o.a.j.t.JMeterThread: Thread started: Thread Group 1-173
2021-05-05 19:53:57,209 INFO o.a.j.t.JMeterThread: Thread started: Thread Group 1-164
2021-05-05 19:53:57,211 INFO o.a.j.t.JMeterThread: Thread finished: Thread Group 1-173
2021-05-05 19:53:57,211 INFO o.a.j.t.JMeterThread: Thread finished: Thread Group 1-167
2021-05-05 19:53:57,211 INFO o.a.j.t.JMeterThread: Thread finished: Thread Group 1-164
2021-05-05 19:53:57,213 INFO o.a.j.t.JMeterThread: Thread started: Thread Group 1-179
2021-05-05 19:53:57,213 INFO o.a.j.t.JMeterThread: Thread started: Thread Group 1-182
2021-05-05 19:53:57,214 INFO o.a.j.t.JMeterThread: Thread finished: Thread Group 1-179
2021-05-05 19:53:57,214 INFO o.a.j.t.JMeterThread: Thread finished: Thread Group 1-182
2021-05-05 19:53:57,214 INFO o.a.j.t.JMeterThread: Thread started: Thread Group 1-178
2021-05-05 19:53:57,214 INFO o.a.j.t.JMeterThread: Thread finished: Thread Group 1-178
2021-05-05 19:53:57,215 INFO o.a.j.t.JMeterThread: Thread started: Thread Group 1-180
2021-05-05 19:53:57,215 INFO o.a.j.t.JMeterThread: Thread started: Thread Group 1-183
2021-05-05 19:53:57,215 INFO o.a.j.t.JMeterThread: Thread started: Thread Group 1-187
2021-05-05 19:53:57,215 INFO o.a.j.t.JMeterThread: Thread started: Thread Group 1-186
2021-05-05 19:53:57,216 INFO o.a.j.t.JMeterThread: Thread finished: Thread Group 1-186
2021-05-05 19:53:57,216 INFO o.a.j.t.JMeterThread: Thread finished: Thread Group 1-187
2021-05-05 19:53:57,216 INFO o.a.j.t.JMeterThread: Thread finished: Thread Group 1-180
2021-05-05 19:53:57,215 INFO o.a.j.t.JMeterThread: Thread started: Thread Group 1-188
2021-05-05 19:53:57,216 INFO o.a.j.t.JMeterThread: Thread finished: Thread Group 1-188
2021-05-05 19:53:57,216 INFO o.a.j.t.JMeterThread: Thread started: Thread Group 1-181
2021-05-05 19:53:57,216 INFO o.a.j.t.JMeterThread: Thread finished: Thread Group 1-181
2021-05-05 19:53:57,216 INFO o.a.j.t.JMeterThread: Thread started: Thread Group 1-190
2021-05-05 19:53:57,216 INFO o.a.j.t.JMeterThread: Thread started: Thread Group 1-184
2021-05-05 19:53:57,217 INFO o.a.j.t.JMeterThread: Thread started: Thread Group 1-191
2021-05-05 19:53:57,217 INFO o.a.j.t.JMeterThread: Thread finished: Thread Group 1-191
2021-05-05 19:53:57,217 INFO o.a.j.t.JMeterThread: Thread started: Thread Group 1-189
2021-05-05 19:53:57,217 INFO o.a.j.t.JMeterThread: Thread finished: Thread Group 1-184
2021-05-05 19:53:57,216 INFO o.a.j.t.JMeterThread: Thread finished: Thread Group 1-183
2021-05-05 19:53:57,218 INFO o.a.j.t.JMeterThread: Thread finished: Thread Group 1-189
2021-05-05 19:53:57,218 INFO o.a.j.t.JMeterThread: Thread started: Thread Group 1-192
2021-05-05 19:53:57,218 INFO o.a.j.t.JMeterThread: Thread started: Thread Group 1-194
2021-05-05 19:53:57,218 INFO o.a.j.t.JMeterThread: Thread finished: Thread Group 1-194
2021-05-05 19:53:57,218 INFO o.a.j.t.JMeterThread: Thread finished: Thread Group 1-192
2021-05-05 19:53:57,218 INFO o.a.j.t.JMeterThread: Thread started: Thread Group 1-197
2021-05-05 19:53:57,218 INFO o.a.j.t.JMeterThread: Thread finished: Thread Group 1-197
2021-05-05 19:53:57,217 INFO o.a.j.t.JMeterThread: Thread started: Thread Group 1-193
2021-05-05 19:53:57,217 INFO o.a.j.t.JMeterThread: Thread started: Thread Group 1-195
2021-05-05 19:53:57,219 INFO o.a.j.t.JMeterThread: Thread finished: Thread Group 1-195
2021-05-05 19:53:57,217 INFO o.a.j.t.JMeterThread: Thread finished: Thread Group 1-190
2021-05-05 19:53:57,219 INFO o.a.j.t.JMeterThread: Thread finished: Thread Group 1-193
2021-05-05 19:53:57,216 INFO o.a.j.t.JMeterThread: Thread started: Thread Group 1-185
2021-05-05 19:53:57,219 INFO o.a.j.t.JMeterThread: Thread started: Thread Group 1-196
2021-05-05 19:53:57,220 INFO o.a.j.t.JMeterThread: Thread finished: Thread Group 1-196
2021-05-05 19:53:57,219 INFO o.a.j.t.JMeterThread: Thread started: Thread Group 1-200
2021-05-05 19:53:57,220 INFO o.a.j.t.JMeterThread: Thread finished: Thread Group 1-185
2021-05-05 19:53:57,219 INFO o.a.j.t.JMeterThread: Thread started: Thread Group 1-199
2021-05-05 19:53:57,219 INFO o.a.j.t.JMeterThread: Thread started: Thread Group 1-198
2021-05-05 19:53:57,221 INFO o.a.j.t.JMeterThread: Thread finished: Thread Group 1-200
2021-05-05 19:53:57,221 INFO o.a.j.t.JMeterThread: Thread finished: Thread Group 1-199
2021-05-05 19:53:57,221 INFO o.a.j.t.JMeterThread: Thread finished: Thread Group 1-198
2021-05-05 19:53:57,239 INFO o.a.j.t.JMeterThread: Thread finished: Thread Group 1-4
2021-05-05 19:53:57,425 INFO o.a.j.t.JMeterThread: Thread finished: Thread Group 1-6
2021-05-05 19:53:57,556 INFO o.a.j.t.JMeterThread: Thread finished: Thread Group 1-8
2021-05-05 19:53:57,650 INFO o.a.j.t.JMeterThread: Thread finished: Thread Group 1-22
2021-05-05 19:53:57,667 INFO o.a.j.t.JMeterThread: Thread finished: Thread Group 1-10
2021-05-05 19:53:57,753 INFO o.a.j.t.JMeterThread: Thread finished: Thread Group 1-12
2021-05-05 19:53:57,754 INFO o.a.j.t.JMeterThread: Thread finished: Thread Group 1-20
2021-05-05 19:53:57,779 INFO o.a.j.t.JMeterThread: Thread finished: Thread Group 1-14
2021-05-05 19:53:57,808 INFO o.a.j.t.JMeterThread: Thread finished: Thread Group 1-18
2021-05-05 19:53:57,819 INFO o.a.j.t.JMeterThread: Thread finished: Thread Group 1-16
2021-05-05 19:53:57,819 INFO o.a.j.e.StandardJMeterEngine: Notifying test listeners of end of test
2021-05-05 19:53:57,820 INFO o.a.j.r.Summariser: summary +    227 in 00:00:28 =    8.2/s Avg:   509 Min:   481 Max:   572 Err:     1 (0.44%) Active: 0 Started: 200 Finished: 200
2021-05-05 19:53:57,820 INFO o.a.j.r.Summariser: summary =    346 in 00:01:05 =    5.3/s Avg:   494 Min:   438 Max:   572 Err:     1 (0.29%)
2021-05-05 19:53:57,821 INFO o.a.j.JMeter: Generating Dashboard
2021-05-05 19:53:57,821 INFO o.a.j.r.d.ReportGenerator: Flushing result collector before report Generation
2021-05-05 19:53:57,832 INFO o.a.j.r.p.NormalizerSampleConsumer: Using format, 'ms', to parse timeStamp field
2021-05-05 19:53:57,943 INFO o.a.j.r.p.AbstractSampleConsumer: class org.apache.jmeter.report.processor.AggregateConsumer#stopProducing(): beginDate produced 0 samples
2021-05-05 19:53:57,943 INFO o.a.j.r.p.AbstractSampleConsumer: class org.apache.jmeter.report.processor.AggregateConsumer#stopProducing(): endDate produced 0 samples
2021-05-05 19:53:57,945 INFO o.a.j.r.p.AbstractSampleConsumer: class org.apache.jmeter.report.processor.ApdexSummaryConsumer#stopProducing(): apdexSummary produced 0 samples
2021-05-05 19:53:57,945 INFO o.a.j.r.p.AbstractSampleConsumer: class org.apache.jmeter.report.processor.RequestsSummaryConsumer#stopProducing(): requestsSummary produced 0 samples
2021-05-05 19:53:57,950 INFO o.a.j.r.p.AbstractSampleConsumer: class org.apache.jmeter.report.processor.StatisticsSummaryConsumer#stopProducing(): statisticsSummary produced 0 samples
2021-05-05 19:53:57,954 INFO o.a.j.r.p.AbstractSampleConsumer: class org.apache.jmeter.report.processor.Top5ErrorsBySamplerConsumer#stopProducing(): top5ErrorsBySampler produced 0 samples
2021-05-05 19:53:57,955 INFO o.a.j.r.p.AbstractSampleConsumer: class org.apache.jmeter.report.processor.ErrorsSummaryConsumer#stopProducing(): errorsSummary produced 0 samples
2021-05-05 19:53:57,955 INFO o.a.j.r.p.AbstractSampleConsumer: class org.apache.jmeter.report.processor.graph.impl.HitsPerSecondGraphConsumer#stopProducing(): hitsPerSecond produced 0 samples
2021-05-05 19:53:57,971 INFO o.a.j.r.p.AbstractSampleConsumer: class org.apache.jmeter.report.processor.graph.impl.LatencyVSRequestGraphConsumer#stopProducing(): latencyVsRequest produced 0 samples
2021-05-05 19:53:57,972 INFO o.a.j.r.p.AbstractSampleConsumer: class org.apache.jmeter.report.processor.graph.impl.SyntheticResponseTimeDistributionGraphConsumer#stopProducing(): syntheticResponseTimeDistribution produced 0 samples
2021-05-05 19:53:57,972 INFO o.a.j.r.p.AbstractSampleConsumer: class org.apache.jmeter.report.processor.graph.impl.BytesThroughputGraphConsumer#stopProducing(): bytesThroughputOverTime produced 0 samples
2021-05-05 19:53:57,973 INFO o.a.j.r.p.AbstractSampleConsumer: class org.apache.jmeter.report.processor.graph.impl.CodesPerSecondGraphConsumer#stopProducing(): codesPerSecond produced 0 samples
2021-05-05 19:53:57,983 INFO o.a.j.r.p.AbstractSampleConsumer: class org.apache.jmeter.report.processor.graph.impl.ResponseTimeVSRequestGraphConsumer#stopProducing(): responseTimeVsRequest produced 0 samples
2021-05-05 19:53:57,984 INFO o.a.j.r.p.AbstractSampleConsumer: class org.apache.jmeter.report.processor.FilterConsumer#stopProducing(): startIntervalControlerFilter produced 2422 samples
2021-05-05 19:53:57,984 INFO o.a.j.r.p.AbstractSampleConsumer: class org.apache.jmeter.report.processor.graph.impl.TotalTPSGraphConsumer#stopProducing(): totalTPS produced 0 samples
2021-05-05 19:53:57,984 INFO o.a.j.r.p.AbstractSampleConsumer: class org.apache.jmeter.report.processor.graph.impl.ActiveThreadsGraphConsumer#stopProducing(): activeThreadsOverTime produced 0 samples
2021-05-05 19:53:57,984 INFO o.a.j.r.p.AbstractSampleConsumer: class org.apache.jmeter.report.processor.graph.impl.TimeVSThreadGraphConsumer#stopProducing(): timeVsThreads produced 0 samples
2021-05-05 19:53:57,985 INFO o.a.j.r.p.AbstractSampleConsumer: class org.apache.jmeter.report.processor.graph.impl.ResponseTimeDistributionGraphConsumer#stopProducing(): responseTimeDistribution produced 0 samples
2021-05-05 19:53:57,985 INFO o.a.j.r.p.AbstractSampleConsumer: class org.apache.jmeter.report.processor.graph.impl.TransactionsPerSecondGraphConsumer#stopProducing(): transactionsPerSecond produced 0 samples
2021-05-05 19:53:57,985 INFO o.a.j.r.p.AbstractSampleConsumer: class org.apache.jmeter.report.processor.graph.impl.ResponseTimePercentilesGraphConsumer#stopProducing(): responseTimePercentiles produced 0 samples
2021-05-05 19:53:57,986 INFO o.a.j.r.p.AbstractSampleConsumer: class org.apache.jmeter.report.processor.graph.impl.ResponseTimePercentilesOverTimeGraphConsumer#stopProducing(): responseTimePercentilesOverTime produced 0 samples
2021-05-05 19:53:57,990 INFO o.a.j.r.p.AbstractSampleConsumer: class org.apache.jmeter.report.processor.graph.impl.ResponseTimeOverTimeGraphConsumer#stopProducing(): responseTimesOverTime produced 0 samples
2021-05-05 19:53:57,990 INFO o.a.j.r.p.AbstractSampleConsumer: class org.apache.jmeter.report.processor.graph.impl.ConnectTimeOverTimeGraphConsumer#stopProducing(): connectTimeOverTime produced 0 samples
2021-05-05 19:53:57,991 INFO o.a.j.r.p.AbstractSampleConsumer: class org.apache.jmeter.report.processor.graph.impl.LatencyOverTimeGraphConsumer#stopProducing(): latenciesOverTime produced 0 samples
2021-05-05 19:53:57,991 INFO o.a.j.r.p.AbstractSampleConsumer: class org.apache.jmeter.report.processor.FilterConsumer#stopProducing(): nameFilter produced 5190 samples
2021-05-05 19:53:57,991 INFO o.a.j.r.p.AbstractSampleConsumer: class org.apache.jmeter.report.processor.FilterConsumer#stopProducing(): dateRangeFilter produced 1038 samples
2021-05-05 19:53:57,991 INFO o.a.j.r.p.AbstractSampleConsumer: class org.apache.jmeter.report.processor.NormalizerSampleConsumer#stopProducing(): normalizer produced 346 samples
2021-05-05 19:53:57,992 INFO o.a.j.r.p.CsvFileSampleSource: produce(): 346 samples produced in 140ms on channel 0
2021-05-05 19:53:57,992 INFO o.a.j.r.d.ReportGenerator: Exporting data using exporter:'json' of className:'org.apache.jmeter.report.dashboard.JsonExporter'
2021-05-05 19:53:58,075 INFO o.a.j.r.d.JsonExporter: Found data for consumer statisticsSummaryin context
2021-05-05 19:53:58,075 INFO o.a.j.r.d.JsonExporter: Creating statistics for overall
2021-05-05 19:53:58,075 INFO o.a.j.r.d.JsonExporter: Creating statistics for other transactions
2021-05-05 19:53:58,076 INFO o.a.j.r.d.JsonExporter: Checking output folder
2021-05-05 19:53:58,076 INFO o.a.j.r.d.JsonExporter: Writing statistics JSON to /hdd/homework/testing/lab4/load1/out/statistics.json
2021-05-05 19:53:58,106 INFO o.a.j.r.d.ReportGenerator: Exporting data using exporter:'html' of className:'org.apache.jmeter.report.dashboard.HtmlTemplateExporter'
2021-05-05 19:53:58,107 INFO o.a.j.r.d.HtmlTemplateExporter: Will generate dashboard in folder: /hdd/homework/testing/lab4/load1/out
2021-05-05 19:53:58,177 INFO o.a.j.r.d.HtmlTemplateExporter: Report will be generated in: /hdd/homework/testing/lab4/load1/out, creating folder structure
2021-05-05 19:53:58,180 INFO o.a.j.r.d.TemplateVisitor: Copying folder from '/hdd/homework/testing/apache-jmeter-5.4.1/bin/report-template' to '/hdd/homework/testing/lab4/load1/out', got message: /hdd/homework/testing/lab4/load1/out, found non empty folder with following content [/hdd/homework/testing/lab4/load1/out/statistics.json], will be ignored
2021-05-05 19:53:58,358 INFO o.a.j.JMeter: Dashboard generated
