2021-05-05 17:33:13,925 INFO o.a.j.u.JMeterUtils: Setting Locale to en_EN
2021-05-05 17:33:13,945 INFO o.a.j.JMeter: Loading user properties from: /hdd/homework/testing/apache-jmeter-5.4.1/bin/user.properties
2021-05-05 17:33:13,945 INFO o.a.j.JMeter: Loading system properties from: /hdd/homework/testing/apache-jmeter-5.4.1/bin/system.properties
2021-05-05 17:33:13,951 INFO o.a.j.JMeter: Copyright (c) 1998-2021 The Apache Software Foundation
2021-05-05 17:33:13,951 INFO o.a.j.JMeter: Version 5.4.1
2021-05-05 17:33:13,951 INFO o.a.j.JMeter: java.version=15.0.2
2021-05-05 17:33:13,951 INFO o.a.j.JMeter: java.vm.name=OpenJDK 64-Bit Server VM
2021-05-05 17:33:13,951 INFO o.a.j.JMeter: os.name=Linux
2021-05-05 17:33:13,951 INFO o.a.j.JMeter: os.arch=amd64
2021-05-05 17:33:13,952 INFO o.a.j.JMeter: os.version=5.4.114-1-MANJARO
2021-05-05 17:33:13,952 INFO o.a.j.JMeter: file.encoding=UTF-8
2021-05-05 17:33:13,952 INFO o.a.j.JMeter: java.awt.headless=null
2021-05-05 17:33:13,952 INFO o.a.j.JMeter: Max memory     =1073741824
2021-05-05 17:33:13,952 INFO o.a.j.JMeter: Available Processors =8
2021-05-05 17:33:13,961 INFO o.a.j.JMeter: Default Locale=English (EN)
2021-05-05 17:33:13,961 INFO o.a.j.JMeter: JMeter  Locale=English (EN)
2021-05-05 17:33:13,961 INFO o.a.j.JMeter: JMeterHome=/hdd/homework/testing/apache-jmeter-5.4.1
2021-05-05 17:33:13,961 INFO o.a.j.JMeter: user.dir  =/hdd/homework/testing/lab4
2021-05-05 17:33:13,962 INFO o.a.j.JMeter: PWD       =/hdd/homework/testing/lab4
2021-05-05 17:33:13,962 INFO o.a.j.JMeter: IP: 127.0.1.1 Name: asurkis-manjaro FullName: asurkis-manjaro
2021-05-05 17:33:13,968 INFO o.a.j.s.FileServer: Default base='/hdd/homework/testing/lab4'
2021-05-05 17:33:13,968 INFO o.a.j.s.FileServer: Set new base='/hdd/homework/testing/lab4'
2021-05-05 17:33:14,103 INFO o.a.j.s.SaveService: Testplan (JMX) version: 2.2. Testlog (JTL) version: 2.2
2021-05-05 17:33:14,123 INFO o.a.j.s.SaveService: Using SaveService properties version 5.0
2021-05-05 17:33:14,125 INFO o.a.j.s.SaveService: Using SaveService properties file encoding UTF-8
2021-05-05 17:33:14,127 INFO o.a.j.s.SaveService: Loading file: response_time_1.jmx
2021-05-05 17:33:14,162 INFO o.a.j.p.h.s.HTTPSamplerBase: Parser for text/html is org.apache.jmeter.protocol.http.parser.LagartoBasedHtmlParser
2021-05-05 17:33:14,162 INFO o.a.j.p.h.s.HTTPSamplerBase: Parser for application/xhtml+xml is org.apache.jmeter.protocol.http.parser.LagartoBasedHtmlParser
2021-05-05 17:33:14,162 INFO o.a.j.p.h.s.HTTPSamplerBase: Parser for application/xml is org.apache.jmeter.protocol.http.parser.LagartoBasedHtmlParser
2021-05-05 17:33:14,163 INFO o.a.j.p.h.s.HTTPSamplerBase: Parser for text/xml is org.apache.jmeter.protocol.http.parser.LagartoBasedHtmlParser
2021-05-05 17:33:14,163 INFO o.a.j.p.h.s.HTTPSamplerBase: Parser for text/vnd.wap.wml is org.apache.jmeter.protocol.http.parser.RegexpHTMLParser
2021-05-05 17:33:14,163 INFO o.a.j.p.h.s.HTTPSamplerBase: Parser for text/css is org.apache.jmeter.protocol.http.parser.CssParser
2021-05-05 17:33:14,171 INFO o.a.j.JMeter: Creating summariser <summary>
2021-05-05 17:33:14,176 INFO o.a.j.e.StandardJMeterEngine: Running the test!
2021-05-05 17:33:14,177 INFO o.a.j.s.SampleEvent: List of sample_variables: []
2021-05-05 17:33:14,177 INFO o.a.j.s.SampleEvent: List of sample_variables: []
2021-05-05 17:33:14,185 INFO o.a.j.e.u.CompoundVariable: Note: Function class names must contain the string: '.functions.'
2021-05-05 17:33:14,185 INFO o.a.j.e.u.CompoundVariable: Note: Function class names must not contain the string: '.gui.'
2021-05-05 17:33:14,239 INFO o.a.j.JMeter: Running test (1620225194239)
2021-05-05 17:33:14,253 INFO o.a.j.e.StandardJMeterEngine: Starting ThreadGroup: 1 : Thread Group
2021-05-05 17:33:14,253 INFO o.a.j.e.StandardJMeterEngine: Starting 40 threads for group Thread Group.
2021-05-05 17:33:14,253 INFO o.a.j.e.StandardJMeterEngine: Test will stop on error
2021-05-05 17:33:14,253 INFO o.a.j.t.ThreadGroup: Starting thread group... number=1 threads=40 ramp-up=120 delayedStart=false
2021-05-05 17:33:14,261 INFO o.a.j.t.JMeterThread: Thread started: Thread Group 1-1
2021-05-05 17:33:14,276 INFO o.a.j.t.ThreadGroup: Started thread group number 1
2021-05-05 17:33:14,276 INFO o.a.j.e.StandardJMeterEngine: All thread groups have been started
2021-05-05 17:33:15,775 INFO o.a.j.p.h.s.HTTPHCAbstractImpl: Local host = asurkis-manjaro
2021-05-05 17:33:15,779 INFO o.a.j.p.h.s.HTTPHC4Impl: HTTP request retry count = 0
2021-05-05 17:33:15,781 INFO o.a.j.s.SampleResult: Note: Sample TimeStamps are START times
2021-05-05 17:33:15,781 INFO o.a.j.s.SampleResult: sampleresult.default.encoding is set to ISO-8859-1
2021-05-05 17:33:15,781 INFO o.a.j.s.SampleResult: sampleresult.useNanoTime=true
2021-05-05 17:33:15,781 INFO o.a.j.s.SampleResult: sampleresult.nanoThreadSleep=5000
2021-05-05 17:33:17,257 INFO o.a.j.t.JMeterThread: Thread started: Thread Group 1-2
2021-05-05 17:33:20,256 INFO o.a.j.t.JMeterThread: Thread started: Thread Group 1-3
2021-05-05 17:33:23,256 INFO o.a.j.t.JMeterThread: Thread started: Thread Group 1-4
2021-05-05 17:33:26,255 INFO o.a.j.t.JMeterThread: Thread started: Thread Group 1-5
2021-05-05 17:33:29,256 INFO o.a.j.t.JMeterThread: Thread started: Thread Group 1-6
2021-05-05 17:33:30,038 INFO o.a.j.r.Summariser: summary +     23 in 00:00:16 =    1.5/s Avg:   454 Min:   437 Max:   491 Err:     0 (0.00%) Active: 6 Started: 6 Finished: 0
2021-05-05 17:33:32,257 INFO o.a.j.t.JMeterThread: Thread started: Thread Group 1-7
2021-05-05 17:33:35,255 INFO o.a.j.t.JMeterThread: Thread started: Thread Group 1-8
2021-05-05 17:33:38,255 INFO o.a.j.t.JMeterThread: Thread started: Thread Group 1-9
2021-05-05 17:33:41,255 INFO o.a.j.t.JMeterThread: Thread started: Thread Group 1-10
2021-05-05 17:33:44,255 INFO o.a.j.t.JMeterThread: Thread started: Thread Group 1-11
2021-05-05 17:33:47,255 INFO o.a.j.t.JMeterThread: Thread started: Thread Group 1-12
2021-05-05 17:33:50,255 INFO o.a.j.t.JMeterThread: Thread started: Thread Group 1-13
2021-05-05 17:33:53,255 INFO o.a.j.t.JMeterThread: Thread started: Thread Group 1-14
2021-05-05 17:33:56,255 INFO o.a.j.t.JMeterThread: Thread started: Thread Group 1-15
2021-05-05 17:33:59,256 INFO o.a.j.t.JMeterThread: Thread started: Thread Group 1-16
2021-05-05 17:34:00,149 INFO o.a.j.r.Summariser: summary +    158 in 00:00:30 =    5.2/s Avg:   481 Min:   451 Max:   544 Err:     0 (0.00%) Active: 16 Started: 16 Finished: 0
2021-05-05 17:34:00,149 INFO o.a.j.r.Summariser: summary =    181 in 00:00:46 =    3.9/s Avg:   477 Min:   437 Max:   544 Err:     0 (0.00%)
2021-05-05 17:34:02,254 INFO o.a.j.t.JMeterThread: Thread started: Thread Group 1-17
2021-05-05 17:34:05,254 INFO o.a.j.t.JMeterThread: Thread started: Thread Group 1-18
2021-05-05 17:34:08,254 INFO o.a.j.t.JMeterThread: Thread started: Thread Group 1-19
2021-05-05 17:34:11,255 INFO o.a.j.t.JMeterThread: Thread started: Thread Group 1-20
2021-05-05 17:34:14,254 INFO o.a.j.t.JMeterThread: Thread started: Thread Group 1-21
2021-05-05 17:34:17,254 INFO o.a.j.t.JMeterThread: Thread started: Thread Group 1-22
2021-05-05 17:34:17,807 INFO o.a.j.t.JMeterThread: Shutdown Test detected by thread: Thread Group 1-1
2021-05-05 17:34:17,808 INFO o.a.j.t.JMeterThread: Thread finished: Thread Group 1-1
2021-05-05 17:34:17,810 INFO o.a.j.t.JMeterThread: Stopping: Thread Group 1-2
2021-05-05 17:34:17,811 INFO o.a.j.t.JMeterThread: Stopping: Thread Group 1-4
2021-05-05 17:34:17,811 INFO o.a.j.t.JMeterThread: Stopping: Thread Group 1-11
2021-05-05 17:34:17,811 INFO o.a.j.t.JMeterThread: Stopping: Thread Group 1-17
2021-05-05 17:34:17,812 INFO o.a.j.t.JMeterThread: Stopping: Thread Group 1-19
2021-05-05 17:34:17,812 INFO o.a.j.t.JMeterThread: Stopping: Thread Group 1-22
2021-05-05 17:34:17,812 INFO o.a.j.t.JMeterThread: Stopping: Thread Group 1-9
2021-05-05 17:34:17,812 INFO o.a.j.t.JMeterThread: Stopping: Thread Group 1-12
2021-05-05 17:34:17,812 INFO o.a.j.t.JMeterThread: Stopping: Thread Group 1-20
2021-05-05 17:34:17,813 INFO o.a.j.t.JMeterThread: Stopping: Thread Group 1-27
2021-05-05 17:34:17,813 INFO o.a.j.t.JMeterThread: Stopping: Thread Group 1-25
2021-05-05 17:34:17,813 INFO o.a.j.t.JMeterThread: Thread finished: Thread Group 1-11
2021-05-05 17:34:17,813 INFO o.a.j.t.JMeterThread: Stopping: Thread Group 1-3
2021-05-05 17:34:17,813 INFO o.a.j.t.JMeterThread: Stopping: Thread Group 1-21
2021-05-05 17:34:17,813 INFO o.a.j.t.JMeterThread: Stopping: Thread Group 1-31
2021-05-05 17:34:17,814 INFO o.a.j.t.JMeterThread: Stopping: Thread Group 1-32
2021-05-05 17:34:17,814 INFO o.a.j.t.JMeterThread: Stopping: Thread Group 1-5
2021-05-05 17:34:17,814 INFO o.a.j.t.JMeterThread: Stopping: Thread Group 1-23
2021-05-05 17:34:17,814 INFO o.a.j.t.JMeterThread: Stopping: Thread Group 1-33
2021-05-05 17:34:17,814 INFO o.a.j.t.JMeterThread: Stopping: Thread Group 1-37
2021-05-05 17:34:17,815 INFO o.a.j.t.JMeterThread: Stopping: Thread Group 1-39
2021-05-05 17:34:17,815 INFO o.a.j.t.JMeterThread: Stopping: Thread Group 1-30
2021-05-05 17:34:17,815 INFO o.a.j.t.JMeterThread: Stopping: Thread Group 1-38
2021-05-05 17:34:17,815 INFO o.a.j.t.JMeterThread: Stopping: Thread Group 1-7
2021-05-05 17:34:17,815 INFO o.a.j.t.JMeterThread: Stopping: Thread Group 1-14
2021-05-05 17:34:17,816 INFO o.a.j.t.JMeterThread: Stopping: Thread Group 1-8
2021-05-05 17:34:17,816 INFO o.a.j.t.JMeterThread: Stopping: Thread Group 1-28
2021-05-05 17:34:17,816 INFO o.a.j.t.JMeterThread: Stopping: Thread Group 1-18
2021-05-05 17:34:17,816 INFO o.a.j.t.JMeterThread: Stopping: Thread Group 1-24
2021-05-05 17:34:17,816 INFO o.a.j.t.JMeterThread: Stopping: Thread Group 1-34
2021-05-05 17:34:17,816 INFO o.a.j.t.JMeterThread: Stopping: Thread Group 1-16
2021-05-05 17:34:17,817 INFO o.a.j.t.JMeterThread: Stopping: Thread Group 1-26
2021-05-05 17:34:17,817 INFO o.a.j.t.JMeterThread: Stopping: Thread Group 1-29
2021-05-05 17:34:17,817 INFO o.a.j.t.JMeterThread: Stopping: Thread Group 1-35
2021-05-05 17:34:17,817 INFO o.a.j.t.JMeterThread: Stopping: Thread Group 1-36
2021-05-05 17:34:17,817 INFO o.a.j.t.JMeterThread: Stopping: Thread Group 1-13
2021-05-05 17:34:17,818 INFO o.a.j.t.JMeterThread: Stopping: Thread Group 1-6
2021-05-05 17:34:17,818 INFO o.a.j.t.JMeterThread: Stopping: Thread Group 1-40
2021-05-05 17:34:17,818 INFO o.a.j.t.JMeterThread: Stopping: Thread Group 1-10
2021-05-05 17:34:17,818 INFO o.a.j.t.JMeterThread: Stopping: Thread Group 1-15
2021-05-05 17:34:17,821 INFO o.a.j.t.JMeterThread: Thread finished: Thread Group 1-21
2021-05-05 17:34:17,848 INFO o.a.j.t.JMeterThread: Thread finished: Thread Group 1-3
2021-05-05 17:34:17,878 INFO o.a.j.t.JMeterThread: Thread finished: Thread Group 1-19
2021-05-05 17:34:17,897 INFO o.a.j.t.JMeterThread: Thread finished: Thread Group 1-13
2021-05-05 17:34:17,914 INFO o.a.j.t.JMeterThread: Thread finished: Thread Group 1-17
2021-05-05 17:34:17,922 INFO o.a.j.t.JMeterThread: Thread finished: Thread Group 1-15
2021-05-05 17:34:18,016 INFO o.a.j.t.JMeterThread: Thread finished: Thread Group 1-5
2021-05-05 17:34:18,146 INFO o.a.j.t.JMeterThread: Thread finished: Thread Group 1-7
2021-05-05 17:34:18,268 INFO o.a.j.t.JMeterThread: Thread finished: Thread Group 1-2
2021-05-05 17:34:18,274 INFO o.a.j.t.JMeterThread: Thread started: Thread Group 1-23
2021-05-05 17:34:18,274 INFO o.a.j.t.JMeterThread: Thread started: Thread Group 1-24
2021-05-05 17:34:18,274 INFO o.a.j.t.JMeterThread: Thread started: Thread Group 1-25
2021-05-05 17:34:18,275 INFO o.a.j.t.JMeterThread: Thread finished: Thread Group 1-24
2021-05-05 17:34:18,275 INFO o.a.j.t.JMeterThread: Thread finished: Thread Group 1-23
2021-05-05 17:34:18,275 INFO o.a.j.t.JMeterThread: Thread finished: Thread Group 1-25
2021-05-05 17:34:18,277 INFO o.a.j.t.JMeterThread: Thread started: Thread Group 1-27
2021-05-05 17:34:18,277 INFO o.a.j.t.JMeterThread: Thread started: Thread Group 1-26
2021-05-05 17:34:18,277 INFO o.a.j.t.JMeterThread: Thread finished: Thread Group 1-27
2021-05-05 17:34:18,277 INFO o.a.j.t.JMeterThread: Thread started: Thread Group 1-28
2021-05-05 17:34:18,277 INFO o.a.j.t.JMeterThread: Thread started: Thread Group 1-31
2021-05-05 17:34:18,278 INFO o.a.j.t.JMeterThread: Thread finished: Thread Group 1-31
2021-05-05 17:34:18,278 INFO o.a.j.t.JMeterThread: Thread finished: Thread Group 1-26
2021-05-05 17:34:18,278 INFO o.a.j.t.JMeterThread: Thread finished: Thread Group 1-28
2021-05-05 17:34:18,277 INFO o.a.j.t.JMeterThread: Thread started: Thread Group 1-29
2021-05-05 17:34:18,278 INFO o.a.j.t.JMeterThread: Thread finished: Thread Group 1-29
2021-05-05 17:34:18,278 INFO o.a.j.t.JMeterThread: Thread started: Thread Group 1-33
2021-05-05 17:34:18,278 INFO o.a.j.t.JMeterThread: Thread finished: Thread Group 1-33
2021-05-05 17:34:18,279 INFO o.a.j.t.JMeterThread: Thread started: Thread Group 1-30
2021-05-05 17:34:18,279 INFO o.a.j.t.JMeterThread: Thread started: Thread Group 1-32
2021-05-05 17:34:18,280 INFO o.a.j.t.JMeterThread: Thread finished: Thread Group 1-30
2021-05-05 17:34:18,280 INFO o.a.j.t.JMeterThread: Thread finished: Thread Group 1-32
2021-05-05 17:34:18,280 INFO o.a.j.t.JMeterThread: Thread started: Thread Group 1-35
2021-05-05 17:34:18,280 INFO o.a.j.t.JMeterThread: Thread started: Thread Group 1-34
2021-05-05 17:34:18,281 INFO o.a.j.t.JMeterThread: Thread finished: Thread Group 1-35
2021-05-05 17:34:18,281 INFO o.a.j.t.JMeterThread: Thread started: Thread Group 1-36
2021-05-05 17:34:18,281 INFO o.a.j.t.JMeterThread: Thread started: Thread Group 1-39
2021-05-05 17:34:18,281 INFO o.a.j.t.JMeterThread: Thread finished: Thread Group 1-34
2021-05-05 17:34:18,281 INFO o.a.j.t.JMeterThread: Thread finished: Thread Group 1-39
2021-05-05 17:34:18,281 INFO o.a.j.t.JMeterThread: Thread finished: Thread Group 1-36
2021-05-05 17:34:18,281 INFO o.a.j.t.JMeterThread: Thread started: Thread Group 1-38
2021-05-05 17:34:18,281 INFO o.a.j.t.JMeterThread: Thread finished: Thread Group 1-38
2021-05-05 17:34:18,281 INFO o.a.j.t.JMeterThread: Thread started: Thread Group 1-37
2021-05-05 17:34:18,282 INFO o.a.j.t.JMeterThread: Thread finished: Thread Group 1-37
2021-05-05 17:34:18,282 INFO o.a.j.t.JMeterThread: Thread started: Thread Group 1-40
2021-05-05 17:34:18,282 INFO o.a.j.t.JMeterThread: Thread finished: Thread Group 1-40
2021-05-05 17:34:18,311 INFO o.a.j.t.JMeterThread: Thread finished: Thread Group 1-9
2021-05-05 17:34:18,395 INFO o.a.j.t.JMeterThread: Thread finished: Thread Group 1-4
2021-05-05 17:34:18,571 INFO o.a.j.t.JMeterThread: Thread finished: Thread Group 1-6
2021-05-05 17:34:18,693 INFO o.a.j.t.JMeterThread: Thread finished: Thread Group 1-8
2021-05-05 17:34:18,756 INFO o.a.j.t.JMeterThread: Thread finished: Thread Group 1-22
2021-05-05 17:34:18,767 INFO o.a.j.t.JMeterThread: Thread finished: Thread Group 1-10
2021-05-05 17:34:18,852 INFO o.a.j.t.JMeterThread: Thread finished: Thread Group 1-12
2021-05-05 17:34:18,870 INFO o.a.j.t.JMeterThread: Thread finished: Thread Group 1-20
2021-05-05 17:34:18,908 INFO o.a.j.t.JMeterThread: Thread finished: Thread Group 1-18
2021-05-05 17:34:18,934 INFO o.a.j.t.JMeterThread: Thread finished: Thread Group 1-16
2021-05-05 17:34:18,938 INFO o.a.j.t.JMeterThread: Thread finished: Thread Group 1-14
2021-05-05 17:34:18,939 INFO o.a.j.e.StandardJMeterEngine: Notifying test listeners of end of test
2021-05-05 17:34:18,940 INFO o.a.j.r.Summariser: summary +    165 in 00:00:19 =    8.8/s Avg:   517 Min:   497 Max:   572 Err:     1 (0.61%) Active: 0 Started: 40 Finished: 40
2021-05-05 17:34:18,941 INFO o.a.j.r.Summariser: summary =    346 in 00:01:05 =    5.3/s Avg:   496 Min:   437 Max:   572 Err:     1 (0.29%)
