2021-05-05 18:26:31,020 INFO o.a.j.u.JMeterUtils: Setting Locale to en_EN
2021-05-05 18:26:31,039 INFO o.a.j.JMeter: Loading user properties from: /hdd/homework/testing/apache-jmeter-5.4.1/bin/user.properties
2021-05-05 18:26:31,039 INFO o.a.j.JMeter: Loading system properties from: /hdd/homework/testing/apache-jmeter-5.4.1/bin/system.properties
2021-05-05 18:26:31,045 INFO o.a.j.JMeter: Copyright (c) 1998-2021 The Apache Software Foundation
2021-05-05 18:26:31,045 INFO o.a.j.JMeter: Version 5.4.1
2021-05-05 18:26:31,045 INFO o.a.j.JMeter: java.version=15.0.2
2021-05-05 18:26:31,045 INFO o.a.j.JMeter: java.vm.name=OpenJDK 64-Bit Server VM
2021-05-05 18:26:31,045 INFO o.a.j.JMeter: os.name=Linux
2021-05-05 18:26:31,045 INFO o.a.j.JMeter: os.arch=amd64
2021-05-05 18:26:31,045 INFO o.a.j.JMeter: os.version=5.4.114-1-MANJARO
2021-05-05 18:26:31,045 INFO o.a.j.JMeter: file.encoding=UTF-8
2021-05-05 18:26:31,045 INFO o.a.j.JMeter: java.awt.headless=null
2021-05-05 18:26:31,045 INFO o.a.j.JMeter: Max memory     =1073741824
2021-05-05 18:26:31,046 INFO o.a.j.JMeter: Available Processors =8
2021-05-05 18:26:31,054 INFO o.a.j.JMeter: Default Locale=English (EN)
2021-05-05 18:26:31,054 INFO o.a.j.JMeter: JMeter  Locale=English (EN)
2021-05-05 18:26:31,055 INFO o.a.j.JMeter: JMeterHome=/hdd/homework/testing/apache-jmeter-5.4.1
2021-05-05 18:26:31,055 INFO o.a.j.JMeter: user.dir  =/hdd/homework/testing/lab4
2021-05-05 18:26:31,055 INFO o.a.j.JMeter: PWD       =/hdd/homework/testing/lab4
2021-05-05 18:26:31,055 INFO o.a.j.JMeter: IP: 127.0.1.1 Name: asurkis-manjaro FullName: asurkis-manjaro
2021-05-05 18:26:31,061 INFO o.a.j.s.FileServer: Default base='/hdd/homework/testing/lab4'
2021-05-05 18:26:31,061 INFO o.a.j.s.FileServer: Set new base='/hdd/homework/testing/lab4'
2021-05-05 18:26:31,195 INFO o.a.j.s.SaveService: Testplan (JMX) version: 2.2. Testlog (JTL) version: 2.2
2021-05-05 18:26:31,223 INFO o.a.j.s.SaveService: Using SaveService properties version 5.0
2021-05-05 18:26:31,226 INFO o.a.j.s.SaveService: Using SaveService properties file encoding UTF-8
2021-05-05 18:26:31,229 INFO o.a.j.s.SaveService: Loading file: response_time_2.jmx
2021-05-05 18:26:31,269 INFO o.a.j.p.h.s.HTTPSamplerBase: Parser for text/html is org.apache.jmeter.protocol.http.parser.LagartoBasedHtmlParser
2021-05-05 18:26:31,269 INFO o.a.j.p.h.s.HTTPSamplerBase: Parser for application/xhtml+xml is org.apache.jmeter.protocol.http.parser.LagartoBasedHtmlParser
2021-05-05 18:26:31,269 INFO o.a.j.p.h.s.HTTPSamplerBase: Parser for application/xml is org.apache.jmeter.protocol.http.parser.LagartoBasedHtmlParser
2021-05-05 18:26:31,269 INFO o.a.j.p.h.s.HTTPSamplerBase: Parser for text/xml is org.apache.jmeter.protocol.http.parser.LagartoBasedHtmlParser
2021-05-05 18:26:31,269 INFO o.a.j.p.h.s.HTTPSamplerBase: Parser for text/vnd.wap.wml is org.apache.jmeter.protocol.http.parser.RegexpHTMLParser
2021-05-05 18:26:31,269 INFO o.a.j.p.h.s.HTTPSamplerBase: Parser for text/css is org.apache.jmeter.protocol.http.parser.CssParser
2021-05-05 18:26:31,287 INFO o.a.j.JMeter: Creating summariser <summary>
2021-05-05 18:26:31,291 INFO o.a.j.e.StandardJMeterEngine: Running the test!
2021-05-05 18:26:31,293 INFO o.a.j.s.SampleEvent: List of sample_variables: []
2021-05-05 18:26:31,293 INFO o.a.j.s.SampleEvent: List of sample_variables: []
2021-05-05 18:26:31,302 INFO o.a.j.e.u.CompoundVariable: Note: Function class names must contain the string: '.functions.'
2021-05-05 18:26:31,302 INFO o.a.j.e.u.CompoundVariable: Note: Function class names must not contain the string: '.gui.'
2021-05-05 18:26:31,347 INFO o.a.j.JMeter: Running test (1620228391347)
2021-05-05 18:26:31,359 INFO o.a.j.e.StandardJMeterEngine: Starting ThreadGroup: 1 : Thread Group
2021-05-05 18:26:31,359 INFO o.a.j.e.StandardJMeterEngine: Starting 100 threads for group Thread Group.
2021-05-05 18:26:31,359 INFO o.a.j.e.StandardJMeterEngine: Test will stop on error
2021-05-05 18:26:31,360 INFO o.a.j.t.ThreadGroup: Starting thread group... number=1 threads=100 ramp-up=300 delayedStart=false
2021-05-05 18:26:31,367 INFO o.a.j.t.JMeterThread: Thread started: Thread Group 1-1
2021-05-05 18:26:31,399 INFO o.a.j.t.ThreadGroup: Started thread group number 1
2021-05-05 18:26:31,399 INFO o.a.j.e.StandardJMeterEngine: All thread groups have been started
2021-05-05 18:26:32,887 INFO o.a.j.p.h.s.HTTPHCAbstractImpl: Local host = asurkis-manjaro
2021-05-05 18:26:32,892 INFO o.a.j.p.h.s.HTTPHC4Impl: HTTP request retry count = 0
2021-05-05 18:26:32,893 INFO o.a.j.s.SampleResult: Note: Sample TimeStamps are START times
2021-05-05 18:26:32,893 INFO o.a.j.s.SampleResult: sampleresult.default.encoding is set to ISO-8859-1
2021-05-05 18:26:32,893 INFO o.a.j.s.SampleResult: sampleresult.useNanoTime=true
2021-05-05 18:26:32,893 INFO o.a.j.s.SampleResult: sampleresult.nanoThreadSleep=5000
2021-05-05 18:26:33,342 INFO o.a.j.r.Summariser: summary +      1 in 00:00:02 =    0.5/s Avg:   387 Min:   387 Max:   387 Err:     0 (0.00%) Active: 1 Started: 1 Finished: 0
2021-05-05 18:26:34,363 INFO o.a.j.t.JMeterThread: Thread started: Thread Group 1-2
2021-05-05 18:26:37,362 INFO o.a.j.t.JMeterThread: Thread started: Thread Group 1-3
2021-05-05 18:26:40,362 INFO o.a.j.t.JMeterThread: Thread started: Thread Group 1-4
2021-05-05 18:26:43,361 INFO o.a.j.t.JMeterThread: Thread started: Thread Group 1-5
2021-05-05 18:26:46,363 INFO o.a.j.t.JMeterThread: Thread started: Thread Group 1-6
2021-05-05 18:26:49,361 INFO o.a.j.t.JMeterThread: Thread started: Thread Group 1-7
2021-05-05 18:26:52,360 INFO o.a.j.t.JMeterThread: Thread started: Thread Group 1-8
2021-05-05 18:26:55,361 INFO o.a.j.t.JMeterThread: Thread started: Thread Group 1-9
2021-05-05 18:26:58,361 INFO o.a.j.t.JMeterThread: Thread started: Thread Group 1-10
2021-05-05 18:27:00,121 INFO o.a.j.r.Summariser: summary +     76 in 00:00:27 =    2.8/s Avg:   359 Min:   336 Max:   398 Err:     0 (0.00%) Active: 10 Started: 10 Finished: 0
2021-05-05 18:27:00,121 INFO o.a.j.r.Summariser: summary =     77 in 00:00:29 =    2.7/s Avg:   359 Min:   336 Max:   398 Err:     0 (0.00%)
2021-05-05 18:27:01,361 INFO o.a.j.t.JMeterThread: Thread started: Thread Group 1-11
2021-05-05 18:27:04,361 INFO o.a.j.t.JMeterThread: Thread started: Thread Group 1-12
2021-05-05 18:27:07,361 INFO o.a.j.t.JMeterThread: Thread started: Thread Group 1-13
2021-05-05 18:27:10,362 INFO o.a.j.t.JMeterThread: Thread started: Thread Group 1-14
2021-05-05 18:27:13,360 INFO o.a.j.t.JMeterThread: Thread started: Thread Group 1-15
2021-05-05 18:27:16,361 INFO o.a.j.t.JMeterThread: Thread started: Thread Group 1-16
2021-05-05 18:27:19,360 INFO o.a.j.t.JMeterThread: Thread started: Thread Group 1-17
2021-05-05 18:27:22,363 INFO o.a.j.t.JMeterThread: Thread started: Thread Group 1-18
2021-05-05 18:27:25,361 INFO o.a.j.t.JMeterThread: Thread started: Thread Group 1-19
2021-05-05 18:27:28,361 INFO o.a.j.t.JMeterThread: Thread started: Thread Group 1-20
2021-05-05 18:27:30,016 INFO o.a.j.r.Summariser: summary +    232 in 00:00:30 =    7.8/s Avg:   400 Min:   369 Max:   450 Err:     0 (0.00%) Active: 20 Started: 20 Finished: 0
2021-05-05 18:27:30,017 INFO o.a.j.r.Summariser: summary =    309 in 00:00:59 =    5.3/s Avg:   389 Min:   336 Max:   450 Err:     0 (0.00%)
2021-05-05 18:27:31,360 INFO o.a.j.t.JMeterThread: Thread started: Thread Group 1-21
2021-05-05 18:27:34,360 INFO o.a.j.t.JMeterThread: Thread started: Thread Group 1-22
2021-05-05 18:27:37,362 INFO o.a.j.t.JMeterThread: Thread started: Thread Group 1-23
2021-05-05 18:27:40,361 INFO o.a.j.t.JMeterThread: Thread started: Thread Group 1-24
2021-05-05 18:27:43,361 INFO o.a.j.t.JMeterThread: Thread started: Thread Group 1-25
2021-05-05 18:27:46,361 INFO o.a.j.t.JMeterThread: Thread started: Thread Group 1-26
2021-05-05 18:27:49,361 INFO o.a.j.t.JMeterThread: Thread started: Thread Group 1-27
2021-05-05 18:27:52,361 INFO o.a.j.t.JMeterThread: Thread started: Thread Group 1-28
2021-05-05 18:27:55,360 INFO o.a.j.t.JMeterThread: Thread started: Thread Group 1-29
2021-05-05 18:27:58,361 INFO o.a.j.t.JMeterThread: Thread started: Thread Group 1-30
2021-05-05 18:28:00,028 INFO o.a.j.r.Summariser: summary +    377 in 00:00:30 =   12.6/s Avg:   463 Min:   424 Max:   532 Err:     0 (0.00%) Active: 30 Started: 30 Finished: 0
2021-05-05 18:28:00,029 INFO o.a.j.r.Summariser: summary =    686 in 00:01:29 =    7.7/s Avg:   430 Min:   336 Max:   532 Err:     0 (0.00%)
2021-05-05 18:28:01,361 INFO o.a.j.t.JMeterThread: Thread started: Thread Group 1-31
2021-05-05 18:28:04,362 INFO o.a.j.t.JMeterThread: Thread started: Thread Group 1-32
2021-05-05 18:28:07,361 INFO o.a.j.t.JMeterThread: Thread started: Thread Group 1-33
2021-05-05 18:28:10,361 INFO o.a.j.t.JMeterThread: Thread started: Thread Group 1-34
2021-05-05 18:28:13,002 INFO o.a.j.t.JMeterThread: Shutdown Test detected by thread: Thread Group 1-14
2021-05-05 18:28:13,003 INFO o.a.j.t.JMeterThread: Thread finished: Thread Group 1-14
2021-05-05 18:28:13,004 INFO o.a.j.t.JMeterThread: Stopping: Thread Group 1-26
2021-05-05 18:28:13,004 INFO o.a.j.t.JMeterThread: Stopping: Thread Group 1-79
2021-05-05 18:28:13,004 INFO o.a.j.t.JMeterThread: Stopping: Thread Group 1-84
2021-05-05 18:28:13,005 INFO o.a.j.t.JMeterThread: Stopping: Thread Group 1-29
2021-05-05 18:28:13,005 INFO o.a.j.t.JMeterThread: Stopping: Thread Group 1-53
2021-05-05 18:28:13,005 INFO o.a.j.t.JMeterThread: Stopping: Thread Group 1-39
2021-05-05 18:28:13,005 INFO o.a.j.t.JMeterThread: Stopping: Thread Group 1-18
2021-05-05 18:28:13,005 INFO o.a.j.t.JMeterThread: Stopping: Thread Group 1-1
2021-05-05 18:28:13,005 INFO o.a.j.t.JMeterThread: Stopping: Thread Group 1-10
2021-05-05 18:28:13,005 INFO o.a.j.t.JMeterThread: Stopping: Thread Group 1-97
2021-05-05 18:28:13,005 INFO o.a.j.t.JMeterThread: Stopping: Thread Group 1-83
2021-05-05 18:28:13,005 INFO o.a.j.t.JMeterThread: Stopping: Thread Group 1-98
2021-05-05 18:28:13,005 INFO o.a.j.t.JMeterThread: Stopping: Thread Group 1-44
2021-05-05 18:28:13,005 INFO o.a.j.t.JMeterThread: Stopping: Thread Group 1-7
2021-05-05 18:28:13,005 INFO o.a.j.t.JMeterThread: Stopping: Thread Group 1-61
2021-05-05 18:28:13,006 INFO o.a.j.t.JMeterThread: Stopping: Thread Group 1-24
2021-05-05 18:28:13,006 INFO o.a.j.t.JMeterThread: Stopping: Thread Group 1-35
2021-05-05 18:28:13,006 INFO o.a.j.t.JMeterThread: Stopping: Thread Group 1-2
2021-05-05 18:28:13,006 INFO o.a.j.t.JMeterThread: Stopping: Thread Group 1-19
2021-05-05 18:28:13,006 INFO o.a.j.t.JMeterThread: Stopping: Thread Group 1-75
2021-05-05 18:28:13,006 INFO o.a.j.t.JMeterThread: Stopping: Thread Group 1-37
2021-05-05 18:28:13,006 INFO o.a.j.t.JMeterThread: Stopping: Thread Group 1-30
2021-05-05 18:28:13,006 INFO o.a.j.t.JMeterThread: Stopping: Thread Group 1-51
2021-05-05 18:28:13,006 INFO o.a.j.t.JMeterThread: Stopping: Thread Group 1-52
2021-05-05 18:28:13,006 INFO o.a.j.t.JMeterThread: Stopping: Thread Group 1-70
2021-05-05 18:28:13,006 INFO o.a.j.t.JMeterThread: Stopping: Thread Group 1-15
2021-05-05 18:28:13,006 INFO o.a.j.t.JMeterThread: Stopping: Thread Group 1-77
2021-05-05 18:28:13,006 INFO o.a.j.t.JMeterThread: Stopping: Thread Group 1-25
2021-05-05 18:28:13,007 INFO o.a.j.t.JMeterThread: Stopping: Thread Group 1-9
2021-05-05 18:28:13,007 INFO o.a.j.t.JMeterThread: Stopping: Thread Group 1-50
2021-05-05 18:28:13,007 INFO o.a.j.t.JMeterThread: Stopping: Thread Group 1-82
2021-05-05 18:28:13,007 INFO o.a.j.t.JMeterThread: Stopping: Thread Group 1-62
2021-05-05 18:28:13,007 INFO o.a.j.t.JMeterThread: Stopping: Thread Group 1-96
2021-05-05 18:28:13,007 INFO o.a.j.t.JMeterThread: Stopping: Thread Group 1-4
2021-05-05 18:28:13,007 INFO o.a.j.t.JMeterThread: Stopping: Thread Group 1-65
2021-05-05 18:28:13,007 INFO o.a.j.t.JMeterThread: Stopping: Thread Group 1-48
2021-05-05 18:28:13,007 INFO o.a.j.t.JMeterThread: Stopping: Thread Group 1-74
2021-05-05 18:28:13,007 INFO o.a.j.t.JMeterThread: Stopping: Thread Group 1-69
2021-05-05 18:28:13,007 INFO o.a.j.t.JMeterThread: Stopping: Thread Group 1-32
2021-05-05 18:28:13,007 INFO o.a.j.t.JMeterThread: Stopping: Thread Group 1-100
2021-05-05 18:28:13,007 INFO o.a.j.t.JMeterThread: Stopping: Thread Group 1-85
2021-05-05 18:28:13,007 INFO o.a.j.t.JMeterThread: Stopping: Thread Group 1-20
2021-05-05 18:28:13,007 INFO o.a.j.t.JMeterThread: Stopping: Thread Group 1-86
2021-05-05 18:28:13,007 INFO o.a.j.t.JMeterThread: Stopping: Thread Group 1-99
2021-05-05 18:28:13,007 INFO o.a.j.t.JMeterThread: Stopping: Thread Group 1-11
2021-05-05 18:28:13,007 INFO o.a.j.t.JMeterThread: Stopping: Thread Group 1-87
2021-05-05 18:28:13,008 INFO o.a.j.t.JMeterThread: Stopping: Thread Group 1-54
2021-05-05 18:28:13,008 INFO o.a.j.t.JMeterThread: Stopping: Thread Group 1-16
2021-05-05 18:28:13,008 INFO o.a.j.t.JMeterThread: Stopping: Thread Group 1-23
2021-05-05 18:28:13,008 INFO o.a.j.t.JMeterThread: Stopping: Thread Group 1-3
2021-05-05 18:28:13,008 INFO o.a.j.t.JMeterThread: Stopping: Thread Group 1-49
2021-05-05 18:28:13,008 INFO o.a.j.t.JMeterThread: Stopping: Thread Group 1-38
2021-05-05 18:28:13,008 INFO o.a.j.t.JMeterThread: Stopping: Thread Group 1-68
2021-05-05 18:28:13,008 INFO o.a.j.t.JMeterThread: Stopping: Thread Group 1-31
2021-05-05 18:28:13,008 INFO o.a.j.t.JMeterThread: Stopping: Thread Group 1-17
2021-05-05 18:28:13,008 INFO o.a.j.t.JMeterThread: Stopping: Thread Group 1-47
2021-05-05 18:28:13,008 INFO o.a.j.t.JMeterThread: Stopping: Thread Group 1-46
2021-05-05 18:28:13,008 INFO o.a.j.t.JMeterThread: Stopping: Thread Group 1-27
2021-05-05 18:28:13,008 INFO o.a.j.t.JMeterThread: Stopping: Thread Group 1-92
2021-05-05 18:28:13,008 INFO o.a.j.t.JMeterThread: Stopping: Thread Group 1-43
2021-05-05 18:28:13,008 INFO o.a.j.t.JMeterThread: Stopping: Thread Group 1-56
2021-05-05 18:28:13,008 INFO o.a.j.t.JMeterThread: Stopping: Thread Group 1-21
2021-05-05 18:28:13,008 INFO o.a.j.t.JMeterThread: Stopping: Thread Group 1-76
2021-05-05 18:28:13,008 INFO o.a.j.t.JMeterThread: Stopping: Thread Group 1-45
2021-05-05 18:28:13,008 INFO o.a.j.t.JMeterThread: Stopping: Thread Group 1-93
2021-05-05 18:28:13,008 INFO o.a.j.t.JMeterThread: Stopping: Thread Group 1-13
2021-05-05 18:28:13,009 INFO o.a.j.t.JMeterThread: Stopping: Thread Group 1-42
2021-05-05 18:28:13,009 INFO o.a.j.t.JMeterThread: Stopping: Thread Group 1-67
2021-05-05 18:28:13,009 INFO o.a.j.t.JMeterThread: Stopping: Thread Group 1-40
2021-05-05 18:28:13,009 INFO o.a.j.t.JMeterThread: Stopping: Thread Group 1-8
2021-05-05 18:28:13,009 INFO o.a.j.t.JMeterThread: Stopping: Thread Group 1-5
2021-05-05 18:28:13,009 INFO o.a.j.t.JMeterThread: Stopping: Thread Group 1-91
2021-05-05 18:28:13,009 INFO o.a.j.t.JMeterThread: Stopping: Thread Group 1-33
2021-05-05 18:28:13,009 INFO o.a.j.t.JMeterThread: Stopping: Thread Group 1-22
2021-05-05 18:28:13,009 INFO o.a.j.t.JMeterThread: Stopping: Thread Group 1-89
2021-05-05 18:28:13,009 INFO o.a.j.t.JMeterThread: Stopping: Thread Group 1-41
2021-05-05 18:28:13,009 INFO o.a.j.t.JMeterThread: Stopping: Thread Group 1-28
2021-05-05 18:28:13,009 INFO o.a.j.t.JMeterThread: Stopping: Thread Group 1-58
2021-05-05 18:28:13,009 INFO o.a.j.t.JMeterThread: Stopping: Thread Group 1-12
2021-05-05 18:28:13,009 INFO o.a.j.t.JMeterThread: Stopping: Thread Group 1-55
2021-05-05 18:28:13,009 INFO o.a.j.t.JMeterThread: Stopping: Thread Group 1-63
2021-05-05 18:28:13,009 INFO o.a.j.t.JMeterThread: Stopping: Thread Group 1-66
2021-05-05 18:28:13,009 INFO o.a.j.t.JMeterThread: Stopping: Thread Group 1-95
2021-05-05 18:28:13,009 INFO o.a.j.t.JMeterThread: Stopping: Thread Group 1-88
2021-05-05 18:28:13,009 INFO o.a.j.t.JMeterThread: Stopping: Thread Group 1-90
2021-05-05 18:28:13,009 INFO o.a.j.t.JMeterThread: Stopping: Thread Group 1-36
2021-05-05 18:28:13,009 INFO o.a.j.t.JMeterThread: Stopping: Thread Group 1-94
2021-05-05 18:28:13,010 INFO o.a.j.t.JMeterThread: Stopping: Thread Group 1-64
2021-05-05 18:28:13,010 INFO o.a.j.t.JMeterThread: Stopping: Thread Group 1-71
2021-05-05 18:28:13,010 INFO o.a.j.t.JMeterThread: Stopping: Thread Group 1-73
2021-05-05 18:28:13,010 INFO o.a.j.t.JMeterThread: Stopping: Thread Group 1-81
2021-05-05 18:28:13,010 INFO o.a.j.t.JMeterThread: Stopping: Thread Group 1-72
2021-05-05 18:28:13,010 INFO o.a.j.t.JMeterThread: Stopping: Thread Group 1-80
2021-05-05 18:28:13,010 INFO o.a.j.t.JMeterThread: Stopping: Thread Group 1-59
2021-05-05 18:28:13,010 INFO o.a.j.t.JMeterThread: Stopping: Thread Group 1-6
2021-05-05 18:28:13,010 INFO o.a.j.t.JMeterThread: Stopping: Thread Group 1-60
2021-05-05 18:28:13,010 INFO o.a.j.t.JMeterThread: Stopping: Thread Group 1-78
2021-05-05 18:28:13,010 INFO o.a.j.t.JMeterThread: Stopping: Thread Group 1-57
2021-05-05 18:28:13,010 INFO o.a.j.t.JMeterThread: Stopping: Thread Group 1-34
2021-05-05 18:28:13,030 INFO o.a.j.t.JMeterThread: Shutdown Test detected by thread: Thread Group 1-21
2021-05-05 18:28:13,031 INFO o.a.j.t.JMeterThread: Thread finished: Thread Group 1-21
2021-05-05 18:28:13,061 INFO o.a.j.t.JMeterThread: Thread finished: Thread Group 1-9
2021-05-05 18:28:13,067 INFO o.a.j.t.JMeterThread: Thread finished: Thread Group 1-3
2021-05-05 18:28:13,121 INFO o.a.j.t.JMeterThread: Thread finished: Thread Group 1-18
2021-05-05 18:28:13,152 INFO o.a.j.t.JMeterThread: Thread finished: Thread Group 1-1
2021-05-05 18:28:13,200 INFO o.a.j.t.JMeterThread: Thread finished: Thread Group 1-23
2021-05-05 18:28:13,264 INFO o.a.j.t.JMeterThread: Thread finished: Thread Group 1-8
2021-05-05 18:28:13,300 INFO o.a.j.t.JMeterThread: Thread finished: Thread Group 1-16
2021-05-05 18:28:13,322 INFO o.a.j.t.JMeterThread: Thread finished: Thread Group 1-25
2021-05-05 18:28:13,325 INFO o.a.j.t.JMeterThread: Thread finished: Thread Group 1-13
2021-05-05 18:28:13,350 INFO o.a.j.t.JMeterThread: Thread finished: Thread Group 1-6
2021-05-05 18:28:13,354 INFO o.a.j.t.JMeterThread: Thread finished: Thread Group 1-20
2021-05-05 18:28:13,361 INFO o.a.j.t.JMeterThread: Thread started: Thread Group 1-35
2021-05-05 18:28:13,362 INFO o.a.j.t.JMeterThread: Thread finished: Thread Group 1-35
2021-05-05 18:28:13,390 INFO o.a.j.t.JMeterThread: Thread started: Thread Group 1-36
2021-05-05 18:28:13,390 INFO o.a.j.t.JMeterThread: Thread started: Thread Group 1-37
2021-05-05 18:28:13,390 INFO o.a.j.t.JMeterThread: Thread finished: Thread Group 1-36
2021-05-05 18:28:13,390 INFO o.a.j.t.JMeterThread: Thread finished: Thread Group 1-37
2021-05-05 18:28:13,390 INFO o.a.j.t.JMeterThread: Thread started: Thread Group 1-39
2021-05-05 18:28:13,391 INFO o.a.j.t.JMeterThread: Thread finished: Thread Group 1-39
2021-05-05 18:28:13,391 INFO o.a.j.t.JMeterThread: Thread started: Thread Group 1-47
2021-05-05 18:28:13,391 INFO o.a.j.t.JMeterThread: Thread started: Thread Group 1-46
2021-05-05 18:28:13,392 INFO o.a.j.t.JMeterThread: Thread started: Thread Group 1-44
2021-05-05 18:28:13,392 INFO o.a.j.t.JMeterThread: Thread finished: Thread Group 1-47
2021-05-05 18:28:13,392 INFO o.a.j.t.JMeterThread: Thread finished: Thread Group 1-44
2021-05-05 18:28:13,392 INFO o.a.j.t.JMeterThread: Thread finished: Thread Group 1-46
2021-05-05 18:28:13,392 INFO o.a.j.t.JMeterThread: Thread started: Thread Group 1-41
2021-05-05 18:28:13,393 INFO o.a.j.t.JMeterThread: Thread finished: Thread Group 1-41
2021-05-05 18:28:13,392 INFO o.a.j.t.JMeterThread: Thread started: Thread Group 1-38
2021-05-05 18:28:13,392 INFO o.a.j.t.JMeterThread: Thread started: Thread Group 1-42
2021-05-05 18:28:13,393 INFO o.a.j.t.JMeterThread: Thread started: Thread Group 1-43
2021-05-05 18:28:13,392 INFO o.a.j.t.JMeterThread: Thread started: Thread Group 1-49
2021-05-05 18:28:13,392 INFO o.a.j.t.JMeterThread: Thread started: Thread Group 1-40
2021-05-05 18:28:13,393 INFO o.a.j.t.JMeterThread: Thread finished: Thread Group 1-42
2021-05-05 18:28:13,393 INFO o.a.j.t.JMeterThread: Thread finished: Thread Group 1-49
2021-05-05 18:28:13,393 INFO o.a.j.t.JMeterThread: Thread finished: Thread Group 1-40
2021-05-05 18:28:13,393 INFO o.a.j.t.JMeterThread: Thread finished: Thread Group 1-43
2021-05-05 18:28:13,393 INFO o.a.j.t.JMeterThread: Thread finished: Thread Group 1-38
2021-05-05 18:28:13,394 INFO o.a.j.t.JMeterThread: Thread started: Thread Group 1-51
2021-05-05 18:28:13,394 INFO o.a.j.t.JMeterThread: Thread started: Thread Group 1-52
2021-05-05 18:28:13,394 INFO o.a.j.t.JMeterThread: Thread started: Thread Group 1-53
2021-05-05 18:28:13,394 INFO o.a.j.t.JMeterThread: Thread started: Thread Group 1-45
2021-05-05 18:28:13,394 INFO o.a.j.t.JMeterThread: Thread finished: Thread Group 1-53
2021-05-05 18:28:13,394 INFO o.a.j.t.JMeterThread: Thread finished: Thread Group 1-51
2021-05-05 18:28:13,394 INFO o.a.j.t.JMeterThread: Thread started: Thread Group 1-56
2021-05-05 18:28:13,394 INFO o.a.j.t.JMeterThread: Thread started: Thread Group 1-48
2021-05-05 18:28:13,394 INFO o.a.j.t.JMeterThread: Thread finished: Thread Group 1-52
2021-05-05 18:28:13,394 INFO o.a.j.t.JMeterThread: Thread finished: Thread Group 1-56
2021-05-05 18:28:13,394 INFO o.a.j.t.JMeterThread: Thread started: Thread Group 1-50
2021-05-05 18:28:13,395 INFO o.a.j.t.JMeterThread: Thread finished: Thread Group 1-50
2021-05-05 18:28:13,395 INFO o.a.j.t.JMeterThread: Thread finished: Thread Group 1-45
2021-05-05 18:28:13,395 INFO o.a.j.t.JMeterThread: Thread finished: Thread Group 1-48
2021-05-05 18:28:13,396 INFO o.a.j.t.JMeterThread: Thread started: Thread Group 1-55
2021-05-05 18:28:13,396 INFO o.a.j.t.JMeterThread: Thread finished: Thread Group 1-55
2021-05-05 18:28:13,396 INFO o.a.j.t.JMeterThread: Thread started: Thread Group 1-58
2021-05-05 18:28:13,396 INFO o.a.j.t.JMeterThread: Thread started: Thread Group 1-61
2021-05-05 18:28:13,396 INFO o.a.j.t.JMeterThread: Thread started: Thread Group 1-63
2021-05-05 18:28:13,397 INFO o.a.j.t.JMeterThread: Thread finished: Thread Group 1-58
2021-05-05 18:28:13,397 INFO o.a.j.t.JMeterThread: Thread started: Thread Group 1-66
2021-05-05 18:28:13,397 INFO o.a.j.t.JMeterThread: Thread started: Thread Group 1-67
2021-05-05 18:28:13,397 INFO o.a.j.t.JMeterThread: Thread started: Thread Group 1-60
2021-05-05 18:28:13,397 INFO o.a.j.t.JMeterThread: Thread finished: Thread Group 1-60
2021-05-05 18:28:13,397 INFO o.a.j.t.JMeterThread: Thread finished: Thread Group 1-66
2021-05-05 18:28:13,397 INFO o.a.j.t.JMeterThread: Thread started: Thread Group 1-59
2021-05-05 18:28:13,397 INFO o.a.j.t.JMeterThread: Thread started: Thread Group 1-72
2021-05-05 18:28:13,397 INFO o.a.j.t.JMeterThread: Thread finished: Thread Group 1-72
2021-05-05 18:28:13,397 INFO o.a.j.t.JMeterThread: Thread started: Thread Group 1-71
2021-05-05 18:28:13,397 INFO o.a.j.t.JMeterThread: Thread finished: Thread Group 1-59
2021-05-05 18:28:13,397 INFO o.a.j.t.JMeterThread: Thread started: Thread Group 1-78
2021-05-05 18:28:13,396 INFO o.a.j.t.JMeterThread: Thread started: Thread Group 1-54
2021-05-05 18:28:13,398 INFO o.a.j.t.JMeterThread: Thread started: Thread Group 1-81
2021-05-05 18:28:13,398 INFO o.a.j.t.JMeterThread: Thread finished: Thread Group 1-78
2021-05-05 18:28:13,398 INFO o.a.j.t.JMeterThread: Thread started: Thread Group 1-77
2021-05-05 18:28:13,398 INFO o.a.j.t.JMeterThread: Thread finished: Thread Group 1-54
2021-05-05 18:28:13,398 INFO o.a.j.t.JMeterThread: Thread finished: Thread Group 1-77
2021-05-05 18:28:13,398 INFO o.a.j.t.JMeterThread: Thread started: Thread Group 1-76
2021-05-05 18:28:13,398 INFO o.a.j.t.JMeterThread: Thread started: Thread Group 1-69
2021-05-05 18:28:13,398 INFO o.a.j.t.JMeterThread: Thread finished: Thread Group 1-76
2021-05-05 18:28:13,398 INFO o.a.j.t.JMeterThread: Thread started: Thread Group 1-80
2021-05-05 18:28:13,398 INFO o.a.j.t.JMeterThread: Thread finished: Thread Group 1-69
2021-05-05 18:28:13,398 INFO o.a.j.t.JMeterThread: Thread started: Thread Group 1-65
2021-05-05 18:28:13,398 INFO o.a.j.t.JMeterThread: Thread finished: Thread Group 1-80
2021-05-05 18:28:13,396 INFO o.a.j.t.JMeterThread: Thread started: Thread Group 1-57
2021-05-05 18:28:13,398 INFO o.a.j.t.JMeterThread: Thread started: Thread Group 1-73
2021-05-05 18:28:13,398 INFO o.a.j.t.JMeterThread: Thread finished: Thread Group 1-65
2021-05-05 18:28:13,399 INFO o.a.j.t.JMeterThread: Thread finished: Thread Group 1-57
2021-05-05 18:28:13,399 INFO o.a.j.t.JMeterThread: Thread finished: Thread Group 1-81
2021-05-05 18:28:13,398 INFO o.a.j.t.JMeterThread: Thread finished: Thread Group 1-71
2021-05-05 18:28:13,397 INFO o.a.j.t.JMeterThread: Thread started: Thread Group 1-64
2021-05-05 18:28:13,397 INFO o.a.j.t.JMeterThread: Thread started: Thread Group 1-62
2021-05-05 18:28:13,397 INFO o.a.j.t.JMeterThread: Thread finished: Thread Group 1-63
2021-05-05 18:28:13,399 INFO o.a.j.t.JMeterThread: Thread finished: Thread Group 1-67
2021-05-05 18:28:13,399 INFO o.a.j.t.JMeterThread: Thread finished: Thread Group 1-64
2021-05-05 18:28:13,397 INFO o.a.j.t.JMeterThread: Thread finished: Thread Group 1-61
2021-05-05 18:28:13,399 INFO o.a.j.t.JMeterThread: Thread finished: Thread Group 1-62
2021-05-05 18:28:13,396 INFO o.a.j.t.JMeterThread: Thread started: Thread Group 1-68
2021-05-05 18:28:13,399 INFO o.a.j.t.JMeterThread: Thread finished: Thread Group 1-68
2021-05-05 18:28:13,396 INFO o.a.j.t.JMeterThread: Thread started: Thread Group 1-70
2021-05-05 18:28:13,400 INFO o.a.j.t.JMeterThread: Thread finished: Thread Group 1-70
2021-05-05 18:28:13,400 INFO o.a.j.t.JMeterThread: Thread started: Thread Group 1-79
2021-05-05 18:28:13,400 INFO o.a.j.t.JMeterThread: Thread finished: Thread Group 1-79
2021-05-05 18:28:13,400 INFO o.a.j.t.JMeterThread: Thread started: Thread Group 1-83
2021-05-05 18:28:13,400 INFO o.a.j.t.JMeterThread: Thread started: Thread Group 1-75
2021-05-05 18:28:13,401 INFO o.a.j.t.JMeterThread: Thread finished: Thread Group 1-75
2021-05-05 18:28:13,401 INFO o.a.j.t.JMeterThread: Thread finished: Thread Group 1-83
2021-05-05 18:28:13,401 INFO o.a.j.t.JMeterThread: Thread started: Thread Group 1-82
2021-05-05 18:28:13,399 INFO o.a.j.t.JMeterThread: Thread finished: Thread Group 1-73
2021-05-05 18:28:13,401 INFO o.a.j.t.JMeterThread: Thread finished: Thread Group 1-82
2021-05-05 18:28:13,401 INFO o.a.j.t.JMeterThread: Thread started: Thread Group 1-74
2021-05-05 18:28:13,402 INFO o.a.j.t.JMeterThread: Thread finished: Thread Group 1-74
2021-05-05 18:28:13,401 INFO o.a.j.t.JMeterThread: Thread started: Thread Group 1-84
2021-05-05 18:28:13,402 INFO o.a.j.t.JMeterThread: Thread finished: Thread Group 1-84
2021-05-05 18:28:13,402 INFO o.a.j.t.JMeterThread: Thread started: Thread Group 1-85
2021-05-05 18:28:13,403 INFO o.a.j.t.JMeterThread: Thread finished: Thread Group 1-85
2021-05-05 18:28:13,404 INFO o.a.j.t.JMeterThread: Thread started: Thread Group 1-96
2021-05-05 18:28:13,403 INFO o.a.j.t.JMeterThread: Thread started: Thread Group 1-91
2021-05-05 18:28:13,404 INFO o.a.j.t.JMeterThread: Thread started: Thread Group 1-95
2021-05-05 18:28:13,403 INFO o.a.j.t.JMeterThread: Thread started: Thread Group 1-90
2021-05-05 18:28:13,404 INFO o.a.j.t.JMeterThread: Thread finished: Thread Group 1-95
2021-05-05 18:28:13,404 INFO o.a.j.t.JMeterThread: Thread finished: Thread Group 1-90
2021-05-05 18:28:13,404 INFO o.a.j.t.JMeterThread: Thread finished: Thread Group 1-96
2021-05-05 18:28:13,404 INFO o.a.j.t.JMeterThread: Thread finished: Thread Group 1-91
2021-05-05 18:28:13,403 INFO o.a.j.t.JMeterThread: Thread started: Thread Group 1-93
2021-05-05 18:28:13,405 INFO o.a.j.t.JMeterThread: Thread finished: Thread Group 1-93
2021-05-05 18:28:13,403 INFO o.a.j.t.JMeterThread: Thread started: Thread Group 1-92
2021-05-05 18:28:13,404 INFO o.a.j.t.JMeterThread: Thread started: Thread Group 1-89
2021-05-05 18:28:13,404 INFO o.a.j.t.JMeterThread: Thread started: Thread Group 1-86
2021-05-05 18:28:13,405 INFO o.a.j.t.JMeterThread: Thread finished: Thread Group 1-89
2021-05-05 18:28:13,404 INFO o.a.j.t.JMeterThread: Thread started: Thread Group 1-87
2021-05-05 18:28:13,404 INFO o.a.j.t.JMeterThread: Thread started: Thread Group 1-88
2021-05-05 18:28:13,405 INFO o.a.j.t.JMeterThread: Thread finished: Thread Group 1-92
2021-05-05 18:28:13,406 INFO o.a.j.t.JMeterThread: Thread finished: Thread Group 1-86
2021-05-05 18:28:13,406 INFO o.a.j.t.JMeterThread: Thread finished: Thread Group 1-88
2021-05-05 18:28:13,406 INFO o.a.j.t.JMeterThread: Thread finished: Thread Group 1-87
2021-05-05 18:28:13,409 INFO o.a.j.t.JMeterThread: Thread started: Thread Group 1-98
2021-05-05 18:28:13,409 INFO o.a.j.t.JMeterThread: Thread started: Thread Group 1-99
2021-05-05 18:28:13,409 INFO o.a.j.t.JMeterThread: Thread finished: Thread Group 1-98
2021-05-05 18:28:13,409 INFO o.a.j.t.JMeterThread: Thread finished: Thread Group 1-99
2021-05-05 18:28:13,409 INFO o.a.j.t.JMeterThread: Thread started: Thread Group 1-100
2021-05-05 18:28:13,410 INFO o.a.j.t.JMeterThread: Thread finished: Thread Group 1-100
2021-05-05 18:28:13,412 INFO o.a.j.t.JMeterThread: Thread started: Thread Group 1-97
2021-05-05 18:28:13,413 INFO o.a.j.t.JMeterThread: Thread finished: Thread Group 1-97
2021-05-05 18:28:13,412 INFO o.a.j.t.JMeterThread: Thread started: Thread Group 1-94
2021-05-05 18:28:13,414 INFO o.a.j.t.JMeterThread: Thread finished: Thread Group 1-94
2021-05-05 18:28:13,446 INFO o.a.j.t.JMeterThread: Thread finished: Thread Group 1-27
2021-05-05 18:28:13,460 INFO o.a.j.t.JMeterThread: Thread finished: Thread Group 1-11
2021-05-05 18:28:13,473 INFO o.a.j.t.JMeterThread: Thread finished: Thread Group 1-33
2021-05-05 18:28:13,528 INFO o.a.j.t.JMeterThread: Thread finished: Thread Group 1-5
2021-05-05 18:28:13,533 INFO o.a.j.t.JMeterThread: Shutdown Test detected by thread: Thread Group 1-29
2021-05-05 18:28:13,533 INFO o.a.j.t.JMeterThread: Thread finished: Thread Group 1-29
2021-05-05 18:28:13,563 INFO o.a.j.t.JMeterThread: Shutdown Test detected by thread: Thread Group 1-31
2021-05-05 18:28:13,563 INFO o.a.j.t.JMeterThread: Thread finished: Thread Group 1-31
2021-05-05 18:28:13,569 INFO o.a.j.t.JMeterThread: Thread finished: Thread Group 1-22
2021-05-05 18:28:13,624 INFO o.a.j.t.JMeterThread: Thread finished: Thread Group 1-15
2021-05-05 18:28:13,702 INFO o.a.j.t.JMeterThread: Thread finished: Thread Group 1-10
2021-05-05 18:28:13,737 INFO o.a.j.t.JMeterThread: Thread finished: Thread Group 1-24
2021-05-05 18:28:13,797 INFO o.a.j.t.JMeterThread: Thread finished: Thread Group 1-2
2021-05-05 18:28:13,872 INFO o.a.j.t.JMeterThread: Thread finished: Thread Group 1-26
2021-05-05 18:28:13,920 INFO o.a.j.t.JMeterThread: Thread finished: Thread Group 1-34
2021-05-05 18:28:13,930 INFO o.a.j.t.JMeterThread: Thread finished: Thread Group 1-17
2021-05-05 18:28:13,952 INFO o.a.j.t.JMeterThread: Thread finished: Thread Group 1-28
2021-05-05 18:28:13,982 INFO o.a.j.t.JMeterThread: Thread finished: Thread Group 1-32
2021-05-05 18:28:14,009 INFO o.a.j.t.JMeterThread: Thread finished: Thread Group 1-30
2021-05-05 18:28:14,093 INFO o.a.j.t.JMeterThread: Thread finished: Thread Group 1-7
2021-05-05 18:28:14,139 INFO o.a.j.t.JMeterThread: Thread finished: Thread Group 1-12
2021-05-05 18:28:14,242 INFO o.a.j.t.JMeterThread: Thread finished: Thread Group 1-19
2021-05-05 18:28:14,342 INFO o.a.j.t.JMeterThread: Thread finished: Thread Group 1-4
2021-05-05 18:28:14,343 INFO o.a.j.e.StandardJMeterEngine: Notifying test listeners of end of test
2021-05-05 18:28:14,344 INFO o.a.j.r.Summariser: summary +    216 in 00:00:14 =   15.1/s Avg:   517 Min:   496 Max:   571 Err:     4 (1.85%) Active: 0 Started: 100 Finished: 100
2021-05-05 18:28:14,345 INFO o.a.j.r.Summariser: summary =    902 in 00:01:43 =    8.8/s Avg:   451 Min:   336 Max:   571 Err:     4 (0.44%)
