2021-05-05 18:43:08,662 INFO o.a.j.u.JMeterUtils: Setting Locale to en_EN
2021-05-05 18:43:08,683 INFO o.a.j.JMeter: Loading user properties from: /hdd/homework/testing/apache-jmeter-5.4.1/bin/user.properties
2021-05-05 18:43:08,684 INFO o.a.j.JMeter: Loading system properties from: /hdd/homework/testing/apache-jmeter-5.4.1/bin/system.properties
2021-05-05 18:43:08,690 INFO o.a.j.JMeter: Copyright (c) 1998-2021 The Apache Software Foundation
2021-05-05 18:43:08,690 INFO o.a.j.JMeter: Version 5.4.1
2021-05-05 18:43:08,691 INFO o.a.j.JMeter: java.version=15.0.2
2021-05-05 18:43:08,691 INFO o.a.j.JMeter: java.vm.name=OpenJDK 64-Bit Server VM
2021-05-05 18:43:08,691 INFO o.a.j.JMeter: os.name=Linux
2021-05-05 18:43:08,691 INFO o.a.j.JMeter: os.arch=amd64
2021-05-05 18:43:08,691 INFO o.a.j.JMeter: os.version=5.4.114-1-MANJARO
2021-05-05 18:43:08,691 INFO o.a.j.JMeter: file.encoding=UTF-8
2021-05-05 18:43:08,691 INFO o.a.j.JMeter: java.awt.headless=null
2021-05-05 18:43:08,691 INFO o.a.j.JMeter: Max memory     =1073741824
2021-05-05 18:43:08,692 INFO o.a.j.JMeter: Available Processors =8
2021-05-05 18:43:08,701 INFO o.a.j.JMeter: Default Locale=English (EN)
2021-05-05 18:43:08,702 INFO o.a.j.JMeter: JMeter  Locale=English (EN)
2021-05-05 18:43:08,702 INFO o.a.j.JMeter: JMeterHome=/hdd/homework/testing/apache-jmeter-5.4.1
2021-05-05 18:43:08,702 INFO o.a.j.JMeter: user.dir  =/hdd/homework/testing/lab4
2021-05-05 18:43:08,702 INFO o.a.j.JMeter: PWD       =/hdd/homework/testing/lab4
2021-05-05 18:43:08,702 INFO o.a.j.JMeter: IP: 127.0.1.1 Name: asurkis-manjaro FullName: asurkis-manjaro
2021-05-05 18:43:08,708 INFO o.a.j.s.FileServer: Default base='/hdd/homework/testing/lab4'
2021-05-05 18:43:08,709 INFO o.a.j.s.FileServer: Set new base='/hdd/homework/testing/lab4'
2021-05-05 18:43:08,859 INFO o.a.j.s.SaveService: Testplan (JMX) version: 2.2. Testlog (JTL) version: 2.2
2021-05-05 18:43:08,881 INFO o.a.j.s.SaveService: Using SaveService properties version 5.0
2021-05-05 18:43:08,883 INFO o.a.j.s.SaveService: Using SaveService properties file encoding UTF-8
2021-05-05 18:43:08,886 INFO o.a.j.s.SaveService: Loading file: response_time_3.jmx
2021-05-05 18:43:08,920 INFO o.a.j.p.h.s.HTTPSamplerBase: Parser for text/html is org.apache.jmeter.protocol.http.parser.LagartoBasedHtmlParser
2021-05-05 18:43:08,920 INFO o.a.j.p.h.s.HTTPSamplerBase: Parser for application/xhtml+xml is org.apache.jmeter.protocol.http.parser.LagartoBasedHtmlParser
2021-05-05 18:43:08,920 INFO o.a.j.p.h.s.HTTPSamplerBase: Parser for application/xml is org.apache.jmeter.protocol.http.parser.LagartoBasedHtmlParser
2021-05-05 18:43:08,920 INFO o.a.j.p.h.s.HTTPSamplerBase: Parser for text/xml is org.apache.jmeter.protocol.http.parser.LagartoBasedHtmlParser
2021-05-05 18:43:08,920 INFO o.a.j.p.h.s.HTTPSamplerBase: Parser for text/vnd.wap.wml is org.apache.jmeter.protocol.http.parser.RegexpHTMLParser
2021-05-05 18:43:08,920 INFO o.a.j.p.h.s.HTTPSamplerBase: Parser for text/css is org.apache.jmeter.protocol.http.parser.CssParser
2021-05-05 18:43:08,939 INFO o.a.j.JMeter: Creating summariser <summary>
2021-05-05 18:43:08,943 INFO o.a.j.e.StandardJMeterEngine: Running the test!
2021-05-05 18:43:08,945 INFO o.a.j.s.SampleEvent: List of sample_variables: []
2021-05-05 18:43:08,945 INFO o.a.j.s.SampleEvent: List of sample_variables: []
2021-05-05 18:43:08,956 INFO o.a.j.e.u.CompoundVariable: Note: Function class names must contain the string: '.functions.'
2021-05-05 18:43:08,956 INFO o.a.j.e.u.CompoundVariable: Note: Function class names must not contain the string: '.gui.'
2021-05-05 18:43:09,011 INFO o.a.j.JMeter: Running test (1620229389011)
2021-05-05 18:43:09,022 INFO o.a.j.e.StandardJMeterEngine: Starting ThreadGroup: 1 : Thread Group
2021-05-05 18:43:09,023 INFO o.a.j.e.StandardJMeterEngine: Starting 100 threads for group Thread Group.
2021-05-05 18:43:09,023 INFO o.a.j.e.StandardJMeterEngine: Test will stop on error
2021-05-05 18:43:09,023 INFO o.a.j.t.ThreadGroup: Starting thread group... number=1 threads=100 ramp-up=300 delayedStart=false
2021-05-05 18:43:09,029 INFO o.a.j.t.JMeterThread: Thread started: Thread Group 1-1
2021-05-05 18:43:09,067 INFO o.a.j.t.ThreadGroup: Started thread group number 1
2021-05-05 18:43:09,067 INFO o.a.j.e.StandardJMeterEngine: All thread groups have been started
2021-05-05 18:43:10,550 INFO o.a.j.p.h.s.HTTPHCAbstractImpl: Local host = asurkis-manjaro
2021-05-05 18:43:10,555 INFO o.a.j.p.h.s.HTTPHC4Impl: HTTP request retry count = 0
2021-05-05 18:43:10,556 INFO o.a.j.s.SampleResult: Note: Sample TimeStamps are START times
2021-05-05 18:43:10,556 INFO o.a.j.s.SampleResult: sampleresult.default.encoding is set to ISO-8859-1
2021-05-05 18:43:10,557 INFO o.a.j.s.SampleResult: sampleresult.useNanoTime=true
2021-05-05 18:43:10,557 INFO o.a.j.s.SampleResult: sampleresult.nanoThreadSleep=5000
2021-05-05 18:43:12,026 INFO o.a.j.t.JMeterThread: Thread started: Thread Group 1-2
2021-05-05 18:43:15,025 INFO o.a.j.t.JMeterThread: Thread started: Thread Group 1-3
2021-05-05 18:43:18,026 INFO o.a.j.t.JMeterThread: Thread started: Thread Group 1-4
2021-05-05 18:43:21,024 INFO o.a.j.t.JMeterThread: Thread started: Thread Group 1-5
2021-05-05 18:43:24,026 INFO o.a.j.t.JMeterThread: Thread started: Thread Group 1-6
2021-05-05 18:43:27,024 INFO o.a.j.t.JMeterThread: Thread started: Thread Group 1-7
2021-05-05 18:43:30,024 INFO o.a.j.t.JMeterThread: Thread started: Thread Group 1-8
2021-05-05 18:43:30,126 INFO o.a.j.r.Summariser: summary +     45 in 00:00:21 =    2.1/s Avg:   254 Min:   237 Max:   290 Err:     0 (0.00%) Active: 8 Started: 8 Finished: 0
2021-05-05 18:43:33,024 INFO o.a.j.t.JMeterThread: Thread started: Thread Group 1-9
2021-05-05 18:43:36,023 INFO o.a.j.t.JMeterThread: Thread started: Thread Group 1-10
2021-05-05 18:43:39,026 INFO o.a.j.t.JMeterThread: Thread started: Thread Group 1-11
2021-05-05 18:43:42,024 INFO o.a.j.t.JMeterThread: Thread started: Thread Group 1-12
2021-05-05 18:43:45,024 INFO o.a.j.t.JMeterThread: Thread started: Thread Group 1-13
2021-05-05 18:43:48,026 INFO o.a.j.t.JMeterThread: Thread started: Thread Group 1-14
2021-05-05 18:43:51,024 INFO o.a.j.t.JMeterThread: Thread started: Thread Group 1-15
2021-05-05 18:43:54,024 INFO o.a.j.t.JMeterThread: Thread started: Thread Group 1-16
2021-05-05 18:43:57,023 INFO o.a.j.t.JMeterThread: Thread started: Thread Group 1-17
2021-05-05 18:44:00,023 INFO o.a.j.t.JMeterThread: Thread started: Thread Group 1-18
2021-05-05 18:44:00,064 INFO o.a.j.r.Summariser: summary +    204 in 00:00:30 =    6.8/s Avg:   290 Min:   258 Max:   344 Err:     0 (0.00%) Active: 18 Started: 18 Finished: 0
2021-05-05 18:44:00,065 INFO o.a.j.r.Summariser: summary =    249 in 00:00:51 =    4.9/s Avg:   284 Min:   237 Max:   344 Err:     0 (0.00%)
2021-05-05 18:44:03,024 INFO o.a.j.t.JMeterThread: Thread started: Thread Group 1-19
2021-05-05 18:44:06,025 INFO o.a.j.t.JMeterThread: Thread started: Thread Group 1-20
2021-05-05 18:44:09,023 INFO o.a.j.t.JMeterThread: Thread started: Thread Group 1-21
2021-05-05 18:44:12,023 INFO o.a.j.t.JMeterThread: Thread started: Thread Group 1-22
2021-05-05 18:44:15,024 INFO o.a.j.t.JMeterThread: Thread started: Thread Group 1-23
2021-05-05 18:44:18,023 INFO o.a.j.t.JMeterThread: Thread started: Thread Group 1-24
2021-05-05 18:44:21,023 INFO o.a.j.t.JMeterThread: Thread started: Thread Group 1-25
2021-05-05 18:44:24,024 INFO o.a.j.t.JMeterThread: Thread started: Thread Group 1-26
2021-05-05 18:44:27,024 INFO o.a.j.t.JMeterThread: Thread started: Thread Group 1-27
2021-05-05 18:44:30,012 INFO o.a.j.r.Summariser: summary +    358 in 00:00:30 =   12.0/s Avg:   353 Min:   312 Max:   416 Err:     0 (0.00%) Active: 27 Started: 27 Finished: 0
2021-05-05 18:44:30,012 INFO o.a.j.r.Summariser: summary =    607 in 00:01:21 =    7.5/s Avg:   324 Min:   237 Max:   416 Err:     0 (0.00%)
2021-05-05 18:44:30,023 INFO o.a.j.t.JMeterThread: Thread started: Thread Group 1-28
2021-05-05 18:44:33,024 INFO o.a.j.t.JMeterThread: Thread started: Thread Group 1-29
2021-05-05 18:44:36,024 INFO o.a.j.t.JMeterThread: Thread started: Thread Group 1-30
2021-05-05 18:44:39,024 INFO o.a.j.t.JMeterThread: Thread started: Thread Group 1-31
2021-05-05 18:44:42,024 INFO o.a.j.t.JMeterThread: Thread started: Thread Group 1-32
2021-05-05 18:44:45,024 INFO o.a.j.t.JMeterThread: Thread started: Thread Group 1-33
2021-05-05 18:44:48,024 INFO o.a.j.t.JMeterThread: Thread started: Thread Group 1-34
2021-05-05 18:44:51,023 INFO o.a.j.t.JMeterThread: Thread started: Thread Group 1-35
2021-05-05 18:44:54,025 INFO o.a.j.t.JMeterThread: Thread started: Thread Group 1-36
2021-05-05 18:44:57,024 INFO o.a.j.t.JMeterThread: Thread started: Thread Group 1-37
2021-05-05 18:45:00,023 INFO o.a.j.t.JMeterThread: Thread started: Thread Group 1-38
2021-05-05 18:45:00,066 INFO o.a.j.r.Summariser: summary +    500 in 00:00:30 =   16.6/s Avg:   434 Min:   385 Max:   516 Err:     0 (0.00%) Active: 38 Started: 38 Finished: 0
2021-05-05 18:45:00,067 INFO o.a.j.r.Summariser: summary =   1107 in 00:01:51 =   10.0/s Avg:   374 Min:   237 Max:   516 Err:     0 (0.00%)
2021-05-05 18:45:03,023 INFO o.a.j.t.JMeterThread: Thread started: Thread Group 1-39
2021-05-05 18:45:06,025 INFO o.a.j.t.JMeterThread: Thread started: Thread Group 1-40
2021-05-05 18:45:09,023 INFO o.a.j.t.JMeterThread: Thread started: Thread Group 1-41
2021-05-05 18:45:12,023 INFO o.a.j.t.JMeterThread: Thread started: Thread Group 1-42
2021-05-05 18:45:15,025 INFO o.a.j.t.JMeterThread: Thread started: Thread Group 1-43
2021-05-05 18:45:18,024 INFO o.a.j.t.JMeterThread: Thread started: Thread Group 1-44
2021-05-05 18:45:20,099 INFO o.a.j.t.JMeterThread: Shutdown Test detected by thread: Thread Group 1-44
2021-05-05 18:45:20,100 INFO o.a.j.t.JMeterThread: Thread finished: Thread Group 1-44
2021-05-05 18:45:20,102 INFO o.a.j.t.JMeterThread: Stopping: Thread Group 1-26
2021-05-05 18:45:20,102 INFO o.a.j.t.JMeterThread: Stopping: Thread Group 1-79
2021-05-05 18:45:20,102 INFO o.a.j.t.JMeterThread: Stopping: Thread Group 1-84
2021-05-05 18:45:20,103 INFO o.a.j.t.JMeterThread: Stopping: Thread Group 1-29
2021-05-05 18:45:20,103 INFO o.a.j.t.JMeterThread: Stopping: Thread Group 1-53
2021-05-05 18:45:20,103 INFO o.a.j.t.JMeterThread: Stopping: Thread Group 1-39
2021-05-05 18:45:20,103 INFO o.a.j.t.JMeterThread: Stopping: Thread Group 1-18
2021-05-05 18:45:20,103 INFO o.a.j.t.JMeterThread: Stopping: Thread Group 1-1
2021-05-05 18:45:20,103 INFO o.a.j.t.JMeterThread: Stopping: Thread Group 1-10
2021-05-05 18:45:20,103 INFO o.a.j.t.JMeterThread: Stopping: Thread Group 1-97
2021-05-05 18:45:20,103 INFO o.a.j.t.JMeterThread: Stopping: Thread Group 1-83
2021-05-05 18:45:20,104 INFO o.a.j.t.JMeterThread: Stopping: Thread Group 1-98
2021-05-05 18:45:20,104 INFO o.a.j.t.JMeterThread: Stopping: Thread Group 1-7
2021-05-05 18:45:20,104 INFO o.a.j.t.JMeterThread: Stopping: Thread Group 1-61
2021-05-05 18:45:20,104 INFO o.a.j.t.JMeterThread: Stopping: Thread Group 1-24
2021-05-05 18:45:20,104 INFO o.a.j.t.JMeterThread: Stopping: Thread Group 1-35
2021-05-05 18:45:20,104 INFO o.a.j.t.JMeterThread: Stopping: Thread Group 1-2
2021-05-05 18:45:20,104 INFO o.a.j.t.JMeterThread: Stopping: Thread Group 1-19
2021-05-05 18:45:20,104 INFO o.a.j.t.JMeterThread: Stopping: Thread Group 1-75
2021-05-05 18:45:20,105 INFO o.a.j.t.JMeterThread: Stopping: Thread Group 1-37
2021-05-05 18:45:20,105 INFO o.a.j.t.JMeterThread: Stopping: Thread Group 1-30
2021-05-05 18:45:20,105 INFO o.a.j.t.JMeterThread: Stopping: Thread Group 1-51
2021-05-05 18:45:20,105 INFO o.a.j.t.JMeterThread: Stopping: Thread Group 1-52
2021-05-05 18:45:20,105 INFO o.a.j.t.JMeterThread: Stopping: Thread Group 1-70
2021-05-05 18:45:20,106 INFO o.a.j.t.JMeterThread: Stopping: Thread Group 1-15
2021-05-05 18:45:20,106 INFO o.a.j.t.JMeterThread: Stopping: Thread Group 1-77
2021-05-05 18:45:20,106 INFO o.a.j.t.JMeterThread: Stopping: Thread Group 1-25
2021-05-05 18:45:20,106 INFO o.a.j.t.JMeterThread: Stopping: Thread Group 1-9
2021-05-05 18:45:20,106 INFO o.a.j.t.JMeterThread: Stopping: Thread Group 1-50
2021-05-05 18:45:20,106 INFO o.a.j.t.JMeterThread: Stopping: Thread Group 1-82
2021-05-05 18:45:20,106 INFO o.a.j.t.JMeterThread: Stopping: Thread Group 1-62
2021-05-05 18:45:20,107 INFO o.a.j.t.JMeterThread: Stopping: Thread Group 1-96
2021-05-05 18:45:20,107 INFO o.a.j.t.JMeterThread: Stopping: Thread Group 1-4
2021-05-05 18:45:20,107 INFO o.a.j.t.JMeterThread: Stopping: Thread Group 1-65
2021-05-05 18:45:20,107 INFO o.a.j.t.JMeterThread: Stopping: Thread Group 1-48
2021-05-05 18:45:20,107 INFO o.a.j.t.JMeterThread: Stopping: Thread Group 1-74
2021-05-05 18:45:20,107 INFO o.a.j.t.JMeterThread: Stopping: Thread Group 1-69
2021-05-05 18:45:20,107 INFO o.a.j.t.JMeterThread: Stopping: Thread Group 1-32
2021-05-05 18:45:20,107 INFO o.a.j.t.JMeterThread: Stopping: Thread Group 1-100
2021-05-05 18:45:20,108 INFO o.a.j.t.JMeterThread: Stopping: Thread Group 1-85
2021-05-05 18:45:20,108 INFO o.a.j.t.JMeterThread: Stopping: Thread Group 1-20
2021-05-05 18:45:20,108 INFO o.a.j.t.JMeterThread: Stopping: Thread Group 1-86
2021-05-05 18:45:20,108 INFO o.a.j.t.JMeterThread: Stopping: Thread Group 1-99
2021-05-05 18:45:20,108 INFO o.a.j.t.JMeterThread: Stopping: Thread Group 1-11
2021-05-05 18:45:20,108 INFO o.a.j.t.JMeterThread: Stopping: Thread Group 1-87
2021-05-05 18:45:20,108 INFO o.a.j.t.JMeterThread: Stopping: Thread Group 1-54
2021-05-05 18:45:20,108 INFO o.a.j.t.JMeterThread: Stopping: Thread Group 1-16
2021-05-05 18:45:20,109 INFO o.a.j.t.JMeterThread: Stopping: Thread Group 1-23
2021-05-05 18:45:20,109 INFO o.a.j.t.JMeterThread: Stopping: Thread Group 1-3
2021-05-05 18:45:20,109 INFO o.a.j.t.JMeterThread: Stopping: Thread Group 1-49
2021-05-05 18:45:20,109 INFO o.a.j.t.JMeterThread: Stopping: Thread Group 1-38
2021-05-05 18:45:20,109 INFO o.a.j.t.JMeterThread: Stopping: Thread Group 1-68
2021-05-05 18:45:20,109 INFO o.a.j.t.JMeterThread: Stopping: Thread Group 1-31
2021-05-05 18:45:20,109 INFO o.a.j.t.JMeterThread: Stopping: Thread Group 1-17
2021-05-05 18:45:20,109 INFO o.a.j.t.JMeterThread: Stopping: Thread Group 1-47
2021-05-05 18:45:20,110 INFO o.a.j.t.JMeterThread: Stopping: Thread Group 1-46
2021-05-05 18:45:20,110 INFO o.a.j.t.JMeterThread: Stopping: Thread Group 1-27
2021-05-05 18:45:20,110 INFO o.a.j.t.JMeterThread: Stopping: Thread Group 1-92
2021-05-05 18:45:20,110 INFO o.a.j.t.JMeterThread: Stopping: Thread Group 1-43
2021-05-05 18:45:20,110 INFO o.a.j.t.JMeterThread: Stopping: Thread Group 1-56
2021-05-05 18:45:20,110 INFO o.a.j.t.JMeterThread: Stopping: Thread Group 1-21
2021-05-05 18:45:20,110 INFO o.a.j.t.JMeterThread: Stopping: Thread Group 1-76
2021-05-05 18:45:20,110 INFO o.a.j.t.JMeterThread: Stopping: Thread Group 1-45
2021-05-05 18:45:20,110 INFO o.a.j.t.JMeterThread: Stopping: Thread Group 1-93
2021-05-05 18:45:20,111 INFO o.a.j.t.JMeterThread: Stopping: Thread Group 1-13
2021-05-05 18:45:20,111 INFO o.a.j.t.JMeterThread: Stopping: Thread Group 1-42
2021-05-05 18:45:20,111 INFO o.a.j.t.JMeterThread: Stopping: Thread Group 1-67
2021-05-05 18:45:20,111 INFO o.a.j.t.JMeterThread: Stopping: Thread Group 1-40
2021-05-05 18:45:20,111 INFO o.a.j.t.JMeterThread: Stopping: Thread Group 1-8
2021-05-05 18:45:20,111 INFO o.a.j.t.JMeterThread: Stopping: Thread Group 1-5
2021-05-05 18:45:20,111 INFO o.a.j.t.JMeterThread: Stopping: Thread Group 1-91
2021-05-05 18:45:20,111 INFO o.a.j.t.JMeterThread: Stopping: Thread Group 1-33
2021-05-05 18:45:20,111 INFO o.a.j.t.JMeterThread: Stopping: Thread Group 1-22
2021-05-05 18:45:20,112 INFO o.a.j.t.JMeterThread: Stopping: Thread Group 1-89
2021-05-05 18:45:20,112 INFO o.a.j.t.JMeterThread: Stopping: Thread Group 1-41
2021-05-05 18:45:20,112 INFO o.a.j.t.JMeterThread: Stopping: Thread Group 1-28
2021-05-05 18:45:20,112 INFO o.a.j.t.JMeterThread: Stopping: Thread Group 1-58
2021-05-05 18:45:20,112 INFO o.a.j.t.JMeterThread: Stopping: Thread Group 1-12
2021-05-05 18:45:20,112 INFO o.a.j.t.JMeterThread: Stopping: Thread Group 1-55
2021-05-05 18:45:20,112 INFO o.a.j.t.JMeterThread: Stopping: Thread Group 1-63
2021-05-05 18:45:20,112 INFO o.a.j.t.JMeterThread: Stopping: Thread Group 1-66
2021-05-05 18:45:20,112 INFO o.a.j.t.JMeterThread: Stopping: Thread Group 1-95
2021-05-05 18:45:20,113 INFO o.a.j.t.JMeterThread: Stopping: Thread Group 1-88
2021-05-05 18:45:20,113 INFO o.a.j.t.JMeterThread: Stopping: Thread Group 1-90
2021-05-05 18:45:20,113 INFO o.a.j.t.JMeterThread: Stopping: Thread Group 1-14
2021-05-05 18:45:20,113 INFO o.a.j.t.JMeterThread: Stopping: Thread Group 1-36
2021-05-05 18:45:20,113 INFO o.a.j.t.JMeterThread: Stopping: Thread Group 1-94
2021-05-05 18:45:20,113 INFO o.a.j.t.JMeterThread: Stopping: Thread Group 1-64
2021-05-05 18:45:20,113 INFO o.a.j.t.JMeterThread: Stopping: Thread Group 1-71
2021-05-05 18:45:20,113 INFO o.a.j.t.JMeterThread: Stopping: Thread Group 1-73
2021-05-05 18:45:20,113 INFO o.a.j.t.JMeterThread: Stopping: Thread Group 1-81
2021-05-05 18:45:20,114 INFO o.a.j.t.JMeterThread: Stopping: Thread Group 1-72
2021-05-05 18:45:20,114 INFO o.a.j.t.JMeterThread: Stopping: Thread Group 1-80
2021-05-05 18:45:20,114 INFO o.a.j.t.JMeterThread: Stopping: Thread Group 1-59
2021-05-05 18:45:20,114 INFO o.a.j.t.JMeterThread: Stopping: Thread Group 1-6
2021-05-05 18:45:20,114 INFO o.a.j.t.JMeterThread: Stopping: Thread Group 1-60
2021-05-05 18:45:20,114 INFO o.a.j.t.JMeterThread: Stopping: Thread Group 1-78
2021-05-05 18:45:20,114 INFO o.a.j.t.JMeterThread: Stopping: Thread Group 1-57
2021-05-05 18:45:20,114 INFO o.a.j.t.JMeterThread: Stopping: Thread Group 1-34
2021-05-05 18:45:20,118 INFO o.a.j.t.JMeterThread: Thread finished: Thread Group 1-3
2021-05-05 18:45:20,127 INFO o.a.j.t.JMeterThread: Thread finished: Thread Group 1-36
2021-05-05 18:45:20,174 INFO o.a.j.t.JMeterThread: Thread finished: Thread Group 1-2
2021-05-05 18:45:20,180 INFO o.a.j.t.JMeterThread: Thread finished: Thread Group 1-38
2021-05-05 18:45:20,193 INFO o.a.j.t.JMeterThread: Thread finished: Thread Group 1-42
2021-05-05 18:45:20,219 INFO o.a.j.t.JMeterThread: Thread finished: Thread Group 1-13
2021-05-05 18:45:20,244 INFO o.a.j.t.JMeterThread: Thread finished: Thread Group 1-18
2021-05-05 18:45:20,249 INFO o.a.j.t.JMeterThread: Thread finished: Thread Group 1-40
2021-05-05 18:45:20,262 INFO o.a.j.t.JMeterThread: Thread finished: Thread Group 1-16
2021-05-05 18:45:20,278 INFO o.a.j.t.JMeterThread: Thread finished: Thread Group 1-26
2021-05-05 18:45:20,301 INFO o.a.j.t.JMeterThread: Thread finished: Thread Group 1-12
2021-05-05 18:45:20,357 INFO o.a.j.t.JMeterThread: Thread finished: Thread Group 1-29
2021-05-05 18:45:20,365 INFO o.a.j.t.JMeterThread: Thread finished: Thread Group 1-33
2021-05-05 18:45:20,391 INFO o.a.j.t.JMeterThread: Thread finished: Thread Group 1-15
2021-05-05 18:45:20,419 INFO o.a.j.t.JMeterThread: Shutdown Test detected by thread: Thread Group 1-24
2021-05-05 18:45:20,419 INFO o.a.j.t.JMeterThread: Thread finished: Thread Group 1-24
2021-05-05 18:45:20,472 INFO o.a.j.t.JMeterThread: Thread finished: Thread Group 1-6
2021-05-05 18:45:20,473 INFO o.a.j.t.JMeterThread: Thread finished: Thread Group 1-5
2021-05-05 18:45:20,513 INFO o.a.j.t.JMeterThread: Thread finished: Thread Group 1-35
2021-05-05 18:45:20,574 INFO o.a.j.t.JMeterThread: Thread finished: Thread Group 1-9
2021-05-05 18:45:20,602 INFO o.a.j.t.JMeterThread: Thread finished: Thread Group 1-23
2021-05-05 18:45:20,620 INFO o.a.j.t.JMeterThread: Thread finished: Thread Group 1-28
2021-05-05 18:45:20,631 INFO o.a.j.t.JMeterThread: Thread finished: Thread Group 1-43
2021-05-05 18:45:20,643 INFO o.a.j.t.JMeterThread: Thread finished: Thread Group 1-37
2021-05-05 18:45:20,649 INFO o.a.j.t.JMeterThread: Thread finished: Thread Group 1-21
2021-05-05 18:45:20,654 INFO o.a.j.t.JMeterThread: Thread finished: Thread Group 1-31
2021-05-05 18:45:20,698 INFO o.a.j.t.JMeterThread: Thread finished: Thread Group 1-41
2021-05-05 18:45:20,710 INFO o.a.j.t.JMeterThread: Thread finished: Thread Group 1-8
2021-05-05 18:45:20,733 INFO o.a.j.t.JMeterThread: Thread finished: Thread Group 1-39
2021-05-05 18:45:20,823 INFO o.a.j.t.JMeterThread: Thread finished: Thread Group 1-1
2021-05-05 18:45:20,883 INFO o.a.j.t.JMeterThread: Thread finished: Thread Group 1-20
2021-05-05 18:45:20,915 INFO o.a.j.t.JMeterThread: Thread finished: Thread Group 1-11
2021-05-05 18:45:21,001 INFO o.a.j.t.JMeterThread: Thread finished: Thread Group 1-17
2021-05-05 18:45:21,023 INFO o.a.j.t.JMeterThread: Thread finished: Thread Group 1-30
2021-05-05 18:45:21,023 INFO o.a.j.t.JMeterThread: Thread started: Thread Group 1-45
2021-05-05 18:45:21,024 INFO o.a.j.t.JMeterThread: Thread finished: Thread Group 1-45
2021-05-05 18:45:21,060 INFO o.a.j.t.JMeterThread: Thread started: Thread Group 1-52
2021-05-05 18:45:21,060 INFO o.a.j.t.JMeterThread: Thread started: Thread Group 1-56
2021-05-05 18:45:21,061 INFO o.a.j.t.JMeterThread: Thread finished: Thread Group 1-52
2021-05-05 18:45:21,061 INFO o.a.j.t.JMeterThread: Thread finished: Thread Group 1-56
2021-05-05 18:45:21,060 INFO o.a.j.t.JMeterThread: Thread started: Thread Group 1-47
2021-05-05 18:45:21,060 INFO o.a.j.t.JMeterThread: Thread started: Thread Group 1-51
2021-05-05 18:45:21,061 INFO o.a.j.t.JMeterThread: Thread finished: Thread Group 1-47
2021-05-05 18:45:21,060 INFO o.a.j.t.JMeterThread: Thread started: Thread Group 1-49
2021-05-05 18:45:21,061 INFO o.a.j.t.JMeterThread: Thread started: Thread Group 1-53
2021-05-05 18:45:21,061 INFO o.a.j.t.JMeterThread: Thread finished: Thread Group 1-53
2021-05-05 18:45:21,061 INFO o.a.j.t.JMeterThread: Thread finished: Thread Group 1-49
2021-05-05 18:45:21,061 INFO o.a.j.t.JMeterThread: Thread finished: Thread Group 1-51
2021-05-05 18:45:21,061 INFO o.a.j.t.JMeterThread: Thread started: Thread Group 1-59
2021-05-05 18:45:21,060 INFO o.a.j.t.JMeterThread: Thread started: Thread Group 1-50
2021-05-05 18:45:21,060 INFO o.a.j.t.JMeterThread: Thread started: Thread Group 1-46
2021-05-05 18:45:21,062 INFO o.a.j.t.JMeterThread: Thread finished: Thread Group 1-59
2021-05-05 18:45:21,060 INFO o.a.j.t.JMeterThread: Thread started: Thread Group 1-48
2021-05-05 18:45:21,062 INFO o.a.j.t.JMeterThread: Thread finished: Thread Group 1-50
2021-05-05 18:45:21,061 INFO o.a.j.t.JMeterThread: Thread started: Thread Group 1-57
2021-05-05 18:45:21,062 INFO o.a.j.t.JMeterThread: Thread finished: Thread Group 1-46
2021-05-05 18:45:21,062 INFO o.a.j.t.JMeterThread: Thread finished: Thread Group 1-48
2021-05-05 18:45:21,062 INFO o.a.j.t.JMeterThread: Thread finished: Thread Group 1-57
2021-05-05 18:45:21,063 INFO o.a.j.t.JMeterThread: Thread started: Thread Group 1-55
2021-05-05 18:45:21,064 INFO o.a.j.t.JMeterThread: Thread finished: Thread Group 1-55
2021-05-05 18:45:21,064 INFO o.a.j.t.JMeterThread: Thread started: Thread Group 1-58
2021-05-05 18:45:21,064 INFO o.a.j.t.JMeterThread: Thread finished: Thread Group 1-58
2021-05-05 18:45:21,064 INFO o.a.j.t.JMeterThread: Thread started: Thread Group 1-65
2021-05-05 18:45:21,064 INFO o.a.j.t.JMeterThread: Thread started: Thread Group 1-60
2021-05-05 18:45:21,064 INFO o.a.j.t.JMeterThread: Thread finished: Thread Group 1-65
2021-05-05 18:45:21,065 INFO o.a.j.t.JMeterThread: Thread started: Thread Group 1-80
2021-05-05 18:45:21,065 INFO o.a.j.t.JMeterThread: Thread finished: Thread Group 1-80
2021-05-05 18:45:21,064 INFO o.a.j.t.JMeterThread: Thread started: Thread Group 1-69
2021-05-05 18:45:21,065 INFO o.a.j.t.JMeterThread: Thread started: Thread Group 1-70
2021-05-05 18:45:21,065 INFO o.a.j.t.JMeterThread: Thread finished: Thread Group 1-70
2021-05-05 18:45:21,063 INFO o.a.j.t.JMeterThread: Thread started: Thread Group 1-54
2021-05-05 18:45:21,065 INFO o.a.j.t.JMeterThread: Thread started: Thread Group 1-79
2021-05-05 18:45:21,065 INFO o.a.j.t.JMeterThread: Thread started: Thread Group 1-64
2021-05-05 18:45:21,065 INFO o.a.j.t.JMeterThread: Thread finished: Thread Group 1-64
2021-05-05 18:45:21,065 INFO o.a.j.t.JMeterThread: Thread finished: Thread Group 1-79
2021-05-05 18:45:21,065 INFO o.a.j.t.JMeterThread: Thread started: Thread Group 1-77
2021-05-05 18:45:21,065 INFO o.a.j.t.JMeterThread: Thread started: Thread Group 1-75
2021-05-05 18:45:21,066 INFO o.a.j.t.JMeterThread: Thread finished: Thread Group 1-75
2021-05-05 18:45:21,066 INFO o.a.j.t.JMeterThread: Thread started: Thread Group 1-67
2021-05-05 18:45:21,066 INFO o.a.j.t.JMeterThread: Thread started: Thread Group 1-72
2021-05-05 18:45:21,065 INFO o.a.j.t.JMeterThread: Thread finished: Thread Group 1-69
2021-05-05 18:45:21,065 INFO o.a.j.t.JMeterThread: Thread started: Thread Group 1-78
2021-05-05 18:45:21,066 INFO o.a.j.t.JMeterThread: Thread finished: Thread Group 1-72
2021-05-05 18:45:21,066 INFO o.a.j.t.JMeterThread: Thread started: Thread Group 1-81
2021-05-05 18:45:21,064 INFO o.a.j.t.JMeterThread: Thread finished: Thread Group 1-60
2021-05-05 18:45:21,066 INFO o.a.j.t.JMeterThread: Thread started: Thread Group 1-66
2021-05-05 18:45:21,067 INFO o.a.j.t.JMeterThread: Thread finished: Thread Group 1-66
2021-05-05 18:45:21,067 INFO o.a.j.t.JMeterThread: Thread finished: Thread Group 1-81
2021-05-05 18:45:21,066 INFO o.a.j.t.JMeterThread: Thread finished: Thread Group 1-78
2021-05-05 18:45:21,066 INFO o.a.j.t.JMeterThread: Thread finished: Thread Group 1-67
2021-05-05 18:45:21,067 INFO o.a.j.t.JMeterThread: Thread started: Thread Group 1-73
2021-05-05 18:45:21,067 INFO o.a.j.t.JMeterThread: Thread started: Thread Group 1-71
2021-05-05 18:45:21,067 INFO o.a.j.t.JMeterThread: Thread finished: Thread Group 1-77
2021-05-05 18:45:21,067 INFO o.a.j.t.JMeterThread: Thread finished: Thread Group 1-73
2021-05-05 18:45:21,065 INFO o.a.j.t.JMeterThread: Thread started: Thread Group 1-76
2021-05-05 18:45:21,065 INFO o.a.j.t.JMeterThread: Thread finished: Thread Group 1-54
2021-05-05 18:45:21,068 INFO o.a.j.t.JMeterThread: Thread finished: Thread Group 1-76
2021-05-05 18:45:21,065 INFO o.a.j.t.JMeterThread: Thread started: Thread Group 1-62
2021-05-05 18:45:21,068 INFO o.a.j.t.JMeterThread: Thread finished: Thread Group 1-62
2021-05-05 18:45:21,067 INFO o.a.j.t.JMeterThread: Thread started: Thread Group 1-61
2021-05-05 18:45:21,068 INFO o.a.j.t.JMeterThread: Thread finished: Thread Group 1-61
2021-05-05 18:45:21,067 INFO o.a.j.t.JMeterThread: Thread finished: Thread Group 1-71
2021-05-05 18:45:21,067 INFO o.a.j.t.JMeterThread: Thread started: Thread Group 1-74
2021-05-05 18:45:21,067 INFO o.a.j.t.JMeterThread: Thread started: Thread Group 1-63
2021-05-05 18:45:21,066 INFO o.a.j.t.JMeterThread: Thread started: Thread Group 1-68
2021-05-05 18:45:21,068 INFO o.a.j.t.JMeterThread: Thread finished: Thread Group 1-74
2021-05-05 18:45:21,068 INFO o.a.j.t.JMeterThread: Thread finished: Thread Group 1-63
2021-05-05 18:45:21,068 INFO o.a.j.t.JMeterThread: Thread finished: Thread Group 1-68
2021-05-05 18:45:21,069 INFO o.a.j.t.JMeterThread: Thread finished: Thread Group 1-14
2021-05-05 18:45:21,070 INFO o.a.j.t.JMeterThread: Thread started: Thread Group 1-87
2021-05-05 18:45:21,070 INFO o.a.j.t.JMeterThread: Thread started: Thread Group 1-82
2021-05-05 18:45:21,070 INFO o.a.j.t.JMeterThread: Thread started: Thread Group 1-85
2021-05-05 18:45:21,070 INFO o.a.j.t.JMeterThread: Thread finished: Thread Group 1-87
2021-05-05 18:45:21,070 INFO o.a.j.t.JMeterThread: Thread finished: Thread Group 1-82
2021-05-05 18:45:21,070 INFO o.a.j.t.JMeterThread: Thread started: Thread Group 1-86
2021-05-05 18:45:21,071 INFO o.a.j.t.JMeterThread: Thread finished: Thread Group 1-86
2021-05-05 18:45:21,070 INFO o.a.j.t.JMeterThread: Thread finished: Thread Group 1-85
2021-05-05 18:45:21,071 INFO o.a.j.t.JMeterThread: Thread started: Thread Group 1-89
2021-05-05 18:45:21,070 INFO o.a.j.t.JMeterThread: Thread started: Thread Group 1-88
2021-05-05 18:45:21,071 INFO o.a.j.t.JMeterThread: Thread finished: Thread Group 1-89
2021-05-05 18:45:21,071 INFO o.a.j.t.JMeterThread: Thread finished: Thread Group 1-88
2021-05-05 18:45:21,070 INFO o.a.j.t.JMeterThread: Thread started: Thread Group 1-84
2021-05-05 18:45:21,076 INFO o.a.j.t.JMeterThread: Thread finished: Thread Group 1-84
2021-05-05 18:45:21,076 INFO o.a.j.t.JMeterThread: Thread started: Thread Group 1-83
2021-05-05 18:45:21,076 INFO o.a.j.t.JMeterThread: Thread started: Thread Group 1-91
2021-05-05 18:45:21,076 INFO o.a.j.t.JMeterThread: Thread started: Thread Group 1-90
2021-05-05 18:45:21,076 INFO o.a.j.t.JMeterThread: Thread started: Thread Group 1-95
2021-05-05 18:45:21,077 INFO o.a.j.t.JMeterThread: Thread finished: Thread Group 1-95
2021-05-05 18:45:21,077 INFO o.a.j.t.JMeterThread: Thread finished: Thread Group 1-90
2021-05-05 18:45:21,077 INFO o.a.j.t.JMeterThread: Thread finished: Thread Group 1-91
2021-05-05 18:45:21,076 INFO o.a.j.t.JMeterThread: Thread started: Thread Group 1-97
2021-05-05 18:45:21,076 INFO o.a.j.t.JMeterThread: Thread started: Thread Group 1-93
2021-05-05 18:45:21,076 INFO o.a.j.t.JMeterThread: Thread started: Thread Group 1-92
2021-05-05 18:45:21,077 INFO o.a.j.t.JMeterThread: Thread finished: Thread Group 1-93
2021-05-05 18:45:21,077 INFO o.a.j.t.JMeterThread: Thread finished: Thread Group 1-92
2021-05-05 18:45:21,077 INFO o.a.j.t.JMeterThread: Thread started: Thread Group 1-98
2021-05-05 18:45:21,078 INFO o.a.j.t.JMeterThread: Thread finished: Thread Group 1-98
2021-05-05 18:45:21,076 INFO o.a.j.t.JMeterThread: Thread started: Thread Group 1-100
2021-05-05 18:45:21,077 INFO o.a.j.t.JMeterThread: Thread finished: Thread Group 1-97
2021-05-05 18:45:21,078 INFO o.a.j.t.JMeterThread: Thread finished: Thread Group 1-100
2021-05-05 18:45:21,077 INFO o.a.j.t.JMeterThread: Thread finished: Thread Group 1-83
2021-05-05 18:45:21,078 INFO o.a.j.t.JMeterThread: Thread started: Thread Group 1-94
2021-05-05 18:45:21,079 INFO o.a.j.t.JMeterThread: Thread started: Thread Group 1-96
2021-05-05 18:45:21,078 INFO o.a.j.t.JMeterThread: Thread started: Thread Group 1-99
2021-05-05 18:45:21,079 INFO o.a.j.t.JMeterThread: Thread finished: Thread Group 1-94
2021-05-05 18:45:21,079 INFO o.a.j.t.JMeterThread: Thread finished: Thread Group 1-96
2021-05-05 18:45:21,079 INFO o.a.j.t.JMeterThread: Thread finished: Thread Group 1-99
2021-05-05 18:45:21,124 INFO o.a.j.t.JMeterThread: Thread finished: Thread Group 1-4
2021-05-05 18:45:21,181 INFO o.a.j.t.JMeterThread: Thread finished: Thread Group 1-25
2021-05-05 18:45:21,251 INFO o.a.j.t.JMeterThread: Thread finished: Thread Group 1-32
2021-05-05 18:45:21,306 INFO o.a.j.t.JMeterThread: Thread finished: Thread Group 1-7
2021-05-05 18:45:21,398 INFO o.a.j.t.JMeterThread: Thread finished: Thread Group 1-22
2021-05-05 18:45:21,434 INFO o.a.j.t.JMeterThread: Thread finished: Thread Group 1-34
2021-05-05 18:45:21,467 INFO o.a.j.t.JMeterThread: Thread finished: Thread Group 1-27
2021-05-05 18:45:21,505 INFO o.a.j.t.JMeterThread: Thread finished: Thread Group 1-10
2021-05-05 18:45:21,576 INFO o.a.j.t.JMeterThread: Thread finished: Thread Group 1-19
2021-05-05 18:45:21,576 INFO o.a.j.e.StandardJMeterEngine: Notifying test listeners of end of test
2021-05-05 18:45:21,577 INFO o.a.j.r.Summariser: summary +    414 in 00:00:22 =   19.2/s Avg:   514 Min:   475 Max:   571 Err:     2 (0.48%) Active: 0 Started: 100 Finished: 100
2021-05-05 18:45:21,577 INFO o.a.j.r.Summariser: summary =   1521 in 00:02:13 =   11.5/s Avg:   412 Min:   237 Max:   571 Err:     2 (0.13%)
