2021-05-05 20:13:16,538 INFO o.a.j.u.JMeterUtils: Setting Locale to en_EN
2021-05-05 20:13:16,560 INFO o.a.j.JMeter: Loading user properties from: /hdd/homework/testing/apache-jmeter-5.4.1/bin/user.properties
2021-05-05 20:13:16,561 INFO o.a.j.JMeter: Loading system properties from: /hdd/homework/testing/apache-jmeter-5.4.1/bin/system.properties
2021-05-05 20:13:16,561 INFO o.a.j.JMeter: Loading additional properties from: ../jmeter.properties
2021-05-05 20:13:16,570 INFO o.a.j.JMeter: Copyright (c) 1998-2021 The Apache Software Foundation
2021-05-05 20:13:16,570 INFO o.a.j.JMeter: Version 5.4.1
2021-05-05 20:13:16,570 INFO o.a.j.JMeter: java.version=15.0.2
2021-05-05 20:13:16,570 INFO o.a.j.JMeter: java.vm.name=OpenJDK 64-Bit Server VM
2021-05-05 20:13:16,570 INFO o.a.j.JMeter: os.name=Linux
2021-05-05 20:13:16,570 INFO o.a.j.JMeter: os.arch=amd64
2021-05-05 20:13:16,571 INFO o.a.j.JMeter: os.version=5.4.114-1-MANJARO
2021-05-05 20:13:16,571 INFO o.a.j.JMeter: file.encoding=UTF-8
2021-05-05 20:13:16,571 INFO o.a.j.JMeter: java.awt.headless=true
2021-05-05 20:13:16,571 INFO o.a.j.JMeter: Max memory     =1073741824
2021-05-05 20:13:16,571 INFO o.a.j.JMeter: Available Processors =8
2021-05-05 20:13:16,581 INFO o.a.j.JMeter: Default Locale=English (EN)
2021-05-05 20:13:16,582 INFO o.a.j.JMeter: JMeter  Locale=English (EN)
2021-05-05 20:13:16,582 INFO o.a.j.JMeter: JMeterHome=/hdd/homework/testing/apache-jmeter-5.4.1
2021-05-05 20:13:16,582 INFO o.a.j.JMeter: user.dir  =/hdd/homework/testing/lab4/stress2
2021-05-05 20:13:16,582 INFO o.a.j.JMeter: PWD       =/hdd/homework/testing/lab4/stress2
2021-05-05 20:13:16,582 INFO o.a.j.JMeter: IP: 127.0.1.1 Name: asurkis-manjaro FullName: asurkis-manjaro
2021-05-05 20:13:16,587 INFO o.a.j.JMeter: Setting property 'jmeter.reportgenerator.outputdir' to:'/hdd/homework/testing/lab4/stress2/out'
2021-05-05 20:13:16,589 INFO o.a.j.s.FileServer: Default base='/hdd/homework/testing/lab4/stress2'
2021-05-05 20:13:16,590 INFO o.a.j.s.FileServer: Set new base='/hdd/homework/testing/lab4/stress2'
2021-05-05 20:13:16,748 INFO o.a.j.s.SaveService: Testplan (JMX) version: 2.2. Testlog (JTL) version: 2.2
2021-05-05 20:13:16,776 INFO o.a.j.s.SaveService: Using SaveService properties version 5.0
2021-05-05 20:13:16,779 INFO o.a.j.s.SaveService: Using SaveService properties file encoding UTF-8
2021-05-05 20:13:16,782 INFO o.a.j.s.SaveService: Loading file: test.jmx
2021-05-05 20:13:16,823 INFO o.a.j.p.h.s.HTTPSamplerBase: Parser for text/html is org.apache.jmeter.protocol.http.parser.LagartoBasedHtmlParser
2021-05-05 20:13:16,823 INFO o.a.j.p.h.s.HTTPSamplerBase: Parser for application/xhtml+xml is org.apache.jmeter.protocol.http.parser.LagartoBasedHtmlParser
2021-05-05 20:13:16,823 INFO o.a.j.p.h.s.HTTPSamplerBase: Parser for application/xml is org.apache.jmeter.protocol.http.parser.LagartoBasedHtmlParser
2021-05-05 20:13:16,823 INFO o.a.j.p.h.s.HTTPSamplerBase: Parser for text/xml is org.apache.jmeter.protocol.http.parser.LagartoBasedHtmlParser
2021-05-05 20:13:16,824 INFO o.a.j.p.h.s.HTTPSamplerBase: Parser for text/vnd.wap.wml is org.apache.jmeter.protocol.http.parser.RegexpHTMLParser
2021-05-05 20:13:16,824 INFO o.a.j.p.h.s.HTTPSamplerBase: Parser for text/css is org.apache.jmeter.protocol.http.parser.CssParser
2021-05-05 20:13:16,834 INFO o.a.j.JMeter: Creating summariser <summary>
2021-05-05 20:13:16,840 INFO o.a.j.r.d.ReportGenerator: ReportGenerator will use for Parsing the separator: ','
2021-05-05 20:13:16,840 INFO o.a.j.r.d.ReportGenerator: Will generate report at end of test from  results file: samples.csv
2021-05-05 20:13:16,840 INFO o.a.j.r.d.ReportGenerator: Reading report generator properties from: /hdd/homework/testing/apache-jmeter-5.4.1/bin/reportgenerator.properties
2021-05-05 20:13:16,841 INFO o.a.j.r.d.ReportGenerator: Merging with JMeter properties
2021-05-05 20:13:16,844 INFO o.a.j.r.c.ReportGeneratorConfiguration: Property 'jmeter.reportgenerator.temp_dir' not found, using default value 'temp' instead.
2021-05-05 20:13:16,846 INFO o.a.j.r.c.ReportGeneratorConfiguration: Property 'jmeter.reportgenerator.apdex_per_transaction' not found, using default value 'null' instead.
2021-05-05 20:13:16,846 INFO o.a.j.r.c.ReportGeneratorConfiguration: apdex_per_transaction is empty, not APDEX per transaction customization
2021-05-05 20:13:16,846 INFO o.a.j.r.c.ReportGeneratorConfiguration: Property 'jmeter.reportgenerator.sample_filter' not found, using default value 'null' instead.
2021-05-05 20:13:16,846 INFO o.a.j.r.c.ReportGeneratorConfiguration: Property 'jmeter.reportgenerator.report_title' not found, using default value 'null' instead.
2021-05-05 20:13:16,846 INFO o.a.j.r.c.ReportGeneratorConfiguration: Property 'jmeter.reportgenerator.start_date' not found, using default value 'null' instead.
2021-05-05 20:13:16,846 INFO o.a.j.r.c.ReportGeneratorConfiguration: Property 'jmeter.reportgenerator.end_date' not found, using default value 'null' instead.
2021-05-05 20:13:16,846 INFO o.a.j.r.c.ReportGeneratorConfiguration: Property 'jmeter.reportgenerator.date_format' not found, using default value 'null' instead.
2021-05-05 20:13:16,847 INFO o.a.j.r.c.ReportGeneratorConfiguration: Will use date range start date: null, end date: null
2021-05-05 20:13:16,851 INFO o.a.j.r.c.ReportGeneratorConfiguration: Property 'jmeter.reportgenerator.graph.totalTPS.exclude_controllers' not found, using default value 'false' instead.
2021-05-05 20:13:16,851 INFO o.a.j.r.c.ReportGeneratorConfiguration: Property 'jmeter.reportgenerator.graph.activeThreadsOverTime.exclude_controllers' not found, using default value 'false' instead.
2021-05-05 20:13:16,851 INFO o.a.j.r.c.ReportGeneratorConfiguration: Property 'jmeter.reportgenerator.graph.timeVsThreads.exclude_controllers' not found, using default value 'false' instead.
2021-05-05 20:13:16,851 INFO o.a.j.r.c.ReportGeneratorConfiguration: Property 'jmeter.reportgenerator.graph.responseTimeDistribution.exclude_controllers' not found, using default value 'false' instead.
2021-05-05 20:13:16,852 INFO o.a.j.r.c.ReportGeneratorConfiguration: Property 'jmeter.reportgenerator.graph.transactionsPerSecond.exclude_controllers' not found, using default value 'false' instead.
2021-05-05 20:13:16,852 INFO o.a.j.r.c.ReportGeneratorConfiguration: Property 'jmeter.reportgenerator.graph.responseTimePercentiles.exclude_controllers' not found, using default value 'false' instead.
2021-05-05 20:13:16,852 INFO o.a.j.r.c.ReportGeneratorConfiguration: Property 'jmeter.reportgenerator.graph.responseTimePercentilesOverTime.exclude_controllers' not found, using default value 'false' instead.
2021-05-05 20:13:16,852 INFO o.a.j.r.c.ReportGeneratorConfiguration: Property 'jmeter.reportgenerator.graph.responseTimesOverTime.exclude_controllers' not found, using default value 'false' instead.
2021-05-05 20:13:16,855 INFO o.a.j.r.c.ReportGeneratorConfiguration: Property 'jmeter.reportgenerator.graph.connectTimeOverTime.exclude_controllers' not found, using default value 'false' instead.
2021-05-05 20:13:16,855 INFO o.a.j.r.c.ReportGeneratorConfiguration: Property 'jmeter.reportgenerator.graph.latenciesOverTime.exclude_controllers' not found, using default value 'false' instead.
2021-05-05 20:13:16,856 INFO o.a.j.r.c.ReportGeneratorConfiguration: Property 'jmeter.reportgenerator.exporter.json.filters_only_sample_series' not found, using default value 'true' instead.
2021-05-05 20:13:16,856 INFO o.a.j.r.c.ReportGeneratorConfiguration: Property 'jmeter.reportgenerator.exporter.json.series_filter' not found, using default value '' instead.
2021-05-05 20:13:16,857 INFO o.a.j.r.c.ReportGeneratorConfiguration: Property 'jmeter.reportgenerator.exporter.json.show_controllers_only' not found, using default value 'false' instead.
2021-05-05 20:13:16,857 INFO o.a.j.r.c.ReportGeneratorConfiguration: Property 'jmeter.reportgenerator.exporter.html.filters_only_sample_series' not found, using default value 'true' instead.
2021-05-05 20:13:16,857 INFO o.a.j.r.c.ReportGeneratorConfiguration: Property 'jmeter.reportgenerator.exporter.html.series_filter' not found, using default value '' instead.
2021-05-05 20:13:16,857 INFO o.a.j.r.c.ReportGeneratorConfiguration: Property 'jmeter.reportgenerator.exporter.html.show_controllers_only' not found, using default value 'false' instead.
2021-05-05 20:13:16,861 INFO o.a.j.e.StandardJMeterEngine: Running the test!
2021-05-05 20:13:16,862 INFO o.a.j.s.SampleEvent: List of sample_variables: []
2021-05-05 20:13:16,863 INFO o.a.j.s.SampleEvent: List of sample_variables: []
2021-05-05 20:13:16,867 INFO o.a.j.e.u.CompoundVariable: Note: Function class names must contain the string: '.functions.'
2021-05-05 20:13:16,868 INFO o.a.j.e.u.CompoundVariable: Note: Function class names must not contain the string: '.gui.'
2021-05-05 20:13:16,909 INFO o.a.j.JMeter: Running test (1620234796909)
2021-05-05 20:13:16,921 INFO o.a.j.e.StandardJMeterEngine: Starting ThreadGroup: 1 : Thread Group
2021-05-05 20:13:16,921 INFO o.a.j.e.StandardJMeterEngine: Starting 200 threads for group Thread Group.
2021-05-05 20:13:16,921 INFO o.a.j.e.StandardJMeterEngine: Test will stop on error
2021-05-05 20:13:16,921 INFO o.a.j.t.ThreadGroup: Starting thread group... number=1 threads=200 ramp-up=600 delayedStart=false
2021-05-05 20:13:16,928 INFO o.a.j.t.JMeterThread: Thread started: Thread Group 1-1
2021-05-05 20:13:16,986 INFO o.a.j.t.ThreadGroup: Started thread group number 1
2021-05-05 20:13:16,986 INFO o.a.j.e.StandardJMeterEngine: All thread groups have been started
2021-05-05 20:13:18,453 INFO o.a.j.p.h.s.HTTPHCAbstractImpl: Local host = asurkis-manjaro
2021-05-05 20:13:18,464 INFO o.a.j.p.h.s.HTTPHC4Impl: HTTP request retry count = 0
2021-05-05 20:13:18,467 INFO o.a.j.s.SampleResult: Note: Sample TimeStamps are START times
2021-05-05 20:13:18,467 INFO o.a.j.s.SampleResult: sampleresult.default.encoding is set to ISO-8859-1
2021-05-05 20:13:18,467 INFO o.a.j.s.SampleResult: sampleresult.useNanoTime=true
2021-05-05 20:13:18,467 INFO o.a.j.s.SampleResult: sampleresult.nanoThreadSleep=5000
2021-05-05 20:13:19,924 INFO o.a.j.t.JMeterThread: Thread started: Thread Group 1-2
2021-05-05 20:13:22,924 INFO o.a.j.t.JMeterThread: Thread started: Thread Group 1-3
2021-05-05 20:13:25,925 INFO o.a.j.t.JMeterThread: Thread started: Thread Group 1-4
2021-05-05 20:13:28,922 INFO o.a.j.t.JMeterThread: Thread started: Thread Group 1-5
2021-05-05 20:13:30,011 INFO o.a.j.r.Summariser: summary +     17 in 00:00:13 =    1.3/s Avg:   351 Min:   338 Max:   395 Err:     0 (0.00%) Active: 5 Started: 5 Finished: 0
2021-05-05 20:13:31,923 INFO o.a.j.t.JMeterThread: Thread started: Thread Group 1-6
2021-05-05 20:13:34,922 INFO o.a.j.t.JMeterThread: Thread started: Thread Group 1-7
2021-05-05 20:13:37,924 INFO o.a.j.t.JMeterThread: Thread started: Thread Group 1-8
2021-05-05 20:13:40,922 INFO o.a.j.t.JMeterThread: Thread started: Thread Group 1-9
2021-05-05 20:13:43,922 INFO o.a.j.t.JMeterThread: Thread started: Thread Group 1-10
2021-05-05 20:13:46,922 INFO o.a.j.t.JMeterThread: Thread started: Thread Group 1-11
2021-05-05 20:13:49,922 INFO o.a.j.t.JMeterThread: Thread started: Thread Group 1-12
2021-05-05 20:13:52,923 INFO o.a.j.t.JMeterThread: Thread started: Thread Group 1-13
2021-05-05 20:13:55,924 INFO o.a.j.t.JMeterThread: Thread started: Thread Group 1-14
2021-05-05 20:13:58,921 INFO o.a.j.t.JMeterThread: Thread started: Thread Group 1-15
2021-05-05 20:14:00,072 INFO o.a.j.r.Summariser: summary +    153 in 00:00:30 =    5.1/s Avg:   377 Min:   347 Max:   425 Err:     0 (0.00%) Active: 15 Started: 15 Finished: 0
2021-05-05 20:14:00,073 INFO o.a.j.r.Summariser: summary =    170 in 00:00:43 =    3.9/s Avg:   374 Min:   338 Max:   425 Err:     0 (0.00%)
2021-05-05 20:14:01,922 INFO o.a.j.t.JMeterThread: Thread started: Thread Group 1-16
2021-05-05 20:14:04,922 INFO o.a.j.t.JMeterThread: Thread started: Thread Group 1-17
2021-05-05 20:14:07,922 INFO o.a.j.t.JMeterThread: Thread started: Thread Group 1-18
2021-05-05 20:14:10,922 INFO o.a.j.t.JMeterThread: Thread started: Thread Group 1-19
2021-05-05 20:14:13,922 INFO o.a.j.t.JMeterThread: Thread started: Thread Group 1-20
2021-05-05 20:14:16,921 INFO o.a.j.t.JMeterThread: Thread started: Thread Group 1-21
2021-05-05 20:14:19,921 INFO o.a.j.t.JMeterThread: Thread started: Thread Group 1-22
2021-05-05 20:14:22,921 INFO o.a.j.t.JMeterThread: Thread started: Thread Group 1-23
2021-05-05 20:14:25,922 INFO o.a.j.t.JMeterThread: Thread started: Thread Group 1-24
2021-05-05 20:14:28,922 INFO o.a.j.t.JMeterThread: Thread started: Thread Group 1-25
2021-05-05 20:14:30,002 INFO o.a.j.r.Summariser: summary +    303 in 00:00:30 =   10.1/s Avg:   430 Min:   397 Max:   489 Err:     0 (0.00%) Active: 25 Started: 25 Finished: 0
2021-05-05 20:14:30,003 INFO o.a.j.r.Summariser: summary =    473 in 00:01:13 =    6.5/s Avg:   410 Min:   338 Max:   489 Err:     0 (0.00%)
2021-05-05 20:14:31,925 INFO o.a.j.t.JMeterThread: Thread started: Thread Group 1-26
2021-05-05 20:14:34,921 INFO o.a.j.t.JMeterThread: Thread started: Thread Group 1-27
2021-05-05 20:14:37,921 INFO o.a.j.t.JMeterThread: Thread started: Thread Group 1-28
2021-05-05 20:14:40,923 INFO o.a.j.t.JMeterThread: Thread started: Thread Group 1-29
2021-05-05 20:14:43,922 INFO o.a.j.t.JMeterThread: Thread started: Thread Group 1-30
2021-05-05 20:14:46,921 INFO o.a.j.t.JMeterThread: Thread started: Thread Group 1-31
2021-05-05 20:14:49,922 INFO o.a.j.t.JMeterThread: Thread started: Thread Group 1-32
2021-05-05 20:14:52,921 INFO o.a.j.t.JMeterThread: Thread started: Thread Group 1-33
2021-05-05 20:14:55,921 INFO o.a.j.t.JMeterThread: Thread started: Thread Group 1-34
2021-05-05 20:14:58,921 INFO o.a.j.t.JMeterThread: Thread started: Thread Group 1-35
2021-05-05 20:15:00,022 INFO o.a.j.r.Summariser: summary +    442 in 00:00:30 =   14.7/s Avg:   501 Min:   458 Max:   567 Err:     0 (0.00%) Active: 35 Started: 35 Finished: 0
2021-05-05 20:15:00,023 INFO o.a.j.r.Summariser: summary =    915 in 00:01:43 =    8.9/s Avg:   454 Min:   338 Max:   567 Err:     0 (0.00%)
2021-05-05 20:15:01,921 INFO o.a.j.t.JMeterThread: Thread started: Thread Group 1-36
2021-05-05 20:15:04,922 INFO o.a.j.t.JMeterThread: Thread started: Thread Group 1-37
2021-05-05 20:15:07,921 INFO o.a.j.t.JMeterThread: Thread started: Thread Group 1-38
2021-05-05 20:15:10,921 INFO o.a.j.t.JMeterThread: Thread started: Thread Group 1-39
2021-05-05 20:15:13,921 INFO o.a.j.t.JMeterThread: Thread started: Thread Group 1-40
2021-05-05 20:15:16,922 INFO o.a.j.t.JMeterThread: Thread started: Thread Group 1-41
2021-05-05 20:15:19,922 INFO o.a.j.t.JMeterThread: Thread started: Thread Group 1-42
2021-05-05 20:15:22,922 INFO o.a.j.t.JMeterThread: Thread started: Thread Group 1-43
2021-05-05 20:15:25,921 INFO o.a.j.t.JMeterThread: Thread started: Thread Group 1-44
2021-05-05 20:15:28,921 INFO o.a.j.t.JMeterThread: Thread started: Thread Group 1-45
2021-05-05 20:15:30,048 INFO o.a.j.r.Summariser: summary +    566 in 00:00:30 =   18.9/s Avg:   588 Min:   537 Max:   716 Err:     0 (0.00%) Active: 45 Started: 45 Finished: 0
2021-05-05 20:15:30,049 INFO o.a.j.r.Summariser: summary =   1481 in 00:02:13 =   11.1/s Avg:   505 Min:   338 Max:   716 Err:     0 (0.00%)
2021-05-05 20:15:31,921 INFO o.a.j.t.JMeterThread: Thread started: Thread Group 1-46
2021-05-05 20:15:34,921 INFO o.a.j.t.JMeterThread: Thread started: Thread Group 1-47
2021-05-05 20:15:37,922 INFO o.a.j.t.JMeterThread: Thread started: Thread Group 1-48
2021-05-05 20:15:40,921 INFO o.a.j.t.JMeterThread: Thread started: Thread Group 1-49
2021-05-05 20:15:43,921 INFO o.a.j.t.JMeterThread: Thread started: Thread Group 1-50
2021-05-05 20:15:46,921 INFO o.a.j.t.JMeterThread: Thread started: Thread Group 1-51
2021-05-05 20:15:49,921 INFO o.a.j.t.JMeterThread: Thread started: Thread Group 1-52
2021-05-05 20:15:52,922 INFO o.a.j.t.JMeterThread: Thread started: Thread Group 1-53
2021-05-05 20:15:55,921 INFO o.a.j.t.JMeterThread: Thread started: Thread Group 1-54
2021-05-05 20:15:58,922 INFO o.a.j.t.JMeterThread: Thread started: Thread Group 1-55
2021-05-05 20:16:00,008 INFO o.a.j.r.Summariser: summary +    677 in 00:00:30 =   22.6/s Avg:   689 Min:   631 Max:   774 Err:     0 (0.00%) Active: 55 Started: 55 Finished: 0
2021-05-05 20:16:00,008 INFO o.a.j.r.Summariser: summary =   2158 in 00:02:43 =   13.2/s Avg:   563 Min:   338 Max:   774 Err:     0 (0.00%)
2021-05-05 20:16:01,922 INFO o.a.j.t.JMeterThread: Thread started: Thread Group 1-56
2021-05-05 20:16:04,923 INFO o.a.j.t.JMeterThread: Thread started: Thread Group 1-57
2021-05-05 20:16:07,922 INFO o.a.j.t.JMeterThread: Thread started: Thread Group 1-58
2021-05-05 20:16:10,921 INFO o.a.j.t.JMeterThread: Thread started: Thread Group 1-59
2021-05-05 20:16:13,922 INFO o.a.j.t.JMeterThread: Thread started: Thread Group 1-60
2021-05-05 20:16:16,922 INFO o.a.j.t.JMeterThread: Thread started: Thread Group 1-61
2021-05-05 20:16:19,921 INFO o.a.j.t.JMeterThread: Thread started: Thread Group 1-62
2021-05-05 20:16:22,921 INFO o.a.j.t.JMeterThread: Thread started: Thread Group 1-63
2021-05-05 20:16:25,921 INFO o.a.j.t.JMeterThread: Thread started: Thread Group 1-64
2021-05-05 20:16:28,922 INFO o.a.j.t.JMeterThread: Thread started: Thread Group 1-65
2021-05-05 20:16:30,020 INFO o.a.j.r.Summariser: summary +    774 in 00:00:30 =   25.8/s Avg:   802 Min:   738 Max:   895 Err:     0 (0.00%) Active: 65 Started: 65 Finished: 0
2021-05-05 20:16:30,021 INFO o.a.j.r.Summariser: summary =   2932 in 00:03:13 =   15.2/s Avg:   626 Min:   338 Max:   895 Err:     0 (0.00%)
2021-05-05 20:16:31,922 INFO o.a.j.t.JMeterThread: Thread started: Thread Group 1-66
2021-05-05 20:16:34,922 INFO o.a.j.t.JMeterThread: Thread started: Thread Group 1-67
2021-05-05 20:16:37,922 INFO o.a.j.t.JMeterThread: Thread started: Thread Group 1-68
2021-05-05 20:16:40,923 INFO o.a.j.t.JMeterThread: Thread started: Thread Group 1-69
2021-05-05 20:16:43,921 INFO o.a.j.t.JMeterThread: Thread started: Thread Group 1-70
2021-05-05 20:16:46,921 INFO o.a.j.t.JMeterThread: Thread started: Thread Group 1-71
2021-05-05 20:16:49,921 INFO o.a.j.t.JMeterThread: Thread started: Thread Group 1-72
2021-05-05 20:16:52,921 INFO o.a.j.t.JMeterThread: Thread started: Thread Group 1-73
2021-05-05 20:16:55,923 INFO o.a.j.t.JMeterThread: Thread started: Thread Group 1-74
2021-05-05 20:16:58,921 INFO o.a.j.t.JMeterThread: Thread started: Thread Group 1-75
2021-05-05 20:17:00,012 INFO o.a.j.r.Summariser: summary +    857 in 00:00:30 =   28.6/s Avg:   924 Min:   854 Max:  1018 Err:     0 (0.00%) Active: 75 Started: 75 Finished: 0
2021-05-05 20:17:00,013 INFO o.a.j.r.Summariser: summary =   3789 in 00:03:43 =   17.0/s Avg:   693 Min:   338 Max:  1018 Err:     0 (0.00%)
2021-05-05 20:17:01,921 INFO o.a.j.t.JMeterThread: Thread started: Thread Group 1-76
2021-05-05 20:17:04,921 INFO o.a.j.t.JMeterThread: Thread started: Thread Group 1-77
2021-05-05 20:17:07,922 INFO o.a.j.t.JMeterThread: Thread started: Thread Group 1-78
2021-05-05 20:17:10,922 INFO o.a.j.t.JMeterThread: Thread started: Thread Group 1-79
2021-05-05 20:17:13,923 INFO o.a.j.t.JMeterThread: Thread started: Thread Group 1-80
2021-05-05 20:17:16,921 INFO o.a.j.t.JMeterThread: Thread started: Thread Group 1-81
2021-05-05 20:17:19,921 INFO o.a.j.t.JMeterThread: Thread started: Thread Group 1-82
2021-05-05 20:17:22,922 INFO o.a.j.t.JMeterThread: Thread started: Thread Group 1-83
2021-05-05 20:17:25,922 INFO o.a.j.t.JMeterThread: Thread started: Thread Group 1-84
2021-05-05 20:17:28,921 INFO o.a.j.t.JMeterThread: Thread started: Thread Group 1-85
2021-05-05 20:17:30,015 INFO o.a.j.r.Summariser: summary +    931 in 00:00:30 =   31.0/s Avg:  1054 Min:   978 Max:  1206 Err:     0 (0.00%) Active: 85 Started: 85 Finished: 0
2021-05-05 20:17:30,015 INFO o.a.j.r.Summariser: summary =   4720 in 00:04:13 =   18.6/s Avg:   764 Min:   338 Max:  1206 Err:     0 (0.00%)
2021-05-05 20:17:31,921 INFO o.a.j.t.JMeterThread: Thread started: Thread Group 1-86
2021-05-05 20:17:34,923 INFO o.a.j.t.JMeterThread: Thread started: Thread Group 1-87
2021-05-05 20:17:37,921 INFO o.a.j.t.JMeterThread: Thread started: Thread Group 1-88
2021-05-05 20:17:40,922 INFO o.a.j.t.JMeterThread: Thread started: Thread Group 1-89
2021-05-05 20:17:43,922 INFO o.a.j.t.JMeterThread: Thread started: Thread Group 1-90
2021-05-05 20:17:46,921 INFO o.a.j.t.JMeterThread: Thread started: Thread Group 1-91
2021-05-05 20:17:49,922 INFO o.a.j.t.JMeterThread: Thread started: Thread Group 1-92
2021-05-05 20:17:52,922 INFO o.a.j.t.JMeterThread: Thread started: Thread Group 1-93
2021-05-05 20:17:55,921 INFO o.a.j.t.JMeterThread: Thread started: Thread Group 1-94
2021-05-05 20:17:58,922 INFO o.a.j.t.JMeterThread: Thread started: Thread Group 1-95
2021-05-05 20:18:00,020 INFO o.a.j.r.Summariser: summary +    997 in 00:00:30 =   33.2/s Avg:  1186 Min:  1104 Max:  1407 Err:     0 (0.00%) Active: 95 Started: 95 Finished: 0
2021-05-05 20:18:00,021 INFO o.a.j.r.Summariser: summary =   5717 in 00:04:43 =   20.2/s Avg:   838 Min:   338 Max:  1407 Err:     0 (0.00%)
2021-05-05 20:18:01,921 INFO o.a.j.t.JMeterThread: Thread started: Thread Group 1-96
2021-05-05 20:18:04,921 INFO o.a.j.t.JMeterThread: Thread started: Thread Group 1-97
2021-05-05 20:18:07,923 INFO o.a.j.t.JMeterThread: Thread started: Thread Group 1-98
2021-05-05 20:18:10,922 INFO o.a.j.t.JMeterThread: Thread started: Thread Group 1-99
2021-05-05 20:18:13,922 INFO o.a.j.t.JMeterThread: Thread started: Thread Group 1-100
2021-05-05 20:18:16,924 INFO o.a.j.t.JMeterThread: Thread started: Thread Group 1-101
2021-05-05 20:18:19,924 INFO o.a.j.t.JMeterThread: Thread started: Thread Group 1-102
2021-05-05 20:18:22,923 INFO o.a.j.t.JMeterThread: Thread started: Thread Group 1-103
2021-05-05 20:18:25,921 INFO o.a.j.t.JMeterThread: Thread started: Thread Group 1-104
2021-05-05 20:18:28,921 INFO o.a.j.t.JMeterThread: Thread started: Thread Group 1-105
2021-05-05 20:18:30,005 INFO o.a.j.r.Summariser: summary +   1054 in 00:00:30 =   35.2/s Avg:  1324 Min:  1239 Max:  1629 Err:     0 (0.00%) Active: 105 Started: 105 Finished: 0
2021-05-05 20:18:30,006 INFO o.a.j.r.Summariser: summary =   6771 in 00:05:13 =   21.6/s Avg:   914 Min:   338 Max:  1629 Err:     0 (0.00%)
2021-05-05 20:18:31,922 INFO o.a.j.t.JMeterThread: Thread started: Thread Group 1-106
2021-05-05 20:18:34,921 INFO o.a.j.t.JMeterThread: Thread started: Thread Group 1-107
2021-05-05 20:18:37,921 INFO o.a.j.t.JMeterThread: Thread started: Thread Group 1-108
2021-05-05 20:18:40,922 INFO o.a.j.t.JMeterThread: Thread started: Thread Group 1-109
2021-05-05 20:18:43,922 INFO o.a.j.t.JMeterThread: Thread started: Thread Group 1-110
2021-05-05 20:18:46,921 INFO o.a.j.t.JMeterThread: Thread started: Thread Group 1-111
2021-05-05 20:18:49,921 INFO o.a.j.t.JMeterThread: Thread started: Thread Group 1-112
2021-05-05 20:18:52,922 INFO o.a.j.t.JMeterThread: Thread started: Thread Group 1-113
2021-05-05 20:18:55,921 INFO o.a.j.t.JMeterThread: Thread started: Thread Group 1-114
2021-05-05 20:18:58,922 INFO o.a.j.t.JMeterThread: Thread started: Thread Group 1-115
2021-05-05 20:19:00,007 INFO o.a.j.r.Summariser: summary +   1105 in 00:00:30 =   36.8/s Avg:  1461 Min:  1346 Max:  1604 Err:     0 (0.00%) Active: 115 Started: 115 Finished: 0
2021-05-05 20:19:00,007 INFO o.a.j.r.Summariser: summary =   7876 in 00:05:43 =   23.0/s Avg:   990 Min:   338 Max:  1629 Err:     0 (0.00%)
2021-05-05 20:19:01,921 INFO o.a.j.t.JMeterThread: Thread started: Thread Group 1-116
2021-05-05 20:19:04,921 INFO o.a.j.t.JMeterThread: Thread started: Thread Group 1-117
2021-05-05 20:19:07,921 INFO o.a.j.t.JMeterThread: Thread started: Thread Group 1-118
2021-05-05 20:19:10,921 INFO o.a.j.t.JMeterThread: Thread started: Thread Group 1-119
2021-05-05 20:19:13,922 INFO o.a.j.t.JMeterThread: Thread started: Thread Group 1-120
2021-05-05 20:19:16,922 INFO o.a.j.t.JMeterThread: Thread started: Thread Group 1-121
2021-05-05 20:19:19,922 INFO o.a.j.t.JMeterThread: Thread started: Thread Group 1-122
2021-05-05 20:19:22,922 INFO o.a.j.t.JMeterThread: Thread started: Thread Group 1-123
2021-05-05 20:19:25,921 INFO o.a.j.t.JMeterThread: Thread started: Thread Group 1-124
2021-05-05 20:19:28,921 INFO o.a.j.t.JMeterThread: Thread started: Thread Group 1-125
2021-05-05 20:19:30,005 INFO o.a.j.r.Summariser: summary +   1150 in 00:00:30 =   38.3/s Avg:  1602 Min:  1496 Max:  1722 Err:     0 (0.00%) Active: 125 Started: 125 Finished: 0
2021-05-05 20:19:30,006 INFO o.a.j.r.Summariser: summary =   9026 in 00:06:13 =   24.2/s Avg:  1068 Min:   338 Max:  1722 Err:     0 (0.00%)
2021-05-05 20:19:31,921 INFO o.a.j.t.JMeterThread: Thread started: Thread Group 1-126
2021-05-05 20:19:34,923 INFO o.a.j.t.JMeterThread: Thread started: Thread Group 1-127
2021-05-05 20:19:37,922 INFO o.a.j.t.JMeterThread: Thread started: Thread Group 1-128
2021-05-05 20:19:40,921 INFO o.a.j.t.JMeterThread: Thread started: Thread Group 1-129
2021-05-05 20:19:43,921 INFO o.a.j.t.JMeterThread: Thread started: Thread Group 1-130
2021-05-05 20:19:46,921 INFO o.a.j.t.JMeterThread: Thread started: Thread Group 1-131
2021-05-05 20:19:49,921 INFO o.a.j.t.JMeterThread: Thread started: Thread Group 1-132
2021-05-05 20:19:52,921 INFO o.a.j.t.JMeterThread: Thread started: Thread Group 1-133
2021-05-05 20:19:55,923 INFO o.a.j.t.JMeterThread: Thread started: Thread Group 1-134
2021-05-05 20:19:58,922 INFO o.a.j.t.JMeterThread: Thread started: Thread Group 1-135
2021-05-05 20:20:00,023 INFO o.a.j.r.Summariser: summary +   1195 in 00:00:30 =   39.8/s Avg:  1742 Min:  1593 Max:  1912 Err:     0 (0.00%) Active: 135 Started: 135 Finished: 0
2021-05-05 20:20:00,023 INFO o.a.j.r.Summariser: summary =  10221 in 00:06:43 =   25.4/s Avg:  1147 Min:   338 Max:  1912 Err:     0 (0.00%)
2021-05-05 20:20:01,921 INFO o.a.j.t.JMeterThread: Thread started: Thread Group 1-136
2021-05-05 20:20:04,921 INFO o.a.j.t.JMeterThread: Thread started: Thread Group 1-137
2021-05-05 20:20:07,921 INFO o.a.j.t.JMeterThread: Thread started: Thread Group 1-138
2021-05-05 20:20:10,921 INFO o.a.j.t.JMeterThread: Thread started: Thread Group 1-139
2021-05-05 20:20:13,921 INFO o.a.j.t.JMeterThread: Thread started: Thread Group 1-140
2021-05-05 20:20:16,921 INFO o.a.j.t.JMeterThread: Thread started: Thread Group 1-141
2021-05-05 20:20:19,922 INFO o.a.j.t.JMeterThread: Thread started: Thread Group 1-142
2021-05-05 20:20:22,921 INFO o.a.j.t.JMeterThread: Thread started: Thread Group 1-143
2021-05-05 20:20:25,921 INFO o.a.j.t.JMeterThread: Thread started: Thread Group 1-144
2021-05-05 20:20:28,921 INFO o.a.j.t.JMeterThread: Thread started: Thread Group 1-145
2021-05-05 20:20:30,005 INFO o.a.j.r.Summariser: summary +   1232 in 00:00:30 =   41.1/s Avg:  1882 Min:  1790 Max:  1994 Err:     0 (0.00%) Active: 145 Started: 145 Finished: 0
2021-05-05 20:20:30,006 INFO o.a.j.r.Summariser: summary =  11453 in 00:07:13 =   26.4/s Avg:  1226 Min:   338 Max:  1994 Err:     0 (0.00%)
2021-05-05 20:20:31,921 INFO o.a.j.t.JMeterThread: Thread started: Thread Group 1-146
2021-05-05 20:20:34,922 INFO o.a.j.t.JMeterThread: Thread started: Thread Group 1-147
2021-05-05 20:20:37,921 INFO o.a.j.t.JMeterThread: Thread started: Thread Group 1-148
2021-05-05 20:20:40,922 INFO o.a.j.t.JMeterThread: Thread started: Thread Group 1-149
2021-05-05 20:20:43,922 INFO o.a.j.t.JMeterThread: Thread started: Thread Group 1-150
2021-05-05 20:20:46,921 INFO o.a.j.t.JMeterThread: Thread started: Thread Group 1-151
2021-05-05 20:20:49,921 INFO o.a.j.t.JMeterThread: Thread started: Thread Group 1-152
2021-05-05 20:20:52,921 INFO o.a.j.t.JMeterThread: Thread started: Thread Group 1-153
2021-05-05 20:20:55,921 INFO o.a.j.t.JMeterThread: Thread started: Thread Group 1-154
2021-05-05 20:20:58,921 INFO o.a.j.t.JMeterThread: Thread started: Thread Group 1-155
2021-05-05 20:21:00,008 INFO o.a.j.r.Summariser: summary +   1267 in 00:00:30 =   42.2/s Avg:  2023 Min:  1880 Max:  2243 Err:     0 (0.00%) Active: 155 Started: 155 Finished: 0
2021-05-05 20:21:00,008 INFO o.a.j.r.Summariser: summary =  12720 in 00:07:43 =   27.5/s Avg:  1306 Min:   338 Max:  2243 Err:     0 (0.00%)
2021-05-05 20:21:01,922 INFO o.a.j.t.JMeterThread: Thread started: Thread Group 1-156
2021-05-05 20:21:04,922 INFO o.a.j.t.JMeterThread: Thread started: Thread Group 1-157
2021-05-05 20:21:07,922 INFO o.a.j.t.JMeterThread: Thread started: Thread Group 1-158
2021-05-05 20:21:10,921 INFO o.a.j.t.JMeterThread: Thread started: Thread Group 1-159
2021-05-05 20:21:13,921 INFO o.a.j.t.JMeterThread: Thread started: Thread Group 1-160
2021-05-05 20:21:16,921 INFO o.a.j.t.JMeterThread: Thread started: Thread Group 1-161
2021-05-05 20:21:19,921 INFO o.a.j.t.JMeterThread: Thread started: Thread Group 1-162
2021-05-05 20:21:22,921 INFO o.a.j.t.JMeterThread: Thread started: Thread Group 1-163
2021-05-05 20:21:23,371 INFO o.a.j.t.JMeterThread: Shutdown Test detected by thread: Thread Group 1-89
2021-05-05 20:21:23,372 INFO o.a.j.t.JMeterThread: Thread finished: Thread Group 1-89
2021-05-05 20:21:23,374 INFO o.a.j.t.JMeterThread: Stopping: Thread Group 1-152
2021-05-05 20:21:23,374 INFO o.a.j.t.JMeterThread: Stopping: Thread Group 1-143
2021-05-05 20:21:23,375 INFO o.a.j.t.JMeterThread: Stopping: Thread Group 1-177
2021-05-05 20:21:23,375 INFO o.a.j.t.JMeterThread: Stopping: Thread Group 1-97
2021-05-05 20:21:23,375 INFO o.a.j.t.JMeterThread: Stopping: Thread Group 1-88
2021-05-05 20:21:23,375 INFO o.a.j.t.JMeterThread: Stopping: Thread Group 1-48
2021-05-05 20:21:23,375 INFO o.a.j.t.JMeterThread: Stopping: Thread Group 1-147
2021-05-05 20:21:23,375 INFO o.a.j.t.JMeterThread: Stopping: Thread Group 1-130
2021-05-05 20:21:23,375 INFO o.a.j.t.JMeterThread: Stopping: Thread Group 1-135
2021-05-05 20:21:23,375 INFO o.a.j.t.JMeterThread: Stopping: Thread Group 1-171
2021-05-05 20:21:23,375 INFO o.a.j.t.JMeterThread: Stopping: Thread Group 1-161
2021-05-05 20:21:23,375 INFO o.a.j.t.JMeterThread: Stopping: Thread Group 1-108
2021-05-05 20:21:23,375 INFO o.a.j.t.JMeterThread: Stopping: Thread Group 1-40
2021-05-05 20:21:23,375 INFO o.a.j.t.JMeterThread: Stopping: Thread Group 1-82
2021-05-05 20:21:23,376 INFO o.a.j.t.JMeterThread: Stopping: Thread Group 1-118
2021-05-05 20:21:23,376 INFO o.a.j.t.JMeterThread: Stopping: Thread Group 1-93
2021-05-05 20:21:23,376 INFO o.a.j.t.JMeterThread: Stopping: Thread Group 1-145
2021-05-05 20:21:23,376 INFO o.a.j.t.JMeterThread: Stopping: Thread Group 1-149
2021-05-05 20:21:23,376 INFO o.a.j.t.JMeterThread: Stopping: Thread Group 1-71
2021-05-05 20:21:23,376 INFO o.a.j.t.JMeterThread: Stopping: Thread Group 1-146
2021-05-05 20:21:23,376 INFO o.a.j.t.JMeterThread: Stopping: Thread Group 1-62
2021-05-05 20:21:23,376 INFO o.a.j.t.JMeterThread: Stopping: Thread Group 1-141
2021-05-05 20:21:23,377 INFO o.a.j.t.JMeterThread: Stopping: Thread Group 1-184
2021-05-05 20:21:23,377 INFO o.a.j.t.JMeterThread: Stopping: Thread Group 1-115
2021-05-05 20:21:23,377 INFO o.a.j.t.JMeterThread: Stopping: Thread Group 1-129
2021-05-05 20:21:23,377 INFO o.a.j.t.JMeterThread: Stopping: Thread Group 1-21
2021-05-05 20:21:23,377 INFO o.a.j.t.JMeterThread: Stopping: Thread Group 1-160
2021-05-05 20:21:23,377 INFO o.a.j.t.JMeterThread: Stopping: Thread Group 1-199
2021-05-05 20:21:23,377 INFO o.a.j.t.JMeterThread: Stopping: Thread Group 1-26
2021-05-05 20:21:23,378 INFO o.a.j.t.JMeterThread: Stopping: Thread Group 1-87
2021-05-05 20:21:23,378 INFO o.a.j.t.JMeterThread: Stopping: Thread Group 1-36
2021-05-05 20:21:23,378 INFO o.a.j.t.JMeterThread: Stopping: Thread Group 1-49
2021-05-05 20:21:23,378 INFO o.a.j.t.JMeterThread: Stopping: Thread Group 1-96
2021-05-05 20:21:23,378 INFO o.a.j.t.JMeterThread: Stopping: Thread Group 1-24
2021-05-05 20:21:23,378 INFO o.a.j.t.JMeterThread: Stopping: Thread Group 1-10
2021-05-05 20:21:23,378 INFO o.a.j.t.JMeterThread: Stopping: Thread Group 1-13
2021-05-05 20:21:23,378 INFO o.a.j.t.JMeterThread: Stopping: Thread Group 1-2
2021-05-05 20:21:23,378 INFO o.a.j.t.JMeterThread: Stopping: Thread Group 1-187
2021-05-05 20:21:23,378 INFO o.a.j.t.JMeterThread: Stopping: Thread Group 1-43
2021-05-05 20:21:23,378 INFO o.a.j.t.JMeterThread: Stopping: Thread Group 1-137
2021-05-05 20:21:23,379 INFO o.a.j.t.JMeterThread: Stopping: Thread Group 1-99
2021-05-05 20:21:23,379 INFO o.a.j.t.JMeterThread: Stopping: Thread Group 1-197
2021-05-05 20:21:23,379 INFO o.a.j.t.JMeterThread: Stopping: Thread Group 1-64
2021-05-05 20:21:23,379 INFO o.a.j.t.JMeterThread: Stopping: Thread Group 1-37
2021-05-05 20:21:23,379 INFO o.a.j.t.JMeterThread: Stopping: Thread Group 1-142
2021-05-05 20:21:23,379 INFO o.a.j.t.JMeterThread: Stopping: Thread Group 1-169
2021-05-05 20:21:23,379 INFO o.a.j.t.JMeterThread: Stopping: Thread Group 1-127
2021-05-05 20:21:23,379 INFO o.a.j.t.JMeterThread: Stopping: Thread Group 1-25
2021-05-05 20:21:23,379 INFO o.a.j.t.JMeterThread: Stopping: Thread Group 1-119
2021-05-05 20:21:23,379 INFO o.a.j.t.JMeterThread: Stopping: Thread Group 1-16
2021-05-05 20:21:23,380 INFO o.a.j.t.JMeterThread: Stopping: Thread Group 1-144
2021-05-05 20:21:23,380 INFO o.a.j.t.JMeterThread: Stopping: Thread Group 1-126
2021-05-05 20:21:23,380 INFO o.a.j.t.JMeterThread: Stopping: Thread Group 1-81
2021-05-05 20:21:23,380 INFO o.a.j.t.JMeterThread: Stopping: Thread Group 1-77
2021-05-05 20:21:23,380 INFO o.a.j.t.JMeterThread: Stopping: Thread Group 1-158
2021-05-05 20:21:23,380 INFO o.a.j.t.JMeterThread: Stopping: Thread Group 1-154
2021-05-05 20:21:23,380 INFO o.a.j.t.JMeterThread: Stopping: Thread Group 1-181
2021-05-05 20:21:23,381 INFO o.a.j.t.JMeterThread: Stopping: Thread Group 1-11
2021-05-05 20:21:23,381 INFO o.a.j.t.JMeterThread: Stopping: Thread Group 1-112
2021-05-05 20:21:23,381 INFO o.a.j.t.JMeterThread: Stopping: Thread Group 1-174
2021-05-05 20:21:23,381 INFO o.a.j.t.JMeterThread: Stopping: Thread Group 1-193
2021-05-05 20:21:23,381 INFO o.a.j.t.JMeterThread: Stopping: Thread Group 1-151
2021-05-05 20:21:23,381 INFO o.a.j.t.JMeterThread: Stopping: Thread Group 1-140
2021-05-05 20:21:23,381 INFO o.a.j.t.JMeterThread: Stopping: Thread Group 1-20
2021-05-05 20:21:23,381 INFO o.a.j.t.JMeterThread: Stopping: Thread Group 1-124
2021-05-05 20:21:23,382 INFO o.a.j.t.JMeterThread: Stopping: Thread Group 1-4
2021-05-05 20:21:23,382 INFO o.a.j.t.JMeterThread: Stopping: Thread Group 1-95
2021-05-05 20:21:23,382 INFO o.a.j.t.JMeterThread: Stopping: Thread Group 1-19
2021-05-05 20:21:23,382 INFO o.a.j.t.JMeterThread: Stopping: Thread Group 1-41
2021-05-05 20:21:23,382 INFO o.a.j.t.JMeterThread: Stopping: Thread Group 1-65
2021-05-05 20:21:23,382 INFO o.a.j.t.JMeterThread: Stopping: Thread Group 1-116
2021-05-05 20:21:23,382 INFO o.a.j.t.JMeterThread: Stopping: Thread Group 1-165
2021-05-05 20:21:23,383 INFO o.a.j.t.JMeterThread: Stopping: Thread Group 1-34
2021-05-05 20:21:23,383 INFO o.a.j.t.JMeterThread: Stopping: Thread Group 1-52
2021-05-05 20:21:23,383 INFO o.a.j.t.JMeterThread: Stopping: Thread Group 1-76
2021-05-05 20:21:23,383 INFO o.a.j.t.JMeterThread: Stopping: Thread Group 1-138
2021-05-05 20:21:23,383 INFO o.a.j.t.JMeterThread: Stopping: Thread Group 1-179
2021-05-05 20:21:23,383 INFO o.a.j.t.JMeterThread: Stopping: Thread Group 1-35
2021-05-05 20:21:23,383 INFO o.a.j.t.JMeterThread: Shutdown Test detected by thread: Thread Group 1-100
2021-05-05 20:21:23,383 INFO o.a.j.t.JMeterThread: Stopping: Thread Group 1-63
2021-05-05 20:21:23,383 INFO o.a.j.t.JMeterThread: Stopping: Thread Group 1-109
2021-05-05 20:21:23,384 INFO o.a.j.t.JMeterThread: Stopping: Thread Group 1-59
2021-05-05 20:21:23,384 INFO o.a.j.t.JMeterThread: Thread finished: Thread Group 1-100
2021-05-05 20:21:23,384 INFO o.a.j.t.JMeterThread: Stopping: Thread Group 1-39
2021-05-05 20:21:23,384 INFO o.a.j.t.JMeterThread: Stopping: Thread Group 1-55
2021-05-05 20:21:23,384 INFO o.a.j.t.JMeterThread: Stopping: Thread Group 1-98
2021-05-05 20:21:23,384 INFO o.a.j.t.JMeterThread: Stopping: Thread Group 1-122
2021-05-05 20:21:23,384 INFO o.a.j.t.JMeterThread: Stopping: Thread Group 1-170
2021-05-05 20:21:23,384 INFO o.a.j.t.JMeterThread: Stopping: Thread Group 1-114
2021-05-05 20:21:23,385 INFO o.a.j.t.JMeterThread: Stopping: Thread Group 1-155
2021-05-05 20:21:23,385 INFO o.a.j.t.JMeterThread: Stopping: Thread Group 1-192
2021-05-05 20:21:23,385 INFO o.a.j.t.JMeterThread: Stopping: Thread Group 1-56
2021-05-05 20:21:23,385 INFO o.a.j.t.JMeterThread: Stopping: Thread Group 1-125
2021-05-05 20:21:23,385 INFO o.a.j.t.JMeterThread: Stopping: Thread Group 1-50
2021-05-05 20:21:23,385 INFO o.a.j.t.JMeterThread: Stopping: Thread Group 1-183
2021-05-05 20:21:23,385 INFO o.a.j.t.JMeterThread: Stopping: Thread Group 1-75
2021-05-05 20:21:23,385 INFO o.a.j.t.JMeterThread: Stopping: Thread Group 1-80
2021-05-05 20:21:23,386 INFO o.a.j.t.JMeterThread: Stopping: Thread Group 1-131
2021-05-05 20:21:23,386 INFO o.a.j.t.JMeterThread: Stopping: Thread Group 1-83
2021-05-05 20:21:23,386 INFO o.a.j.t.JMeterThread: Stopping: Thread Group 1-84
2021-05-05 20:21:23,386 INFO o.a.j.t.JMeterThread: Stopping: Thread Group 1-182
2021-05-05 20:21:23,386 INFO o.a.j.t.JMeterThread: Stopping: Thread Group 1-159
2021-05-05 20:21:23,386 INFO o.a.j.t.JMeterThread: Stopping: Thread Group 1-186
2021-05-05 20:21:23,386 INFO o.a.j.t.JMeterThread: Stopping: Thread Group 1-91
2021-05-05 20:21:23,386 INFO o.a.j.t.JMeterThread: Stopping: Thread Group 1-121
2021-05-05 20:21:23,387 INFO o.a.j.t.JMeterThread: Stopping: Thread Group 1-195
2021-05-05 20:21:23,387 INFO o.a.j.t.JMeterThread: Stopping: Thread Group 1-120
2021-05-05 20:21:23,387 INFO o.a.j.t.JMeterThread: Stopping: Thread Group 1-85
2021-05-05 20:21:23,387 INFO o.a.j.t.JMeterThread: Stopping: Thread Group 1-113
2021-05-05 20:21:23,387 INFO o.a.j.t.JMeterThread: Stopping: Thread Group 1-164
2021-05-05 20:21:23,387 INFO o.a.j.t.JMeterThread: Stopping: Thread Group 1-94
2021-05-05 20:21:23,387 INFO o.a.j.t.JMeterThread: Stopping: Thread Group 1-136
2021-05-05 20:21:23,387 INFO o.a.j.t.JMeterThread: Stopping: Thread Group 1-128
2021-05-05 20:21:23,388 INFO o.a.j.t.JMeterThread: Stopping: Thread Group 1-42
2021-05-05 20:21:23,388 INFO o.a.j.t.JMeterThread: Stopping: Thread Group 1-23
2021-05-05 20:21:23,388 INFO o.a.j.t.JMeterThread: Stopping: Thread Group 1-189
2021-05-05 20:21:23,388 INFO o.a.j.t.JMeterThread: Stopping: Thread Group 1-110
2021-05-05 20:21:23,388 INFO o.a.j.t.JMeterThread: Stopping: Thread Group 1-156
2021-05-05 20:21:23,388 INFO o.a.j.t.JMeterThread: Stopping: Thread Group 1-7
2021-05-05 20:21:23,388 INFO o.a.j.t.JMeterThread: Stopping: Thread Group 1-86
2021-05-05 20:21:23,389 INFO o.a.j.t.JMeterThread: Stopping: Thread Group 1-172
2021-05-05 20:21:23,389 INFO o.a.j.t.JMeterThread: Stopping: Thread Group 1-148
2021-05-05 20:21:23,389 INFO o.a.j.t.JMeterThread: Stopping: Thread Group 1-198
2021-05-05 20:21:23,389 INFO o.a.j.t.JMeterThread: Stopping: Thread Group 1-70
2021-05-05 20:21:23,389 INFO o.a.j.t.JMeterThread: Stopping: Thread Group 1-162
2021-05-05 20:21:23,389 INFO o.a.j.t.JMeterThread: Stopping: Thread Group 1-168
2021-05-05 20:21:23,389 INFO o.a.j.t.JMeterThread: Stopping: Thread Group 1-175
2021-05-05 20:21:23,389 INFO o.a.j.t.JMeterThread: Stopping: Thread Group 1-69
2021-05-05 20:21:23,390 INFO o.a.j.t.JMeterThread: Stopping: Thread Group 1-74
2021-05-05 20:21:23,390 INFO o.a.j.t.JMeterThread: Stopping: Thread Group 1-194
2021-05-05 20:21:23,390 INFO o.a.j.t.JMeterThread: Stopping: Thread Group 1-106
2021-05-05 20:21:23,390 INFO o.a.j.t.JMeterThread: Stopping: Thread Group 1-17
2021-05-05 20:21:23,390 INFO o.a.j.t.JMeterThread: Stopping: Thread Group 1-90
2021-05-05 20:21:23,390 INFO o.a.j.t.JMeterThread: Stopping: Thread Group 1-178
2021-05-05 20:21:23,390 INFO o.a.j.t.JMeterThread: Stopping: Thread Group 1-51
2021-05-05 20:21:23,390 INFO o.a.j.t.JMeterThread: Stopping: Thread Group 1-157
2021-05-05 20:21:23,390 INFO o.a.j.t.JMeterThread: Stopping: Thread Group 1-101
2021-05-05 20:21:23,391 INFO o.a.j.t.JMeterThread: Stopping: Thread Group 1-166
2021-05-05 20:21:23,391 INFO o.a.j.t.JMeterThread: Stopping: Thread Group 1-67
2021-05-05 20:21:23,391 INFO o.a.j.t.JMeterThread: Stopping: Thread Group 1-68
2021-05-05 20:21:23,391 INFO o.a.j.t.JMeterThread: Stopping: Thread Group 1-123
2021-05-05 20:21:23,391 INFO o.a.j.t.JMeterThread: Stopping: Thread Group 1-163
2021-05-05 20:21:23,391 INFO o.a.j.t.JMeterThread: Stopping: Thread Group 1-105
2021-05-05 20:21:23,391 INFO o.a.j.t.JMeterThread: Stopping: Thread Group 1-8
2021-05-05 20:21:23,391 INFO o.a.j.t.JMeterThread: Stopping: Thread Group 1-180
2021-05-05 20:21:23,391 INFO o.a.j.t.JMeterThread: Stopping: Thread Group 1-134
2021-05-05 20:21:23,391 INFO o.a.j.t.JMeterThread: Stopping: Thread Group 1-12
2021-05-05 20:21:23,392 INFO o.a.j.t.JMeterThread: Stopping: Thread Group 1-45
2021-05-05 20:21:23,392 INFO o.a.j.t.JMeterThread: Stopping: Thread Group 1-32
2021-05-05 20:21:23,392 INFO o.a.j.t.JMeterThread: Thread finished: Thread Group 1-51
2021-05-05 20:21:23,392 INFO o.a.j.t.JMeterThread: Stopping: Thread Group 1-1
2021-05-05 20:21:23,392 INFO o.a.j.t.JMeterThread: Stopping: Thread Group 1-33
2021-05-05 20:21:23,392 INFO o.a.j.t.JMeterThread: Stopping: Thread Group 1-196
2021-05-05 20:21:23,392 INFO o.a.j.t.JMeterThread: Stopping: Thread Group 1-79
2021-05-05 20:21:23,392 INFO o.a.j.t.JMeterThread: Stopping: Thread Group 1-111
2021-05-05 20:21:23,392 INFO o.a.j.t.JMeterThread: Stopping: Thread Group 1-173
2021-05-05 20:21:23,392 INFO o.a.j.t.JMeterThread: Stopping: Thread Group 1-3
2021-05-05 20:21:23,393 INFO o.a.j.t.JMeterThread: Stopping: Thread Group 1-200
2021-05-05 20:21:23,393 INFO o.a.j.t.JMeterThread: Stopping: Thread Group 1-9
2021-05-05 20:21:23,393 INFO o.a.j.t.JMeterThread: Stopping: Thread Group 1-58
2021-05-05 20:21:23,393 INFO o.a.j.t.JMeterThread: Stopping: Thread Group 1-104
2021-05-05 20:21:23,393 INFO o.a.j.t.JMeterThread: Stopping: Thread Group 1-190
2021-05-05 20:21:23,393 INFO o.a.j.t.JMeterThread: Stopping: Thread Group 1-54
2021-05-05 20:21:23,393 INFO o.a.j.t.JMeterThread: Stopping: Thread Group 1-15
2021-05-05 20:21:23,393 INFO o.a.j.t.JMeterThread: Stopping: Thread Group 1-139
2021-05-05 20:21:23,393 INFO o.a.j.t.JMeterThread: Stopping: Thread Group 1-92
2021-05-05 20:21:23,393 INFO o.a.j.t.JMeterThread: Stopping: Thread Group 1-73
2021-05-05 20:21:23,393 INFO o.a.j.t.JMeterThread: Stopping: Thread Group 1-132
2021-05-05 20:21:23,394 INFO o.a.j.t.JMeterThread: Stopping: Thread Group 1-150
2021-05-05 20:21:23,394 INFO o.a.j.t.JMeterThread: Stopping: Thread Group 1-78
2021-05-05 20:21:23,394 INFO o.a.j.t.JMeterThread: Stopping: Thread Group 1-103
2021-05-05 20:21:23,394 INFO o.a.j.t.JMeterThread: Stopping: Thread Group 1-46
2021-05-05 20:21:23,394 INFO o.a.j.t.JMeterThread: Stopping: Thread Group 1-133
2021-05-05 20:21:23,394 INFO o.a.j.t.JMeterThread: Stopping: Thread Group 1-185
2021-05-05 20:21:23,394 INFO o.a.j.t.JMeterThread: Stopping: Thread Group 1-31
2021-05-05 20:21:23,394 INFO o.a.j.t.JMeterThread: Stopping: Thread Group 1-30
2021-05-05 20:21:23,394 INFO o.a.j.t.JMeterThread: Stopping: Thread Group 1-5
2021-05-05 20:21:23,394 INFO o.a.j.t.JMeterThread: Stopping: Thread Group 1-188
2021-05-05 20:21:23,394 INFO o.a.j.t.JMeterThread: Stopping: Thread Group 1-6
2021-05-05 20:21:23,394 INFO o.a.j.t.JMeterThread: Stopping: Thread Group 1-27
2021-05-05 20:21:23,394 INFO o.a.j.t.JMeterThread: Stopping: Thread Group 1-57
2021-05-05 20:21:23,395 INFO o.a.j.t.JMeterThread: Stopping: Thread Group 1-167
2021-05-05 20:21:23,395 INFO o.a.j.t.JMeterThread: Stopping: Thread Group 1-66
2021-05-05 20:21:23,395 INFO o.a.j.t.JMeterThread: Stopping: Thread Group 1-18
2021-05-05 20:21:23,395 INFO o.a.j.t.JMeterThread: Stopping: Thread Group 1-28
2021-05-05 20:21:23,395 INFO o.a.j.t.JMeterThread: Stopping: Thread Group 1-72
2021-05-05 20:21:23,395 INFO o.a.j.t.JMeterThread: Stopping: Thread Group 1-102
2021-05-05 20:21:23,395 INFO o.a.j.t.JMeterThread: Stopping: Thread Group 1-153
2021-05-05 20:21:23,395 INFO o.a.j.t.JMeterThread: Stopping: Thread Group 1-60
2021-05-05 20:21:23,396 INFO o.a.j.t.JMeterThread: Stopping: Thread Group 1-61
2021-05-05 20:21:23,396 INFO o.a.j.t.JMeterThread: Stopping: Thread Group 1-38
2021-05-05 20:21:23,396 INFO o.a.j.t.JMeterThread: Stopping: Thread Group 1-47
2021-05-05 20:21:23,396 INFO o.a.j.t.JMeterThread: Stopping: Thread Group 1-53
2021-05-05 20:21:23,396 INFO o.a.j.t.JMeterThread: Stopping: Thread Group 1-14
2021-05-05 20:21:23,396 INFO o.a.j.t.JMeterThread: Stopping: Thread Group 1-107
2021-05-05 20:21:23,396 INFO o.a.j.t.JMeterThread: Stopping: Thread Group 1-191
2021-05-05 20:21:23,396 INFO o.a.j.t.JMeterThread: Stopping: Thread Group 1-29
2021-05-05 20:21:23,397 INFO o.a.j.t.JMeterThread: Stopping: Thread Group 1-22
2021-05-05 20:21:23,397 INFO o.a.j.t.JMeterThread: Stopping: Thread Group 1-44
2021-05-05 20:21:23,397 INFO o.a.j.t.JMeterThread: Stopping: Thread Group 1-117
2021-05-05 20:21:23,397 INFO o.a.j.t.JMeterThread: Stopping: Thread Group 1-176
2021-05-05 20:21:23,400 INFO o.a.j.t.JMeterThread: Shutdown Test detected by thread: Thread Group 1-49
2021-05-05 20:21:23,400 INFO o.a.j.t.JMeterThread: Thread finished: Thread Group 1-49
2021-05-05 20:21:23,403 INFO o.a.j.t.JMeterThread: Thread finished: Thread Group 1-75
2021-05-05 20:21:23,405 INFO o.a.j.t.JMeterThread: Shutdown Test detected by thread: Thread Group 1-24
2021-05-05 20:21:23,405 INFO o.a.j.t.JMeterThread: Thread finished: Thread Group 1-24
2021-05-05 20:21:23,407 INFO o.a.j.t.JMeterThread: Thread finished: Thread Group 1-104
2021-05-05 20:21:23,417 INFO o.a.j.t.JMeterThread: Thread finished: Thread Group 1-36
2021-05-05 20:21:23,430 INFO o.a.j.t.JMeterThread: Shutdown Test detected by thread: Thread Group 1-123
2021-05-05 20:21:23,431 INFO o.a.j.t.JMeterThread: Thread finished: Thread Group 1-123
2021-05-05 20:21:23,432 INFO o.a.j.t.JMeterThread: Thread finished: Thread Group 1-86
2021-05-05 20:21:23,433 INFO o.a.j.t.JMeterThread: Thread finished: Thread Group 1-145
2021-05-05 20:21:23,451 INFO o.a.j.t.JMeterThread: Thread finished: Thread Group 1-1
2021-05-05 20:21:23,452 INFO o.a.j.t.JMeterThread: Thread finished: Thread Group 1-131
2021-05-05 20:21:23,467 INFO o.a.j.t.JMeterThread: Thread finished: Thread Group 1-70
2021-05-05 20:21:23,467 INFO o.a.j.t.JMeterThread: Thread finished: Thread Group 1-71
2021-05-05 20:21:23,469 INFO o.a.j.t.JMeterThread: Shutdown Test detected by thread: Thread Group 1-12
2021-05-05 20:21:23,469 INFO o.a.j.t.JMeterThread: Thread finished: Thread Group 1-12
2021-05-05 20:21:23,475 INFO o.a.j.t.JMeterThread: Thread finished: Thread Group 1-25
2021-05-05 20:21:23,479 INFO o.a.j.t.JMeterThread: Shutdown Test detected by thread: Thread Group 1-139
2021-05-05 20:21:23,479 INFO o.a.j.t.JMeterThread: Thread finished: Thread Group 1-139
2021-05-05 20:21:23,485 INFO o.a.j.t.JMeterThread: Thread finished: Thread Group 1-155
2021-05-05 20:21:23,486 INFO o.a.j.t.JMeterThread: Shutdown Test detected by thread: Thread Group 1-19
2021-05-05 20:21:23,486 INFO o.a.j.t.JMeterThread: Thread finished: Thread Group 1-19
2021-05-05 20:21:23,498 INFO o.a.j.t.JMeterThread: Thread finished: Thread Group 1-63
2021-05-05 20:21:23,501 INFO o.a.j.t.JMeterThread: Shutdown Test detected by thread: Thread Group 1-39
2021-05-05 20:21:23,501 INFO o.a.j.t.JMeterThread: Thread finished: Thread Group 1-39
2021-05-05 20:21:23,503 INFO o.a.j.t.JMeterThread: Thread finished: Thread Group 1-87
2021-05-05 20:21:23,514 INFO o.a.j.t.JMeterThread: Shutdown Test detected by thread: Thread Group 1-81
2021-05-05 20:21:23,514 INFO o.a.j.t.JMeterThread: Thread finished: Thread Group 1-81
2021-05-05 20:21:23,525 INFO o.a.j.t.JMeterThread: Thread finished: Thread Group 1-98
2021-05-05 20:21:23,528 INFO o.a.j.t.JMeterThread: Thread finished: Thread Group 1-66
2021-05-05 20:21:23,530 INFO o.a.j.t.JMeterThread: Thread finished: Thread Group 1-82
2021-05-05 20:21:23,542 INFO o.a.j.t.JMeterThread: Thread finished: Thread Group 1-53
2021-05-05 20:21:23,544 INFO o.a.j.t.JMeterThread: Thread finished: Thread Group 1-41
2021-05-05 20:21:23,561 INFO o.a.j.t.JMeterThread: Thread finished: Thread Group 1-97
2021-05-05 20:21:23,565 INFO o.a.j.t.JMeterThread: Thread finished: Thread Group 1-56
2021-05-05 20:21:23,591 INFO o.a.j.t.JMeterThread: Thread finished: Thread Group 1-154
2021-05-05 20:21:23,596 INFO o.a.j.t.JMeterThread: Thread finished: Thread Group 1-95
2021-05-05 20:21:23,612 INFO o.a.j.t.JMeterThread: Thread finished: Thread Group 1-102
2021-05-05 20:21:23,627 INFO o.a.j.t.JMeterThread: Thread finished: Thread Group 1-4
2021-05-05 20:21:23,640 INFO o.a.j.t.JMeterThread: Thread finished: Thread Group 1-59
2021-05-05 20:21:23,648 INFO o.a.j.t.JMeterThread: Thread finished: Thread Group 1-60
2021-05-05 20:21:23,662 INFO o.a.j.t.JMeterThread: Thread finished: Thread Group 1-44
2021-05-05 20:21:23,667 INFO o.a.j.t.JMeterThread: Thread finished: Thread Group 1-94
2021-05-05 20:21:23,682 INFO o.a.j.t.JMeterThread: Thread finished: Thread Group 1-72
2021-05-05 20:21:23,688 INFO o.a.j.t.JMeterThread: Thread finished: Thread Group 1-54
2021-05-05 20:21:23,694 INFO o.a.j.t.JMeterThread: Thread finished: Thread Group 1-5
2021-05-05 20:21:23,705 INFO o.a.j.t.JMeterThread: Thread finished: Thread Group 1-45
2021-05-05 20:21:23,717 INFO o.a.j.t.JMeterThread: Thread finished: Thread Group 1-128
2021-05-05 20:21:23,728 INFO o.a.j.t.JMeterThread: Thread finished: Thread Group 1-15
2021-05-05 20:21:23,734 INFO o.a.j.t.JMeterThread: Thread finished: Thread Group 1-76
2021-05-05 20:21:23,745 INFO o.a.j.t.JMeterThread: Thread finished: Thread Group 1-17
2021-05-05 20:21:23,749 INFO o.a.j.t.JMeterThread: Thread finished: Thread Group 1-149
2021-05-05 20:21:23,758 INFO o.a.j.t.JMeterThread: Thread finished: Thread Group 1-35
2021-05-05 20:21:23,770 INFO o.a.j.t.JMeterThread: Thread finished: Thread Group 1-141
2021-05-05 20:21:23,790 INFO o.a.j.t.JMeterThread: Thread finished: Thread Group 1-68
2021-05-05 20:21:23,802 INFO o.a.j.t.JMeterThread: Thread finished: Thread Group 1-74
2021-05-05 20:21:23,807 INFO o.a.j.t.JMeterThread: Thread finished: Thread Group 1-46
2021-05-05 20:21:23,830 INFO o.a.j.t.JMeterThread: Thread finished: Thread Group 1-99
2021-05-05 20:21:23,831 INFO o.a.j.t.JMeterThread: Thread finished: Thread Group 1-93
2021-05-05 20:21:23,848 INFO o.a.j.t.JMeterThread: Thread finished: Thread Group 1-129
2021-05-05 20:21:23,858 INFO o.a.j.t.JMeterThread: Thread finished: Thread Group 1-132
2021-05-05 20:21:23,858 INFO o.a.j.t.JMeterThread: Thread finished: Thread Group 1-146
2021-05-05 20:21:23,880 INFO o.a.j.t.JMeterThread: Thread finished: Thread Group 1-101
2021-05-05 20:21:23,888 INFO o.a.j.t.JMeterThread: Thread finished: Thread Group 1-50
2021-05-05 20:21:23,894 INFO o.a.j.t.JMeterThread: Thread finished: Thread Group 1-124
2021-05-05 20:21:23,911 INFO o.a.j.t.JMeterThread: Thread finished: Thread Group 1-22
2021-05-05 20:21:23,915 INFO o.a.j.t.JMeterThread: Thread finished: Thread Group 1-9
2021-05-05 20:21:23,933 INFO o.a.j.t.JMeterThread: Thread finished: Thread Group 1-37
2021-05-05 20:21:23,949 INFO o.a.j.t.JMeterThread: Thread finished: Thread Group 1-38
2021-05-05 20:21:23,951 INFO o.a.j.t.JMeterThread: Thread finished: Thread Group 1-137
2021-05-05 20:21:23,968 INFO o.a.j.t.JMeterThread: Thread finished: Thread Group 1-13
2021-05-05 20:21:23,973 INFO o.a.j.t.JMeterThread: Thread finished: Thread Group 1-125
2021-05-05 20:21:23,995 INFO o.a.j.t.JMeterThread: Thread finished: Thread Group 1-90
2021-05-05 20:21:24,006 INFO o.a.j.t.JMeterThread: Thread finished: Thread Group 1-133
2021-05-05 20:21:24,007 INFO o.a.j.t.JMeterThread: Thread started: Thread Group 1-165
2021-05-05 20:21:24,007 INFO o.a.j.t.JMeterThread: Thread finished: Thread Group 1-165
2021-05-05 20:21:24,007 INFO o.a.j.t.JMeterThread: Thread started: Thread Group 1-167
2021-05-05 20:21:24,007 INFO o.a.j.t.JMeterThread: Thread finished: Thread Group 1-167
2021-05-05 20:21:24,010 INFO o.a.j.t.JMeterThread: Thread started: Thread Group 1-164
2021-05-05 20:21:24,010 INFO o.a.j.t.JMeterThread: Thread started: Thread Group 1-168
2021-05-05 20:21:24,010 INFO o.a.j.t.JMeterThread: Thread finished: Thread Group 1-164
2021-05-05 20:21:24,010 INFO o.a.j.t.JMeterThread: Thread finished: Thread Group 1-168
2021-05-05 20:21:24,011 INFO o.a.j.t.JMeterThread: Thread started: Thread Group 1-178
2021-05-05 20:21:24,011 INFO o.a.j.t.JMeterThread: Thread finished: Thread Group 1-178
2021-05-05 20:21:24,011 INFO o.a.j.t.JMeterThread: Thread started: Thread Group 1-170
2021-05-05 20:21:24,011 INFO o.a.j.t.JMeterThread: Thread finished: Thread Group 1-170
2021-05-05 20:21:24,012 INFO o.a.j.t.JMeterThread: Thread started: Thread Group 1-171
2021-05-05 20:21:24,012 INFO o.a.j.t.JMeterThread: Thread finished: Thread Group 1-171
2021-05-05 20:21:24,013 INFO o.a.j.t.JMeterThread: Thread finished: Thread Group 1-14
2021-05-05 20:21:24,013 INFO o.a.j.t.JMeterThread: Thread started: Thread Group 1-166
2021-05-05 20:21:24,014 INFO o.a.j.t.JMeterThread: Thread finished: Thread Group 1-166
2021-05-05 20:21:24,014 INFO o.a.j.t.JMeterThread: Thread started: Thread Group 1-175
2021-05-05 20:21:24,014 INFO o.a.j.t.JMeterThread: Thread started: Thread Group 1-177
2021-05-05 20:21:24,014 INFO o.a.j.t.JMeterThread: Thread finished: Thread Group 1-175
2021-05-05 20:21:24,014 INFO o.a.j.t.JMeterThread: Thread finished: Thread Group 1-177
2021-05-05 20:21:24,017 INFO o.a.j.t.JMeterThread: Thread started: Thread Group 1-183
2021-05-05 20:21:24,017 INFO o.a.j.t.JMeterThread: Thread started: Thread Group 1-180
2021-05-05 20:21:24,017 INFO o.a.j.t.JMeterThread: Thread started: Thread Group 1-181
2021-05-05 20:21:24,017 INFO o.a.j.t.JMeterThread: Thread started: Thread Group 1-184
2021-05-05 20:21:24,017 INFO o.a.j.t.JMeterThread: Thread started: Thread Group 1-169
2021-05-05 20:21:24,017 INFO o.a.j.t.JMeterThread: Thread finished: Thread Group 1-183
2021-05-05 20:21:24,017 INFO o.a.j.t.JMeterThread: Thread finished: Thread Group 1-181
2021-05-05 20:21:24,017 INFO o.a.j.t.JMeterThread: Thread finished: Thread Group 1-169
2021-05-05 20:21:24,017 INFO o.a.j.t.JMeterThread: Thread finished: Thread Group 1-180
2021-05-05 20:21:24,017 INFO o.a.j.t.JMeterThread: Thread finished: Thread Group 1-184
2021-05-05 20:21:24,018 INFO o.a.j.t.JMeterThread: Thread started: Thread Group 1-174
2021-05-05 20:21:24,018 INFO o.a.j.t.JMeterThread: Thread started: Thread Group 1-176
2021-05-05 20:21:24,018 INFO o.a.j.t.JMeterThread: Thread finished: Thread Group 1-176
2021-05-05 20:21:24,018 INFO o.a.j.t.JMeterThread: Thread finished: Thread Group 1-174
2021-05-05 20:21:24,020 INFO o.a.j.t.JMeterThread: Thread started: Thread Group 1-188
2021-05-05 20:21:24,020 INFO o.a.j.t.JMeterThread: Thread finished: Thread Group 1-188
2021-05-05 20:21:24,020 INFO o.a.j.t.JMeterThread: Thread started: Thread Group 1-186
2021-05-05 20:21:24,020 INFO o.a.j.t.JMeterThread: Thread finished: Thread Group 1-186
2021-05-05 20:21:24,020 INFO o.a.j.t.JMeterThread: Thread started: Thread Group 1-185
2021-05-05 20:21:24,020 INFO o.a.j.t.JMeterThread: Thread started: Thread Group 1-187
2021-05-05 20:21:24,021 INFO o.a.j.t.JMeterThread: Thread finished: Thread Group 1-185
2021-05-05 20:21:24,021 INFO o.a.j.t.JMeterThread: Thread finished: Thread Group 1-187
2021-05-05 20:21:24,021 INFO o.a.j.t.JMeterThread: Thread started: Thread Group 1-197
2021-05-05 20:21:24,021 INFO o.a.j.t.JMeterThread: Thread started: Thread Group 1-190
2021-05-05 20:21:24,021 INFO o.a.j.t.JMeterThread: Thread finished: Thread Group 1-197
2021-05-05 20:21:24,021 INFO o.a.j.t.JMeterThread: Thread finished: Thread Group 1-190
2021-05-05 20:21:24,021 INFO o.a.j.t.JMeterThread: Thread started: Thread Group 1-196
2021-05-05 20:21:24,021 INFO o.a.j.t.JMeterThread: Thread started: Thread Group 1-192
2021-05-05 20:21:24,021 INFO o.a.j.t.JMeterThread: Thread finished: Thread Group 1-196
2021-05-05 20:21:24,021 INFO o.a.j.t.JMeterThread: Thread started: Thread Group 1-198
2021-05-05 20:21:24,022 INFO o.a.j.t.JMeterThread: Thread finished: Thread Group 1-198
2021-05-05 20:21:24,021 INFO o.a.j.t.JMeterThread: Thread started: Thread Group 1-199
2021-05-05 20:21:24,022 INFO o.a.j.t.JMeterThread: Thread finished: Thread Group 1-199
2021-05-05 20:21:24,022 INFO o.a.j.t.JMeterThread: Thread finished: Thread Group 1-192
2021-05-05 20:21:24,022 INFO o.a.j.t.JMeterThread: Thread started: Thread Group 1-173
2021-05-05 20:21:24,022 INFO o.a.j.t.JMeterThread: Thread started: Thread Group 1-182
2021-05-05 20:21:24,022 INFO o.a.j.t.JMeterThread: Thread started: Thread Group 1-179
2021-05-05 20:21:24,022 INFO o.a.j.t.JMeterThread: Thread started: Thread Group 1-172
2021-05-05 20:21:24,022 INFO o.a.j.t.JMeterThread: Thread finished: Thread Group 1-173
2021-05-05 20:21:24,022 INFO o.a.j.t.JMeterThread: Thread finished: Thread Group 1-182
2021-05-05 20:21:24,022 INFO o.a.j.t.JMeterThread: Thread finished: Thread Group 1-179
2021-05-05 20:21:24,023 INFO o.a.j.t.JMeterThread: Thread finished: Thread Group 1-172
2021-05-05 20:21:24,023 INFO o.a.j.t.JMeterThread: Thread finished: Thread Group 1-7
2021-05-05 20:21:24,027 INFO o.a.j.t.JMeterThread: Thread started: Thread Group 1-191
2021-05-05 20:21:24,027 INFO o.a.j.t.JMeterThread: Thread finished: Thread Group 1-191
2021-05-05 20:21:24,030 INFO o.a.j.t.JMeterThread: Thread started: Thread Group 1-193
2021-05-05 20:21:24,030 INFO o.a.j.t.JMeterThread: Thread started: Thread Group 1-189
2021-05-05 20:21:24,030 INFO o.a.j.t.JMeterThread: Thread finished: Thread Group 1-193
2021-05-05 20:21:24,030 INFO o.a.j.t.JMeterThread: Thread finished: Thread Group 1-189
2021-05-05 20:21:24,030 INFO o.a.j.t.JMeterThread: Thread started: Thread Group 1-194
2021-05-05 20:21:24,030 INFO o.a.j.t.JMeterThread: Thread started: Thread Group 1-200
2021-05-05 20:21:24,030 INFO o.a.j.t.JMeterThread: Thread finished: Thread Group 1-194
2021-05-05 20:21:24,031 INFO o.a.j.t.JMeterThread: Thread finished: Thread Group 1-200
2021-05-05 20:21:24,030 INFO o.a.j.t.JMeterThread: Thread started: Thread Group 1-195
2021-05-05 20:21:24,031 INFO o.a.j.t.JMeterThread: Thread finished: Thread Group 1-195
2021-05-05 20:21:24,031 INFO o.a.j.t.JMeterThread: Thread finished: Thread Group 1-156
2021-05-05 20:21:24,045 INFO o.a.j.t.JMeterThread: Thread finished: Thread Group 1-30
2021-05-05 20:21:24,074 INFO o.a.j.t.JMeterThread: Thread finished: Thread Group 1-40
2021-05-05 20:21:24,078 INFO o.a.j.t.JMeterThread: Thread finished: Thread Group 1-88
2021-05-05 20:21:24,091 INFO o.a.j.t.JMeterThread: Thread finished: Thread Group 1-20
2021-05-05 20:21:24,095 INFO o.a.j.t.JMeterThread: Thread finished: Thread Group 1-126
2021-05-05 20:21:24,112 INFO o.a.j.t.JMeterThread: Thread finished: Thread Group 1-103
2021-05-05 20:21:24,115 INFO o.a.j.t.JMeterThread: Thread finished: Thread Group 1-79
2021-05-05 20:21:24,135 INFO o.a.j.t.JMeterThread: Thread finished: Thread Group 1-147
2021-05-05 20:21:24,137 INFO o.a.j.t.JMeterThread: Thread finished: Thread Group 1-142
2021-05-05 20:21:24,151 INFO o.a.j.t.JMeterThread: Thread finished: Thread Group 1-32
2021-05-05 20:21:24,160 INFO o.a.j.t.JMeterThread: Thread finished: Thread Group 1-62
2021-05-05 20:21:24,173 INFO o.a.j.t.JMeterThread: Thread finished: Thread Group 1-140
2021-05-05 20:21:24,183 INFO o.a.j.t.JMeterThread: Thread finished: Thread Group 1-112
2021-05-05 20:21:24,195 INFO o.a.j.t.JMeterThread: Thread finished: Thread Group 1-64
2021-05-05 20:21:24,219 INFO o.a.j.t.JMeterThread: Thread finished: Thread Group 1-127
2021-05-05 20:21:24,234 INFO o.a.j.t.JMeterThread: Thread finished: Thread Group 1-8
2021-05-05 20:21:24,237 INFO o.a.j.t.JMeterThread: Thread finished: Thread Group 1-23
2021-05-05 20:21:24,250 INFO o.a.j.t.JMeterThread: Thread finished: Thread Group 1-57
2021-05-05 20:21:24,252 INFO o.a.j.t.JMeterThread: Thread finished: Thread Group 1-47
2021-05-05 20:21:24,270 INFO o.a.j.t.JMeterThread: Thread finished: Thread Group 1-21
2021-05-05 20:21:24,276 INFO o.a.j.t.JMeterThread: Thread finished: Thread Group 1-150
2021-05-05 20:21:24,280 INFO o.a.j.t.JMeterThread: Thread finished: Thread Group 1-159
2021-05-05 20:21:24,300 INFO o.a.j.t.JMeterThread: Thread finished: Thread Group 1-138
2021-05-05 20:21:24,302 INFO o.a.j.t.JMeterThread: Thread finished: Thread Group 1-114
2021-05-05 20:21:24,323 INFO o.a.j.t.JMeterThread: Thread finished: Thread Group 1-77
2021-05-05 20:21:24,323 INFO o.a.j.t.JMeterThread: Thread finished: Thread Group 1-3
2021-05-05 20:21:24,342 INFO o.a.j.t.JMeterThread: Thread finished: Thread Group 1-16
2021-05-05 20:21:24,357 INFO o.a.j.t.JMeterThread: Thread finished: Thread Group 1-85
2021-05-05 20:21:24,388 INFO o.a.j.t.JMeterThread: Thread finished: Thread Group 1-65
2021-05-05 20:21:24,422 INFO o.a.j.t.JMeterThread: Thread finished: Thread Group 1-163
2021-05-05 20:21:24,435 INFO o.a.j.t.JMeterThread: Thread finished: Thread Group 1-143
2021-05-05 20:21:24,467 INFO o.a.j.t.JMeterThread: Thread finished: Thread Group 1-111
2021-05-05 20:21:24,491 INFO o.a.j.t.JMeterThread: Thread finished: Thread Group 1-11
2021-05-05 20:21:24,523 INFO o.a.j.t.JMeterThread: Thread finished: Thread Group 1-42
2021-05-05 20:21:24,543 INFO o.a.j.t.JMeterThread: Thread finished: Thread Group 1-31
2021-05-05 20:21:24,581 INFO o.a.j.t.JMeterThread: Thread finished: Thread Group 1-113
2021-05-05 20:21:24,597 INFO o.a.j.t.JMeterThread: Thread finished: Thread Group 1-160
2021-05-05 20:21:24,614 INFO o.a.j.t.JMeterThread: Thread finished: Thread Group 1-134
2021-05-05 20:21:24,639 INFO o.a.j.t.JMeterThread: Thread finished: Thread Group 1-110
2021-05-05 20:21:24,667 INFO o.a.j.t.JMeterThread: Thread finished: Thread Group 1-18
2021-05-05 20:21:24,694 INFO o.a.j.t.JMeterThread: Thread finished: Thread Group 1-43
2021-05-05 20:21:24,702 INFO o.a.j.t.JMeterThread: Thread finished: Thread Group 1-115
2021-05-05 20:21:24,715 INFO o.a.j.t.JMeterThread: Thread finished: Thread Group 1-10
2021-05-05 20:21:24,724 INFO o.a.j.t.JMeterThread: Thread finished: Thread Group 1-92
2021-05-05 20:21:24,733 INFO o.a.j.t.JMeterThread: Thread finished: Thread Group 1-28
2021-05-05 20:21:24,752 INFO o.a.j.t.JMeterThread: Thread finished: Thread Group 1-148
2021-05-05 20:21:24,754 INFO o.a.j.t.JMeterThread: Thread finished: Thread Group 1-80
2021-05-05 20:21:24,758 INFO o.a.j.t.JMeterThread: Thread finished: Thread Group 1-55
2021-05-05 20:21:24,778 INFO o.a.j.t.JMeterThread: Thread finished: Thread Group 1-162
2021-05-05 20:21:24,793 INFO o.a.j.t.JMeterThread: Thread finished: Thread Group 1-48
2021-05-05 20:21:24,805 INFO o.a.j.t.JMeterThread: Thread finished: Thread Group 1-26
2021-05-05 20:21:24,810 INFO o.a.j.t.JMeterThread: Thread finished: Thread Group 1-109
2021-05-05 20:21:24,821 INFO o.a.j.t.JMeterThread: Thread finished: Thread Group 1-161
2021-05-05 20:21:24,831 INFO o.a.j.t.JMeterThread: Thread finished: Thread Group 1-157
2021-05-05 20:21:24,833 INFO o.a.j.t.JMeterThread: Thread finished: Thread Group 1-130
2021-05-05 20:21:24,851 INFO o.a.j.t.JMeterThread: Thread finished: Thread Group 1-34
2021-05-05 20:21:24,854 INFO o.a.j.t.JMeterThread: Thread finished: Thread Group 1-117
2021-05-05 20:21:24,874 INFO o.a.j.t.JMeterThread: Thread finished: Thread Group 1-2
2021-05-05 20:21:24,892 INFO o.a.j.t.JMeterThread: Thread finished: Thread Group 1-116
2021-05-05 20:21:24,926 INFO o.a.j.t.JMeterThread: Thread finished: Thread Group 1-108
2021-05-05 20:21:24,964 INFO o.a.j.t.JMeterThread: Thread finished: Thread Group 1-84
2021-05-05 20:21:24,987 INFO o.a.j.t.JMeterThread: Thread finished: Thread Group 1-69
2021-05-05 20:21:25,025 INFO o.a.j.t.JMeterThread: Thread finished: Thread Group 1-151
2021-05-05 20:21:25,049 INFO o.a.j.t.JMeterThread: Thread finished: Thread Group 1-144
2021-05-05 20:21:25,085 INFO o.a.j.t.JMeterThread: Thread finished: Thread Group 1-135
2021-05-05 20:21:25,123 INFO o.a.j.t.JMeterThread: Thread finished: Thread Group 1-107
2021-05-05 20:21:25,152 INFO o.a.j.t.JMeterThread: Thread finished: Thread Group 1-33
2021-05-05 20:21:25,191 INFO o.a.j.t.JMeterThread: Thread finished: Thread Group 1-106
2021-05-05 20:21:25,230 INFO o.a.j.t.JMeterThread: Thread finished: Thread Group 1-27
2021-05-05 20:21:25,251 INFO o.a.j.t.JMeterThread: Thread finished: Thread Group 1-29
2021-05-05 20:21:25,283 INFO o.a.j.t.JMeterThread: Thread finished: Thread Group 1-73
2021-05-05 20:21:25,335 INFO o.a.j.t.JMeterThread: Thread finished: Thread Group 1-122
2021-05-05 20:21:25,373 INFO o.a.j.t.JMeterThread: Thread finished: Thread Group 1-83
2021-05-05 20:21:25,391 INFO o.a.j.t.JMeterThread: Thread finished: Thread Group 1-121
2021-05-05 20:21:25,415 INFO o.a.j.t.JMeterThread: Thread finished: Thread Group 1-120
2021-05-05 20:21:25,447 INFO o.a.j.t.JMeterThread: Thread finished: Thread Group 1-52
2021-05-05 20:21:25,486 INFO o.a.j.t.JMeterThread: Thread finished: Thread Group 1-58
2021-05-05 20:21:25,519 INFO o.a.j.t.JMeterThread: Thread finished: Thread Group 1-105
2021-05-05 20:21:25,558 INFO o.a.j.t.JMeterThread: Thread finished: Thread Group 1-91
2021-05-05 20:21:25,587 INFO o.a.j.t.JMeterThread: Thread finished: Thread Group 1-6
2021-05-05 20:21:25,628 INFO o.a.j.t.JMeterThread: Thread finished: Thread Group 1-136
2021-05-05 20:21:25,663 INFO o.a.j.t.JMeterThread: Thread finished: Thread Group 1-118
2021-05-05 20:21:25,691 INFO o.a.j.t.JMeterThread: Thread finished: Thread Group 1-119
2021-05-05 20:21:25,731 INFO o.a.j.t.JMeterThread: Thread finished: Thread Group 1-78
2021-05-05 20:21:26,052 INFO o.a.j.t.JMeterThread: Thread finished: Thread Group 1-96
2021-05-05 20:21:26,093 INFO o.a.j.t.JMeterThread: Thread finished: Thread Group 1-158
2021-05-05 20:21:26,125 INFO o.a.j.t.JMeterThread: Thread finished: Thread Group 1-153
2021-05-05 20:21:26,159 INFO o.a.j.t.JMeterThread: Thread finished: Thread Group 1-61
2021-05-05 20:21:26,210 INFO o.a.j.t.JMeterThread: Thread finished: Thread Group 1-152
2021-05-05 20:21:26,233 INFO o.a.j.t.JMeterThread: Thread finished: Thread Group 1-67
2021-05-05 20:21:26,234 INFO o.a.j.e.StandardJMeterEngine: Notifying test listeners of end of test
2021-05-05 20:21:26,235 INFO o.a.j.r.Summariser: summary +   1093 in 00:00:26 =   41.7/s Avg:  2194 Min:   139 Max:  4942 Err:    10 (0.91%) Active: 0 Started: 200 Finished: 200
2021-05-05 20:21:26,235 INFO o.a.j.r.Summariser: summary =  13813 in 00:08:09 =   28.2/s Avg:  1376 Min:   139 Max:  4942 Err:    10 (0.07%)
2021-05-05 20:21:26,235 INFO o.a.j.JMeter: Generating Dashboard
2021-05-05 20:21:26,235 INFO o.a.j.r.d.ReportGenerator: Flushing result collector before report Generation
2021-05-05 20:21:26,245 INFO o.a.j.r.p.NormalizerSampleConsumer: Using format, 'ms', to parse timeStamp field
2021-05-05 20:21:26,804 INFO o.a.j.r.p.AbstractSampleConsumer: class org.apache.jmeter.report.processor.AggregateConsumer#stopProducing(): beginDate produced 0 samples
2021-05-05 20:21:26,804 INFO o.a.j.r.p.AbstractSampleConsumer: class org.apache.jmeter.report.processor.AggregateConsumer#stopProducing(): endDate produced 0 samples
2021-05-05 20:21:26,806 INFO o.a.j.r.p.AbstractSampleConsumer: class org.apache.jmeter.report.processor.ApdexSummaryConsumer#stopProducing(): apdexSummary produced 0 samples
2021-05-05 20:21:26,806 INFO o.a.j.r.p.AbstractSampleConsumer: class org.apache.jmeter.report.processor.RequestsSummaryConsumer#stopProducing(): requestsSummary produced 0 samples
2021-05-05 20:21:26,816 INFO o.a.j.r.p.AbstractSampleConsumer: class org.apache.jmeter.report.processor.StatisticsSummaryConsumer#stopProducing(): statisticsSummary produced 0 samples
2021-05-05 20:21:26,820 INFO o.a.j.r.p.AbstractSampleConsumer: class org.apache.jmeter.report.processor.Top5ErrorsBySamplerConsumer#stopProducing(): top5ErrorsBySampler produced 0 samples
2021-05-05 20:21:26,820 INFO o.a.j.r.p.AbstractSampleConsumer: class org.apache.jmeter.report.processor.ErrorsSummaryConsumer#stopProducing(): errorsSummary produced 0 samples
2021-05-05 20:21:26,820 INFO o.a.j.r.p.AbstractSampleConsumer: class org.apache.jmeter.report.processor.graph.impl.HitsPerSecondGraphConsumer#stopProducing(): hitsPerSecond produced 0 samples
2021-05-05 20:21:26,940 INFO o.a.j.r.p.AbstractSampleConsumer: class org.apache.jmeter.report.processor.graph.impl.LatencyVSRequestGraphConsumer#stopProducing(): latencyVsRequest produced 0 samples
2021-05-05 20:21:26,942 INFO o.a.j.r.p.AbstractSampleConsumer: class org.apache.jmeter.report.processor.graph.impl.SyntheticResponseTimeDistributionGraphConsumer#stopProducing(): syntheticResponseTimeDistribution produced 0 samples
2021-05-05 20:21:26,942 INFO o.a.j.r.p.AbstractSampleConsumer: class org.apache.jmeter.report.processor.graph.impl.BytesThroughputGraphConsumer#stopProducing(): bytesThroughputOverTime produced 0 samples
2021-05-05 20:21:26,943 INFO o.a.j.r.p.AbstractSampleConsumer: class org.apache.jmeter.report.processor.graph.impl.CodesPerSecondGraphConsumer#stopProducing(): codesPerSecond produced 0 samples
2021-05-05 20:21:27,038 INFO o.a.j.r.p.AbstractSampleConsumer: class org.apache.jmeter.report.processor.graph.impl.ResponseTimeVSRequestGraphConsumer#stopProducing(): responseTimeVsRequest produced 0 samples
2021-05-05 20:21:27,040 INFO o.a.j.r.p.AbstractSampleConsumer: class org.apache.jmeter.report.processor.FilterConsumer#stopProducing(): startIntervalControlerFilter produced 96691 samples
2021-05-05 20:21:27,040 INFO o.a.j.r.p.AbstractSampleConsumer: class org.apache.jmeter.report.processor.graph.impl.TotalTPSGraphConsumer#stopProducing(): totalTPS produced 0 samples
2021-05-05 20:21:27,040 INFO o.a.j.r.p.AbstractSampleConsumer: class org.apache.jmeter.report.processor.graph.impl.ActiveThreadsGraphConsumer#stopProducing(): activeThreadsOverTime produced 0 samples
2021-05-05 20:21:27,041 INFO o.a.j.r.p.AbstractSampleConsumer: class org.apache.jmeter.report.processor.graph.impl.TimeVSThreadGraphConsumer#stopProducing(): timeVsThreads produced 0 samples
2021-05-05 20:21:27,041 INFO o.a.j.r.p.AbstractSampleConsumer: class org.apache.jmeter.report.processor.graph.impl.ResponseTimeDistributionGraphConsumer#stopProducing(): responseTimeDistribution produced 0 samples
2021-05-05 20:21:27,042 INFO o.a.j.r.p.AbstractSampleConsumer: class org.apache.jmeter.report.processor.graph.impl.TransactionsPerSecondGraphConsumer#stopProducing(): transactionsPerSecond produced 0 samples
2021-05-05 20:21:27,042 INFO o.a.j.r.p.AbstractSampleConsumer: class org.apache.jmeter.report.processor.graph.impl.ResponseTimePercentilesGraphConsumer#stopProducing(): responseTimePercentiles produced 0 samples
2021-05-05 20:21:27,051 INFO o.a.j.r.p.AbstractSampleConsumer: class org.apache.jmeter.report.processor.graph.impl.ResponseTimePercentilesOverTimeGraphConsumer#stopProducing(): responseTimePercentilesOverTime produced 0 samples
2021-05-05 20:21:27,068 INFO o.a.j.r.p.AbstractSampleConsumer: class org.apache.jmeter.report.processor.graph.impl.ResponseTimeOverTimeGraphConsumer#stopProducing(): responseTimesOverTime produced 0 samples
2021-05-05 20:21:27,069 INFO o.a.j.r.p.AbstractSampleConsumer: class org.apache.jmeter.report.processor.graph.impl.ConnectTimeOverTimeGraphConsumer#stopProducing(): connectTimeOverTime produced 0 samples
2021-05-05 20:21:27,070 INFO o.a.j.r.p.AbstractSampleConsumer: class org.apache.jmeter.report.processor.graph.impl.LatencyOverTimeGraphConsumer#stopProducing(): latenciesOverTime produced 0 samples
2021-05-05 20:21:27,070 INFO o.a.j.r.p.AbstractSampleConsumer: class org.apache.jmeter.report.processor.FilterConsumer#stopProducing(): nameFilter produced 207195 samples
2021-05-05 20:21:27,070 INFO o.a.j.r.p.AbstractSampleConsumer: class org.apache.jmeter.report.processor.FilterConsumer#stopProducing(): dateRangeFilter produced 41439 samples
2021-05-05 20:21:27,070 INFO o.a.j.r.p.AbstractSampleConsumer: class org.apache.jmeter.report.processor.NormalizerSampleConsumer#stopProducing(): normalizer produced 13813 samples
2021-05-05 20:21:27,071 INFO o.a.j.r.p.CsvFileSampleSource: produce(): 13813 samples produced in 808ms on channel 0
2021-05-05 20:21:27,071 INFO o.a.j.r.d.ReportGenerator: Exporting data using exporter:'json' of className:'org.apache.jmeter.report.dashboard.JsonExporter'
2021-05-05 20:21:27,152 INFO o.a.j.r.d.JsonExporter: Found data for consumer statisticsSummaryin context
2021-05-05 20:21:27,152 INFO o.a.j.r.d.JsonExporter: Creating statistics for overall
2021-05-05 20:21:27,152 INFO o.a.j.r.d.JsonExporter: Creating statistics for other transactions
2021-05-05 20:21:27,153 INFO o.a.j.r.d.JsonExporter: Checking output folder
2021-05-05 20:21:27,153 INFO o.a.j.r.d.JsonExporter: Writing statistics JSON to /hdd/homework/testing/lab4/stress2/out/statistics.json
2021-05-05 20:21:27,182 INFO o.a.j.r.d.ReportGenerator: Exporting data using exporter:'html' of className:'org.apache.jmeter.report.dashboard.HtmlTemplateExporter'
2021-05-05 20:21:27,184 INFO o.a.j.r.d.HtmlTemplateExporter: Will generate dashboard in folder: /hdd/homework/testing/lab4/stress2/out
2021-05-05 20:21:27,273 INFO o.a.j.r.d.HtmlTemplateExporter: Report will be generated in: /hdd/homework/testing/lab4/stress2/out, creating folder structure
2021-05-05 20:21:27,276 INFO o.a.j.r.d.TemplateVisitor: Copying folder from '/hdd/homework/testing/apache-jmeter-5.4.1/bin/report-template' to '/hdd/homework/testing/lab4/stress2/out', got message: /hdd/homework/testing/lab4/stress2/out, found non empty folder with following content [/hdd/homework/testing/lab4/stress2/out/statistics.json], will be ignored
2021-05-05 20:21:27,466 INFO o.a.j.JMeter: Dashboard generated
