2021-05-05 19:54:59,969 INFO o.a.j.u.JMeterUtils: Setting Locale to en_EN
2021-05-05 19:54:59,989 INFO o.a.j.JMeter: Loading user properties from: /hdd/homework/testing/apache-jmeter-5.4.1/bin/user.properties
2021-05-05 19:54:59,989 INFO o.a.j.JMeter: Loading system properties from: /hdd/homework/testing/apache-jmeter-5.4.1/bin/system.properties
2021-05-05 19:54:59,990 INFO o.a.j.JMeter: Loading additional properties from: ../jmeter.properties
2021-05-05 19:54:59,995 INFO o.a.j.JMeter: Copyright (c) 1998-2021 The Apache Software Foundation
2021-05-05 19:54:59,996 INFO o.a.j.JMeter: Version 5.4.1
2021-05-05 19:54:59,996 INFO o.a.j.JMeter: java.version=15.0.2
2021-05-05 19:54:59,996 INFO o.a.j.JMeter: java.vm.name=OpenJDK 64-Bit Server VM
2021-05-05 19:54:59,996 INFO o.a.j.JMeter: os.name=Linux
2021-05-05 19:54:59,996 INFO o.a.j.JMeter: os.arch=amd64
2021-05-05 19:54:59,996 INFO o.a.j.JMeter: os.version=5.4.114-1-MANJARO
2021-05-05 19:54:59,996 INFO o.a.j.JMeter: file.encoding=UTF-8
2021-05-05 19:54:59,996 INFO o.a.j.JMeter: java.awt.headless=true
2021-05-05 19:54:59,996 INFO o.a.j.JMeter: Max memory     =1073741824
2021-05-05 19:54:59,997 INFO o.a.j.JMeter: Available Processors =8
2021-05-05 19:55:00,007 INFO o.a.j.JMeter: Default Locale=English (EN)
2021-05-05 19:55:00,007 INFO o.a.j.JMeter: JMeter  Locale=English (EN)
2021-05-05 19:55:00,007 INFO o.a.j.JMeter: JMeterHome=/hdd/homework/testing/apache-jmeter-5.4.1
2021-05-05 19:55:00,007 INFO o.a.j.JMeter: user.dir  =/hdd/homework/testing/lab4/load2
2021-05-05 19:55:00,007 INFO o.a.j.JMeter: PWD       =/hdd/homework/testing/lab4/load2
2021-05-05 19:55:00,008 INFO o.a.j.JMeter: IP: 127.0.1.1 Name: asurkis-manjaro FullName: asurkis-manjaro
2021-05-05 19:55:00,012 INFO o.a.j.JMeter: Setting property 'jmeter.reportgenerator.outputdir' to:'/hdd/homework/testing/lab4/load2/out'
2021-05-05 19:55:00,015 INFO o.a.j.s.FileServer: Default base='/hdd/homework/testing/lab4/load2'
2021-05-05 19:55:00,016 INFO o.a.j.s.FileServer: Set new base='/hdd/homework/testing/lab4/load2'
2021-05-05 19:55:00,156 INFO o.a.j.s.SaveService: Testplan (JMX) version: 2.2. Testlog (JTL) version: 2.2
2021-05-05 19:55:00,182 INFO o.a.j.s.SaveService: Using SaveService properties version 5.0
2021-05-05 19:55:00,185 INFO o.a.j.s.SaveService: Using SaveService properties file encoding UTF-8
2021-05-05 19:55:00,188 INFO o.a.j.s.SaveService: Loading file: test.jmx
2021-05-05 19:55:00,226 INFO o.a.j.p.h.s.HTTPSamplerBase: Parser for text/html is org.apache.jmeter.protocol.http.parser.LagartoBasedHtmlParser
2021-05-05 19:55:00,227 INFO o.a.j.p.h.s.HTTPSamplerBase: Parser for application/xhtml+xml is org.apache.jmeter.protocol.http.parser.LagartoBasedHtmlParser
2021-05-05 19:55:00,227 INFO o.a.j.p.h.s.HTTPSamplerBase: Parser for application/xml is org.apache.jmeter.protocol.http.parser.LagartoBasedHtmlParser
2021-05-05 19:55:00,227 INFO o.a.j.p.h.s.HTTPSamplerBase: Parser for text/xml is org.apache.jmeter.protocol.http.parser.LagartoBasedHtmlParser
2021-05-05 19:55:00,227 INFO o.a.j.p.h.s.HTTPSamplerBase: Parser for text/vnd.wap.wml is org.apache.jmeter.protocol.http.parser.RegexpHTMLParser
2021-05-05 19:55:00,227 INFO o.a.j.p.h.s.HTTPSamplerBase: Parser for text/css is org.apache.jmeter.protocol.http.parser.CssParser
2021-05-05 19:55:00,237 INFO o.a.j.JMeter: Creating summariser <summary>
2021-05-05 19:55:00,243 INFO o.a.j.r.d.ReportGenerator: ReportGenerator will use for Parsing the separator: ','
2021-05-05 19:55:00,243 INFO o.a.j.r.d.ReportGenerator: Will generate report at end of test from  results file: samples.csv
2021-05-05 19:55:00,244 INFO o.a.j.r.d.ReportGenerator: Reading report generator properties from: /hdd/homework/testing/apache-jmeter-5.4.1/bin/reportgenerator.properties
2021-05-05 19:55:00,244 INFO o.a.j.r.d.ReportGenerator: Merging with JMeter properties
2021-05-05 19:55:00,248 INFO o.a.j.r.c.ReportGeneratorConfiguration: Property 'jmeter.reportgenerator.temp_dir' not found, using default value 'temp' instead.
2021-05-05 19:55:00,250 INFO o.a.j.r.c.ReportGeneratorConfiguration: Property 'jmeter.reportgenerator.apdex_per_transaction' not found, using default value 'null' instead.
2021-05-05 19:55:00,250 INFO o.a.j.r.c.ReportGeneratorConfiguration: apdex_per_transaction is empty, not APDEX per transaction customization
2021-05-05 19:55:00,250 INFO o.a.j.r.c.ReportGeneratorConfiguration: Property 'jmeter.reportgenerator.sample_filter' not found, using default value 'null' instead.
2021-05-05 19:55:00,251 INFO o.a.j.r.c.ReportGeneratorConfiguration: Property 'jmeter.reportgenerator.report_title' not found, using default value 'null' instead.
2021-05-05 19:55:00,251 INFO o.a.j.r.c.ReportGeneratorConfiguration: Property 'jmeter.reportgenerator.start_date' not found, using default value 'null' instead.
2021-05-05 19:55:00,251 INFO o.a.j.r.c.ReportGeneratorConfiguration: Property 'jmeter.reportgenerator.end_date' not found, using default value 'null' instead.
2021-05-05 19:55:00,251 INFO o.a.j.r.c.ReportGeneratorConfiguration: Property 'jmeter.reportgenerator.date_format' not found, using default value 'null' instead.
2021-05-05 19:55:00,252 INFO o.a.j.r.c.ReportGeneratorConfiguration: Will use date range start date: null, end date: null
2021-05-05 19:55:00,255 INFO o.a.j.r.c.ReportGeneratorConfiguration: Property 'jmeter.reportgenerator.graph.totalTPS.exclude_controllers' not found, using default value 'false' instead.
2021-05-05 19:55:00,256 INFO o.a.j.r.c.ReportGeneratorConfiguration: Property 'jmeter.reportgenerator.graph.activeThreadsOverTime.exclude_controllers' not found, using default value 'false' instead.
2021-05-05 19:55:00,256 INFO o.a.j.r.c.ReportGeneratorConfiguration: Property 'jmeter.reportgenerator.graph.timeVsThreads.exclude_controllers' not found, using default value 'false' instead.
2021-05-05 19:55:00,256 INFO o.a.j.r.c.ReportGeneratorConfiguration: Property 'jmeter.reportgenerator.graph.responseTimeDistribution.exclude_controllers' not found, using default value 'false' instead.
2021-05-05 19:55:00,256 INFO o.a.j.r.c.ReportGeneratorConfiguration: Property 'jmeter.reportgenerator.graph.transactionsPerSecond.exclude_controllers' not found, using default value 'false' instead.
2021-05-05 19:55:00,256 INFO o.a.j.r.c.ReportGeneratorConfiguration: Property 'jmeter.reportgenerator.graph.responseTimePercentiles.exclude_controllers' not found, using default value 'false' instead.
2021-05-05 19:55:00,256 INFO o.a.j.r.c.ReportGeneratorConfiguration: Property 'jmeter.reportgenerator.graph.responseTimePercentilesOverTime.exclude_controllers' not found, using default value 'false' instead.
2021-05-05 19:55:00,257 INFO o.a.j.r.c.ReportGeneratorConfiguration: Property 'jmeter.reportgenerator.graph.responseTimesOverTime.exclude_controllers' not found, using default value 'false' instead.
2021-05-05 19:55:00,257 INFO o.a.j.r.c.ReportGeneratorConfiguration: Property 'jmeter.reportgenerator.graph.connectTimeOverTime.exclude_controllers' not found, using default value 'false' instead.
2021-05-05 19:55:00,257 INFO o.a.j.r.c.ReportGeneratorConfiguration: Property 'jmeter.reportgenerator.graph.latenciesOverTime.exclude_controllers' not found, using default value 'false' instead.
2021-05-05 19:55:00,258 INFO o.a.j.r.c.ReportGeneratorConfiguration: Property 'jmeter.reportgenerator.exporter.json.filters_only_sample_series' not found, using default value 'true' instead.
2021-05-05 19:55:00,258 INFO o.a.j.r.c.ReportGeneratorConfiguration: Property 'jmeter.reportgenerator.exporter.json.series_filter' not found, using default value '' instead.
2021-05-05 19:55:00,258 INFO o.a.j.r.c.ReportGeneratorConfiguration: Property 'jmeter.reportgenerator.exporter.json.show_controllers_only' not found, using default value 'false' instead.
2021-05-05 19:55:00,259 INFO o.a.j.r.c.ReportGeneratorConfiguration: Property 'jmeter.reportgenerator.exporter.html.filters_only_sample_series' not found, using default value 'true' instead.
2021-05-05 19:55:00,259 INFO o.a.j.r.c.ReportGeneratorConfiguration: Property 'jmeter.reportgenerator.exporter.html.series_filter' not found, using default value '' instead.
2021-05-05 19:55:00,259 INFO o.a.j.r.c.ReportGeneratorConfiguration: Property 'jmeter.reportgenerator.exporter.html.show_controllers_only' not found, using default value 'false' instead.
2021-05-05 19:55:00,262 INFO o.a.j.e.StandardJMeterEngine: Running the test!
2021-05-05 19:55:00,263 INFO o.a.j.s.SampleEvent: List of sample_variables: []
2021-05-05 19:55:00,263 INFO o.a.j.s.SampleEvent: List of sample_variables: []
2021-05-05 19:55:00,266 INFO o.a.j.e.u.CompoundVariable: Note: Function class names must contain the string: '.functions.'
2021-05-05 19:55:00,266 INFO o.a.j.e.u.CompoundVariable: Note: Function class names must not contain the string: '.gui.'
2021-05-05 19:55:00,318 INFO o.a.j.JMeter: Running test (1620233700318)
2021-05-05 19:55:00,329 INFO o.a.j.e.StandardJMeterEngine: Starting ThreadGroup: 1 : Thread Group
2021-05-05 19:55:00,329 INFO o.a.j.e.StandardJMeterEngine: Starting 200 threads for group Thread Group.
2021-05-05 19:55:00,329 INFO o.a.j.e.StandardJMeterEngine: Test will stop on error
2021-05-05 19:55:00,329 INFO o.a.j.t.ThreadGroup: Starting thread group... number=1 threads=200 ramp-up=600 delayedStart=false
2021-05-05 19:55:00,335 INFO o.a.j.t.JMeterThread: Thread started: Thread Group 1-1
2021-05-05 19:55:00,398 INFO o.a.j.t.ThreadGroup: Started thread group number 1
2021-05-05 19:55:00,399 INFO o.a.j.e.StandardJMeterEngine: All thread groups have been started
2021-05-05 19:55:01,860 INFO o.a.j.p.h.s.HTTPHCAbstractImpl: Local host = asurkis-manjaro
2021-05-05 19:55:01,869 INFO o.a.j.p.h.s.HTTPHC4Impl: HTTP request retry count = 0
2021-05-05 19:55:01,871 INFO o.a.j.s.SampleResult: Note: Sample TimeStamps are START times
2021-05-05 19:55:01,872 INFO o.a.j.s.SampleResult: sampleresult.default.encoding is set to ISO-8859-1
2021-05-05 19:55:01,872 INFO o.a.j.s.SampleResult: sampleresult.useNanoTime=true
2021-05-05 19:55:01,872 INFO o.a.j.s.SampleResult: sampleresult.nanoThreadSleep=5000
2021-05-05 19:55:02,372 INFO o.a.j.r.Summariser: summary +      1 in 00:00:02 =    0.5/s Avg:   402 Min:   402 Max:   402 Err:     0 (0.00%) Active: 1 Started: 1 Finished: 0
2021-05-05 19:55:03,331 INFO o.a.j.t.JMeterThread: Thread started: Thread Group 1-2
2021-05-05 19:55:06,331 INFO o.a.j.t.JMeterThread: Thread started: Thread Group 1-3
2021-05-05 19:55:09,333 INFO o.a.j.t.JMeterThread: Thread started: Thread Group 1-4
2021-05-05 19:55:12,330 INFO o.a.j.t.JMeterThread: Thread started: Thread Group 1-5
2021-05-05 19:55:15,331 INFO o.a.j.t.JMeterThread: Thread started: Thread Group 1-6
2021-05-05 19:55:18,330 INFO o.a.j.t.JMeterThread: Thread started: Thread Group 1-7
2021-05-05 19:55:21,331 INFO o.a.j.t.JMeterThread: Thread started: Thread Group 1-8
2021-05-05 19:55:24,330 INFO o.a.j.t.JMeterThread: Thread started: Thread Group 1-9
2021-05-05 19:55:27,330 INFO o.a.j.t.JMeterThread: Thread started: Thread Group 1-10
2021-05-05 19:55:30,210 INFO o.a.j.r.Summariser: summary +     82 in 00:00:28 =    2.9/s Avg:   362 Min:   339 Max:   407 Err:     0 (0.00%) Active: 10 Started: 10 Finished: 0
2021-05-05 19:55:30,210 INFO o.a.j.r.Summariser: summary =     83 in 00:00:30 =    2.8/s Avg:   362 Min:   339 Max:   407 Err:     0 (0.00%)
2021-05-05 19:55:30,330 INFO o.a.j.t.JMeterThread: Thread started: Thread Group 1-11
2021-05-05 19:55:33,330 INFO o.a.j.t.JMeterThread: Thread started: Thread Group 1-12
2021-05-05 19:55:36,329 INFO o.a.j.t.JMeterThread: Thread started: Thread Group 1-13
2021-05-05 19:55:39,330 INFO o.a.j.t.JMeterThread: Thread started: Thread Group 1-14
2021-05-05 19:55:42,331 INFO o.a.j.t.JMeterThread: Thread started: Thread Group 1-15
2021-05-05 19:55:45,330 INFO o.a.j.t.JMeterThread: Thread started: Thread Group 1-16
2021-05-05 19:55:48,329 INFO o.a.j.t.JMeterThread: Thread started: Thread Group 1-17
2021-05-05 19:55:51,330 INFO o.a.j.t.JMeterThread: Thread started: Thread Group 1-18
2021-05-05 19:55:54,330 INFO o.a.j.t.JMeterThread: Thread started: Thread Group 1-19
2021-05-05 19:55:57,330 INFO o.a.j.t.JMeterThread: Thread started: Thread Group 1-20
2021-05-05 19:56:00,045 INFO o.a.j.r.Summariser: summary +    237 in 00:00:30 =    7.9/s Avg:   404 Min:   372 Max:   462 Err:     0 (0.00%) Active: 20 Started: 20 Finished: 0
2021-05-05 19:56:00,046 INFO o.a.j.r.Summariser: summary =    320 in 00:01:00 =    5.4/s Avg:   393 Min:   339 Max:   462 Err:     0 (0.00%)
2021-05-05 19:56:00,331 INFO o.a.j.t.JMeterThread: Thread started: Thread Group 1-21
2021-05-05 19:56:03,330 INFO o.a.j.t.JMeterThread: Thread started: Thread Group 1-22
2021-05-05 19:56:06,330 INFO o.a.j.t.JMeterThread: Thread started: Thread Group 1-23
2021-05-05 19:56:09,329 INFO o.a.j.t.JMeterThread: Thread started: Thread Group 1-24
2021-05-05 19:56:12,329 INFO o.a.j.t.JMeterThread: Thread started: Thread Group 1-25
2021-05-05 19:56:15,330 INFO o.a.j.t.JMeterThread: Thread started: Thread Group 1-26
2021-05-05 19:56:18,329 INFO o.a.j.t.JMeterThread: Thread started: Thread Group 1-27
2021-05-05 19:56:21,329 INFO o.a.j.t.JMeterThread: Thread started: Thread Group 1-28
2021-05-05 19:56:24,330 INFO o.a.j.t.JMeterThread: Thread started: Thread Group 1-29
2021-05-05 19:56:27,329 INFO o.a.j.t.JMeterThread: Thread started: Thread Group 1-30
2021-05-05 19:56:30,012 INFO o.a.j.r.Summariser: summary +    380 in 00:00:30 =   12.7/s Avg:   467 Min:   428 Max:   536 Err:     0 (0.00%) Active: 30 Started: 30 Finished: 0
2021-05-05 19:56:30,012 INFO o.a.j.r.Summariser: summary =    700 in 00:01:30 =    7.8/s Avg:   433 Min:   339 Max:   536 Err:     0 (0.00%)
2021-05-05 19:56:30,330 INFO o.a.j.t.JMeterThread: Thread started: Thread Group 1-31
2021-05-05 19:56:33,330 INFO o.a.j.t.JMeterThread: Thread started: Thread Group 1-32
2021-05-05 19:56:36,329 INFO o.a.j.t.JMeterThread: Thread started: Thread Group 1-33
2021-05-05 19:56:39,329 INFO o.a.j.t.JMeterThread: Thread started: Thread Group 1-34
2021-05-05 19:56:40,552 INFO o.a.j.t.JMeterThread: Shutdown Test detected by thread: Thread Group 1-11
2021-05-05 19:56:40,553 INFO o.a.j.t.JMeterThread: Thread finished: Thread Group 1-11
2021-05-05 19:56:40,554 INFO o.a.j.t.JMeterThread: Stopping: Thread Group 1-152
2021-05-05 19:56:40,555 INFO o.a.j.t.JMeterThread: Stopping: Thread Group 1-143
2021-05-05 19:56:40,555 INFO o.a.j.t.JMeterThread: Stopping: Thread Group 1-177
2021-05-05 19:56:40,556 INFO o.a.j.t.JMeterThread: Stopping: Thread Group 1-97
2021-05-05 19:56:40,556 INFO o.a.j.t.JMeterThread: Stopping: Thread Group 1-88
2021-05-05 19:56:40,556 INFO o.a.j.t.JMeterThread: Stopping: Thread Group 1-48
2021-05-05 19:56:40,556 INFO o.a.j.t.JMeterThread: Stopping: Thread Group 1-147
2021-05-05 19:56:40,556 INFO o.a.j.t.JMeterThread: Stopping: Thread Group 1-130
2021-05-05 19:56:40,556 INFO o.a.j.t.JMeterThread: Stopping: Thread Group 1-135
2021-05-05 19:56:40,556 INFO o.a.j.t.JMeterThread: Stopping: Thread Group 1-171
2021-05-05 19:56:40,556 INFO o.a.j.t.JMeterThread: Stopping: Thread Group 1-161
2021-05-05 19:56:40,556 INFO o.a.j.t.JMeterThread: Stopping: Thread Group 1-108
2021-05-05 19:56:40,556 INFO o.a.j.t.JMeterThread: Stopping: Thread Group 1-40
2021-05-05 19:56:40,556 INFO o.a.j.t.JMeterThread: Stopping: Thread Group 1-82
2021-05-05 19:56:40,557 INFO o.a.j.t.JMeterThread: Stopping: Thread Group 1-118
2021-05-05 19:56:40,557 INFO o.a.j.t.JMeterThread: Stopping: Thread Group 1-93
2021-05-05 19:56:40,557 INFO o.a.j.t.JMeterThread: Stopping: Thread Group 1-145
2021-05-05 19:56:40,557 INFO o.a.j.t.JMeterThread: Stopping: Thread Group 1-149
2021-05-05 19:56:40,557 INFO o.a.j.t.JMeterThread: Stopping: Thread Group 1-71
2021-05-05 19:56:40,557 INFO o.a.j.t.JMeterThread: Stopping: Thread Group 1-146
2021-05-05 19:56:40,557 INFO o.a.j.t.JMeterThread: Stopping: Thread Group 1-62
2021-05-05 19:56:40,557 INFO o.a.j.t.JMeterThread: Stopping: Thread Group 1-141
2021-05-05 19:56:40,557 INFO o.a.j.t.JMeterThread: Stopping: Thread Group 1-184
2021-05-05 19:56:40,557 INFO o.a.j.t.JMeterThread: Stopping: Thread Group 1-115
2021-05-05 19:56:40,557 INFO o.a.j.t.JMeterThread: Stopping: Thread Group 1-129
2021-05-05 19:56:40,558 INFO o.a.j.t.JMeterThread: Stopping: Thread Group 1-21
2021-05-05 19:56:40,558 INFO o.a.j.t.JMeterThread: Stopping: Thread Group 1-160
2021-05-05 19:56:40,558 INFO o.a.j.t.JMeterThread: Stopping: Thread Group 1-199
2021-05-05 19:56:40,558 INFO o.a.j.t.JMeterThread: Stopping: Thread Group 1-26
2021-05-05 19:56:40,558 INFO o.a.j.t.JMeterThread: Stopping: Thread Group 1-87
2021-05-05 19:56:40,558 INFO o.a.j.t.JMeterThread: Stopping: Thread Group 1-36
2021-05-05 19:56:40,558 INFO o.a.j.t.JMeterThread: Stopping: Thread Group 1-49
2021-05-05 19:56:40,558 INFO o.a.j.t.JMeterThread: Stopping: Thread Group 1-96
2021-05-05 19:56:40,558 INFO o.a.j.t.JMeterThread: Stopping: Thread Group 1-24
2021-05-05 19:56:40,558 INFO o.a.j.t.JMeterThread: Stopping: Thread Group 1-10
2021-05-05 19:56:40,558 INFO o.a.j.t.JMeterThread: Stopping: Thread Group 1-13
2021-05-05 19:56:40,558 INFO o.a.j.t.JMeterThread: Stopping: Thread Group 1-2
2021-05-05 19:56:40,558 INFO o.a.j.t.JMeterThread: Stopping: Thread Group 1-187
2021-05-05 19:56:40,558 INFO o.a.j.t.JMeterThread: Stopping: Thread Group 1-43
2021-05-05 19:56:40,559 INFO o.a.j.t.JMeterThread: Stopping: Thread Group 1-137
2021-05-05 19:56:40,559 INFO o.a.j.t.JMeterThread: Stopping: Thread Group 1-99
2021-05-05 19:56:40,559 INFO o.a.j.t.JMeterThread: Stopping: Thread Group 1-197
2021-05-05 19:56:40,559 INFO o.a.j.t.JMeterThread: Stopping: Thread Group 1-64
2021-05-05 19:56:40,559 INFO o.a.j.t.JMeterThread: Stopping: Thread Group 1-37
2021-05-05 19:56:40,559 INFO o.a.j.t.JMeterThread: Stopping: Thread Group 1-142
2021-05-05 19:56:40,559 INFO o.a.j.t.JMeterThread: Stopping: Thread Group 1-169
2021-05-05 19:56:40,559 INFO o.a.j.t.JMeterThread: Stopping: Thread Group 1-127
2021-05-05 19:56:40,559 INFO o.a.j.t.JMeterThread: Stopping: Thread Group 1-25
2021-05-05 19:56:40,559 INFO o.a.j.t.JMeterThread: Stopping: Thread Group 1-119
2021-05-05 19:56:40,559 INFO o.a.j.t.JMeterThread: Stopping: Thread Group 1-16
2021-05-05 19:56:40,559 INFO o.a.j.t.JMeterThread: Stopping: Thread Group 1-144
2021-05-05 19:56:40,559 INFO o.a.j.t.JMeterThread: Stopping: Thread Group 1-126
2021-05-05 19:56:40,559 INFO o.a.j.t.JMeterThread: Stopping: Thread Group 1-81
2021-05-05 19:56:40,559 INFO o.a.j.t.JMeterThread: Stopping: Thread Group 1-77
2021-05-05 19:56:40,559 INFO o.a.j.t.JMeterThread: Stopping: Thread Group 1-158
2021-05-05 19:56:40,560 INFO o.a.j.t.JMeterThread: Stopping: Thread Group 1-154
2021-05-05 19:56:40,560 INFO o.a.j.t.JMeterThread: Stopping: Thread Group 1-181
2021-05-05 19:56:40,560 INFO o.a.j.t.JMeterThread: Stopping: Thread Group 1-112
2021-05-05 19:56:40,560 INFO o.a.j.t.JMeterThread: Stopping: Thread Group 1-174
2021-05-05 19:56:40,560 INFO o.a.j.t.JMeterThread: Stopping: Thread Group 1-193
2021-05-05 19:56:40,560 INFO o.a.j.t.JMeterThread: Stopping: Thread Group 1-151
2021-05-05 19:56:40,560 INFO o.a.j.t.JMeterThread: Stopping: Thread Group 1-140
2021-05-05 19:56:40,560 INFO o.a.j.t.JMeterThread: Stopping: Thread Group 1-20
2021-05-05 19:56:40,560 INFO o.a.j.t.JMeterThread: Stopping: Thread Group 1-124
2021-05-05 19:56:40,560 INFO o.a.j.t.JMeterThread: Stopping: Thread Group 1-4
2021-05-05 19:56:40,560 INFO o.a.j.t.JMeterThread: Stopping: Thread Group 1-95
2021-05-05 19:56:40,560 INFO o.a.j.t.JMeterThread: Stopping: Thread Group 1-19
2021-05-05 19:56:40,560 INFO o.a.j.t.JMeterThread: Stopping: Thread Group 1-41
2021-05-05 19:56:40,560 INFO o.a.j.t.JMeterThread: Stopping: Thread Group 1-65
2021-05-05 19:56:40,560 INFO o.a.j.t.JMeterThread: Stopping: Thread Group 1-116
2021-05-05 19:56:40,561 INFO o.a.j.t.JMeterThread: Stopping: Thread Group 1-165
2021-05-05 19:56:40,561 INFO o.a.j.t.JMeterThread: Stopping: Thread Group 1-34
2021-05-05 19:56:40,561 INFO o.a.j.t.JMeterThread: Stopping: Thread Group 1-52
2021-05-05 19:56:40,561 INFO o.a.j.t.JMeterThread: Stopping: Thread Group 1-76
2021-05-05 19:56:40,561 INFO o.a.j.t.JMeterThread: Stopping: Thread Group 1-138
2021-05-05 19:56:40,561 INFO o.a.j.t.JMeterThread: Stopping: Thread Group 1-179
2021-05-05 19:56:40,561 INFO o.a.j.t.JMeterThread: Stopping: Thread Group 1-35
2021-05-05 19:56:40,561 INFO o.a.j.t.JMeterThread: Stopping: Thread Group 1-63
2021-05-05 19:56:40,561 INFO o.a.j.t.JMeterThread: Stopping: Thread Group 1-109
2021-05-05 19:56:40,561 INFO o.a.j.t.JMeterThread: Stopping: Thread Group 1-59
2021-05-05 19:56:40,561 INFO o.a.j.t.JMeterThread: Stopping: Thread Group 1-39
2021-05-05 19:56:40,561 INFO o.a.j.t.JMeterThread: Stopping: Thread Group 1-55
2021-05-05 19:56:40,561 INFO o.a.j.t.JMeterThread: Stopping: Thread Group 1-98
2021-05-05 19:56:40,561 INFO o.a.j.t.JMeterThread: Stopping: Thread Group 1-122
2021-05-05 19:56:40,561 INFO o.a.j.t.JMeterThread: Stopping: Thread Group 1-170
2021-05-05 19:56:40,562 INFO o.a.j.t.JMeterThread: Stopping: Thread Group 1-114
2021-05-05 19:56:40,562 INFO o.a.j.t.JMeterThread: Stopping: Thread Group 1-155
2021-05-05 19:56:40,562 INFO o.a.j.t.JMeterThread: Stopping: Thread Group 1-192
2021-05-05 19:56:40,562 INFO o.a.j.t.JMeterThread: Stopping: Thread Group 1-56
2021-05-05 19:56:40,562 INFO o.a.j.t.JMeterThread: Stopping: Thread Group 1-125
2021-05-05 19:56:40,562 INFO o.a.j.t.JMeterThread: Stopping: Thread Group 1-50
2021-05-05 19:56:40,562 INFO o.a.j.t.JMeterThread: Stopping: Thread Group 1-183
2021-05-05 19:56:40,562 INFO o.a.j.t.JMeterThread: Stopping: Thread Group 1-75
2021-05-05 19:56:40,562 INFO o.a.j.t.JMeterThread: Stopping: Thread Group 1-80
2021-05-05 19:56:40,562 INFO o.a.j.t.JMeterThread: Stopping: Thread Group 1-131
2021-05-05 19:56:40,562 INFO o.a.j.t.JMeterThread: Stopping: Thread Group 1-83
2021-05-05 19:56:40,562 INFO o.a.j.t.JMeterThread: Stopping: Thread Group 1-100
2021-05-05 19:56:40,562 INFO o.a.j.t.JMeterThread: Stopping: Thread Group 1-84
2021-05-05 19:56:40,562 INFO o.a.j.t.JMeterThread: Stopping: Thread Group 1-182
2021-05-05 19:56:40,562 INFO o.a.j.t.JMeterThread: Stopping: Thread Group 1-159
2021-05-05 19:56:40,562 INFO o.a.j.t.JMeterThread: Stopping: Thread Group 1-186
2021-05-05 19:56:40,562 INFO o.a.j.t.JMeterThread: Stopping: Thread Group 1-91
2021-05-05 19:56:40,563 INFO o.a.j.t.JMeterThread: Stopping: Thread Group 1-121
2021-05-05 19:56:40,563 INFO o.a.j.t.JMeterThread: Stopping: Thread Group 1-195
2021-05-05 19:56:40,563 INFO o.a.j.t.JMeterThread: Stopping: Thread Group 1-120
2021-05-05 19:56:40,563 INFO o.a.j.t.JMeterThread: Stopping: Thread Group 1-85
2021-05-05 19:56:40,563 INFO o.a.j.t.JMeterThread: Stopping: Thread Group 1-113
2021-05-05 19:56:40,563 INFO o.a.j.t.JMeterThread: Stopping: Thread Group 1-164
2021-05-05 19:56:40,563 INFO o.a.j.t.JMeterThread: Stopping: Thread Group 1-94
2021-05-05 19:56:40,563 INFO o.a.j.t.JMeterThread: Stopping: Thread Group 1-136
2021-05-05 19:56:40,563 INFO o.a.j.t.JMeterThread: Stopping: Thread Group 1-128
2021-05-05 19:56:40,563 INFO o.a.j.t.JMeterThread: Stopping: Thread Group 1-42
2021-05-05 19:56:40,563 INFO o.a.j.t.JMeterThread: Stopping: Thread Group 1-23
2021-05-05 19:56:40,563 INFO o.a.j.t.JMeterThread: Stopping: Thread Group 1-189
2021-05-05 19:56:40,563 INFO o.a.j.t.JMeterThread: Stopping: Thread Group 1-110
2021-05-05 19:56:40,563 INFO o.a.j.t.JMeterThread: Stopping: Thread Group 1-156
2021-05-05 19:56:40,563 INFO o.a.j.t.JMeterThread: Stopping: Thread Group 1-7
2021-05-05 19:56:40,563 INFO o.a.j.t.JMeterThread: Stopping: Thread Group 1-86
2021-05-05 19:56:40,564 INFO o.a.j.t.JMeterThread: Stopping: Thread Group 1-172
2021-05-05 19:56:40,564 INFO o.a.j.t.JMeterThread: Stopping: Thread Group 1-148
2021-05-05 19:56:40,564 INFO o.a.j.t.JMeterThread: Stopping: Thread Group 1-198
2021-05-05 19:56:40,564 INFO o.a.j.t.JMeterThread: Stopping: Thread Group 1-70
2021-05-05 19:56:40,564 INFO o.a.j.t.JMeterThread: Stopping: Thread Group 1-162
2021-05-05 19:56:40,564 INFO o.a.j.t.JMeterThread: Stopping: Thread Group 1-168
2021-05-05 19:56:40,564 INFO o.a.j.t.JMeterThread: Stopping: Thread Group 1-175
2021-05-05 19:56:40,564 INFO o.a.j.t.JMeterThread: Stopping: Thread Group 1-69
2021-05-05 19:56:40,564 INFO o.a.j.t.JMeterThread: Stopping: Thread Group 1-74
2021-05-05 19:56:40,564 INFO o.a.j.t.JMeterThread: Stopping: Thread Group 1-194
2021-05-05 19:56:40,564 INFO o.a.j.t.JMeterThread: Stopping: Thread Group 1-106
2021-05-05 19:56:40,564 INFO o.a.j.t.JMeterThread: Stopping: Thread Group 1-17
2021-05-05 19:56:40,564 INFO o.a.j.t.JMeterThread: Stopping: Thread Group 1-90
2021-05-05 19:56:40,564 INFO o.a.j.t.JMeterThread: Stopping: Thread Group 1-178
2021-05-05 19:56:40,565 INFO o.a.j.t.JMeterThread: Stopping: Thread Group 1-51
2021-05-05 19:56:40,565 INFO o.a.j.t.JMeterThread: Stopping: Thread Group 1-157
2021-05-05 19:56:40,565 INFO o.a.j.t.JMeterThread: Stopping: Thread Group 1-101
2021-05-05 19:56:40,565 INFO o.a.j.t.JMeterThread: Stopping: Thread Group 1-166
2021-05-05 19:56:40,565 INFO o.a.j.t.JMeterThread: Stopping: Thread Group 1-67
2021-05-05 19:56:40,565 INFO o.a.j.t.JMeterThread: Stopping: Thread Group 1-68
2021-05-05 19:56:40,565 INFO o.a.j.t.JMeterThread: Stopping: Thread Group 1-123
2021-05-05 19:56:40,565 INFO o.a.j.t.JMeterThread: Stopping: Thread Group 1-163
2021-05-05 19:56:40,565 INFO o.a.j.t.JMeterThread: Stopping: Thread Group 1-105
2021-05-05 19:56:40,565 INFO o.a.j.t.JMeterThread: Stopping: Thread Group 1-8
2021-05-05 19:56:40,565 INFO o.a.j.t.JMeterThread: Stopping: Thread Group 1-180
2021-05-05 19:56:40,565 INFO o.a.j.t.JMeterThread: Stopping: Thread Group 1-134
2021-05-05 19:56:40,565 INFO o.a.j.t.JMeterThread: Stopping: Thread Group 1-12
2021-05-05 19:56:40,565 INFO o.a.j.t.JMeterThread: Stopping: Thread Group 1-45
2021-05-05 19:56:40,565 INFO o.a.j.t.JMeterThread: Stopping: Thread Group 1-32
2021-05-05 19:56:40,565 INFO o.a.j.t.JMeterThread: Stopping: Thread Group 1-1
2021-05-05 19:56:40,566 INFO o.a.j.t.JMeterThread: Stopping: Thread Group 1-33
2021-05-05 19:56:40,566 INFO o.a.j.t.JMeterThread: Stopping: Thread Group 1-196
2021-05-05 19:56:40,566 INFO o.a.j.t.JMeterThread: Stopping: Thread Group 1-79
2021-05-05 19:56:40,566 INFO o.a.j.t.JMeterThread: Stopping: Thread Group 1-111
2021-05-05 19:56:40,566 INFO o.a.j.t.JMeterThread: Stopping: Thread Group 1-173
2021-05-05 19:56:40,566 INFO o.a.j.t.JMeterThread: Stopping: Thread Group 1-3
2021-05-05 19:56:40,566 INFO o.a.j.t.JMeterThread: Stopping: Thread Group 1-200
2021-05-05 19:56:40,566 INFO o.a.j.t.JMeterThread: Stopping: Thread Group 1-9
2021-05-05 19:56:40,566 INFO o.a.j.t.JMeterThread: Stopping: Thread Group 1-58
2021-05-05 19:56:40,566 INFO o.a.j.t.JMeterThread: Stopping: Thread Group 1-104
2021-05-05 19:56:40,566 INFO o.a.j.t.JMeterThread: Stopping: Thread Group 1-190
2021-05-05 19:56:40,566 INFO o.a.j.t.JMeterThread: Stopping: Thread Group 1-54
2021-05-05 19:56:40,566 INFO o.a.j.t.JMeterThread: Stopping: Thread Group 1-15
2021-05-05 19:56:40,566 INFO o.a.j.t.JMeterThread: Stopping: Thread Group 1-139
2021-05-05 19:56:40,566 INFO o.a.j.t.JMeterThread: Stopping: Thread Group 1-92
2021-05-05 19:56:40,566 INFO o.a.j.t.JMeterThread: Stopping: Thread Group 1-73
2021-05-05 19:56:40,566 INFO o.a.j.t.JMeterThread: Stopping: Thread Group 1-132
2021-05-05 19:56:40,566 INFO o.a.j.t.JMeterThread: Stopping: Thread Group 1-150
2021-05-05 19:56:40,567 INFO o.a.j.t.JMeterThread: Stopping: Thread Group 1-78
2021-05-05 19:56:40,567 INFO o.a.j.t.JMeterThread: Stopping: Thread Group 1-103
2021-05-05 19:56:40,567 INFO o.a.j.t.JMeterThread: Stopping: Thread Group 1-46
2021-05-05 19:56:40,567 INFO o.a.j.t.JMeterThread: Stopping: Thread Group 1-133
2021-05-05 19:56:40,567 INFO o.a.j.t.JMeterThread: Stopping: Thread Group 1-185
2021-05-05 19:56:40,567 INFO o.a.j.t.JMeterThread: Stopping: Thread Group 1-31
2021-05-05 19:56:40,567 INFO o.a.j.t.JMeterThread: Stopping: Thread Group 1-30
2021-05-05 19:56:40,567 INFO o.a.j.t.JMeterThread: Stopping: Thread Group 1-5
2021-05-05 19:56:40,567 INFO o.a.j.t.JMeterThread: Stopping: Thread Group 1-188
2021-05-05 19:56:40,567 INFO o.a.j.t.JMeterThread: Stopping: Thread Group 1-6
2021-05-05 19:56:40,567 INFO o.a.j.t.JMeterThread: Stopping: Thread Group 1-27
2021-05-05 19:56:40,567 INFO o.a.j.t.JMeterThread: Stopping: Thread Group 1-57
2021-05-05 19:56:40,567 INFO o.a.j.t.JMeterThread: Stopping: Thread Group 1-167
2021-05-05 19:56:40,567 INFO o.a.j.t.JMeterThread: Stopping: Thread Group 1-66
2021-05-05 19:56:40,567 INFO o.a.j.t.JMeterThread: Stopping: Thread Group 1-18
2021-05-05 19:56:40,567 INFO o.a.j.t.JMeterThread: Stopping: Thread Group 1-28
2021-05-05 19:56:40,567 INFO o.a.j.t.JMeterThread: Stopping: Thread Group 1-72
2021-05-05 19:56:40,568 INFO o.a.j.t.JMeterThread: Stopping: Thread Group 1-102
2021-05-05 19:56:40,568 INFO o.a.j.t.JMeterThread: Stopping: Thread Group 1-153
2021-05-05 19:56:40,568 INFO o.a.j.t.JMeterThread: Stopping: Thread Group 1-60
2021-05-05 19:56:40,568 INFO o.a.j.t.JMeterThread: Stopping: Thread Group 1-61
2021-05-05 19:56:40,568 INFO o.a.j.t.JMeterThread: Stopping: Thread Group 1-38
2021-05-05 19:56:40,568 INFO o.a.j.t.JMeterThread: Stopping: Thread Group 1-47
2021-05-05 19:56:40,568 INFO o.a.j.t.JMeterThread: Stopping: Thread Group 1-89
2021-05-05 19:56:40,568 INFO o.a.j.t.JMeterThread: Stopping: Thread Group 1-53
2021-05-05 19:56:40,568 INFO o.a.j.t.JMeterThread: Stopping: Thread Group 1-14
2021-05-05 19:56:40,568 INFO o.a.j.t.JMeterThread: Stopping: Thread Group 1-107
2021-05-05 19:56:40,568 INFO o.a.j.t.JMeterThread: Stopping: Thread Group 1-191
2021-05-05 19:56:40,568 INFO o.a.j.t.JMeterThread: Stopping: Thread Group 1-29
2021-05-05 19:56:40,568 INFO o.a.j.t.JMeterThread: Stopping: Thread Group 1-22
2021-05-05 19:56:40,568 INFO o.a.j.t.JMeterThread: Stopping: Thread Group 1-44
2021-05-05 19:56:40,568 INFO o.a.j.t.JMeterThread: Stopping: Thread Group 1-117
2021-05-05 19:56:40,568 INFO o.a.j.t.JMeterThread: Stopping: Thread Group 1-176
2021-05-05 19:56:40,582 INFO o.a.j.t.JMeterThread: Thread finished: Thread Group 1-5
2021-05-05 19:56:40,610 INFO o.a.j.t.JMeterThread: Thread finished: Thread Group 1-18
2021-05-05 19:56:40,631 INFO o.a.j.t.JMeterThread: Thread finished: Thread Group 1-15
2021-05-05 19:56:40,643 INFO o.a.j.t.JMeterThread: Thread finished: Thread Group 1-3
2021-05-05 19:56:40,702 INFO o.a.j.t.JMeterThread: Thread finished: Thread Group 1-24
2021-05-05 19:56:40,741 INFO o.a.j.t.JMeterThread: Thread finished: Thread Group 1-10
2021-05-05 19:56:40,824 INFO o.a.j.t.JMeterThread: Thread finished: Thread Group 1-26
2021-05-05 19:56:40,827 INFO o.a.j.t.JMeterThread: Thread finished: Thread Group 1-8
2021-05-05 19:56:40,830 INFO o.a.j.t.JMeterThread: Thread finished: Thread Group 1-34
2021-05-05 19:56:40,846 INFO o.a.j.t.JMeterThread: Thread finished: Thread Group 1-2
2021-05-05 19:56:40,848 INFO o.a.j.t.JMeterThread: Thread finished: Thread Group 1-13
2021-05-05 19:56:40,867 INFO o.a.j.t.JMeterThread: Thread finished: Thread Group 1-20
2021-05-05 19:56:40,903 INFO o.a.j.t.JMeterThread: Thread finished: Thread Group 1-28
2021-05-05 19:56:40,931 INFO o.a.j.t.JMeterThread: Thread finished: Thread Group 1-32
2021-05-05 19:56:40,943 INFO o.a.j.t.JMeterThread: Thread finished: Thread Group 1-30
2021-05-05 19:56:40,964 INFO o.a.j.t.JMeterThread: Thread finished: Thread Group 1-17
2021-05-05 19:56:41,055 INFO o.a.j.t.JMeterThread: Thread finished: Thread Group 1-22
2021-05-05 19:56:41,087 INFO o.a.j.t.JMeterThread: Thread finished: Thread Group 1-7
2021-05-05 19:56:41,164 INFO o.a.j.t.JMeterThread: Thread finished: Thread Group 1-12
2021-05-05 19:56:41,231 INFO o.a.j.t.JMeterThread: Thread finished: Thread Group 1-19
2021-05-05 19:56:41,357 INFO o.a.j.t.JMeterThread: Thread finished: Thread Group 1-4
2021-05-05 19:56:41,361 INFO o.a.j.t.JMeterThread: Thread started: Thread Group 1-38
2021-05-05 19:56:41,361 INFO o.a.j.t.JMeterThread: Thread started: Thread Group 1-37
2021-05-05 19:56:41,361 INFO o.a.j.t.JMeterThread: Thread finished: Thread Group 1-38
2021-05-05 19:56:41,361 INFO o.a.j.t.JMeterThread: Thread finished: Thread Group 1-37
2021-05-05 19:56:41,361 INFO o.a.j.t.JMeterThread: Thread started: Thread Group 1-36
2021-05-05 19:56:41,361 INFO o.a.j.t.JMeterThread: Thread started: Thread Group 1-35
2021-05-05 19:56:41,362 INFO o.a.j.t.JMeterThread: Thread finished: Thread Group 1-36
2021-05-05 19:56:41,362 INFO o.a.j.t.JMeterThread: Thread finished: Thread Group 1-35
2021-05-05 19:56:41,365 INFO o.a.j.t.JMeterThread: Thread started: Thread Group 1-45
2021-05-05 19:56:41,365 INFO o.a.j.t.JMeterThread: Thread started: Thread Group 1-48
2021-05-05 19:56:41,365 INFO o.a.j.t.JMeterThread: Thread finished: Thread Group 1-45
2021-05-05 19:56:41,366 INFO o.a.j.t.JMeterThread: Thread finished: Thread Group 1-48
2021-05-05 19:56:41,365 INFO o.a.j.t.JMeterThread: Thread started: Thread Group 1-47
2021-05-05 19:56:41,366 INFO o.a.j.t.JMeterThread: Thread started: Thread Group 1-41
2021-05-05 19:56:41,365 INFO o.a.j.t.JMeterThread: Thread started: Thread Group 1-42
2021-05-05 19:56:41,366 INFO o.a.j.t.JMeterThread: Thread finished: Thread Group 1-47
2021-05-05 19:56:41,366 INFO o.a.j.t.JMeterThread: Thread finished: Thread Group 1-41
2021-05-05 19:56:41,366 INFO o.a.j.t.JMeterThread: Thread finished: Thread Group 1-42
2021-05-05 19:56:41,366 INFO o.a.j.t.JMeterThread: Thread started: Thread Group 1-55
2021-05-05 19:56:41,366 INFO o.a.j.t.JMeterThread: Thread started: Thread Group 1-56
2021-05-05 19:56:41,366 INFO o.a.j.t.JMeterThread: Thread finished: Thread Group 1-55
2021-05-05 19:56:41,366 INFO o.a.j.t.JMeterThread: Thread started: Thread Group 1-59
2021-05-05 19:56:41,365 INFO o.a.j.t.JMeterThread: Thread started: Thread Group 1-40
2021-05-05 19:56:41,366 INFO o.a.j.t.JMeterThread: Thread finished: Thread Group 1-59
2021-05-05 19:56:41,365 INFO o.a.j.t.JMeterThread: Thread started: Thread Group 1-43
2021-05-05 19:56:41,366 INFO o.a.j.t.JMeterThread: Thread started: Thread Group 1-51
2021-05-05 19:56:41,365 INFO o.a.j.t.JMeterThread: Thread started: Thread Group 1-53
2021-05-05 19:56:41,366 INFO o.a.j.t.JMeterThread: Thread started: Thread Group 1-54
2021-05-05 19:56:41,367 INFO o.a.j.t.JMeterThread: Thread finished: Thread Group 1-51
2021-05-05 19:56:41,367 INFO o.a.j.t.JMeterThread: Thread finished: Thread Group 1-54
2021-05-05 19:56:41,367 INFO o.a.j.t.JMeterThread: Thread started: Thread Group 1-57
2021-05-05 19:56:41,365 INFO o.a.j.t.JMeterThread: Thread started: Thread Group 1-46
2021-05-05 19:56:41,367 INFO o.a.j.t.JMeterThread: Thread started: Thread Group 1-63
2021-05-05 19:56:41,367 INFO o.a.j.t.JMeterThread: Thread finished: Thread Group 1-46
2021-05-05 19:56:41,367 INFO o.a.j.t.JMeterThread: Thread started: Thread Group 1-50
2021-05-05 19:56:41,367 INFO o.a.j.t.JMeterThread: Thread started: Thread Group 1-66
2021-05-05 19:56:41,367 INFO o.a.j.t.JMeterThread: Thread finished: Thread Group 1-57
2021-05-05 19:56:41,367 INFO o.a.j.t.JMeterThread: Thread finished: Thread Group 1-66
2021-05-05 19:56:41,367 INFO o.a.j.t.JMeterThread: Thread finished: Thread Group 1-50
2021-05-05 19:56:41,367 INFO o.a.j.t.JMeterThread: Thread finished: Thread Group 1-53
2021-05-05 19:56:41,367 INFO o.a.j.t.JMeterThread: Thread finished: Thread Group 1-43
2021-05-05 19:56:41,365 INFO o.a.j.t.JMeterThread: Thread started: Thread Group 1-39
2021-05-05 19:56:41,367 INFO o.a.j.t.JMeterThread: Thread finished: Thread Group 1-40
2021-05-05 19:56:41,368 INFO o.a.j.t.JMeterThread: Thread finished: Thread Group 1-39
2021-05-05 19:56:41,366 INFO o.a.j.t.JMeterThread: Thread finished: Thread Group 1-56
2021-05-05 19:56:41,366 INFO o.a.j.t.JMeterThread: Thread started: Thread Group 1-52
2021-05-05 19:56:41,368 INFO o.a.j.t.JMeterThread: Thread started: Thread Group 1-62
2021-05-05 19:56:41,368 INFO o.a.j.t.JMeterThread: Thread finished: Thread Group 1-52
2021-05-05 19:56:41,368 INFO o.a.j.t.JMeterThread: Thread finished: Thread Group 1-62
2021-05-05 19:56:41,366 INFO o.a.j.t.JMeterThread: Thread started: Thread Group 1-44
2021-05-05 19:56:41,366 INFO o.a.j.t.JMeterThread: Thread started: Thread Group 1-49
2021-05-05 19:56:41,369 INFO o.a.j.t.JMeterThread: Thread finished: Thread Group 1-44
2021-05-05 19:56:41,369 INFO o.a.j.t.JMeterThread: Thread finished: Thread Group 1-49
2021-05-05 19:56:41,367 INFO o.a.j.t.JMeterThread: Thread started: Thread Group 1-61
2021-05-05 19:56:41,369 INFO o.a.j.t.JMeterThread: Thread started: Thread Group 1-65
2021-05-05 19:56:41,369 INFO o.a.j.t.JMeterThread: Thread started: Thread Group 1-68
2021-05-05 19:56:41,369 INFO o.a.j.t.JMeterThread: Thread finished: Thread Group 1-65
2021-05-05 19:56:41,369 INFO o.a.j.t.JMeterThread: Thread finished: Thread Group 1-63
2021-05-05 19:56:41,370 INFO o.a.j.t.JMeterThread: Thread finished: Thread Group 1-68
2021-05-05 19:56:41,369 INFO o.a.j.t.JMeterThread: Thread started: Thread Group 1-58
2021-05-05 19:56:41,370 INFO o.a.j.t.JMeterThread: Thread finished: Thread Group 1-58
2021-05-05 19:56:41,369 INFO o.a.j.t.JMeterThread: Thread finished: Thread Group 1-61
2021-05-05 19:56:41,370 INFO o.a.j.t.JMeterThread: Thread started: Thread Group 1-64
2021-05-05 19:56:41,371 INFO o.a.j.t.JMeterThread: Thread finished: Thread Group 1-64
2021-05-05 19:56:41,370 INFO o.a.j.t.JMeterThread: Thread started: Thread Group 1-60
2021-05-05 19:56:41,371 INFO o.a.j.t.JMeterThread: Thread started: Thread Group 1-72
2021-05-05 19:56:41,371 INFO o.a.j.t.JMeterThread: Thread started: Thread Group 1-73
2021-05-05 19:56:41,371 INFO o.a.j.t.JMeterThread: Thread started: Thread Group 1-74
2021-05-05 19:56:41,372 INFO o.a.j.t.JMeterThread: Thread finished: Thread Group 1-60
2021-05-05 19:56:41,370 INFO o.a.j.t.JMeterThread: Thread started: Thread Group 1-67
2021-05-05 19:56:41,372 INFO o.a.j.t.JMeterThread: Thread finished: Thread Group 1-73
2021-05-05 19:56:41,372 INFO o.a.j.t.JMeterThread: Thread finished: Thread Group 1-72
2021-05-05 19:56:41,372 INFO o.a.j.t.JMeterThread: Thread finished: Thread Group 1-74
2021-05-05 19:56:41,372 INFO o.a.j.t.JMeterThread: Thread finished: Thread Group 1-67
2021-05-05 19:56:41,370 INFO o.a.j.t.JMeterThread: Thread started: Thread Group 1-69
2021-05-05 19:56:41,372 INFO o.a.j.t.JMeterThread: Thread finished: Thread Group 1-69
2021-05-05 19:56:41,372 INFO o.a.j.t.JMeterThread: Thread started: Thread Group 1-70
2021-05-05 19:56:41,375 INFO o.a.j.t.JMeterThread: Thread finished: Thread Group 1-70
2021-05-05 19:56:41,373 INFO o.a.j.t.JMeterThread: Thread started: Thread Group 1-83
2021-05-05 19:56:41,375 INFO o.a.j.t.JMeterThread: Thread finished: Thread Group 1-83
2021-05-05 19:56:41,373 INFO o.a.j.t.JMeterThread: Thread started: Thread Group 1-79
2021-05-05 19:56:41,376 INFO o.a.j.t.JMeterThread: Thread finished: Thread Group 1-79
2021-05-05 19:56:41,374 INFO o.a.j.t.JMeterThread: Thread started: Thread Group 1-78
2021-05-05 19:56:41,376 INFO o.a.j.t.JMeterThread: Thread finished: Thread Group 1-78
2021-05-05 19:56:41,374 INFO o.a.j.t.JMeterThread: Thread started: Thread Group 1-80
2021-05-05 19:56:41,377 INFO o.a.j.t.JMeterThread: Thread finished: Thread Group 1-80
2021-05-05 19:56:41,374 INFO o.a.j.t.JMeterThread: Thread started: Thread Group 1-82
2021-05-05 19:56:41,375 INFO o.a.j.t.JMeterThread: Thread started: Thread Group 1-87
2021-05-05 19:56:41,375 INFO o.a.j.t.JMeterThread: Thread started: Thread Group 1-71
2021-05-05 19:56:41,377 INFO o.a.j.t.JMeterThread: Thread finished: Thread Group 1-82
2021-05-05 19:56:41,377 INFO o.a.j.t.JMeterThread: Thread finished: Thread Group 1-71
2021-05-05 19:56:41,377 INFO o.a.j.t.JMeterThread: Thread finished: Thread Group 1-87
2021-05-05 19:56:41,375 INFO o.a.j.t.JMeterThread: Thread started: Thread Group 1-75
2021-05-05 19:56:41,375 INFO o.a.j.t.JMeterThread: Thread started: Thread Group 1-76
2021-05-05 19:56:41,378 INFO o.a.j.t.JMeterThread: Thread finished: Thread Group 1-75
2021-05-05 19:56:41,378 INFO o.a.j.t.JMeterThread: Thread finished: Thread Group 1-76
2021-05-05 19:56:41,375 INFO o.a.j.t.JMeterThread: Thread started: Thread Group 1-77
2021-05-05 19:56:41,379 INFO o.a.j.t.JMeterThread: Thread finished: Thread Group 1-77
2021-05-05 19:56:41,380 INFO o.a.j.t.JMeterThread: Thread started: Thread Group 1-103
2021-05-05 19:56:41,380 INFO o.a.j.t.JMeterThread: Thread finished: Thread Group 1-103
2021-05-05 19:56:41,376 INFO o.a.j.t.JMeterThread: Thread started: Thread Group 1-88
2021-05-05 19:56:41,381 INFO o.a.j.t.JMeterThread: Thread finished: Thread Group 1-88
2021-05-05 19:56:41,381 INFO o.a.j.t.JMeterThread: Thread started: Thread Group 1-102
2021-05-05 19:56:41,381 INFO o.a.j.t.JMeterThread: Thread finished: Thread Group 1-102
2021-05-05 19:56:41,381 INFO o.a.j.t.JMeterThread: Thread started: Thread Group 1-94
2021-05-05 19:56:41,379 INFO o.a.j.t.JMeterThread: Thread started: Thread Group 1-98
2021-05-05 19:56:41,382 INFO o.a.j.t.JMeterThread: Thread started: Thread Group 1-117
2021-05-05 19:56:41,380 INFO o.a.j.t.JMeterThread: Thread started: Thread Group 1-89
2021-05-05 19:56:41,382 INFO o.a.j.t.JMeterThread: Thread finished: Thread Group 1-94
2021-05-05 19:56:41,382 INFO o.a.j.t.JMeterThread: Thread finished: Thread Group 1-98
2021-05-05 19:56:41,382 INFO o.a.j.t.JMeterThread: Thread started: Thread Group 1-114
2021-05-05 19:56:41,382 INFO o.a.j.t.JMeterThread: Thread started: Thread Group 1-118
2021-05-05 19:56:41,377 INFO o.a.j.t.JMeterThread: Thread started: Thread Group 1-85
2021-05-05 19:56:41,383 INFO o.a.j.t.JMeterThread: Thread finished: Thread Group 1-118
2021-05-05 19:56:41,383 INFO o.a.j.t.JMeterThread: Thread finished: Thread Group 1-114
2021-05-05 19:56:41,383 INFO o.a.j.t.JMeterThread: Thread finished: Thread Group 1-85
2021-05-05 19:56:41,383 INFO o.a.j.t.JMeterThread: Thread started: Thread Group 1-115
2021-05-05 19:56:41,377 INFO o.a.j.t.JMeterThread: Thread started: Thread Group 1-86
2021-05-05 19:56:41,383 INFO o.a.j.t.JMeterThread: Thread finished: Thread Group 1-115
2021-05-05 19:56:41,379 INFO o.a.j.t.JMeterThread: Thread started: Thread Group 1-100
2021-05-05 19:56:41,383 INFO o.a.j.t.JMeterThread: Thread finished: Thread Group 1-86
2021-05-05 19:56:41,383 INFO o.a.j.t.JMeterThread: Thread finished: Thread Group 1-100
2021-05-05 19:56:41,383 INFO o.a.j.t.JMeterThread: Thread started: Thread Group 1-106
2021-05-05 19:56:41,382 INFO o.a.j.t.JMeterThread: Thread finished: Thread Group 1-89
2021-05-05 19:56:41,382 INFO o.a.j.t.JMeterThread: Thread finished: Thread Group 1-117
2021-05-05 19:56:41,383 INFO o.a.j.t.JMeterThread: Thread finished: Thread Group 1-106
2021-05-05 19:56:41,383 INFO o.a.j.t.JMeterThread: Thread started: Thread Group 1-113
2021-05-05 19:56:41,384 INFO o.a.j.t.JMeterThread: Thread finished: Thread Group 1-113
2021-05-05 19:56:41,384 INFO o.a.j.t.JMeterThread: Thread started: Thread Group 1-104
2021-05-05 19:56:41,384 INFO o.a.j.t.JMeterThread: Thread finished: Thread Group 1-104
2021-05-05 19:56:41,378 INFO o.a.j.t.JMeterThread: Thread started: Thread Group 1-84
2021-05-05 19:56:41,385 INFO o.a.j.t.JMeterThread: Thread finished: Thread Group 1-84
2021-05-05 19:56:41,379 INFO o.a.j.t.JMeterThread: Thread started: Thread Group 1-90
2021-05-05 19:56:41,385 INFO o.a.j.t.JMeterThread: Thread started: Thread Group 1-119
2021-05-05 19:56:41,385 INFO o.a.j.t.JMeterThread: Thread finished: Thread Group 1-119
2021-05-05 19:56:41,385 INFO o.a.j.t.JMeterThread: Thread finished: Thread Group 1-90
2021-05-05 19:56:41,385 INFO o.a.j.t.JMeterThread: Thread started: Thread Group 1-110
2021-05-05 19:56:41,385 INFO o.a.j.t.JMeterThread: Thread started: Thread Group 1-109
2021-05-05 19:56:41,385 INFO o.a.j.t.JMeterThread: Thread finished: Thread Group 1-110
2021-05-05 19:56:41,385 INFO o.a.j.t.JMeterThread: Thread finished: Thread Group 1-109
2021-05-05 19:56:41,385 INFO o.a.j.t.JMeterThread: Thread started: Thread Group 1-122
2021-05-05 19:56:41,385 INFO o.a.j.t.JMeterThread: Thread started: Thread Group 1-116
2021-05-05 19:56:41,378 INFO o.a.j.t.JMeterThread: Thread started: Thread Group 1-81
2021-05-05 19:56:41,385 INFO o.a.j.t.JMeterThread: Thread started: Thread Group 1-105
2021-05-05 19:56:41,386 INFO o.a.j.t.JMeterThread: Thread finished: Thread Group 1-122
2021-05-05 19:56:41,386 INFO o.a.j.t.JMeterThread: Thread finished: Thread Group 1-81
2021-05-05 19:56:41,386 INFO o.a.j.t.JMeterThread: Thread started: Thread Group 1-124
2021-05-05 19:56:41,385 INFO o.a.j.t.JMeterThread: Thread started: Thread Group 1-111
2021-05-05 19:56:41,385 INFO o.a.j.t.JMeterThread: Thread started: Thread Group 1-126
2021-05-05 19:56:41,386 INFO o.a.j.t.JMeterThread: Thread finished: Thread Group 1-124
2021-05-05 19:56:41,385 INFO o.a.j.t.JMeterThread: Thread started: Thread Group 1-125
2021-05-05 19:56:41,386 INFO o.a.j.t.JMeterThread: Thread finished: Thread Group 1-111
2021-05-05 19:56:41,386 INFO o.a.j.t.JMeterThread: Thread finished: Thread Group 1-125
2021-05-05 19:56:41,387 INFO o.a.j.t.JMeterThread: Thread started: Thread Group 1-120
2021-05-05 19:56:41,386 INFO o.a.j.t.JMeterThread: Thread started: Thread Group 1-112
2021-05-05 19:56:41,386 INFO o.a.j.t.JMeterThread: Thread started: Thread Group 1-128
2021-05-05 19:56:41,380 INFO o.a.j.t.JMeterThread: Thread started: Thread Group 1-93
2021-05-05 19:56:41,380 INFO o.a.j.t.JMeterThread: Thread started: Thread Group 1-92
2021-05-05 19:56:41,386 INFO o.a.j.t.JMeterThread: Thread started: Thread Group 1-131
2021-05-05 19:56:41,385 INFO o.a.j.t.JMeterThread: Thread started: Thread Group 1-108
2021-05-05 19:56:41,385 INFO o.a.j.t.JMeterThread: Thread started: Thread Group 1-107
2021-05-05 19:56:41,380 INFO o.a.j.t.JMeterThread: Thread started: Thread Group 1-97
2021-05-05 19:56:41,379 INFO o.a.j.t.JMeterThread: Thread started: Thread Group 1-95
2021-05-05 19:56:41,381 INFO o.a.j.t.JMeterThread: Thread started: Thread Group 1-91
2021-05-05 19:56:41,381 INFO o.a.j.t.JMeterThread: Thread started: Thread Group 1-101
2021-05-05 19:56:41,382 INFO o.a.j.t.JMeterThread: Thread started: Thread Group 1-96
2021-05-05 19:56:41,382 INFO o.a.j.t.JMeterThread: Thread started: Thread Group 1-99
2021-05-05 19:56:41,390 INFO o.a.j.t.JMeterThread: Thread finished: Thread Group 1-120
2021-05-05 19:56:41,387 INFO o.a.j.t.JMeterThread: Thread started: Thread Group 1-127
2021-05-05 19:56:41,389 INFO o.a.j.t.JMeterThread: Thread finished: Thread Group 1-116
2021-05-05 19:56:41,389 INFO o.a.j.t.JMeterThread: Thread started: Thread Group 1-156
2021-05-05 19:56:41,393 INFO o.a.j.t.JMeterThread: Thread finished: Thread Group 1-91
2021-05-05 19:56:41,393 INFO o.a.j.t.JMeterThread: Thread finished: Thread Group 1-156
2021-05-05 19:56:41,393 INFO o.a.j.t.JMeterThread: Thread started: Thread Group 1-154
2021-05-05 19:56:41,393 INFO o.a.j.t.JMeterThread: Thread finished: Thread Group 1-101
2021-05-05 19:56:41,393 INFO o.a.j.t.JMeterThread: Thread started: Thread Group 1-164
2021-05-05 19:56:41,393 INFO o.a.j.t.JMeterThread: Thread started: Thread Group 1-136
2021-05-05 19:56:41,394 INFO o.a.j.t.JMeterThread: Thread finished: Thread Group 1-164
2021-05-05 19:56:41,389 INFO o.a.j.t.JMeterThread: Thread started: Thread Group 1-135
2021-05-05 19:56:41,394 INFO o.a.j.t.JMeterThread: Thread started: Thread Group 1-121
2021-05-05 19:56:41,394 INFO o.a.j.t.JMeterThread: Thread finished: Thread Group 1-135
2021-05-05 19:56:41,394 INFO o.a.j.t.JMeterThread: Thread started: Thread Group 1-132
2021-05-05 19:56:41,394 INFO o.a.j.t.JMeterThread: Thread finished: Thread Group 1-121
2021-05-05 19:56:41,394 INFO o.a.j.t.JMeterThread: Thread finished: Thread Group 1-132
2021-05-05 19:56:41,392 INFO o.a.j.t.JMeterThread: Thread finished: Thread Group 1-126
2021-05-05 19:56:41,388 INFO o.a.j.t.JMeterThread: Thread started: Thread Group 1-137
2021-05-05 19:56:41,387 INFO o.a.j.t.JMeterThread: Thread finished: Thread Group 1-92
2021-05-05 19:56:41,395 INFO o.a.j.t.JMeterThread: Thread finished: Thread Group 1-137
2021-05-05 19:56:41,387 INFO o.a.j.t.JMeterThread: Thread finished: Thread Group 1-108
2021-05-05 19:56:41,392 INFO o.a.j.t.JMeterThread: Thread started: Thread Group 1-140
2021-05-05 19:56:41,388 INFO o.a.j.t.JMeterThread: Thread started: Thread Group 1-141
2021-05-05 19:56:41,395 INFO o.a.j.t.JMeterThread: Thread finished: Thread Group 1-141
2021-05-05 19:56:41,395 INFO o.a.j.t.JMeterThread: Thread finished: Thread Group 1-140
2021-05-05 19:56:41,390 INFO o.a.j.t.JMeterThread: Thread started: Thread Group 1-143
2021-05-05 19:56:41,395 INFO o.a.j.t.JMeterThread: Thread finished: Thread Group 1-143
2021-05-05 19:56:41,395 INFO o.a.j.t.JMeterThread: Thread started: Thread Group 1-167
2021-05-05 19:56:41,388 INFO o.a.j.t.JMeterThread: Thread finished: Thread Group 1-95
2021-05-05 19:56:41,396 INFO o.a.j.t.JMeterThread: Thread finished: Thread Group 1-167
2021-05-05 19:56:41,396 INFO o.a.j.t.JMeterThread: Thread finished: Thread Group 1-128
2021-05-05 19:56:41,389 INFO o.a.j.t.JMeterThread: Thread finished: Thread Group 1-99
2021-05-05 19:56:41,396 INFO o.a.j.t.JMeterThread: Thread finished: Thread Group 1-96
2021-05-05 19:56:41,389 INFO o.a.j.t.JMeterThread: Thread started: Thread Group 1-142
2021-05-05 19:56:41,395 INFO o.a.j.t.JMeterThread: Thread started: Thread Group 1-133
2021-05-05 19:56:41,397 INFO o.a.j.t.JMeterThread: Thread finished: Thread Group 1-142
2021-05-05 19:56:41,397 INFO o.a.j.t.JMeterThread: Thread started: Thread Group 1-169
2021-05-05 19:56:41,395 INFO o.a.j.t.JMeterThread: Thread started: Thread Group 1-168
2021-05-05 19:56:41,397 INFO o.a.j.t.JMeterThread: Thread finished: Thread Group 1-168
2021-05-05 19:56:41,397 INFO o.a.j.t.JMeterThread: Thread finished: Thread Group 1-169
2021-05-05 19:56:41,397 INFO o.a.j.t.JMeterThread: Thread started: Thread Group 1-171
2021-05-05 19:56:41,397 INFO o.a.j.t.JMeterThread: Thread started: Thread Group 1-172
2021-05-05 19:56:41,397 INFO o.a.j.t.JMeterThread: Thread finished: Thread Group 1-172
2021-05-05 19:56:41,397 INFO o.a.j.t.JMeterThread: Thread finished: Thread Group 1-171
2021-05-05 19:56:41,397 INFO o.a.j.t.JMeterThread: Thread started: Thread Group 1-170
2021-05-05 19:56:41,397 INFO o.a.j.t.JMeterThread: Thread finished: Thread Group 1-133
2021-05-05 19:56:41,398 INFO o.a.j.t.JMeterThread: Thread finished: Thread Group 1-170
2021-05-05 19:56:41,398 INFO o.a.j.t.JMeterThread: Thread started: Thread Group 1-175
2021-05-05 19:56:41,391 INFO o.a.j.t.JMeterThread: Thread started: Thread Group 1-160
2021-05-05 19:56:41,392 INFO o.a.j.t.JMeterThread: Thread started: Thread Group 1-139
2021-05-05 19:56:41,393 INFO o.a.j.t.JMeterThread: Thread started: Thread Group 1-130
2021-05-05 19:56:41,399 INFO o.a.j.t.JMeterThread: Thread finished: Thread Group 1-139
2021-05-05 19:56:41,392 INFO o.a.j.t.JMeterThread: Thread started: Thread Group 1-152
2021-05-05 19:56:41,399 INFO o.a.j.t.JMeterThread: Thread finished: Thread Group 1-152
2021-05-05 19:56:41,392 INFO o.a.j.t.JMeterThread: Thread started: Thread Group 1-158
2021-05-05 19:56:41,399 INFO o.a.j.t.JMeterThread: Thread started: Thread Group 1-177
2021-05-05 19:56:41,390 INFO o.a.j.t.JMeterThread: Thread started: Thread Group 1-123
2021-05-05 19:56:41,399 INFO o.a.j.t.JMeterThread: Thread finished: Thread Group 1-177
2021-05-05 19:56:41,399 INFO o.a.j.t.JMeterThread: Thread finished: Thread Group 1-123
2021-05-05 19:56:41,399 INFO o.a.j.t.JMeterThread: Thread started: Thread Group 1-182
2021-05-05 19:56:41,400 INFO o.a.j.t.JMeterThread: Thread finished: Thread Group 1-182
2021-05-05 19:56:41,400 INFO o.a.j.t.JMeterThread: Thread started: Thread Group 1-178
2021-05-05 19:56:41,388 INFO o.a.j.t.JMeterThread: Thread finished: Thread Group 1-112
2021-05-05 19:56:41,400 INFO o.a.j.t.JMeterThread: Thread started: Thread Group 1-181
2021-05-05 19:56:41,392 INFO o.a.j.t.JMeterThread: Thread finished: Thread Group 1-97
2021-05-05 19:56:41,392 INFO o.a.j.t.JMeterThread: Thread started: Thread Group 1-155
2021-05-05 19:56:41,400 INFO o.a.j.t.JMeterThread: Thread started: Thread Group 1-174
2021-05-05 19:56:41,400 INFO o.a.j.t.JMeterThread: Thread started: Thread Group 1-179
2021-05-05 19:56:41,400 INFO o.a.j.t.JMeterThread: Thread finished: Thread Group 1-179
2021-05-05 19:56:41,390 INFO o.a.j.t.JMeterThread: Thread started: Thread Group 1-162
2021-05-05 19:56:41,400 INFO o.a.j.t.JMeterThread: Thread finished: Thread Group 1-174
2021-05-05 19:56:41,392 INFO o.a.j.t.JMeterThread: Thread finished: Thread Group 1-107
2021-05-05 19:56:41,391 INFO o.a.j.t.JMeterThread: Thread started: Thread Group 1-144
2021-05-05 19:56:41,391 INFO o.a.j.t.JMeterThread: Thread started: Thread Group 1-166
2021-05-05 19:56:41,391 INFO o.a.j.t.JMeterThread: Thread started: Thread Group 1-146
2021-05-05 19:56:41,391 INFO o.a.j.t.JMeterThread: Thread started: Thread Group 1-153
2021-05-05 19:56:41,400 INFO o.a.j.t.JMeterThread: Thread finished: Thread Group 1-166
2021-05-05 19:56:41,391 INFO o.a.j.t.JMeterThread: Thread started: Thread Group 1-163
2021-05-05 19:56:41,400 INFO o.a.j.t.JMeterThread: Thread started: Thread Group 1-184
2021-05-05 19:56:41,400 INFO o.a.j.t.JMeterThread: Thread started: Thread Group 1-186
2021-05-05 19:56:41,401 INFO o.a.j.t.JMeterThread: Thread finished: Thread Group 1-184
2021-05-05 19:56:41,401 INFO o.a.j.t.JMeterThread: Thread finished: Thread Group 1-163
2021-05-05 19:56:41,401 INFO o.a.j.t.JMeterThread: Thread finished: Thread Group 1-186
2021-05-05 19:56:41,391 INFO o.a.j.t.JMeterThread: Thread started: Thread Group 1-150
2021-05-05 19:56:41,390 INFO o.a.j.t.JMeterThread: Thread started: Thread Group 1-165
2021-05-05 19:56:41,391 INFO o.a.j.t.JMeterThread: Thread started: Thread Group 1-147
2021-05-05 19:56:41,401 INFO o.a.j.t.JMeterThread: Thread finished: Thread Group 1-150
2021-05-05 19:56:41,401 INFO o.a.j.t.JMeterThread: Thread finished: Thread Group 1-147
2021-05-05 19:56:41,391 INFO o.a.j.t.JMeterThread: Thread started: Thread Group 1-149
2021-05-05 19:56:41,400 INFO o.a.j.t.JMeterThread: Thread finished: Thread Group 1-144
2021-05-05 19:56:41,391 INFO o.a.j.t.JMeterThread: Thread started: Thread Group 1-161
2021-05-05 19:56:41,391 INFO o.a.j.t.JMeterThread: Thread started: Thread Group 1-138
2021-05-05 19:56:41,402 INFO o.a.j.t.JMeterThread: Thread finished: Thread Group 1-165
2021-05-05 19:56:41,391 INFO o.a.j.t.JMeterThread: Thread started: Thread Group 1-148
2021-05-05 19:56:41,391 INFO o.a.j.t.JMeterThread: Thread started: Thread Group 1-157
2021-05-05 19:56:41,390 INFO o.a.j.t.JMeterThread: Thread started: Thread Group 1-151
2021-05-05 19:56:41,402 INFO o.a.j.t.JMeterThread: Thread finished: Thread Group 1-148
2021-05-05 19:56:41,402 INFO o.a.j.t.JMeterThread: Thread finished: Thread Group 1-151
2021-05-05 19:56:41,390 INFO o.a.j.t.JMeterThread: Thread started: Thread Group 1-145
2021-05-05 19:56:41,390 INFO o.a.j.t.JMeterThread: Thread finished: Thread Group 1-93
2021-05-05 19:56:41,403 INFO o.a.j.t.JMeterThread: Thread started: Thread Group 1-189
2021-05-05 19:56:41,403 INFO o.a.j.t.JMeterThread: Thread finished: Thread Group 1-189
2021-05-05 19:56:41,402 INFO o.a.j.t.JMeterThread: Thread finished: Thread Group 1-157
2021-05-05 19:56:41,403 INFO o.a.j.t.JMeterThread: Thread started: Thread Group 1-193
2021-05-05 19:56:41,403 INFO o.a.j.t.JMeterThread: Thread started: Thread Group 1-194
2021-05-05 19:56:41,402 INFO o.a.j.t.JMeterThread: Thread finished: Thread Group 1-161
2021-05-05 19:56:41,403 INFO o.a.j.t.JMeterThread: Thread finished: Thread Group 1-193
2021-05-05 19:56:41,402 INFO o.a.j.t.JMeterThread: Thread finished: Thread Group 1-138
2021-05-05 19:56:41,403 INFO o.a.j.t.JMeterThread: Thread finished: Thread Group 1-149
2021-05-05 19:56:41,403 INFO o.a.j.t.JMeterThread: Thread started: Thread Group 1-187
2021-05-05 19:56:41,401 INFO o.a.j.t.JMeterThread: Thread finished: Thread Group 1-153
2021-05-05 19:56:41,400 INFO o.a.j.t.JMeterThread: Thread finished: Thread Group 1-146
2021-05-05 19:56:41,403 INFO o.a.j.t.JMeterThread: Thread started: Thread Group 1-185
2021-05-05 19:56:41,404 INFO o.a.j.t.JMeterThread: Thread finished: Thread Group 1-187
2021-05-05 19:56:41,404 INFO o.a.j.t.JMeterThread: Thread finished: Thread Group 1-185
2021-05-05 19:56:41,405 INFO o.a.j.t.JMeterThread: Thread started: Thread Group 1-197
2021-05-05 19:56:41,405 INFO o.a.j.t.JMeterThread: Thread finished: Thread Group 1-197
2021-05-05 19:56:41,405 INFO o.a.j.t.JMeterThread: Thread started: Thread Group 1-198
2021-05-05 19:56:41,405 INFO o.a.j.t.JMeterThread: Thread finished: Thread Group 1-198
2021-05-05 19:56:41,405 INFO o.a.j.t.JMeterThread: Thread started: Thread Group 1-190
2021-05-05 19:56:41,400 INFO o.a.j.t.JMeterThread: Thread finished: Thread Group 1-162
2021-05-05 19:56:41,400 INFO o.a.j.t.JMeterThread: Thread finished: Thread Group 1-155
2021-05-05 19:56:41,400 INFO o.a.j.t.JMeterThread: Thread finished: Thread Group 1-181
2021-05-05 19:56:41,400 INFO o.a.j.t.JMeterThread: Thread finished: Thread Group 1-178
2021-05-05 19:56:41,405 INFO o.a.j.t.JMeterThread: Thread started: Thread Group 1-192
2021-05-05 19:56:41,399 INFO o.a.j.t.JMeterThread: Thread started: Thread Group 1-176
2021-05-05 19:56:41,406 INFO o.a.j.t.JMeterThread: Thread finished: Thread Group 1-192
2021-05-05 19:56:41,406 INFO o.a.j.t.JMeterThread: Thread finished: Thread Group 1-176
2021-05-05 19:56:41,399 INFO o.a.j.t.JMeterThread: Thread started: Thread Group 1-180
2021-05-05 19:56:41,406 INFO o.a.j.t.JMeterThread: Thread finished: Thread Group 1-180
2021-05-05 19:56:41,399 INFO o.a.j.t.JMeterThread: Thread finished: Thread Group 1-158
2021-05-05 19:56:41,406 INFO o.a.j.t.JMeterThread: Thread finished: Thread Group 1-190
2021-05-05 19:56:41,399 INFO o.a.j.t.JMeterThread: Thread finished: Thread Group 1-160
2021-05-05 19:56:41,407 INFO o.a.j.t.JMeterThread: Thread finished: Thread Group 1-130
2021-05-05 19:56:41,407 INFO o.a.j.t.JMeterThread: Thread started: Thread Group 1-199
2021-05-05 19:56:41,408 INFO o.a.j.t.JMeterThread: Thread finished: Thread Group 1-199
2021-05-05 19:56:41,408 INFO o.a.j.t.JMeterThread: Thread started: Thread Group 1-195
2021-05-05 19:56:41,408 INFO o.a.j.t.JMeterThread: Thread finished: Thread Group 1-195
2021-05-05 19:56:41,407 INFO o.a.j.t.JMeterThread: Thread started: Thread Group 1-200
2021-05-05 19:56:41,398 INFO o.a.j.t.JMeterThread: Thread finished: Thread Group 1-175
2021-05-05 19:56:41,407 INFO o.a.j.t.JMeterThread: Thread started: Thread Group 1-196
2021-05-05 19:56:41,390 INFO o.a.j.t.JMeterThread: Thread started: Thread Group 1-159
2021-05-05 19:56:41,412 INFO o.a.j.t.JMeterThread: Thread finished: Thread Group 1-196
2021-05-05 19:56:41,397 INFO o.a.j.t.JMeterThread: Thread started: Thread Group 1-173
2021-05-05 19:56:41,413 INFO o.a.j.t.JMeterThread: Thread finished: Thread Group 1-173
2021-05-05 19:56:41,386 INFO o.a.j.t.JMeterThread: Thread started: Thread Group 1-129
2021-05-05 19:56:41,392 INFO o.a.j.t.JMeterThread: Thread finished: Thread Group 1-127
2021-05-05 19:56:41,413 INFO o.a.j.t.JMeterThread: Thread finished: Thread Group 1-129
2021-05-05 19:56:41,389 INFO o.a.j.t.JMeterThread: Thread started: Thread Group 1-134
2021-05-05 19:56:41,394 INFO o.a.j.t.JMeterThread: Thread finished: Thread Group 1-105
2021-05-05 19:56:41,413 INFO o.a.j.t.JMeterThread: Thread finished: Thread Group 1-134
2021-05-05 19:56:41,413 INFO o.a.j.t.JMeterThread: Thread finished: Thread Group 1-200
2021-05-05 19:56:41,394 INFO o.a.j.t.JMeterThread: Thread finished: Thread Group 1-136
2021-05-05 19:56:41,389 INFO o.a.j.t.JMeterThread: Thread finished: Thread Group 1-131
2021-05-05 19:56:41,414 INFO o.a.j.t.JMeterThread: Thread finished: Thread Group 1-154
2021-05-05 19:56:41,413 INFO o.a.j.t.JMeterThread: Thread finished: Thread Group 1-159
2021-05-05 19:56:41,403 INFO o.a.j.t.JMeterThread: Thread started: Thread Group 1-191
2021-05-05 19:56:41,403 INFO o.a.j.t.JMeterThread: Thread started: Thread Group 1-183
2021-05-05 19:56:41,403 INFO o.a.j.t.JMeterThread: Thread finished: Thread Group 1-194
2021-05-05 19:56:41,403 INFO o.a.j.t.JMeterThread: Thread started: Thread Group 1-188
2021-05-05 19:56:41,414 INFO o.a.j.t.JMeterThread: Thread finished: Thread Group 1-188
2021-05-05 19:56:41,402 INFO o.a.j.t.JMeterThread: Thread finished: Thread Group 1-145
2021-05-05 19:56:41,414 INFO o.a.j.t.JMeterThread: Thread finished: Thread Group 1-183
2021-05-05 19:56:41,414 INFO o.a.j.t.JMeterThread: Thread finished: Thread Group 1-191
2021-05-05 19:56:41,427 INFO o.a.j.t.JMeterThread: Thread finished: Thread Group 1-21
2021-05-05 19:56:41,464 INFO o.a.j.t.JMeterThread: Thread finished: Thread Group 1-14
2021-05-05 19:56:41,598 INFO o.a.j.t.JMeterThread: Thread finished: Thread Group 1-9
2021-05-05 19:56:41,662 INFO o.a.j.t.JMeterThread: Thread finished: Thread Group 1-23
2021-05-05 19:56:41,751 INFO o.a.j.t.JMeterThread: Thread finished: Thread Group 1-1
2021-05-05 19:56:41,781 INFO o.a.j.t.JMeterThread: Thread finished: Thread Group 1-25
2021-05-05 19:56:41,803 INFO o.a.j.t.JMeterThread: Thread finished: Thread Group 1-16
2021-05-05 19:56:41,871 INFO o.a.j.t.JMeterThread: Thread finished: Thread Group 1-6
2021-05-05 19:56:41,886 INFO o.a.j.t.JMeterThread: Thread finished: Thread Group 1-27
2021-05-05 19:56:41,916 INFO o.a.j.t.JMeterThread: Thread finished: Thread Group 1-33
2021-05-05 19:56:41,939 INFO o.a.j.t.JMeterThread: Thread finished: Thread Group 1-29
2021-05-05 19:56:41,962 INFO o.a.j.t.JMeterThread: Thread finished: Thread Group 1-31
2021-05-05 19:56:41,963 INFO o.a.j.e.StandardJMeterEngine: Notifying test listeners of end of test
2021-05-05 19:56:41,964 INFO o.a.j.r.Summariser: summary +    174 in 00:00:12 =   14.6/s Avg:   517 Min:   500 Max:   571 Err:     1 (0.57%) Active: 0 Started: 200 Finished: 200
2021-05-05 19:56:41,965 INFO o.a.j.r.Summariser: summary =    874 in 00:01:42 =    8.6/s Avg:   450 Min:   339 Max:   571 Err:     1 (0.11%)
2021-05-05 19:56:41,965 INFO o.a.j.JMeter: Generating Dashboard
2021-05-05 19:56:41,966 INFO o.a.j.r.d.ReportGenerator: Flushing result collector before report Generation
2021-05-05 19:56:41,986 INFO o.a.j.r.p.NormalizerSampleConsumer: Using format, 'ms', to parse timeStamp field
2021-05-05 19:56:42,161 INFO o.a.j.r.p.AbstractSampleConsumer: class org.apache.jmeter.report.processor.AggregateConsumer#stopProducing(): beginDate produced 0 samples
2021-05-05 19:56:42,161 INFO o.a.j.r.p.AbstractSampleConsumer: class org.apache.jmeter.report.processor.AggregateConsumer#stopProducing(): endDate produced 0 samples
2021-05-05 19:56:42,164 INFO o.a.j.r.p.AbstractSampleConsumer: class org.apache.jmeter.report.processor.ApdexSummaryConsumer#stopProducing(): apdexSummary produced 0 samples
2021-05-05 19:56:42,164 INFO o.a.j.r.p.AbstractSampleConsumer: class org.apache.jmeter.report.processor.RequestsSummaryConsumer#stopProducing(): requestsSummary produced 0 samples
2021-05-05 19:56:42,170 INFO o.a.j.r.p.AbstractSampleConsumer: class org.apache.jmeter.report.processor.StatisticsSummaryConsumer#stopProducing(): statisticsSummary produced 0 samples
2021-05-05 19:56:42,175 INFO o.a.j.r.p.AbstractSampleConsumer: class org.apache.jmeter.report.processor.Top5ErrorsBySamplerConsumer#stopProducing(): top5ErrorsBySampler produced 0 samples
2021-05-05 19:56:42,175 INFO o.a.j.r.p.AbstractSampleConsumer: class org.apache.jmeter.report.processor.ErrorsSummaryConsumer#stopProducing(): errorsSummary produced 0 samples
2021-05-05 19:56:42,175 INFO o.a.j.r.p.AbstractSampleConsumer: class org.apache.jmeter.report.processor.graph.impl.HitsPerSecondGraphConsumer#stopProducing(): hitsPerSecond produced 0 samples
2021-05-05 19:56:42,199 INFO o.a.j.r.p.AbstractSampleConsumer: class org.apache.jmeter.report.processor.graph.impl.LatencyVSRequestGraphConsumer#stopProducing(): latencyVsRequest produced 0 samples
2021-05-05 19:56:42,200 INFO o.a.j.r.p.AbstractSampleConsumer: class org.apache.jmeter.report.processor.graph.impl.SyntheticResponseTimeDistributionGraphConsumer#stopProducing(): syntheticResponseTimeDistribution produced 0 samples
2021-05-05 19:56:42,200 INFO o.a.j.r.p.AbstractSampleConsumer: class org.apache.jmeter.report.processor.graph.impl.BytesThroughputGraphConsumer#stopProducing(): bytesThroughputOverTime produced 0 samples
2021-05-05 19:56:42,201 INFO o.a.j.r.p.AbstractSampleConsumer: class org.apache.jmeter.report.processor.graph.impl.CodesPerSecondGraphConsumer#stopProducing(): codesPerSecond produced 0 samples
2021-05-05 19:56:42,216 INFO o.a.j.r.p.AbstractSampleConsumer: class org.apache.jmeter.report.processor.graph.impl.ResponseTimeVSRequestGraphConsumer#stopProducing(): responseTimeVsRequest produced 0 samples
2021-05-05 19:56:42,217 INFO o.a.j.r.p.AbstractSampleConsumer: class org.apache.jmeter.report.processor.FilterConsumer#stopProducing(): startIntervalControlerFilter produced 6118 samples
2021-05-05 19:56:42,217 INFO o.a.j.r.p.AbstractSampleConsumer: class org.apache.jmeter.report.processor.graph.impl.TotalTPSGraphConsumer#stopProducing(): totalTPS produced 0 samples
2021-05-05 19:56:42,217 INFO o.a.j.r.p.AbstractSampleConsumer: class org.apache.jmeter.report.processor.graph.impl.ActiveThreadsGraphConsumer#stopProducing(): activeThreadsOverTime produced 0 samples
2021-05-05 19:56:42,217 INFO o.a.j.r.p.AbstractSampleConsumer: class org.apache.jmeter.report.processor.graph.impl.TimeVSThreadGraphConsumer#stopProducing(): timeVsThreads produced 0 samples
2021-05-05 19:56:42,218 INFO o.a.j.r.p.AbstractSampleConsumer: class org.apache.jmeter.report.processor.graph.impl.ResponseTimeDistributionGraphConsumer#stopProducing(): responseTimeDistribution produced 0 samples
2021-05-05 19:56:42,218 INFO o.a.j.r.p.AbstractSampleConsumer: class org.apache.jmeter.report.processor.graph.impl.TransactionsPerSecondGraphConsumer#stopProducing(): transactionsPerSecond produced 0 samples
2021-05-05 19:56:42,218 INFO o.a.j.r.p.AbstractSampleConsumer: class org.apache.jmeter.report.processor.graph.impl.ResponseTimePercentilesGraphConsumer#stopProducing(): responseTimePercentiles produced 0 samples
2021-05-05 19:56:42,220 INFO o.a.j.r.p.AbstractSampleConsumer: class org.apache.jmeter.report.processor.graph.impl.ResponseTimePercentilesOverTimeGraphConsumer#stopProducing(): responseTimePercentilesOverTime produced 0 samples
2021-05-05 19:56:42,225 INFO o.a.j.r.p.AbstractSampleConsumer: class org.apache.jmeter.report.processor.graph.impl.ResponseTimeOverTimeGraphConsumer#stopProducing(): responseTimesOverTime produced 0 samples
2021-05-05 19:56:42,225 INFO o.a.j.r.p.AbstractSampleConsumer: class org.apache.jmeter.report.processor.graph.impl.ConnectTimeOverTimeGraphConsumer#stopProducing(): connectTimeOverTime produced 0 samples
2021-05-05 19:56:42,225 INFO o.a.j.r.p.AbstractSampleConsumer: class org.apache.jmeter.report.processor.graph.impl.LatencyOverTimeGraphConsumer#stopProducing(): latenciesOverTime produced 0 samples
2021-05-05 19:56:42,226 INFO o.a.j.r.p.AbstractSampleConsumer: class org.apache.jmeter.report.processor.FilterConsumer#stopProducing(): nameFilter produced 13110 samples
2021-05-05 19:56:42,226 INFO o.a.j.r.p.AbstractSampleConsumer: class org.apache.jmeter.report.processor.FilterConsumer#stopProducing(): dateRangeFilter produced 2622 samples
2021-05-05 19:56:42,226 INFO o.a.j.r.p.AbstractSampleConsumer: class org.apache.jmeter.report.processor.NormalizerSampleConsumer#stopProducing(): normalizer produced 874 samples
2021-05-05 19:56:42,226 INFO o.a.j.r.p.CsvFileSampleSource: produce(): 874 samples produced in 198ms on channel 0
2021-05-05 19:56:42,227 INFO o.a.j.r.d.ReportGenerator: Exporting data using exporter:'json' of className:'org.apache.jmeter.report.dashboard.JsonExporter'
2021-05-05 19:56:42,308 INFO o.a.j.r.d.JsonExporter: Found data for consumer statisticsSummaryin context
2021-05-05 19:56:42,309 INFO o.a.j.r.d.JsonExporter: Creating statistics for overall
2021-05-05 19:56:42,309 INFO o.a.j.r.d.JsonExporter: Creating statistics for other transactions
2021-05-05 19:56:42,310 INFO o.a.j.r.d.JsonExporter: Checking output folder
2021-05-05 19:56:42,310 INFO o.a.j.r.d.JsonExporter: Writing statistics JSON to /hdd/homework/testing/lab4/load2/out/statistics.json
2021-05-05 19:56:42,338 INFO o.a.j.r.d.ReportGenerator: Exporting data using exporter:'html' of className:'org.apache.jmeter.report.dashboard.HtmlTemplateExporter'
2021-05-05 19:56:42,340 INFO o.a.j.r.d.HtmlTemplateExporter: Will generate dashboard in folder: /hdd/homework/testing/lab4/load2/out
2021-05-05 19:56:42,428 INFO o.a.j.r.d.HtmlTemplateExporter: Report will be generated in: /hdd/homework/testing/lab4/load2/out, creating folder structure
2021-05-05 19:56:42,431 INFO o.a.j.r.d.TemplateVisitor: Copying folder from '/hdd/homework/testing/apache-jmeter-5.4.1/bin/report-template' to '/hdd/homework/testing/lab4/load2/out', got message: /hdd/homework/testing/lab4/load2/out, found non empty folder with following content [/hdd/homework/testing/lab4/load2/out/statistics.json], will be ignored
2021-05-05 19:56:42,611 INFO o.a.j.JMeter: Dashboard generated
