2021-05-05 20:03:58,520 INFO o.a.j.u.JMeterUtils: Setting Locale to en_EN
2021-05-05 20:03:58,539 INFO o.a.j.JMeter: Loading user properties from: /hdd/homework/testing/apache-jmeter-5.4.1/bin/user.properties
2021-05-05 20:03:58,540 INFO o.a.j.JMeter: Loading system properties from: /hdd/homework/testing/apache-jmeter-5.4.1/bin/system.properties
2021-05-05 20:03:58,540 INFO o.a.j.JMeter: Loading additional properties from: ../jmeter.properties
2021-05-05 20:03:58,547 INFO o.a.j.JMeter: Copyright (c) 1998-2021 The Apache Software Foundation
2021-05-05 20:03:58,547 INFO o.a.j.JMeter: Version 5.4.1
2021-05-05 20:03:58,547 INFO o.a.j.JMeter: java.version=15.0.2
2021-05-05 20:03:58,547 INFO o.a.j.JMeter: java.vm.name=OpenJDK 64-Bit Server VM
2021-05-05 20:03:58,547 INFO o.a.j.JMeter: os.name=Linux
2021-05-05 20:03:58,547 INFO o.a.j.JMeter: os.arch=amd64
2021-05-05 20:03:58,548 INFO o.a.j.JMeter: os.version=5.4.114-1-MANJARO
2021-05-05 20:03:58,548 INFO o.a.j.JMeter: file.encoding=UTF-8
2021-05-05 20:03:58,548 INFO o.a.j.JMeter: java.awt.headless=true
2021-05-05 20:03:58,548 INFO o.a.j.JMeter: Max memory     =1073741824
2021-05-05 20:03:58,548 INFO o.a.j.JMeter: Available Processors =8
2021-05-05 20:03:58,560 INFO o.a.j.JMeter: Default Locale=English (EN)
2021-05-05 20:03:58,560 INFO o.a.j.JMeter: JMeter  Locale=English (EN)
2021-05-05 20:03:58,560 INFO o.a.j.JMeter: JMeterHome=/hdd/homework/testing/apache-jmeter-5.4.1
2021-05-05 20:03:58,561 INFO o.a.j.JMeter: user.dir  =/hdd/homework/testing/lab4/stress1
2021-05-05 20:03:58,561 INFO o.a.j.JMeter: PWD       =/hdd/homework/testing/lab4/stress1
2021-05-05 20:03:58,561 INFO o.a.j.JMeter: IP: 127.0.1.1 Name: asurkis-manjaro FullName: asurkis-manjaro
2021-05-05 20:03:58,567 INFO o.a.j.JMeter: Setting property 'jmeter.reportgenerator.outputdir' to:'/hdd/homework/testing/lab4/stress1/out'
2021-05-05 20:03:58,570 INFO o.a.j.s.FileServer: Default base='/hdd/homework/testing/lab4/stress1'
2021-05-05 20:03:58,570 INFO o.a.j.s.FileServer: Set new base='/hdd/homework/testing/lab4/stress1'
2021-05-05 20:03:58,723 INFO o.a.j.s.SaveService: Testplan (JMX) version: 2.2. Testlog (JTL) version: 2.2
2021-05-05 20:03:58,745 INFO o.a.j.s.SaveService: Using SaveService properties version 5.0
2021-05-05 20:03:58,748 INFO o.a.j.s.SaveService: Using SaveService properties file encoding UTF-8
2021-05-05 20:03:58,751 INFO o.a.j.s.SaveService: Loading file: test.jmx
2021-05-05 20:03:58,789 INFO o.a.j.p.h.s.HTTPSamplerBase: Parser for text/html is org.apache.jmeter.protocol.http.parser.LagartoBasedHtmlParser
2021-05-05 20:03:58,789 INFO o.a.j.p.h.s.HTTPSamplerBase: Parser for application/xhtml+xml is org.apache.jmeter.protocol.http.parser.LagartoBasedHtmlParser
2021-05-05 20:03:58,790 INFO o.a.j.p.h.s.HTTPSamplerBase: Parser for application/xml is org.apache.jmeter.protocol.http.parser.LagartoBasedHtmlParser
2021-05-05 20:03:58,790 INFO o.a.j.p.h.s.HTTPSamplerBase: Parser for text/xml is org.apache.jmeter.protocol.http.parser.LagartoBasedHtmlParser
2021-05-05 20:03:58,790 INFO o.a.j.p.h.s.HTTPSamplerBase: Parser for text/vnd.wap.wml is org.apache.jmeter.protocol.http.parser.RegexpHTMLParser
2021-05-05 20:03:58,790 INFO o.a.j.p.h.s.HTTPSamplerBase: Parser for text/css is org.apache.jmeter.protocol.http.parser.CssParser
2021-05-05 20:03:58,802 INFO o.a.j.JMeter: Creating summariser <summary>
2021-05-05 20:03:58,808 INFO o.a.j.r.d.ReportGenerator: ReportGenerator will use for Parsing the separator: ','
2021-05-05 20:03:58,809 INFO o.a.j.r.d.ReportGenerator: Will generate report at end of test from  results file: samples.csv
2021-05-05 20:03:58,809 INFO o.a.j.r.d.ReportGenerator: Reading report generator properties from: /hdd/homework/testing/apache-jmeter-5.4.1/bin/reportgenerator.properties
2021-05-05 20:03:58,809 INFO o.a.j.r.d.ReportGenerator: Merging with JMeter properties
2021-05-05 20:03:58,814 INFO o.a.j.r.c.ReportGeneratorConfiguration: Property 'jmeter.reportgenerator.temp_dir' not found, using default value 'temp' instead.
2021-05-05 20:03:58,817 INFO o.a.j.r.c.ReportGeneratorConfiguration: Property 'jmeter.reportgenerator.apdex_per_transaction' not found, using default value 'null' instead.
2021-05-05 20:03:58,817 INFO o.a.j.r.c.ReportGeneratorConfiguration: apdex_per_transaction is empty, not APDEX per transaction customization
2021-05-05 20:03:58,817 INFO o.a.j.r.c.ReportGeneratorConfiguration: Property 'jmeter.reportgenerator.sample_filter' not found, using default value 'null' instead.
2021-05-05 20:03:58,817 INFO o.a.j.r.c.ReportGeneratorConfiguration: Property 'jmeter.reportgenerator.report_title' not found, using default value 'null' instead.
2021-05-05 20:03:58,818 INFO o.a.j.r.c.ReportGeneratorConfiguration: Property 'jmeter.reportgenerator.start_date' not found, using default value 'null' instead.
2021-05-05 20:03:58,818 INFO o.a.j.r.c.ReportGeneratorConfiguration: Property 'jmeter.reportgenerator.end_date' not found, using default value 'null' instead.
2021-05-05 20:03:58,818 INFO o.a.j.r.c.ReportGeneratorConfiguration: Property 'jmeter.reportgenerator.date_format' not found, using default value 'null' instead.
2021-05-05 20:03:58,819 INFO o.a.j.r.c.ReportGeneratorConfiguration: Will use date range start date: null, end date: null
2021-05-05 20:03:58,823 INFO o.a.j.r.c.ReportGeneratorConfiguration: Property 'jmeter.reportgenerator.graph.totalTPS.exclude_controllers' not found, using default value 'false' instead.
2021-05-05 20:03:58,823 INFO o.a.j.r.c.ReportGeneratorConfiguration: Property 'jmeter.reportgenerator.graph.activeThreadsOverTime.exclude_controllers' not found, using default value 'false' instead.
2021-05-05 20:03:58,823 INFO o.a.j.r.c.ReportGeneratorConfiguration: Property 'jmeter.reportgenerator.graph.timeVsThreads.exclude_controllers' not found, using default value 'false' instead.
2021-05-05 20:03:58,824 INFO o.a.j.r.c.ReportGeneratorConfiguration: Property 'jmeter.reportgenerator.graph.responseTimeDistribution.exclude_controllers' not found, using default value 'false' instead.
2021-05-05 20:03:58,824 INFO o.a.j.r.c.ReportGeneratorConfiguration: Property 'jmeter.reportgenerator.graph.transactionsPerSecond.exclude_controllers' not found, using default value 'false' instead.
2021-05-05 20:03:58,824 INFO o.a.j.r.c.ReportGeneratorConfiguration: Property 'jmeter.reportgenerator.graph.responseTimePercentiles.exclude_controllers' not found, using default value 'false' instead.
2021-05-05 20:03:58,824 INFO o.a.j.r.c.ReportGeneratorConfiguration: Property 'jmeter.reportgenerator.graph.responseTimePercentilesOverTime.exclude_controllers' not found, using default value 'false' instead.
2021-05-05 20:03:58,824 INFO o.a.j.r.c.ReportGeneratorConfiguration: Property 'jmeter.reportgenerator.graph.responseTimesOverTime.exclude_controllers' not found, using default value 'false' instead.
2021-05-05 20:03:58,825 INFO o.a.j.r.c.ReportGeneratorConfiguration: Property 'jmeter.reportgenerator.graph.connectTimeOverTime.exclude_controllers' not found, using default value 'false' instead.
2021-05-05 20:03:58,825 INFO o.a.j.r.c.ReportGeneratorConfiguration: Property 'jmeter.reportgenerator.graph.latenciesOverTime.exclude_controllers' not found, using default value 'false' instead.
2021-05-05 20:03:58,826 INFO o.a.j.r.c.ReportGeneratorConfiguration: Property 'jmeter.reportgenerator.exporter.json.filters_only_sample_series' not found, using default value 'true' instead.
2021-05-05 20:03:58,826 INFO o.a.j.r.c.ReportGeneratorConfiguration: Property 'jmeter.reportgenerator.exporter.json.series_filter' not found, using default value '' instead.
2021-05-05 20:03:58,826 INFO o.a.j.r.c.ReportGeneratorConfiguration: Property 'jmeter.reportgenerator.exporter.json.show_controllers_only' not found, using default value 'false' instead.
2021-05-05 20:03:58,826 INFO o.a.j.r.c.ReportGeneratorConfiguration: Property 'jmeter.reportgenerator.exporter.html.filters_only_sample_series' not found, using default value 'true' instead.
2021-05-05 20:03:58,826 INFO o.a.j.r.c.ReportGeneratorConfiguration: Property 'jmeter.reportgenerator.exporter.html.series_filter' not found, using default value '' instead.
2021-05-05 20:03:58,826 INFO o.a.j.r.c.ReportGeneratorConfiguration: Property 'jmeter.reportgenerator.exporter.html.show_controllers_only' not found, using default value 'false' instead.
2021-05-05 20:03:58,831 INFO o.a.j.e.StandardJMeterEngine: Running the test!
2021-05-05 20:03:58,834 INFO o.a.j.s.SampleEvent: List of sample_variables: []
2021-05-05 20:03:58,834 INFO o.a.j.s.SampleEvent: List of sample_variables: []
2021-05-05 20:03:58,837 INFO o.a.j.e.u.CompoundVariable: Note: Function class names must contain the string: '.functions.'
2021-05-05 20:03:58,837 INFO o.a.j.e.u.CompoundVariable: Note: Function class names must not contain the string: '.gui.'
2021-05-05 20:03:58,892 INFO o.a.j.JMeter: Running test (1620234238892)
2021-05-05 20:03:58,904 INFO o.a.j.e.StandardJMeterEngine: Starting ThreadGroup: 1 : Thread Group
2021-05-05 20:03:58,904 INFO o.a.j.e.StandardJMeterEngine: Starting 200 threads for group Thread Group.
2021-05-05 20:03:58,904 INFO o.a.j.e.StandardJMeterEngine: Test will stop on error
2021-05-05 20:03:58,904 INFO o.a.j.t.ThreadGroup: Starting thread group... number=1 threads=200 ramp-up=600 delayedStart=false
2021-05-05 20:03:58,911 INFO o.a.j.t.JMeterThread: Thread started: Thread Group 1-1
2021-05-05 20:03:58,998 INFO o.a.j.t.ThreadGroup: Started thread group number 1
2021-05-05 20:03:58,999 INFO o.a.j.e.StandardJMeterEngine: All thread groups have been started
2021-05-05 20:04:00,425 INFO o.a.j.p.h.s.HTTPHCAbstractImpl: Local host = asurkis-manjaro
2021-05-05 20:04:00,433 INFO o.a.j.p.h.s.HTTPHC4Impl: HTTP request retry count = 0
2021-05-05 20:04:00,434 INFO o.a.j.s.SampleResult: Note: Sample TimeStamps are START times
2021-05-05 20:04:00,435 INFO o.a.j.s.SampleResult: sampleresult.default.encoding is set to ISO-8859-1
2021-05-05 20:04:00,435 INFO o.a.j.s.SampleResult: sampleresult.useNanoTime=true
2021-05-05 20:04:00,435 INFO o.a.j.s.SampleResult: sampleresult.nanoThreadSleep=5000
2021-05-05 20:04:01,016 INFO o.a.j.r.Summariser: summary +      1 in 00:00:02 =    0.5/s Avg:   498 Min:   498 Max:   498 Err:     0 (0.00%) Active: 1 Started: 1 Finished: 0
2021-05-05 20:04:01,909 INFO o.a.j.t.JMeterThread: Thread started: Thread Group 1-2
2021-05-05 20:04:04,907 INFO o.a.j.t.JMeterThread: Thread started: Thread Group 1-3
2021-05-05 20:04:07,909 INFO o.a.j.t.JMeterThread: Thread started: Thread Group 1-4
2021-05-05 20:04:10,908 INFO o.a.j.t.JMeterThread: Thread started: Thread Group 1-5
2021-05-05 20:04:13,908 INFO o.a.j.t.JMeterThread: Thread started: Thread Group 1-6
2021-05-05 20:04:16,907 INFO o.a.j.t.JMeterThread: Thread started: Thread Group 1-7
2021-05-05 20:04:19,906 INFO o.a.j.t.JMeterThread: Thread started: Thread Group 1-8
2021-05-05 20:04:22,906 INFO o.a.j.t.JMeterThread: Thread started: Thread Group 1-9
2021-05-05 20:04:25,906 INFO o.a.j.t.JMeterThread: Thread started: Thread Group 1-10
2021-05-05 20:04:28,905 INFO o.a.j.t.JMeterThread: Thread started: Thread Group 1-11
2021-05-05 20:04:30,343 INFO o.a.j.r.Summariser: summary +     85 in 00:00:29 =    2.9/s Avg:   462 Min:   439 Max:   504 Err:     0 (0.00%) Active: 11 Started: 11 Finished: 0
2021-05-05 20:04:30,344 INFO o.a.j.r.Summariser: summary =     86 in 00:00:31 =    2.7/s Avg:   463 Min:   439 Max:   504 Err:     0 (0.00%)
2021-05-05 20:04:31,906 INFO o.a.j.t.JMeterThread: Thread started: Thread Group 1-12
2021-05-05 20:04:34,906 INFO o.a.j.t.JMeterThread: Thread started: Thread Group 1-13
2021-05-05 20:04:37,908 INFO o.a.j.t.JMeterThread: Thread started: Thread Group 1-14
2021-05-05 20:04:40,906 INFO o.a.j.t.JMeterThread: Thread started: Thread Group 1-15
2021-05-05 20:04:43,905 INFO o.a.j.t.JMeterThread: Thread started: Thread Group 1-16
2021-05-05 20:04:46,905 INFO o.a.j.t.JMeterThread: Thread started: Thread Group 1-17
2021-05-05 20:04:49,906 INFO o.a.j.t.JMeterThread: Thread started: Thread Group 1-18
2021-05-05 20:04:52,906 INFO o.a.j.t.JMeterThread: Thread started: Thread Group 1-19
2021-05-05 20:04:55,905 INFO o.a.j.t.JMeterThread: Thread started: Thread Group 1-20
2021-05-05 20:04:58,906 INFO o.a.j.t.JMeterThread: Thread started: Thread Group 1-21
2021-05-05 20:05:00,021 INFO o.a.j.r.Summariser: summary +    232 in 00:00:30 =    7.8/s Avg:   503 Min:   471 Max:   579 Err:     0 (0.00%) Active: 21 Started: 21 Finished: 0
2021-05-05 20:05:00,022 INFO o.a.j.r.Summariser: summary =    318 in 00:01:01 =    5.2/s Avg:   492 Min:   439 Max:   579 Err:     0 (0.00%)
2021-05-05 20:05:01,906 INFO o.a.j.t.JMeterThread: Thread started: Thread Group 1-22
2021-05-05 20:05:04,905 INFO o.a.j.t.JMeterThread: Thread started: Thread Group 1-23
2021-05-05 20:05:07,905 INFO o.a.j.t.JMeterThread: Thread started: Thread Group 1-24
2021-05-05 20:05:10,906 INFO o.a.j.t.JMeterThread: Thread started: Thread Group 1-25
2021-05-05 20:05:13,906 INFO o.a.j.t.JMeterThread: Thread started: Thread Group 1-26
2021-05-05 20:05:16,905 INFO o.a.j.t.JMeterThread: Thread started: Thread Group 1-27
2021-05-05 20:05:19,906 INFO o.a.j.t.JMeterThread: Thread started: Thread Group 1-28
2021-05-05 20:05:22,906 INFO o.a.j.t.JMeterThread: Thread started: Thread Group 1-29
2021-05-05 20:05:25,906 INFO o.a.j.t.JMeterThread: Thread started: Thread Group 1-30
2021-05-05 20:05:28,905 INFO o.a.j.t.JMeterThread: Thread started: Thread Group 1-31
2021-05-05 20:05:30,137 INFO o.a.j.r.Summariser: summary +    373 in 00:00:30 =   12.4/s Avg:   562 Min:   524 Max:   732 Err:     0 (0.00%) Active: 31 Started: 31 Finished: 0
2021-05-05 20:05:30,138 INFO o.a.j.r.Summariser: summary =    691 in 00:01:31 =    7.6/s Avg:   530 Min:   439 Max:   732 Err:     0 (0.00%)
2021-05-05 20:05:31,912 INFO o.a.j.t.JMeterThread: Thread started: Thread Group 1-32
2021-05-05 20:05:34,906 INFO o.a.j.t.JMeterThread: Thread started: Thread Group 1-33
2021-05-05 20:05:37,907 INFO o.a.j.t.JMeterThread: Thread started: Thread Group 1-34
2021-05-05 20:05:40,905 INFO o.a.j.t.JMeterThread: Thread started: Thread Group 1-35
2021-05-05 20:05:43,905 INFO o.a.j.t.JMeterThread: Thread started: Thread Group 1-36
2021-05-05 20:05:46,906 INFO o.a.j.t.JMeterThread: Thread started: Thread Group 1-37
2021-05-05 20:05:49,907 INFO o.a.j.t.JMeterThread: Thread started: Thread Group 1-38
2021-05-05 20:05:52,906 INFO o.a.j.t.JMeterThread: Thread started: Thread Group 1-39
2021-05-05 20:05:55,907 INFO o.a.j.t.JMeterThread: Thread started: Thread Group 1-40
2021-05-05 20:05:58,905 INFO o.a.j.t.JMeterThread: Thread started: Thread Group 1-41
2021-05-05 20:06:00,017 INFO o.a.j.r.Summariser: summary +    496 in 00:00:30 =   16.6/s Avg:   638 Min:   589 Max:   737 Err:     0 (0.00%) Active: 41 Started: 41 Finished: 0
2021-05-05 20:06:00,018 INFO o.a.j.r.Summariser: summary =   1187 in 00:02:01 =    9.8/s Avg:   575 Min:   439 Max:   737 Err:     0 (0.00%)
2021-05-05 20:06:01,906 INFO o.a.j.t.JMeterThread: Thread started: Thread Group 1-42
2021-05-05 20:06:04,905 INFO o.a.j.t.JMeterThread: Thread started: Thread Group 1-43
2021-05-05 20:06:07,906 INFO o.a.j.t.JMeterThread: Thread started: Thread Group 1-44
2021-05-05 20:06:10,905 INFO o.a.j.t.JMeterThread: Thread started: Thread Group 1-45
2021-05-05 20:06:13,906 INFO o.a.j.t.JMeterThread: Thread started: Thread Group 1-46
2021-05-05 20:06:16,905 INFO o.a.j.t.JMeterThread: Thread started: Thread Group 1-47
2021-05-05 20:06:19,909 INFO o.a.j.t.JMeterThread: Thread started: Thread Group 1-48
2021-05-05 20:06:22,907 INFO o.a.j.t.JMeterThread: Thread started: Thread Group 1-49
2021-05-05 20:06:25,905 INFO o.a.j.t.JMeterThread: Thread started: Thread Group 1-50
2021-05-05 20:06:28,906 INFO o.a.j.t.JMeterThread: Thread started: Thread Group 1-51
2021-05-05 20:06:30,004 INFO o.a.j.r.Summariser: summary +    611 in 00:00:30 =   20.4/s Avg:   727 Min:   669 Max:   808 Err:     0 (0.00%) Active: 51 Started: 51 Finished: 0
2021-05-05 20:06:30,005 INFO o.a.j.r.Summariser: summary =   1798 in 00:02:31 =   11.9/s Avg:   627 Min:   439 Max:   808 Err:     0 (0.00%)
2021-05-05 20:06:31,905 INFO o.a.j.t.JMeterThread: Thread started: Thread Group 1-52
2021-05-05 20:06:34,907 INFO o.a.j.t.JMeterThread: Thread started: Thread Group 1-53
2021-05-05 20:06:37,905 INFO o.a.j.t.JMeterThread: Thread started: Thread Group 1-54
2021-05-05 20:06:40,906 INFO o.a.j.t.JMeterThread: Thread started: Thread Group 1-55
2021-05-05 20:06:43,906 INFO o.a.j.t.JMeterThread: Thread started: Thread Group 1-56
2021-05-05 20:06:46,905 INFO o.a.j.t.JMeterThread: Thread started: Thread Group 1-57
2021-05-05 20:06:49,905 INFO o.a.j.t.JMeterThread: Thread started: Thread Group 1-58
2021-05-05 20:06:52,906 INFO o.a.j.t.JMeterThread: Thread started: Thread Group 1-59
2021-05-05 20:06:55,906 INFO o.a.j.t.JMeterThread: Thread started: Thread Group 1-60
2021-05-05 20:06:58,905 INFO o.a.j.t.JMeterThread: Thread started: Thread Group 1-61
2021-05-05 20:07:00,018 INFO o.a.j.r.Summariser: summary +    713 in 00:00:30 =   23.8/s Avg:   829 Min:   766 Max:   909 Err:     0 (0.00%) Active: 61 Started: 61 Finished: 0
2021-05-05 20:07:00,019 INFO o.a.j.r.Summariser: summary =   2511 in 00:03:01 =   13.9/s Avg:   684 Min:   439 Max:   909 Err:     0 (0.00%)
2021-05-05 20:07:01,905 INFO o.a.j.t.JMeterThread: Thread started: Thread Group 1-62
2021-05-05 20:07:04,906 INFO o.a.j.t.JMeterThread: Thread started: Thread Group 1-63
2021-05-05 20:07:07,905 INFO o.a.j.t.JMeterThread: Thread started: Thread Group 1-64
2021-05-05 20:07:10,906 INFO o.a.j.t.JMeterThread: Thread started: Thread Group 1-65
2021-05-05 20:07:13,906 INFO o.a.j.t.JMeterThread: Thread started: Thread Group 1-66
2021-05-05 20:07:16,906 INFO o.a.j.t.JMeterThread: Thread started: Thread Group 1-67
2021-05-05 20:07:19,906 INFO o.a.j.t.JMeterThread: Thread started: Thread Group 1-68
2021-05-05 20:07:22,905 INFO o.a.j.t.JMeterThread: Thread started: Thread Group 1-69
2021-05-05 20:07:25,905 INFO o.a.j.t.JMeterThread: Thread started: Thread Group 1-70
2021-05-05 20:07:28,906 INFO o.a.j.t.JMeterThread: Thread started: Thread Group 1-71
2021-05-05 20:07:30,017 INFO o.a.j.r.Summariser: summary +    801 in 00:00:30 =   26.7/s Avg:   943 Min:   875 Max:  1108 Err:     0 (0.00%) Active: 71 Started: 71 Finished: 0
2021-05-05 20:07:30,017 INFO o.a.j.r.Summariser: summary =   3312 in 00:03:31 =   15.7/s Avg:   747 Min:   439 Max:  1108 Err:     0 (0.00%)
2021-05-05 20:07:31,905 INFO o.a.j.t.JMeterThread: Thread started: Thread Group 1-72
2021-05-05 20:07:34,905 INFO o.a.j.t.JMeterThread: Thread started: Thread Group 1-73
2021-05-05 20:07:37,905 INFO o.a.j.t.JMeterThread: Thread started: Thread Group 1-74
2021-05-05 20:07:40,906 INFO o.a.j.t.JMeterThread: Thread started: Thread Group 1-75
2021-05-05 20:07:43,905 INFO o.a.j.t.JMeterThread: Thread started: Thread Group 1-76
2021-05-05 20:07:46,906 INFO o.a.j.t.JMeterThread: Thread started: Thread Group 1-77
2021-05-05 20:07:49,905 INFO o.a.j.t.JMeterThread: Thread started: Thread Group 1-78
2021-05-05 20:07:52,906 INFO o.a.j.t.JMeterThread: Thread started: Thread Group 1-79
2021-05-05 20:07:55,906 INFO o.a.j.t.JMeterThread: Thread started: Thread Group 1-80
2021-05-05 20:07:58,905 INFO o.a.j.t.JMeterThread: Thread started: Thread Group 1-81
2021-05-05 20:08:00,027 INFO o.a.j.r.Summariser: summary +    882 in 00:00:30 =   29.4/s Avg:  1063 Min:   993 Max:  1164 Err:     0 (0.00%) Active: 81 Started: 81 Finished: 0
2021-05-05 20:08:00,027 INFO o.a.j.r.Summariser: summary =   4194 in 00:04:01 =   17.4/s Avg:   813 Min:   439 Max:  1164 Err:     0 (0.00%)
2021-05-05 20:08:01,905 INFO o.a.j.t.JMeterThread: Thread started: Thread Group 1-82
2021-05-05 20:08:04,906 INFO o.a.j.t.JMeterThread: Thread started: Thread Group 1-83
2021-05-05 20:08:07,906 INFO o.a.j.t.JMeterThread: Thread started: Thread Group 1-84
2021-05-05 20:08:10,905 INFO o.a.j.t.JMeterThread: Thread started: Thread Group 1-85
2021-05-05 20:08:13,905 INFO o.a.j.t.JMeterThread: Thread started: Thread Group 1-86
2021-05-05 20:08:16,907 INFO o.a.j.t.JMeterThread: Thread started: Thread Group 1-87
2021-05-05 20:08:19,905 INFO o.a.j.t.JMeterThread: Thread started: Thread Group 1-88
2021-05-05 20:08:22,905 INFO o.a.j.t.JMeterThread: Thread started: Thread Group 1-89
2021-05-05 20:08:25,905 INFO o.a.j.t.JMeterThread: Thread started: Thread Group 1-90
2021-05-05 20:08:28,905 INFO o.a.j.t.JMeterThread: Thread started: Thread Group 1-91
2021-05-05 20:08:30,011 INFO o.a.j.r.Summariser: summary +    950 in 00:00:30 =   31.7/s Avg:  1190 Min:  1117 Max:  1290 Err:     0 (0.00%) Active: 91 Started: 91 Finished: 0
2021-05-05 20:08:30,011 INFO o.a.j.r.Summariser: summary =   5144 in 00:04:31 =   19.0/s Avg:   883 Min:   439 Max:  1290 Err:     0 (0.00%)
2021-05-05 20:08:31,906 INFO o.a.j.t.JMeterThread: Thread started: Thread Group 1-92
2021-05-05 20:08:34,906 INFO o.a.j.t.JMeterThread: Thread started: Thread Group 1-93
2021-05-05 20:08:37,906 INFO o.a.j.t.JMeterThread: Thread started: Thread Group 1-94
2021-05-05 20:08:40,906 INFO o.a.j.t.JMeterThread: Thread started: Thread Group 1-95
2021-05-05 20:08:43,908 INFO o.a.j.t.JMeterThread: Thread started: Thread Group 1-96
2021-05-05 20:08:46,905 INFO o.a.j.t.JMeterThread: Thread started: Thread Group 1-97
2021-05-05 20:08:49,906 INFO o.a.j.t.JMeterThread: Thread started: Thread Group 1-98
2021-05-05 20:08:52,905 INFO o.a.j.t.JMeterThread: Thread started: Thread Group 1-99
2021-05-05 20:08:55,906 INFO o.a.j.t.JMeterThread: Thread started: Thread Group 1-100
2021-05-05 20:08:58,917 INFO o.a.j.t.JMeterThread: Thread started: Thread Group 1-101
2021-05-05 20:09:00,001 INFO o.a.j.r.Summariser: summary +   1012 in 00:00:30 =   33.7/s Avg:  1324 Min:  1243 Max:  1570 Err:     0 (0.00%) Active: 101 Started: 101 Finished: 0
2021-05-05 20:09:00,002 INFO o.a.j.r.Summariser: summary =   6156 in 00:05:01 =   20.4/s Avg:   955 Min:   439 Max:  1570 Err:     0 (0.00%)
2021-05-05 20:09:01,911 INFO o.a.j.t.JMeterThread: Thread started: Thread Group 1-102
2021-05-05 20:09:04,911 INFO o.a.j.t.JMeterThread: Thread started: Thread Group 1-103
2021-05-05 20:09:07,910 INFO o.a.j.t.JMeterThread: Thread started: Thread Group 1-104
2021-05-05 20:09:10,911 INFO o.a.j.t.JMeterThread: Thread started: Thread Group 1-105
2021-05-05 20:09:13,906 INFO o.a.j.t.JMeterThread: Thread started: Thread Group 1-106
2021-05-05 20:09:16,907 INFO o.a.j.t.JMeterThread: Thread started: Thread Group 1-107
2021-05-05 20:09:19,905 INFO o.a.j.t.JMeterThread: Thread started: Thread Group 1-108
2021-05-05 20:09:22,905 INFO o.a.j.t.JMeterThread: Thread started: Thread Group 1-109
2021-05-05 20:09:25,905 INFO o.a.j.t.JMeterThread: Thread started: Thread Group 1-110
2021-05-05 20:09:28,906 INFO o.a.j.t.JMeterThread: Thread started: Thread Group 1-111
2021-05-05 20:09:30,009 INFO o.a.j.r.Summariser: summary +   1067 in 00:00:30 =   35.6/s Avg:  1456 Min:  1353 Max:  1573 Err:     0 (0.00%) Active: 111 Started: 111 Finished: 0
2021-05-05 20:09:30,009 INFO o.a.j.r.Summariser: summary =   7223 in 00:05:31 =   21.8/s Avg:  1029 Min:   439 Max:  1573 Err:     0 (0.00%)
2021-05-05 20:09:31,905 INFO o.a.j.t.JMeterThread: Thread started: Thread Group 1-112
2021-05-05 20:09:34,906 INFO o.a.j.t.JMeterThread: Thread started: Thread Group 1-113
2021-05-05 20:09:37,906 INFO o.a.j.t.JMeterThread: Thread started: Thread Group 1-114
2021-05-05 20:09:40,906 INFO o.a.j.t.JMeterThread: Thread started: Thread Group 1-115
2021-05-05 20:09:43,906 INFO o.a.j.t.JMeterThread: Thread started: Thread Group 1-116
2021-05-05 20:09:46,905 INFO o.a.j.t.JMeterThread: Thread started: Thread Group 1-117
2021-05-05 20:09:49,905 INFO o.a.j.t.JMeterThread: Thread started: Thread Group 1-118
2021-05-05 20:09:52,907 INFO o.a.j.t.JMeterThread: Thread started: Thread Group 1-119
2021-05-05 20:09:55,907 INFO o.a.j.t.JMeterThread: Thread started: Thread Group 1-120
2021-05-05 20:09:58,905 INFO o.a.j.t.JMeterThread: Thread started: Thread Group 1-121
2021-05-05 20:10:00,008 INFO o.a.j.r.Summariser: summary +   1115 in 00:00:30 =   37.2/s Avg:  1593 Min:  1501 Max:  1884 Err:     0 (0.00%) Active: 121 Started: 121 Finished: 0
2021-05-05 20:10:00,008 INFO o.a.j.r.Summariser: summary =   8338 in 00:06:01 =   23.1/s Avg:  1105 Min:   439 Max:  1884 Err:     0 (0.00%)
2021-05-05 20:10:01,905 INFO o.a.j.t.JMeterThread: Thread started: Thread Group 1-122
2021-05-05 20:10:03,319 INFO o.a.j.t.JMeterThread: Shutdown Test detected by thread: Thread Group 1-10
2021-05-05 20:10:03,319 INFO o.a.j.t.JMeterThread: Thread finished: Thread Group 1-10
2021-05-05 20:10:03,320 INFO o.a.j.t.JMeterThread: Stopping: Thread Group 1-152
2021-05-05 20:10:03,321 INFO o.a.j.t.JMeterThread: Stopping: Thread Group 1-143
2021-05-05 20:10:03,321 INFO o.a.j.t.JMeterThread: Stopping: Thread Group 1-177
2021-05-05 20:10:03,321 INFO o.a.j.t.JMeterThread: Stopping: Thread Group 1-97
2021-05-05 20:10:03,321 INFO o.a.j.t.JMeterThread: Stopping: Thread Group 1-88
2021-05-05 20:10:03,321 INFO o.a.j.t.JMeterThread: Stopping: Thread Group 1-48
2021-05-05 20:10:03,321 INFO o.a.j.t.JMeterThread: Stopping: Thread Group 1-147
2021-05-05 20:10:03,321 INFO o.a.j.t.JMeterThread: Stopping: Thread Group 1-130
2021-05-05 20:10:03,321 INFO o.a.j.t.JMeterThread: Stopping: Thread Group 1-135
2021-05-05 20:10:03,321 INFO o.a.j.t.JMeterThread: Stopping: Thread Group 1-171
2021-05-05 20:10:03,321 INFO o.a.j.t.JMeterThread: Stopping: Thread Group 1-161
2021-05-05 20:10:03,321 INFO o.a.j.t.JMeterThread: Stopping: Thread Group 1-108
2021-05-05 20:10:03,321 INFO o.a.j.t.JMeterThread: Stopping: Thread Group 1-40
2021-05-05 20:10:03,321 INFO o.a.j.t.JMeterThread: Stopping: Thread Group 1-82
2021-05-05 20:10:03,321 INFO o.a.j.t.JMeterThread: Stopping: Thread Group 1-118
2021-05-05 20:10:03,321 INFO o.a.j.t.JMeterThread: Stopping: Thread Group 1-93
2021-05-05 20:10:03,322 INFO o.a.j.t.JMeterThread: Stopping: Thread Group 1-145
2021-05-05 20:10:03,322 INFO o.a.j.t.JMeterThread: Stopping: Thread Group 1-149
2021-05-05 20:10:03,322 INFO o.a.j.t.JMeterThread: Stopping: Thread Group 1-71
2021-05-05 20:10:03,322 INFO o.a.j.t.JMeterThread: Stopping: Thread Group 1-146
2021-05-05 20:10:03,322 INFO o.a.j.t.JMeterThread: Stopping: Thread Group 1-62
2021-05-05 20:10:03,322 INFO o.a.j.t.JMeterThread: Stopping: Thread Group 1-141
2021-05-05 20:10:03,322 INFO o.a.j.t.JMeterThread: Stopping: Thread Group 1-184
2021-05-05 20:10:03,322 INFO o.a.j.t.JMeterThread: Stopping: Thread Group 1-115
2021-05-05 20:10:03,322 INFO o.a.j.t.JMeterThread: Stopping: Thread Group 1-129
2021-05-05 20:10:03,322 INFO o.a.j.t.JMeterThread: Stopping: Thread Group 1-21
2021-05-05 20:10:03,322 INFO o.a.j.t.JMeterThread: Stopping: Thread Group 1-160
2021-05-05 20:10:03,322 INFO o.a.j.t.JMeterThread: Stopping: Thread Group 1-199
2021-05-05 20:10:03,322 INFO o.a.j.t.JMeterThread: Stopping: Thread Group 1-26
2021-05-05 20:10:03,322 INFO o.a.j.t.JMeterThread: Stopping: Thread Group 1-87
2021-05-05 20:10:03,323 INFO o.a.j.t.JMeterThread: Stopping: Thread Group 1-36
2021-05-05 20:10:03,323 INFO o.a.j.t.JMeterThread: Stopping: Thread Group 1-49
2021-05-05 20:10:03,323 INFO o.a.j.t.JMeterThread: Stopping: Thread Group 1-96
2021-05-05 20:10:03,323 INFO o.a.j.t.JMeterThread: Stopping: Thread Group 1-24
2021-05-05 20:10:03,323 INFO o.a.j.t.JMeterThread: Stopping: Thread Group 1-13
2021-05-05 20:10:03,323 INFO o.a.j.t.JMeterThread: Stopping: Thread Group 1-2
2021-05-05 20:10:03,323 INFO o.a.j.t.JMeterThread: Stopping: Thread Group 1-187
2021-05-05 20:10:03,323 INFO o.a.j.t.JMeterThread: Stopping: Thread Group 1-43
2021-05-05 20:10:03,323 INFO o.a.j.t.JMeterThread: Stopping: Thread Group 1-137
2021-05-05 20:10:03,323 INFO o.a.j.t.JMeterThread: Stopping: Thread Group 1-99
2021-05-05 20:10:03,323 INFO o.a.j.t.JMeterThread: Stopping: Thread Group 1-197
2021-05-05 20:10:03,323 INFO o.a.j.t.JMeterThread: Stopping: Thread Group 1-64
2021-05-05 20:10:03,323 INFO o.a.j.t.JMeterThread: Stopping: Thread Group 1-37
2021-05-05 20:10:03,323 INFO o.a.j.t.JMeterThread: Stopping: Thread Group 1-142
2021-05-05 20:10:03,323 INFO o.a.j.t.JMeterThread: Stopping: Thread Group 1-169
2021-05-05 20:10:03,323 INFO o.a.j.t.JMeterThread: Stopping: Thread Group 1-127
2021-05-05 20:10:03,323 INFO o.a.j.t.JMeterThread: Stopping: Thread Group 1-25
2021-05-05 20:10:03,324 INFO o.a.j.t.JMeterThread: Stopping: Thread Group 1-119
2021-05-05 20:10:03,324 INFO o.a.j.t.JMeterThread: Stopping: Thread Group 1-16
2021-05-05 20:10:03,324 INFO o.a.j.t.JMeterThread: Stopping: Thread Group 1-144
2021-05-05 20:10:03,324 INFO o.a.j.t.JMeterThread: Stopping: Thread Group 1-126
2021-05-05 20:10:03,324 INFO o.a.j.t.JMeterThread: Stopping: Thread Group 1-81
2021-05-05 20:10:03,324 INFO o.a.j.t.JMeterThread: Stopping: Thread Group 1-77
2021-05-05 20:10:03,324 INFO o.a.j.t.JMeterThread: Stopping: Thread Group 1-158
2021-05-05 20:10:03,324 INFO o.a.j.t.JMeterThread: Stopping: Thread Group 1-154
2021-05-05 20:10:03,324 INFO o.a.j.t.JMeterThread: Stopping: Thread Group 1-181
2021-05-05 20:10:03,324 INFO o.a.j.t.JMeterThread: Stopping: Thread Group 1-11
2021-05-05 20:10:03,324 INFO o.a.j.t.JMeterThread: Stopping: Thread Group 1-112
2021-05-05 20:10:03,324 INFO o.a.j.t.JMeterThread: Stopping: Thread Group 1-174
2021-05-05 20:10:03,324 INFO o.a.j.t.JMeterThread: Stopping: Thread Group 1-193
2021-05-05 20:10:03,324 INFO o.a.j.t.JMeterThread: Stopping: Thread Group 1-151
2021-05-05 20:10:03,324 INFO o.a.j.t.JMeterThread: Stopping: Thread Group 1-140
2021-05-05 20:10:03,324 INFO o.a.j.t.JMeterThread: Stopping: Thread Group 1-20
2021-05-05 20:10:03,324 INFO o.a.j.t.JMeterThread: Stopping: Thread Group 1-124
2021-05-05 20:10:03,324 INFO o.a.j.t.JMeterThread: Stopping: Thread Group 1-4
2021-05-05 20:10:03,325 INFO o.a.j.t.JMeterThread: Stopping: Thread Group 1-95
2021-05-05 20:10:03,325 INFO o.a.j.t.JMeterThread: Stopping: Thread Group 1-19
2021-05-05 20:10:03,325 INFO o.a.j.t.JMeterThread: Stopping: Thread Group 1-41
2021-05-05 20:10:03,325 INFO o.a.j.t.JMeterThread: Stopping: Thread Group 1-65
2021-05-05 20:10:03,325 INFO o.a.j.t.JMeterThread: Stopping: Thread Group 1-116
2021-05-05 20:10:03,325 INFO o.a.j.t.JMeterThread: Stopping: Thread Group 1-165
2021-05-05 20:10:03,325 INFO o.a.j.t.JMeterThread: Stopping: Thread Group 1-34
2021-05-05 20:10:03,325 INFO o.a.j.t.JMeterThread: Stopping: Thread Group 1-52
2021-05-05 20:10:03,325 INFO o.a.j.t.JMeterThread: Stopping: Thread Group 1-76
2021-05-05 20:10:03,325 INFO o.a.j.t.JMeterThread: Stopping: Thread Group 1-138
2021-05-05 20:10:03,325 INFO o.a.j.t.JMeterThread: Stopping: Thread Group 1-179
2021-05-05 20:10:03,325 INFO o.a.j.t.JMeterThread: Stopping: Thread Group 1-35
2021-05-05 20:10:03,325 INFO o.a.j.t.JMeterThread: Stopping: Thread Group 1-63
2021-05-05 20:10:03,325 INFO o.a.j.t.JMeterThread: Stopping: Thread Group 1-109
2021-05-05 20:10:03,325 INFO o.a.j.t.JMeterThread: Stopping: Thread Group 1-59
2021-05-05 20:10:03,325 INFO o.a.j.t.JMeterThread: Stopping: Thread Group 1-39
2021-05-05 20:10:03,325 INFO o.a.j.t.JMeterThread: Stopping: Thread Group 1-55
2021-05-05 20:10:03,326 INFO o.a.j.t.JMeterThread: Stopping: Thread Group 1-98
2021-05-05 20:10:03,326 INFO o.a.j.t.JMeterThread: Stopping: Thread Group 1-122
2021-05-05 20:10:03,326 INFO o.a.j.t.JMeterThread: Stopping: Thread Group 1-170
2021-05-05 20:10:03,326 INFO o.a.j.t.JMeterThread: Stopping: Thread Group 1-114
2021-05-05 20:10:03,326 INFO o.a.j.t.JMeterThread: Stopping: Thread Group 1-155
2021-05-05 20:10:03,326 INFO o.a.j.t.JMeterThread: Stopping: Thread Group 1-192
2021-05-05 20:10:03,326 INFO o.a.j.t.JMeterThread: Stopping: Thread Group 1-56
2021-05-05 20:10:03,326 INFO o.a.j.t.JMeterThread: Stopping: Thread Group 1-125
2021-05-05 20:10:03,326 INFO o.a.j.t.JMeterThread: Stopping: Thread Group 1-50
2021-05-05 20:10:03,326 INFO o.a.j.t.JMeterThread: Stopping: Thread Group 1-183
2021-05-05 20:10:03,326 INFO o.a.j.t.JMeterThread: Stopping: Thread Group 1-75
2021-05-05 20:10:03,326 INFO o.a.j.t.JMeterThread: Stopping: Thread Group 1-80
2021-05-05 20:10:03,326 INFO o.a.j.t.JMeterThread: Stopping: Thread Group 1-131
2021-05-05 20:10:03,326 INFO o.a.j.t.JMeterThread: Stopping: Thread Group 1-83
2021-05-05 20:10:03,327 INFO o.a.j.t.JMeterThread: Stopping: Thread Group 1-100
2021-05-05 20:10:03,327 INFO o.a.j.t.JMeterThread: Stopping: Thread Group 1-84
2021-05-05 20:10:03,327 INFO o.a.j.t.JMeterThread: Stopping: Thread Group 1-182
2021-05-05 20:10:03,327 INFO o.a.j.t.JMeterThread: Stopping: Thread Group 1-159
2021-05-05 20:10:03,327 INFO o.a.j.t.JMeterThread: Stopping: Thread Group 1-186
2021-05-05 20:10:03,327 INFO o.a.j.t.JMeterThread: Stopping: Thread Group 1-91
2021-05-05 20:10:03,327 INFO o.a.j.t.JMeterThread: Stopping: Thread Group 1-121
2021-05-05 20:10:03,327 INFO o.a.j.t.JMeterThread: Stopping: Thread Group 1-195
2021-05-05 20:10:03,327 INFO o.a.j.t.JMeterThread: Stopping: Thread Group 1-120
2021-05-05 20:10:03,327 INFO o.a.j.t.JMeterThread: Stopping: Thread Group 1-85
2021-05-05 20:10:03,327 INFO o.a.j.t.JMeterThread: Stopping: Thread Group 1-113
2021-05-05 20:10:03,327 INFO o.a.j.t.JMeterThread: Stopping: Thread Group 1-164
2021-05-05 20:10:03,327 INFO o.a.j.t.JMeterThread: Stopping: Thread Group 1-94
2021-05-05 20:10:03,327 INFO o.a.j.t.JMeterThread: Stopping: Thread Group 1-136
2021-05-05 20:10:03,328 INFO o.a.j.t.JMeterThread: Stopping: Thread Group 1-128
2021-05-05 20:10:03,328 INFO o.a.j.t.JMeterThread: Stopping: Thread Group 1-42
2021-05-05 20:10:03,328 INFO o.a.j.t.JMeterThread: Stopping: Thread Group 1-23
2021-05-05 20:10:03,328 INFO o.a.j.t.JMeterThread: Stopping: Thread Group 1-189
2021-05-05 20:10:03,328 INFO o.a.j.t.JMeterThread: Stopping: Thread Group 1-110
2021-05-05 20:10:03,328 INFO o.a.j.t.JMeterThread: Stopping: Thread Group 1-156
2021-05-05 20:10:03,328 INFO o.a.j.t.JMeterThread: Stopping: Thread Group 1-7
2021-05-05 20:10:03,328 INFO o.a.j.t.JMeterThread: Stopping: Thread Group 1-86
2021-05-05 20:10:03,328 INFO o.a.j.t.JMeterThread: Stopping: Thread Group 1-172
2021-05-05 20:10:03,328 INFO o.a.j.t.JMeterThread: Stopping: Thread Group 1-148
2021-05-05 20:10:03,328 INFO o.a.j.t.JMeterThread: Stopping: Thread Group 1-198
2021-05-05 20:10:03,328 INFO o.a.j.t.JMeterThread: Stopping: Thread Group 1-70
2021-05-05 20:10:03,328 INFO o.a.j.t.JMeterThread: Stopping: Thread Group 1-162
2021-05-05 20:10:03,328 INFO o.a.j.t.JMeterThread: Stopping: Thread Group 1-168
2021-05-05 20:10:03,328 INFO o.a.j.t.JMeterThread: Stopping: Thread Group 1-175
2021-05-05 20:10:03,328 INFO o.a.j.t.JMeterThread: Stopping: Thread Group 1-69
2021-05-05 20:10:03,328 INFO o.a.j.t.JMeterThread: Stopping: Thread Group 1-74
2021-05-05 20:10:03,328 INFO o.a.j.t.JMeterThread: Stopping: Thread Group 1-194
2021-05-05 20:10:03,329 INFO o.a.j.t.JMeterThread: Stopping: Thread Group 1-106
2021-05-05 20:10:03,329 INFO o.a.j.t.JMeterThread: Stopping: Thread Group 1-17
2021-05-05 20:10:03,329 INFO o.a.j.t.JMeterThread: Stopping: Thread Group 1-90
2021-05-05 20:10:03,329 INFO o.a.j.t.JMeterThread: Stopping: Thread Group 1-178
2021-05-05 20:10:03,329 INFO o.a.j.t.JMeterThread: Stopping: Thread Group 1-51
2021-05-05 20:10:03,329 INFO o.a.j.t.JMeterThread: Stopping: Thread Group 1-157
2021-05-05 20:10:03,329 INFO o.a.j.t.JMeterThread: Stopping: Thread Group 1-101
2021-05-05 20:10:03,329 INFO o.a.j.t.JMeterThread: Stopping: Thread Group 1-166
2021-05-05 20:10:03,329 INFO o.a.j.t.JMeterThread: Stopping: Thread Group 1-67
2021-05-05 20:10:03,329 INFO o.a.j.t.JMeterThread: Stopping: Thread Group 1-68
2021-05-05 20:10:03,329 INFO o.a.j.t.JMeterThread: Stopping: Thread Group 1-123
2021-05-05 20:10:03,329 INFO o.a.j.t.JMeterThread: Stopping: Thread Group 1-163
2021-05-05 20:10:03,329 INFO o.a.j.t.JMeterThread: Stopping: Thread Group 1-105
2021-05-05 20:10:03,329 INFO o.a.j.t.JMeterThread: Stopping: Thread Group 1-8
2021-05-05 20:10:03,329 INFO o.a.j.t.JMeterThread: Stopping: Thread Group 1-180
2021-05-05 20:10:03,329 INFO o.a.j.t.JMeterThread: Stopping: Thread Group 1-134
2021-05-05 20:10:03,329 INFO o.a.j.t.JMeterThread: Stopping: Thread Group 1-12
2021-05-05 20:10:03,329 INFO o.a.j.t.JMeterThread: Stopping: Thread Group 1-45
2021-05-05 20:10:03,330 INFO o.a.j.t.JMeterThread: Stopping: Thread Group 1-32
2021-05-05 20:10:03,330 INFO o.a.j.t.JMeterThread: Stopping: Thread Group 1-1
2021-05-05 20:10:03,330 INFO o.a.j.t.JMeterThread: Stopping: Thread Group 1-33
2021-05-05 20:10:03,330 INFO o.a.j.t.JMeterThread: Stopping: Thread Group 1-196
2021-05-05 20:10:03,330 INFO o.a.j.t.JMeterThread: Stopping: Thread Group 1-79
2021-05-05 20:10:03,330 INFO o.a.j.t.JMeterThread: Stopping: Thread Group 1-111
2021-05-05 20:10:03,330 INFO o.a.j.t.JMeterThread: Stopping: Thread Group 1-173
2021-05-05 20:10:03,330 INFO o.a.j.t.JMeterThread: Stopping: Thread Group 1-3
2021-05-05 20:10:03,330 INFO o.a.j.t.JMeterThread: Stopping: Thread Group 1-200
2021-05-05 20:10:03,330 INFO o.a.j.t.JMeterThread: Stopping: Thread Group 1-9
2021-05-05 20:10:03,330 INFO o.a.j.t.JMeterThread: Stopping: Thread Group 1-58
2021-05-05 20:10:03,330 INFO o.a.j.t.JMeterThread: Stopping: Thread Group 1-104
2021-05-05 20:10:03,330 INFO o.a.j.t.JMeterThread: Stopping: Thread Group 1-190
2021-05-05 20:10:03,330 INFO o.a.j.t.JMeterThread: Stopping: Thread Group 1-54
2021-05-05 20:10:03,330 INFO o.a.j.t.JMeterThread: Stopping: Thread Group 1-15
2021-05-05 20:10:03,330 INFO o.a.j.t.JMeterThread: Stopping: Thread Group 1-139
2021-05-05 20:10:03,330 INFO o.a.j.t.JMeterThread: Stopping: Thread Group 1-92
2021-05-05 20:10:03,331 INFO o.a.j.t.JMeterThread: Stopping: Thread Group 1-73
2021-05-05 20:10:03,331 INFO o.a.j.t.JMeterThread: Stopping: Thread Group 1-132
2021-05-05 20:10:03,331 INFO o.a.j.t.JMeterThread: Stopping: Thread Group 1-150
2021-05-05 20:10:03,331 INFO o.a.j.t.JMeterThread: Stopping: Thread Group 1-78
2021-05-05 20:10:03,331 INFO o.a.j.t.JMeterThread: Stopping: Thread Group 1-103
2021-05-05 20:10:03,331 INFO o.a.j.t.JMeterThread: Stopping: Thread Group 1-46
2021-05-05 20:10:03,331 INFO o.a.j.t.JMeterThread: Stopping: Thread Group 1-133
2021-05-05 20:10:03,331 INFO o.a.j.t.JMeterThread: Stopping: Thread Group 1-185
2021-05-05 20:10:03,331 INFO o.a.j.t.JMeterThread: Stopping: Thread Group 1-31
2021-05-05 20:10:03,331 INFO o.a.j.t.JMeterThread: Stopping: Thread Group 1-30
2021-05-05 20:10:03,331 INFO o.a.j.t.JMeterThread: Stopping: Thread Group 1-5
2021-05-05 20:10:03,331 INFO o.a.j.t.JMeterThread: Stopping: Thread Group 1-188
2021-05-05 20:10:03,331 INFO o.a.j.t.JMeterThread: Stopping: Thread Group 1-6
2021-05-05 20:10:03,331 INFO o.a.j.t.JMeterThread: Stopping: Thread Group 1-27
2021-05-05 20:10:03,331 INFO o.a.j.t.JMeterThread: Stopping: Thread Group 1-57
2021-05-05 20:10:03,331 INFO o.a.j.t.JMeterThread: Stopping: Thread Group 1-167
2021-05-05 20:10:03,331 INFO o.a.j.t.JMeterThread: Stopping: Thread Group 1-66
2021-05-05 20:10:03,331 INFO o.a.j.t.JMeterThread: Stopping: Thread Group 1-18
2021-05-05 20:10:03,331 INFO o.a.j.t.JMeterThread: Stopping: Thread Group 1-28
2021-05-05 20:10:03,332 INFO o.a.j.t.JMeterThread: Stopping: Thread Group 1-72
2021-05-05 20:10:03,332 INFO o.a.j.t.JMeterThread: Stopping: Thread Group 1-102
2021-05-05 20:10:03,332 INFO o.a.j.t.JMeterThread: Stopping: Thread Group 1-153
2021-05-05 20:10:03,332 INFO o.a.j.t.JMeterThread: Stopping: Thread Group 1-60
2021-05-05 20:10:03,332 INFO o.a.j.t.JMeterThread: Stopping: Thread Group 1-61
2021-05-05 20:10:03,332 INFO o.a.j.t.JMeterThread: Stopping: Thread Group 1-38
2021-05-05 20:10:03,332 INFO o.a.j.t.JMeterThread: Stopping: Thread Group 1-47
2021-05-05 20:10:03,332 INFO o.a.j.t.JMeterThread: Stopping: Thread Group 1-89
2021-05-05 20:10:03,332 INFO o.a.j.t.JMeterThread: Stopping: Thread Group 1-53
2021-05-05 20:10:03,332 INFO o.a.j.t.JMeterThread: Stopping: Thread Group 1-14
2021-05-05 20:10:03,332 INFO o.a.j.t.JMeterThread: Stopping: Thread Group 1-107
2021-05-05 20:10:03,332 INFO o.a.j.t.JMeterThread: Stopping: Thread Group 1-191
2021-05-05 20:10:03,332 INFO o.a.j.t.JMeterThread: Stopping: Thread Group 1-29
2021-05-05 20:10:03,332 INFO o.a.j.t.JMeterThread: Stopping: Thread Group 1-22
2021-05-05 20:10:03,332 INFO o.a.j.t.JMeterThread: Stopping: Thread Group 1-44
2021-05-05 20:10:03,332 INFO o.a.j.t.JMeterThread: Stopping: Thread Group 1-117
2021-05-05 20:10:03,332 INFO o.a.j.t.JMeterThread: Stopping: Thread Group 1-176
2021-05-05 20:10:03,333 INFO o.a.j.t.JMeterThread: Thread finished: Thread Group 1-7
2021-05-05 20:10:03,349 INFO o.a.j.t.JMeterThread: Shutdown Test detected by thread: Thread Group 1-63
2021-05-05 20:10:03,349 INFO o.a.j.t.JMeterThread: Thread finished: Thread Group 1-63
2021-05-05 20:10:03,364 INFO o.a.j.t.JMeterThread: Thread finished: Thread Group 1-22
2021-05-05 20:10:03,378 INFO o.a.j.t.JMeterThread: Shutdown Test detected by thread: Thread Group 1-96
2021-05-05 20:10:03,378 INFO o.a.j.t.JMeterThread: Thread finished: Thread Group 1-96
2021-05-05 20:10:03,388 INFO o.a.j.t.JMeterThread: Thread finished: Thread Group 1-14
2021-05-05 20:10:03,406 INFO o.a.j.t.JMeterThread: Thread finished: Thread Group 1-122
2021-05-05 20:10:03,414 INFO o.a.j.t.JMeterThread: Thread finished: Thread Group 1-20
2021-05-05 20:10:03,415 INFO o.a.j.t.JMeterThread: Shutdown Test detected by thread: Thread Group 1-78
2021-05-05 20:10:03,415 INFO o.a.j.t.JMeterThread: Thread finished: Thread Group 1-78
2021-05-05 20:10:03,427 INFO o.a.j.t.JMeterThread: Thread finished: Thread Group 1-21
2021-05-05 20:10:03,434 INFO o.a.j.t.JMeterThread: Thread finished: Thread Group 1-9
2021-05-05 20:10:03,443 INFO o.a.j.t.JMeterThread: Thread finished: Thread Group 1-97
2021-05-05 20:10:03,449 INFO o.a.j.t.JMeterThread: Thread finished: Thread Group 1-65
2021-05-05 20:10:03,451 INFO o.a.j.t.JMeterThread: Thread finished: Thread Group 1-12
2021-05-05 20:10:03,466 INFO o.a.j.t.JMeterThread: Thread finished: Thread Group 1-41
2021-05-05 20:10:03,468 INFO o.a.j.t.JMeterThread: Thread finished: Thread Group 1-42
2021-05-05 20:10:03,482 INFO o.a.j.t.JMeterThread: Thread finished: Thread Group 1-23
2021-05-05 20:10:03,487 INFO o.a.j.t.JMeterThread: Thread finished: Thread Group 1-98
2021-05-05 20:10:03,503 INFO o.a.j.t.JMeterThread: Thread finished: Thread Group 1-18
2021-05-05 20:10:03,515 INFO o.a.j.t.JMeterThread: Thread finished: Thread Group 1-11
2021-05-05 20:10:03,529 INFO o.a.j.t.JMeterThread: Thread finished: Thread Group 1-86
2021-05-05 20:10:03,542 INFO o.a.j.t.JMeterThread: Thread finished: Thread Group 1-89
2021-05-05 20:10:03,551 INFO o.a.j.t.JMeterThread: Thread finished: Thread Group 1-16
2021-05-05 20:10:03,555 INFO o.a.j.t.JMeterThread: Thread finished: Thread Group 1-81
2021-05-05 20:10:03,577 INFO o.a.j.t.JMeterThread: Thread finished: Thread Group 1-75
2021-05-05 20:10:03,595 INFO o.a.j.t.JMeterThread: Thread finished: Thread Group 1-68
2021-05-05 20:10:03,596 INFO o.a.j.t.JMeterThread: Thread finished: Thread Group 1-61
2021-05-05 20:10:03,608 INFO o.a.j.t.JMeterThread: Thread finished: Thread Group 1-90
2021-05-05 20:10:03,611 INFO o.a.j.t.JMeterThread: Thread finished: Thread Group 1-121
2021-05-05 20:10:03,624 INFO o.a.j.t.JMeterThread: Thread finished: Thread Group 1-56
2021-05-05 20:10:03,644 INFO o.a.j.t.JMeterThread: Thread finished: Thread Group 1-54
2021-05-05 20:10:03,656 INFO o.a.j.t.JMeterThread: Thread finished: Thread Group 1-73
2021-05-05 20:10:03,663 INFO o.a.j.t.JMeterThread: Thread finished: Thread Group 1-32
2021-05-05 20:10:03,670 INFO o.a.j.t.JMeterThread: Thread finished: Thread Group 1-99
2021-05-05 20:10:03,699 INFO o.a.j.t.JMeterThread: Thread finished: Thread Group 1-13
2021-05-05 20:10:03,706 INFO o.a.j.t.JMeterThread: Thread finished: Thread Group 1-31
2021-05-05 20:10:03,721 INFO o.a.j.t.JMeterThread: Thread finished: Thread Group 1-19
2021-05-05 20:10:03,727 INFO o.a.j.t.JMeterThread: Thread finished: Thread Group 1-36
2021-05-05 20:10:03,746 INFO o.a.j.t.JMeterThread: Thread finished: Thread Group 1-70
2021-05-05 20:10:03,759 INFO o.a.j.t.JMeterThread: Thread finished: Thread Group 1-120
2021-05-05 20:10:03,768 INFO o.a.j.t.JMeterThread: Thread finished: Thread Group 1-51
2021-05-05 20:10:03,782 INFO o.a.j.t.JMeterThread: Thread finished: Thread Group 1-29
2021-05-05 20:10:03,798 INFO o.a.j.t.JMeterThread: Thread finished: Thread Group 1-79
2021-05-05 20:10:03,801 INFO o.a.j.t.JMeterThread: Thread finished: Thread Group 1-37
2021-05-05 20:10:03,817 INFO o.a.j.t.JMeterThread: Thread finished: Thread Group 1-45
2021-05-05 20:10:03,822 INFO o.a.j.t.JMeterThread: Thread finished: Thread Group 1-44
2021-05-05 20:10:03,845 INFO o.a.j.t.JMeterThread: Thread finished: Thread Group 1-82
2021-05-05 20:10:03,862 INFO o.a.j.t.JMeterThread: Thread finished: Thread Group 1-100
2021-05-05 20:10:03,872 INFO o.a.j.t.JMeterThread: Thread finished: Thread Group 1-91
2021-05-05 20:10:03,890 INFO o.a.j.t.JMeterThread: Thread finished: Thread Group 1-60
2021-05-05 20:10:03,896 INFO o.a.j.t.JMeterThread: Thread finished: Thread Group 1-48
2021-05-05 20:10:03,902 INFO o.a.j.t.JMeterThread: Thread finished: Thread Group 1-119
2021-05-05 20:10:03,926 INFO o.a.j.t.JMeterThread: Thread finished: Thread Group 1-87
2021-05-05 20:10:03,944 INFO o.a.j.t.JMeterThread: Thread finished: Thread Group 1-15
2021-05-05 20:10:03,950 INFO o.a.j.t.JMeterThread: Thread finished: Thread Group 1-53
2021-05-05 20:10:03,953 INFO o.a.j.t.JMeterThread: Thread finished: Thread Group 1-17
2021-05-05 20:10:03,983 INFO o.a.j.t.JMeterThread: Thread finished: Thread Group 1-64
2021-05-05 20:10:03,994 INFO o.a.j.t.JMeterThread: Thread finished: Thread Group 1-76
2021-05-05 20:10:03,995 INFO o.a.j.t.JMeterThread: Thread finished: Thread Group 1-101
2021-05-05 20:10:04,010 INFO o.a.j.t.JMeterThread: Thread started: Thread Group 1-132
2021-05-05 20:10:04,010 INFO o.a.j.t.JMeterThread: Thread started: Thread Group 1-126
2021-05-05 20:10:04,011 INFO o.a.j.t.JMeterThread: Thread finished: Thread Group 1-132
2021-05-05 20:10:04,011 INFO o.a.j.t.JMeterThread: Thread finished: Thread Group 1-126
2021-05-05 20:10:04,011 INFO o.a.j.t.JMeterThread: Thread started: Thread Group 1-129
2021-05-05 20:10:04,011 INFO o.a.j.t.JMeterThread: Thread finished: Thread Group 1-129
2021-05-05 20:10:04,011 INFO o.a.j.t.JMeterThread: Thread started: Thread Group 1-123
2021-05-05 20:10:04,011 INFO o.a.j.t.JMeterThread: Thread started: Thread Group 1-136
2021-05-05 20:10:04,011 INFO o.a.j.t.JMeterThread: Thread finished: Thread Group 1-123
2021-05-05 20:10:04,011 INFO o.a.j.t.JMeterThread: Thread finished: Thread Group 1-136
2021-05-05 20:10:04,011 INFO o.a.j.t.JMeterThread: Thread started: Thread Group 1-131
2021-05-05 20:10:04,010 INFO o.a.j.t.JMeterThread: Thread started: Thread Group 1-124
2021-05-05 20:10:04,011 INFO o.a.j.t.JMeterThread: Thread finished: Thread Group 1-124
2021-05-05 20:10:04,011 INFO o.a.j.t.JMeterThread: Thread finished: Thread Group 1-131
2021-05-05 20:10:04,013 INFO o.a.j.t.JMeterThread: Thread started: Thread Group 1-138
2021-05-05 20:10:04,013 INFO o.a.j.t.JMeterThread: Thread started: Thread Group 1-125
2021-05-05 20:10:04,013 INFO o.a.j.t.JMeterThread: Thread started: Thread Group 1-130
2021-05-05 20:10:04,013 INFO o.a.j.t.JMeterThread: Thread started: Thread Group 1-127
2021-05-05 20:10:04,013 INFO o.a.j.t.JMeterThread: Thread started: Thread Group 1-134
2021-05-05 20:10:04,013 INFO o.a.j.t.JMeterThread: Thread started: Thread Group 1-128
2021-05-05 20:10:04,013 INFO o.a.j.t.JMeterThread: Thread finished: Thread Group 1-134
2021-05-05 20:10:04,013 INFO o.a.j.t.JMeterThread: Thread finished: Thread Group 1-125
2021-05-05 20:10:04,013 INFO o.a.j.t.JMeterThread: Thread finished: Thread Group 1-130
2021-05-05 20:10:04,014 INFO o.a.j.t.JMeterThread: Thread finished: Thread Group 1-128
2021-05-05 20:10:04,014 INFO o.a.j.t.JMeterThread: Thread finished: Thread Group 1-127
2021-05-05 20:10:04,013 INFO o.a.j.t.JMeterThread: Thread started: Thread Group 1-133
2021-05-05 20:10:04,013 INFO o.a.j.t.JMeterThread: Thread finished: Thread Group 1-138
2021-05-05 20:10:04,015 INFO o.a.j.t.JMeterThread: Thread finished: Thread Group 1-133
2021-05-05 20:10:04,013 INFO o.a.j.t.JMeterThread: Thread started: Thread Group 1-135
2021-05-05 20:10:04,015 INFO o.a.j.t.JMeterThread: Thread finished: Thread Group 1-135
2021-05-05 20:10:04,015 INFO o.a.j.t.JMeterThread: Thread finished: Thread Group 1-47
2021-05-05 20:10:04,016 INFO o.a.j.t.JMeterThread: Thread started: Thread Group 1-158
2021-05-05 20:10:04,016 INFO o.a.j.t.JMeterThread: Thread started: Thread Group 1-139
2021-05-05 20:10:04,016 INFO o.a.j.t.JMeterThread: Thread started: Thread Group 1-160
2021-05-05 20:10:04,016 INFO o.a.j.t.JMeterThread: Thread started: Thread Group 1-164
2021-05-05 20:10:04,016 INFO o.a.j.t.JMeterThread: Thread finished: Thread Group 1-158
2021-05-05 20:10:04,016 INFO o.a.j.t.JMeterThread: Thread finished: Thread Group 1-164
2021-05-05 20:10:04,016 INFO o.a.j.t.JMeterThread: Thread started: Thread Group 1-143
2021-05-05 20:10:04,016 INFO o.a.j.t.JMeterThread: Thread finished: Thread Group 1-143
2021-05-05 20:10:04,016 INFO o.a.j.t.JMeterThread: Thread started: Thread Group 1-142
2021-05-05 20:10:04,016 INFO o.a.j.t.JMeterThread: Thread finished: Thread Group 1-142
2021-05-05 20:10:04,016 INFO o.a.j.t.JMeterThread: Thread started: Thread Group 1-145
2021-05-05 20:10:04,016 INFO o.a.j.t.JMeterThread: Thread finished: Thread Group 1-139
2021-05-05 20:10:04,016 INFO o.a.j.t.JMeterThread: Thread started: Thread Group 1-155
2021-05-05 20:10:04,017 INFO o.a.j.t.JMeterThread: Thread finished: Thread Group 1-145
2021-05-05 20:10:04,017 INFO o.a.j.t.JMeterThread: Thread finished: Thread Group 1-155
2021-05-05 20:10:04,017 INFO o.a.j.t.JMeterThread: Thread finished: Thread Group 1-160
2021-05-05 20:10:04,017 INFO o.a.j.t.JMeterThread: Thread started: Thread Group 1-144
2021-05-05 20:10:04,017 INFO o.a.j.t.JMeterThread: Thread started: Thread Group 1-162
2021-05-05 20:10:04,017 INFO o.a.j.t.JMeterThread: Thread finished: Thread Group 1-144
2021-05-05 20:10:04,017 INFO o.a.j.t.JMeterThread: Thread finished: Thread Group 1-162
2021-05-05 20:10:04,016 INFO o.a.j.t.JMeterThread: Thread started: Thread Group 1-156
2021-05-05 20:10:04,017 INFO o.a.j.t.JMeterThread: Thread finished: Thread Group 1-58
2021-05-05 20:10:04,017 INFO o.a.j.t.JMeterThread: Thread finished: Thread Group 1-156
2021-05-05 20:10:04,016 INFO o.a.j.t.JMeterThread: Thread started: Thread Group 1-147
2021-05-05 20:10:04,017 INFO o.a.j.t.JMeterThread: Thread started: Thread Group 1-159
2021-05-05 20:10:04,018 INFO o.a.j.t.JMeterThread: Thread finished: Thread Group 1-147
2021-05-05 20:10:04,018 INFO o.a.j.t.JMeterThread: Thread finished: Thread Group 1-159
2021-05-05 20:10:04,018 INFO o.a.j.t.JMeterThread: Thread started: Thread Group 1-154
2021-05-05 20:10:04,018 INFO o.a.j.t.JMeterThread: Thread finished: Thread Group 1-154
2021-05-05 20:10:04,019 INFO o.a.j.t.JMeterThread: Thread started: Thread Group 1-150
2021-05-05 20:10:04,018 INFO o.a.j.t.JMeterThread: Thread started: Thread Group 1-149
2021-05-05 20:10:04,019 INFO o.a.j.t.JMeterThread: Thread finished: Thread Group 1-150
2021-05-05 20:10:04,019 INFO o.a.j.t.JMeterThread: Thread finished: Thread Group 1-149
2021-05-05 20:10:04,019 INFO o.a.j.t.JMeterThread: Thread started: Thread Group 1-137
2021-05-05 20:10:04,019 INFO o.a.j.t.JMeterThread: Thread finished: Thread Group 1-137
2021-05-05 20:10:04,019 INFO o.a.j.t.JMeterThread: Thread started: Thread Group 1-141
2021-05-05 20:10:04,019 INFO o.a.j.t.JMeterThread: Thread started: Thread Group 1-163
2021-05-05 20:10:04,019 INFO o.a.j.t.JMeterThread: Thread started: Thread Group 1-179
2021-05-05 20:10:04,019 INFO o.a.j.t.JMeterThread: Thread finished: Thread Group 1-141
2021-05-05 20:10:04,019 INFO o.a.j.t.JMeterThread: Thread started: Thread Group 1-151
2021-05-05 20:10:04,019 INFO o.a.j.t.JMeterThread: Thread started: Thread Group 1-180
2021-05-05 20:10:04,020 INFO o.a.j.t.JMeterThread: Thread finished: Thread Group 1-179
2021-05-05 20:10:04,020 INFO o.a.j.t.JMeterThread: Thread finished: Thread Group 1-151
2021-05-05 20:10:04,020 INFO o.a.j.t.JMeterThread: Thread finished: Thread Group 1-163
2021-05-05 20:10:04,020 INFO o.a.j.t.JMeterThread: Thread finished: Thread Group 1-180
2021-05-05 20:10:04,020 INFO o.a.j.t.JMeterThread: Thread started: Thread Group 1-171
2021-05-05 20:10:04,020 INFO o.a.j.t.JMeterThread: Thread started: Thread Group 1-174
2021-05-05 20:10:04,020 INFO o.a.j.t.JMeterThread: Thread started: Thread Group 1-178
2021-05-05 20:10:04,021 INFO o.a.j.t.JMeterThread: Thread finished: Thread Group 1-174
2021-05-05 20:10:04,021 INFO o.a.j.t.JMeterThread: Thread finished: Thread Group 1-178
2021-05-05 20:10:04,020 INFO o.a.j.t.JMeterThread: Thread finished: Thread Group 1-171
2021-05-05 20:10:04,020 INFO o.a.j.t.JMeterThread: Thread started: Thread Group 1-148
2021-05-05 20:10:04,020 INFO o.a.j.t.JMeterThread: Thread started: Thread Group 1-166
2021-05-05 20:10:04,020 INFO o.a.j.t.JMeterThread: Thread started: Thread Group 1-152
2021-05-05 20:10:04,021 INFO o.a.j.t.JMeterThread: Thread finished: Thread Group 1-166
2021-05-05 20:10:04,020 INFO o.a.j.t.JMeterThread: Thread started: Thread Group 1-183
2021-05-05 20:10:04,021 INFO o.a.j.t.JMeterThread: Thread finished: Thread Group 1-183
2021-05-05 20:10:04,021 INFO o.a.j.t.JMeterThread: Thread finished: Thread Group 1-148
2021-05-05 20:10:04,020 INFO o.a.j.t.JMeterThread: Thread started: Thread Group 1-157
2021-05-05 20:10:04,021 INFO o.a.j.t.JMeterThread: Thread finished: Thread Group 1-152
2021-05-05 20:10:04,021 INFO o.a.j.t.JMeterThread: Thread finished: Thread Group 1-157
2021-05-05 20:10:04,020 INFO o.a.j.t.JMeterThread: Thread started: Thread Group 1-140
2021-05-05 20:10:04,022 INFO o.a.j.t.JMeterThread: Thread finished: Thread Group 1-140
2021-05-05 20:10:04,020 INFO o.a.j.t.JMeterThread: Thread started: Thread Group 1-161
2021-05-05 20:10:04,021 INFO o.a.j.t.JMeterThread: Thread started: Thread Group 1-146
2021-05-05 20:10:04,022 INFO o.a.j.t.JMeterThread: Thread finished: Thread Group 1-161
2021-05-05 20:10:04,021 INFO o.a.j.t.JMeterThread: Thread started: Thread Group 1-175
2021-05-05 20:10:04,022 INFO o.a.j.t.JMeterThread: Thread finished: Thread Group 1-175
2021-05-05 20:10:04,022 INFO o.a.j.t.JMeterThread: Thread finished: Thread Group 1-146
2021-05-05 20:10:04,022 INFO o.a.j.t.JMeterThread: Thread started: Thread Group 1-187
2021-05-05 20:10:04,023 INFO o.a.j.t.JMeterThread: Thread finished: Thread Group 1-187
2021-05-05 20:10:04,022 INFO o.a.j.t.JMeterThread: Thread started: Thread Group 1-172
2021-05-05 20:10:04,022 INFO o.a.j.t.JMeterThread: Thread started: Thread Group 1-186
2021-05-05 20:10:04,023 INFO o.a.j.t.JMeterThread: Thread finished: Thread Group 1-186
2021-05-05 20:10:04,023 INFO o.a.j.t.JMeterThread: Thread finished: Thread Group 1-172
2021-05-05 20:10:04,022 INFO o.a.j.t.JMeterThread: Thread started: Thread Group 1-173
2021-05-05 20:10:04,023 INFO o.a.j.t.JMeterThread: Thread started: Thread Group 1-153
2021-05-05 20:10:04,023 INFO o.a.j.t.JMeterThread: Thread finished: Thread Group 1-173
2021-05-05 20:10:04,022 INFO o.a.j.t.JMeterThread: Thread started: Thread Group 1-168
2021-05-05 20:10:04,023 INFO o.a.j.t.JMeterThread: Thread finished: Thread Group 1-168
2021-05-05 20:10:04,023 INFO o.a.j.t.JMeterThread: Thread finished: Thread Group 1-153
2021-05-05 20:10:04,023 INFO o.a.j.t.JMeterThread: Thread started: Thread Group 1-170
2021-05-05 20:10:04,023 INFO o.a.j.t.JMeterThread: Thread started: Thread Group 1-198
2021-05-05 20:10:04,023 INFO o.a.j.t.JMeterThread: Thread started: Thread Group 1-176
2021-05-05 20:10:04,024 INFO o.a.j.t.JMeterThread: Thread finished: Thread Group 1-170
2021-05-05 20:10:04,024 INFO o.a.j.t.JMeterThread: Thread finished: Thread Group 1-176
2021-05-05 20:10:04,023 INFO o.a.j.t.JMeterThread: Thread started: Thread Group 1-196
2021-05-05 20:10:04,023 INFO o.a.j.t.JMeterThread: Thread started: Thread Group 1-165
2021-05-05 20:10:04,024 INFO o.a.j.t.JMeterThread: Thread finished: Thread Group 1-196
2021-05-05 20:10:04,024 INFO o.a.j.t.JMeterThread: Thread finished: Thread Group 1-198
2021-05-05 20:10:04,024 INFO o.a.j.t.JMeterThread: Thread finished: Thread Group 1-165
2021-05-05 20:10:04,024 INFO o.a.j.t.JMeterThread: Thread started: Thread Group 1-194
2021-05-05 20:10:04,023 INFO o.a.j.t.JMeterThread: Thread started: Thread Group 1-190
2021-05-05 20:10:04,024 INFO o.a.j.t.JMeterThread: Thread finished: Thread Group 1-194
2021-05-05 20:10:04,024 INFO o.a.j.t.JMeterThread: Thread finished: Thread Group 1-190
2021-05-05 20:10:04,023 INFO o.a.j.t.JMeterThread: Thread started: Thread Group 1-199
2021-05-05 20:10:04,024 INFO o.a.j.t.JMeterThread: Thread finished: Thread Group 1-199
2021-05-05 20:10:04,024 INFO o.a.j.t.JMeterThread: Thread started: Thread Group 1-169
2021-05-05 20:10:04,025 INFO o.a.j.t.JMeterThread: Thread finished: Thread Group 1-169
2021-05-05 20:10:04,025 INFO o.a.j.t.JMeterThread: Thread started: Thread Group 1-184
2021-05-05 20:10:04,025 INFO o.a.j.t.JMeterThread: Thread started: Thread Group 1-167
2021-05-05 20:10:04,025 INFO o.a.j.t.JMeterThread: Thread finished: Thread Group 1-184
2021-05-05 20:10:04,025 INFO o.a.j.t.JMeterThread: Thread finished: Thread Group 1-167
2021-05-05 20:10:04,026 INFO o.a.j.t.JMeterThread: Thread started: Thread Group 1-188
2021-05-05 20:10:04,026 INFO o.a.j.t.JMeterThread: Thread finished: Thread Group 1-188
2021-05-05 20:10:04,027 INFO o.a.j.t.JMeterThread: Thread started: Thread Group 1-197
2021-05-05 20:10:04,027 INFO o.a.j.t.JMeterThread: Thread started: Thread Group 1-185
2021-05-05 20:10:04,028 INFO o.a.j.t.JMeterThread: Thread finished: Thread Group 1-185
2021-05-05 20:10:04,028 INFO o.a.j.t.JMeterThread: Thread started: Thread Group 1-195
2021-05-05 20:10:04,028 INFO o.a.j.t.JMeterThread: Thread started: Thread Group 1-189
2021-05-05 20:10:04,028 INFO o.a.j.t.JMeterThread: Thread finished: Thread Group 1-195
2021-05-05 20:10:04,028 INFO o.a.j.t.JMeterThread: Thread finished: Thread Group 1-189
2021-05-05 20:10:04,028 INFO o.a.j.t.JMeterThread: Thread finished: Thread Group 1-197
2021-05-05 20:10:04,028 INFO o.a.j.t.JMeterThread: Thread started: Thread Group 1-192
2021-05-05 20:10:04,029 INFO o.a.j.t.JMeterThread: Thread finished: Thread Group 1-192
2021-05-05 20:10:04,028 INFO o.a.j.t.JMeterThread: Thread started: Thread Group 1-177
2021-05-05 20:10:04,029 INFO o.a.j.t.JMeterThread: Thread started: Thread Group 1-191
2021-05-05 20:10:04,030 INFO o.a.j.t.JMeterThread: Thread finished: Thread Group 1-177
2021-05-05 20:10:04,030 INFO o.a.j.t.JMeterThread: Thread finished: Thread Group 1-191
2021-05-05 20:10:04,029 INFO o.a.j.t.JMeterThread: Thread started: Thread Group 1-193
2021-05-05 20:10:04,030 INFO o.a.j.t.JMeterThread: Thread finished: Thread Group 1-193
2021-05-05 20:10:04,029 INFO o.a.j.t.JMeterThread: Thread started: Thread Group 1-182
2021-05-05 20:10:04,031 INFO o.a.j.t.JMeterThread: Thread finished: Thread Group 1-182
2021-05-05 20:10:04,029 INFO o.a.j.t.JMeterThread: Thread started: Thread Group 1-181
2021-05-05 20:10:04,031 INFO o.a.j.t.JMeterThread: Thread finished: Thread Group 1-181
2021-05-05 20:10:04,031 INFO o.a.j.t.JMeterThread: Thread started: Thread Group 1-200
2021-05-05 20:10:04,032 INFO o.a.j.t.JMeterThread: Thread finished: Thread Group 1-200
2021-05-05 20:10:04,034 INFO o.a.j.t.JMeterThread: Thread finished: Thread Group 1-30
2021-05-05 20:10:04,037 INFO o.a.j.t.JMeterThread: Thread finished: Thread Group 1-102
2021-05-05 20:10:04,070 INFO o.a.j.t.JMeterThread: Thread finished: Thread Group 1-66
2021-05-05 20:10:04,071 INFO o.a.j.t.JMeterThread: Thread finished: Thread Group 1-118
2021-05-05 20:10:04,098 INFO o.a.j.t.JMeterThread: Thread finished: Thread Group 1-27
2021-05-05 20:10:04,116 INFO o.a.j.t.JMeterThread: Thread finished: Thread Group 1-50
2021-05-05 20:10:04,118 INFO o.a.j.t.JMeterThread: Thread finished: Thread Group 1-40
2021-05-05 20:10:04,127 INFO o.a.j.t.JMeterThread: Thread finished: Thread Group 1-4
2021-05-05 20:10:04,140 INFO o.a.j.t.JMeterThread: Thread finished: Thread Group 1-103
2021-05-05 20:10:04,156 INFO o.a.j.t.JMeterThread: Thread finished: Thread Group 1-92
2021-05-05 20:10:04,168 INFO o.a.j.t.JMeterThread: Thread finished: Thread Group 1-117
2021-05-05 20:10:04,185 INFO o.a.j.t.JMeterThread: Thread finished: Thread Group 1-62
2021-05-05 20:10:04,198 INFO o.a.j.t.JMeterThread: Thread finished: Thread Group 1-1
2021-05-05 20:10:04,210 INFO o.a.j.t.JMeterThread: Thread finished: Thread Group 1-83
2021-05-05 20:10:04,225 INFO o.a.j.t.JMeterThread: Thread finished: Thread Group 1-3
2021-05-05 20:10:04,232 INFO o.a.j.t.JMeterThread: Thread finished: Thread Group 1-71
2021-05-05 20:10:04,245 INFO o.a.j.t.JMeterThread: Thread finished: Thread Group 1-116
2021-05-05 20:10:04,274 INFO o.a.j.t.JMeterThread: Thread finished: Thread Group 1-6
2021-05-05 20:10:04,281 INFO o.a.j.t.JMeterThread: Thread finished: Thread Group 1-5
2021-05-05 20:10:04,301 INFO o.a.j.t.JMeterThread: Thread finished: Thread Group 1-26
2021-05-05 20:10:04,322 INFO o.a.j.t.JMeterThread: Thread finished: Thread Group 1-2
2021-05-05 20:10:04,373 INFO o.a.j.t.JMeterThread: Thread finished: Thread Group 1-93
2021-05-05 20:10:04,397 INFO o.a.j.t.JMeterThread: Thread finished: Thread Group 1-34
2021-05-05 20:10:04,397 INFO o.a.j.t.JMeterThread: Thread finished: Thread Group 1-104
2021-05-05 20:10:04,397 INFO o.a.j.t.JMeterThread: Thread finished: Thread Group 1-115
2021-05-05 20:10:04,397 INFO o.a.j.t.JMeterThread: Thread finished: Thread Group 1-88
2021-05-05 20:10:04,446 INFO o.a.j.t.JMeterThread: Thread finished: Thread Group 1-43
2021-05-05 20:10:04,475 INFO o.a.j.t.JMeterThread: Thread finished: Thread Group 1-105
2021-05-05 20:10:04,475 INFO o.a.j.t.JMeterThread: Thread finished: Thread Group 1-74
2021-05-05 20:10:04,485 INFO o.a.j.t.JMeterThread: Thread finished: Thread Group 1-114
2021-05-05 20:10:04,511 INFO o.a.j.t.JMeterThread: Thread finished: Thread Group 1-80
2021-05-05 20:10:04,531 INFO o.a.j.t.JMeterThread: Thread finished: Thread Group 1-24
2021-05-05 20:10:04,532 INFO o.a.j.t.JMeterThread: Thread finished: Thread Group 1-106
2021-05-05 20:10:04,549 INFO o.a.j.t.JMeterThread: Thread finished: Thread Group 1-113
2021-05-05 20:10:04,581 INFO o.a.j.t.JMeterThread: Thread finished: Thread Group 1-35
2021-05-05 20:10:04,582 INFO o.a.j.t.JMeterThread: Thread finished: Thread Group 1-107
2021-05-05 20:10:04,617 INFO o.a.j.t.JMeterThread: Thread finished: Thread Group 1-112
2021-05-05 20:10:04,621 INFO o.a.j.t.JMeterThread: Thread finished: Thread Group 1-111
2021-05-05 20:10:04,664 INFO o.a.j.t.JMeterThread: Thread finished: Thread Group 1-28
2021-05-05 20:10:04,664 INFO o.a.j.t.JMeterThread: Thread finished: Thread Group 1-110
2021-05-05 20:10:04,679 INFO o.a.j.t.JMeterThread: Thread finished: Thread Group 1-109
2021-05-05 20:10:04,700 INFO o.a.j.t.JMeterThread: Thread finished: Thread Group 1-69
2021-05-05 20:10:04,713 INFO o.a.j.t.JMeterThread: Thread finished: Thread Group 1-55
2021-05-05 20:10:04,730 INFO o.a.j.t.JMeterThread: Thread finished: Thread Group 1-108
2021-05-05 20:10:04,764 INFO o.a.j.t.JMeterThread: Thread finished: Thread Group 1-39
2021-05-05 20:10:04,781 INFO o.a.j.t.JMeterThread: Thread finished: Thread Group 1-25
2021-05-05 20:10:04,781 INFO o.a.j.t.JMeterThread: Thread finished: Thread Group 1-77
2021-05-05 20:10:04,803 INFO o.a.j.t.JMeterThread: Thread finished: Thread Group 1-84
2021-05-05 20:10:04,811 INFO o.a.j.t.JMeterThread: Thread finished: Thread Group 1-57
2021-05-05 20:10:04,823 INFO o.a.j.t.JMeterThread: Thread finished: Thread Group 1-94
2021-05-05 20:10:05,083 INFO o.a.j.t.JMeterThread: Thread finished: Thread Group 1-8
2021-05-05 20:10:05,119 INFO o.a.j.t.JMeterThread: Thread finished: Thread Group 1-52
2021-05-05 20:10:05,163 INFO o.a.j.t.JMeterThread: Thread finished: Thread Group 1-33
2021-05-05 20:10:05,341 INFO o.a.j.t.JMeterThread: Thread finished: Thread Group 1-67
2021-05-05 20:10:05,417 INFO o.a.j.t.JMeterThread: Thread finished: Thread Group 1-95
2021-05-05 20:10:05,579 INFO o.a.j.t.JMeterThread: Thread finished: Thread Group 1-49
2021-05-05 20:10:05,635 INFO o.a.j.t.JMeterThread: Thread finished: Thread Group 1-46
2021-05-05 20:10:05,791 INFO o.a.j.t.JMeterThread: Thread finished: Thread Group 1-72
2021-05-05 20:10:05,873 INFO o.a.j.t.JMeterThread: Thread finished: Thread Group 1-59
2021-05-05 20:10:06,023 INFO o.a.j.t.JMeterThread: Thread finished: Thread Group 1-85
2021-05-05 20:10:06,110 INFO o.a.j.t.JMeterThread: Thread finished: Thread Group 1-38
2021-05-05 20:10:06,110 INFO o.a.j.e.StandardJMeterEngine: Notifying test listeners of end of test
2021-05-05 20:10:06,112 INFO o.a.j.r.Summariser: summary +    188 in 00:00:06 =   30.8/s Avg:  1694 Min:   136 Max:  2955 Err:     4 (2.13%) Active: 0 Started: 200 Finished: 200
2021-05-05 20:10:06,112 INFO o.a.j.r.Summariser: summary =   8526 in 00:06:07 =   23.2/s Avg:  1118 Min:   136 Max:  2955 Err:     4 (0.05%)
2021-05-05 20:10:06,113 INFO o.a.j.JMeter: Generating Dashboard
2021-05-05 20:10:06,113 INFO o.a.j.r.d.ReportGenerator: Flushing result collector before report Generation
2021-05-05 20:10:06,132 INFO o.a.j.r.p.NormalizerSampleConsumer: Using format, 'ms', to parse timeStamp field
2021-05-05 20:10:06,554 INFO o.a.j.r.p.AbstractSampleConsumer: class org.apache.jmeter.report.processor.AggregateConsumer#stopProducing(): beginDate produced 0 samples
2021-05-05 20:10:06,554 INFO o.a.j.r.p.AbstractSampleConsumer: class org.apache.jmeter.report.processor.AggregateConsumer#stopProducing(): endDate produced 0 samples
2021-05-05 20:10:06,556 INFO o.a.j.r.p.AbstractSampleConsumer: class org.apache.jmeter.report.processor.ApdexSummaryConsumer#stopProducing(): apdexSummary produced 0 samples
2021-05-05 20:10:06,556 INFO o.a.j.r.p.AbstractSampleConsumer: class org.apache.jmeter.report.processor.RequestsSummaryConsumer#stopProducing(): requestsSummary produced 0 samples
2021-05-05 20:10:06,565 INFO o.a.j.r.p.AbstractSampleConsumer: class org.apache.jmeter.report.processor.StatisticsSummaryConsumer#stopProducing(): statisticsSummary produced 0 samples
2021-05-05 20:10:06,571 INFO o.a.j.r.p.AbstractSampleConsumer: class org.apache.jmeter.report.processor.Top5ErrorsBySamplerConsumer#stopProducing(): top5ErrorsBySampler produced 0 samples
2021-05-05 20:10:06,571 INFO o.a.j.r.p.AbstractSampleConsumer: class org.apache.jmeter.report.processor.ErrorsSummaryConsumer#stopProducing(): errorsSummary produced 0 samples
2021-05-05 20:10:06,571 INFO o.a.j.r.p.AbstractSampleConsumer: class org.apache.jmeter.report.processor.graph.impl.HitsPerSecondGraphConsumer#stopProducing(): hitsPerSecond produced 0 samples
2021-05-05 20:10:06,664 INFO o.a.j.r.p.AbstractSampleConsumer: class org.apache.jmeter.report.processor.graph.impl.LatencyVSRequestGraphConsumer#stopProducing(): latencyVsRequest produced 0 samples
2021-05-05 20:10:06,665 INFO o.a.j.r.p.AbstractSampleConsumer: class org.apache.jmeter.report.processor.graph.impl.SyntheticResponseTimeDistributionGraphConsumer#stopProducing(): syntheticResponseTimeDistribution produced 0 samples
2021-05-05 20:10:06,666 INFO o.a.j.r.p.AbstractSampleConsumer: class org.apache.jmeter.report.processor.graph.impl.BytesThroughputGraphConsumer#stopProducing(): bytesThroughputOverTime produced 0 samples
2021-05-05 20:10:06,667 INFO o.a.j.r.p.AbstractSampleConsumer: class org.apache.jmeter.report.processor.graph.impl.CodesPerSecondGraphConsumer#stopProducing(): codesPerSecond produced 0 samples
2021-05-05 20:10:06,732 INFO o.a.j.r.p.AbstractSampleConsumer: class org.apache.jmeter.report.processor.graph.impl.ResponseTimeVSRequestGraphConsumer#stopProducing(): responseTimeVsRequest produced 0 samples
2021-05-05 20:10:06,733 INFO o.a.j.r.p.AbstractSampleConsumer: class org.apache.jmeter.report.processor.FilterConsumer#stopProducing(): startIntervalControlerFilter produced 59682 samples
2021-05-05 20:10:06,733 INFO o.a.j.r.p.AbstractSampleConsumer: class org.apache.jmeter.report.processor.graph.impl.TotalTPSGraphConsumer#stopProducing(): totalTPS produced 0 samples
2021-05-05 20:10:06,734 INFO o.a.j.r.p.AbstractSampleConsumer: class org.apache.jmeter.report.processor.graph.impl.ActiveThreadsGraphConsumer#stopProducing(): activeThreadsOverTime produced 0 samples
2021-05-05 20:10:06,735 INFO o.a.j.r.p.AbstractSampleConsumer: class org.apache.jmeter.report.processor.graph.impl.TimeVSThreadGraphConsumer#stopProducing(): timeVsThreads produced 0 samples
2021-05-05 20:10:06,735 INFO o.a.j.r.p.AbstractSampleConsumer: class org.apache.jmeter.report.processor.graph.impl.ResponseTimeDistributionGraphConsumer#stopProducing(): responseTimeDistribution produced 0 samples
2021-05-05 20:10:06,736 INFO o.a.j.r.p.AbstractSampleConsumer: class org.apache.jmeter.report.processor.graph.impl.TransactionsPerSecondGraphConsumer#stopProducing(): transactionsPerSecond produced 0 samples
2021-05-05 20:10:06,736 INFO o.a.j.r.p.AbstractSampleConsumer: class org.apache.jmeter.report.processor.graph.impl.ResponseTimePercentilesGraphConsumer#stopProducing(): responseTimePercentiles produced 0 samples
2021-05-05 20:10:06,741 INFO o.a.j.r.p.AbstractSampleConsumer: class org.apache.jmeter.report.processor.graph.impl.ResponseTimePercentilesOverTimeGraphConsumer#stopProducing(): responseTimePercentilesOverTime produced 0 samples
2021-05-05 20:10:06,753 INFO o.a.j.r.p.AbstractSampleConsumer: class org.apache.jmeter.report.processor.graph.impl.ResponseTimeOverTimeGraphConsumer#stopProducing(): responseTimesOverTime produced 0 samples
2021-05-05 20:10:06,754 INFO o.a.j.r.p.AbstractSampleConsumer: class org.apache.jmeter.report.processor.graph.impl.ConnectTimeOverTimeGraphConsumer#stopProducing(): connectTimeOverTime produced 0 samples
2021-05-05 20:10:06,755 INFO o.a.j.r.p.AbstractSampleConsumer: class org.apache.jmeter.report.processor.graph.impl.LatencyOverTimeGraphConsumer#stopProducing(): latenciesOverTime produced 0 samples
2021-05-05 20:10:06,755 INFO o.a.j.r.p.AbstractSampleConsumer: class org.apache.jmeter.report.processor.FilterConsumer#stopProducing(): nameFilter produced 127890 samples
2021-05-05 20:10:06,755 INFO o.a.j.r.p.AbstractSampleConsumer: class org.apache.jmeter.report.processor.FilterConsumer#stopProducing(): dateRangeFilter produced 25578 samples
2021-05-05 20:10:06,755 INFO o.a.j.r.p.AbstractSampleConsumer: class org.apache.jmeter.report.processor.NormalizerSampleConsumer#stopProducing(): normalizer produced 8526 samples
2021-05-05 20:10:06,756 INFO o.a.j.r.p.CsvFileSampleSource: produce(): 8526 samples produced in 599ms on channel 0
2021-05-05 20:10:06,756 INFO o.a.j.r.d.ReportGenerator: Exporting data using exporter:'json' of className:'org.apache.jmeter.report.dashboard.JsonExporter'
2021-05-05 20:10:06,848 INFO o.a.j.r.d.JsonExporter: Found data for consumer statisticsSummaryin context
2021-05-05 20:10:06,848 INFO o.a.j.r.d.JsonExporter: Creating statistics for overall
2021-05-05 20:10:06,848 INFO o.a.j.r.d.JsonExporter: Creating statistics for other transactions
2021-05-05 20:10:06,849 INFO o.a.j.r.d.JsonExporter: Checking output folder
2021-05-05 20:10:06,849 INFO o.a.j.r.d.JsonExporter: Writing statistics JSON to /hdd/homework/testing/lab4/stress1/out/statistics.json
2021-05-05 20:10:06,877 INFO o.a.j.r.d.ReportGenerator: Exporting data using exporter:'html' of className:'org.apache.jmeter.report.dashboard.HtmlTemplateExporter'
2021-05-05 20:10:06,880 INFO o.a.j.r.d.HtmlTemplateExporter: Will generate dashboard in folder: /hdd/homework/testing/lab4/stress1/out
2021-05-05 20:10:06,978 INFO o.a.j.r.d.HtmlTemplateExporter: Report will be generated in: /hdd/homework/testing/lab4/stress1/out, creating folder structure
2021-05-05 20:10:06,980 INFO o.a.j.r.d.TemplateVisitor: Copying folder from '/hdd/homework/testing/apache-jmeter-5.4.1/bin/report-template' to '/hdd/homework/testing/lab4/stress1/out', got message: /hdd/homework/testing/lab4/stress1/out, found non empty folder with following content [/hdd/homework/testing/lab4/stress1/out/statistics.json], will be ignored
2021-05-05 20:10:07,187 INFO o.a.j.JMeter: Dashboard generated
