2021-05-05 19:57:23,474 INFO o.a.j.u.JMeterUtils: Setting Locale to en_EN
2021-05-05 19:57:23,493 INFO o.a.j.JMeter: Loading user properties from: /hdd/homework/testing/apache-jmeter-5.4.1/bin/user.properties
2021-05-05 19:57:23,494 INFO o.a.j.JMeter: Loading system properties from: /hdd/homework/testing/apache-jmeter-5.4.1/bin/system.properties
2021-05-05 19:57:23,494 INFO o.a.j.JMeter: Loading additional properties from: ../jmeter.properties
2021-05-05 19:57:23,500 INFO o.a.j.JMeter: Copyright (c) 1998-2021 The Apache Software Foundation
2021-05-05 19:57:23,500 INFO o.a.j.JMeter: Version 5.4.1
2021-05-05 19:57:23,500 INFO o.a.j.JMeter: java.version=15.0.2
2021-05-05 19:57:23,500 INFO o.a.j.JMeter: java.vm.name=OpenJDK 64-Bit Server VM
2021-05-05 19:57:23,500 INFO o.a.j.JMeter: os.name=Linux
2021-05-05 19:57:23,500 INFO o.a.j.JMeter: os.arch=amd64
2021-05-05 19:57:23,501 INFO o.a.j.JMeter: os.version=5.4.114-1-MANJARO
2021-05-05 19:57:23,501 INFO o.a.j.JMeter: file.encoding=UTF-8
2021-05-05 19:57:23,501 INFO o.a.j.JMeter: java.awt.headless=true
2021-05-05 19:57:23,501 INFO o.a.j.JMeter: Max memory     =1073741824
2021-05-05 19:57:23,501 INFO o.a.j.JMeter: Available Processors =8
2021-05-05 19:57:23,510 INFO o.a.j.JMeter: Default Locale=English (EN)
2021-05-05 19:57:23,511 INFO o.a.j.JMeter: JMeter  Locale=English (EN)
2021-05-05 19:57:23,511 INFO o.a.j.JMeter: JMeterHome=/hdd/homework/testing/apache-jmeter-5.4.1
2021-05-05 19:57:23,511 INFO o.a.j.JMeter: user.dir  =/hdd/homework/testing/lab4/load3
2021-05-05 19:57:23,511 INFO o.a.j.JMeter: PWD       =/hdd/homework/testing/lab4/load3
2021-05-05 19:57:23,511 INFO o.a.j.JMeter: IP: 127.0.1.1 Name: asurkis-manjaro FullName: asurkis-manjaro
2021-05-05 19:57:23,517 INFO o.a.j.JMeter: Setting property 'jmeter.reportgenerator.outputdir' to:'/hdd/homework/testing/lab4/load3/out'
2021-05-05 19:57:23,520 INFO o.a.j.s.FileServer: Default base='/hdd/homework/testing/lab4/load3'
2021-05-05 19:57:23,521 INFO o.a.j.s.FileServer: Set new base='/hdd/homework/testing/lab4/load3'
2021-05-05 19:57:23,671 INFO o.a.j.s.SaveService: Testplan (JMX) version: 2.2. Testlog (JTL) version: 2.2
2021-05-05 19:57:23,696 INFO o.a.j.s.SaveService: Using SaveService properties version 5.0
2021-05-05 19:57:23,698 INFO o.a.j.s.SaveService: Using SaveService properties file encoding UTF-8
2021-05-05 19:57:23,701 INFO o.a.j.s.SaveService: Loading file: test.jmx
2021-05-05 19:57:23,739 INFO o.a.j.p.h.s.HTTPSamplerBase: Parser for text/html is org.apache.jmeter.protocol.http.parser.LagartoBasedHtmlParser
2021-05-05 19:57:23,739 INFO o.a.j.p.h.s.HTTPSamplerBase: Parser for application/xhtml+xml is org.apache.jmeter.protocol.http.parser.LagartoBasedHtmlParser
2021-05-05 19:57:23,739 INFO o.a.j.p.h.s.HTTPSamplerBase: Parser for application/xml is org.apache.jmeter.protocol.http.parser.LagartoBasedHtmlParser
2021-05-05 19:57:23,740 INFO o.a.j.p.h.s.HTTPSamplerBase: Parser for text/xml is org.apache.jmeter.protocol.http.parser.LagartoBasedHtmlParser
2021-05-05 19:57:23,740 INFO o.a.j.p.h.s.HTTPSamplerBase: Parser for text/vnd.wap.wml is org.apache.jmeter.protocol.http.parser.RegexpHTMLParser
2021-05-05 19:57:23,740 INFO o.a.j.p.h.s.HTTPSamplerBase: Parser for text/css is org.apache.jmeter.protocol.http.parser.CssParser
2021-05-05 19:57:23,750 INFO o.a.j.JMeter: Creating summariser <summary>
2021-05-05 19:57:23,757 INFO o.a.j.r.d.ReportGenerator: ReportGenerator will use for Parsing the separator: ','
2021-05-05 19:57:23,757 INFO o.a.j.r.d.ReportGenerator: Will generate report at end of test from  results file: samples.csv
2021-05-05 19:57:23,757 INFO o.a.j.r.d.ReportGenerator: Reading report generator properties from: /hdd/homework/testing/apache-jmeter-5.4.1/bin/reportgenerator.properties
2021-05-05 19:57:23,758 INFO o.a.j.r.d.ReportGenerator: Merging with JMeter properties
2021-05-05 19:57:23,761 INFO o.a.j.r.c.ReportGeneratorConfiguration: Property 'jmeter.reportgenerator.temp_dir' not found, using default value 'temp' instead.
2021-05-05 19:57:23,764 INFO o.a.j.r.c.ReportGeneratorConfiguration: Property 'jmeter.reportgenerator.apdex_per_transaction' not found, using default value 'null' instead.
2021-05-05 19:57:23,764 INFO o.a.j.r.c.ReportGeneratorConfiguration: apdex_per_transaction is empty, not APDEX per transaction customization
2021-05-05 19:57:23,764 INFO o.a.j.r.c.ReportGeneratorConfiguration: Property 'jmeter.reportgenerator.sample_filter' not found, using default value 'null' instead.
2021-05-05 19:57:23,764 INFO o.a.j.r.c.ReportGeneratorConfiguration: Property 'jmeter.reportgenerator.report_title' not found, using default value 'null' instead.
2021-05-05 19:57:23,764 INFO o.a.j.r.c.ReportGeneratorConfiguration: Property 'jmeter.reportgenerator.start_date' not found, using default value 'null' instead.
2021-05-05 19:57:23,764 INFO o.a.j.r.c.ReportGeneratorConfiguration: Property 'jmeter.reportgenerator.end_date' not found, using default value 'null' instead.
2021-05-05 19:57:23,765 INFO o.a.j.r.c.ReportGeneratorConfiguration: Property 'jmeter.reportgenerator.date_format' not found, using default value 'null' instead.
2021-05-05 19:57:23,765 INFO o.a.j.r.c.ReportGeneratorConfiguration: Will use date range start date: null, end date: null
2021-05-05 19:57:23,769 INFO o.a.j.r.c.ReportGeneratorConfiguration: Property 'jmeter.reportgenerator.graph.totalTPS.exclude_controllers' not found, using default value 'false' instead.
2021-05-05 19:57:23,769 INFO o.a.j.r.c.ReportGeneratorConfiguration: Property 'jmeter.reportgenerator.graph.activeThreadsOverTime.exclude_controllers' not found, using default value 'false' instead.
2021-05-05 19:57:23,770 INFO o.a.j.r.c.ReportGeneratorConfiguration: Property 'jmeter.reportgenerator.graph.timeVsThreads.exclude_controllers' not found, using default value 'false' instead.
2021-05-05 19:57:23,770 INFO o.a.j.r.c.ReportGeneratorConfiguration: Property 'jmeter.reportgenerator.graph.responseTimeDistribution.exclude_controllers' not found, using default value 'false' instead.
2021-05-05 19:57:23,770 INFO o.a.j.r.c.ReportGeneratorConfiguration: Property 'jmeter.reportgenerator.graph.transactionsPerSecond.exclude_controllers' not found, using default value 'false' instead.
2021-05-05 19:57:23,770 INFO o.a.j.r.c.ReportGeneratorConfiguration: Property 'jmeter.reportgenerator.graph.responseTimePercentiles.exclude_controllers' not found, using default value 'false' instead.
2021-05-05 19:57:23,770 INFO o.a.j.r.c.ReportGeneratorConfiguration: Property 'jmeter.reportgenerator.graph.responseTimePercentilesOverTime.exclude_controllers' not found, using default value 'false' instead.
2021-05-05 19:57:23,771 INFO o.a.j.r.c.ReportGeneratorConfiguration: Property 'jmeter.reportgenerator.graph.responseTimesOverTime.exclude_controllers' not found, using default value 'false' instead.
2021-05-05 19:57:23,771 INFO o.a.j.r.c.ReportGeneratorConfiguration: Property 'jmeter.reportgenerator.graph.connectTimeOverTime.exclude_controllers' not found, using default value 'false' instead.
2021-05-05 19:57:23,771 INFO o.a.j.r.c.ReportGeneratorConfiguration: Property 'jmeter.reportgenerator.graph.latenciesOverTime.exclude_controllers' not found, using default value 'false' instead.
2021-05-05 19:57:23,773 INFO o.a.j.r.c.ReportGeneratorConfiguration: Property 'jmeter.reportgenerator.exporter.json.filters_only_sample_series' not found, using default value 'true' instead.
2021-05-05 19:57:23,773 INFO o.a.j.r.c.ReportGeneratorConfiguration: Property 'jmeter.reportgenerator.exporter.json.series_filter' not found, using default value '' instead.
2021-05-05 19:57:23,773 INFO o.a.j.r.c.ReportGeneratorConfiguration: Property 'jmeter.reportgenerator.exporter.json.show_controllers_only' not found, using default value 'false' instead.
2021-05-05 19:57:23,773 INFO o.a.j.r.c.ReportGeneratorConfiguration: Property 'jmeter.reportgenerator.exporter.html.filters_only_sample_series' not found, using default value 'true' instead.
2021-05-05 19:57:23,773 INFO o.a.j.r.c.ReportGeneratorConfiguration: Property 'jmeter.reportgenerator.exporter.html.series_filter' not found, using default value '' instead.
2021-05-05 19:57:23,774 INFO o.a.j.r.c.ReportGeneratorConfiguration: Property 'jmeter.reportgenerator.exporter.html.show_controllers_only' not found, using default value 'false' instead.
2021-05-05 19:57:23,777 INFO o.a.j.e.StandardJMeterEngine: Running the test!
2021-05-05 19:57:23,778 INFO o.a.j.s.SampleEvent: List of sample_variables: []
2021-05-05 19:57:23,778 INFO o.a.j.s.SampleEvent: List of sample_variables: []
2021-05-05 19:57:23,782 INFO o.a.j.e.u.CompoundVariable: Note: Function class names must contain the string: '.functions.'
2021-05-05 19:57:23,783 INFO o.a.j.e.u.CompoundVariable: Note: Function class names must not contain the string: '.gui.'
2021-05-05 19:57:23,834 INFO o.a.j.JMeter: Running test (1620233843834)
2021-05-05 19:57:23,846 INFO o.a.j.e.StandardJMeterEngine: Starting ThreadGroup: 1 : Thread Group
2021-05-05 19:57:23,846 INFO o.a.j.e.StandardJMeterEngine: Starting 200 threads for group Thread Group.
2021-05-05 19:57:23,846 INFO o.a.j.e.StandardJMeterEngine: Test will stop on error
2021-05-05 19:57:23,846 INFO o.a.j.t.ThreadGroup: Starting thread group... number=1 threads=200 ramp-up=600 delayedStart=false
2021-05-05 19:57:23,852 INFO o.a.j.t.JMeterThread: Thread started: Thread Group 1-1
2021-05-05 19:57:23,915 INFO o.a.j.t.ThreadGroup: Started thread group number 1
2021-05-05 19:57:23,915 INFO o.a.j.e.StandardJMeterEngine: All thread groups have been started
2021-05-05 19:57:25,375 INFO o.a.j.p.h.s.HTTPHCAbstractImpl: Local host = asurkis-manjaro
2021-05-05 19:57:25,382 INFO o.a.j.p.h.s.HTTPHC4Impl: HTTP request retry count = 0
2021-05-05 19:57:25,383 INFO o.a.j.s.SampleResult: Note: Sample TimeStamps are START times
2021-05-05 19:57:25,383 INFO o.a.j.s.SampleResult: sampleresult.default.encoding is set to ISO-8859-1
2021-05-05 19:57:25,384 INFO o.a.j.s.SampleResult: sampleresult.useNanoTime=true
2021-05-05 19:57:25,384 INFO o.a.j.s.SampleResult: sampleresult.nanoThreadSleep=5000
2021-05-05 19:57:26,848 INFO o.a.j.t.JMeterThread: Thread started: Thread Group 1-2
2021-05-05 19:57:29,848 INFO o.a.j.t.JMeterThread: Thread started: Thread Group 1-3
2021-05-05 19:57:30,371 INFO o.a.j.r.Summariser: summary +      5 in 00:00:07 =    0.8/s Avg:   258 Min:   240 Max:   292 Err:     0 (0.00%) Active: 3 Started: 3 Finished: 0
2021-05-05 19:57:32,848 INFO o.a.j.t.JMeterThread: Thread started: Thread Group 1-4
2021-05-05 19:57:35,847 INFO o.a.j.t.JMeterThread: Thread started: Thread Group 1-5
2021-05-05 19:57:38,852 INFO o.a.j.t.JMeterThread: Thread started: Thread Group 1-6
2021-05-05 19:57:41,848 INFO o.a.j.t.JMeterThread: Thread started: Thread Group 1-7
2021-05-05 19:57:44,846 INFO o.a.j.t.JMeterThread: Thread started: Thread Group 1-8
2021-05-05 19:57:47,848 INFO o.a.j.t.JMeterThread: Thread started: Thread Group 1-9
2021-05-05 19:57:50,847 INFO o.a.j.t.JMeterThread: Thread started: Thread Group 1-10
2021-05-05 19:57:53,847 INFO o.a.j.t.JMeterThread: Thread started: Thread Group 1-11
2021-05-05 19:57:56,847 INFO o.a.j.t.JMeterThread: Thread started: Thread Group 1-12
2021-05-05 19:57:59,846 INFO o.a.j.t.JMeterThread: Thread started: Thread Group 1-13
2021-05-05 19:58:00,137 INFO o.a.j.r.Summariser: summary +    123 in 00:00:30 =    4.1/s Avg:   270 Min:   242 Max:   320 Err:     0 (0.00%) Active: 13 Started: 13 Finished: 0
2021-05-05 19:58:00,138 INFO o.a.j.r.Summariser: summary =    128 in 00:00:36 =    3.5/s Avg:   270 Min:   240 Max:   320 Err:     0 (0.00%)
2021-05-05 19:58:02,848 INFO o.a.j.t.JMeterThread: Thread started: Thread Group 1-14
2021-05-05 19:58:05,847 INFO o.a.j.t.JMeterThread: Thread started: Thread Group 1-15
2021-05-05 19:58:08,847 INFO o.a.j.t.JMeterThread: Thread started: Thread Group 1-16
2021-05-05 19:58:11,847 INFO o.a.j.t.JMeterThread: Thread started: Thread Group 1-17
2021-05-05 19:58:14,846 INFO o.a.j.t.JMeterThread: Thread started: Thread Group 1-18
2021-05-05 19:58:17,848 INFO o.a.j.t.JMeterThread: Thread started: Thread Group 1-19
2021-05-05 19:58:20,847 INFO o.a.j.t.JMeterThread: Thread started: Thread Group 1-20
2021-05-05 19:58:23,846 INFO o.a.j.t.JMeterThread: Thread started: Thread Group 1-21
2021-05-05 19:58:26,846 INFO o.a.j.t.JMeterThread: Thread started: Thread Group 1-22
2021-05-05 19:58:29,848 INFO o.a.j.t.JMeterThread: Thread started: Thread Group 1-23
2021-05-05 19:58:30,092 INFO o.a.j.r.Summariser: summary +    283 in 00:00:30 =    9.4/s Avg:   321 Min:   285 Max:   383 Err:     0 (0.00%) Active: 23 Started: 23 Finished: 0
2021-05-05 19:58:30,093 INFO o.a.j.r.Summariser: summary =    411 in 00:01:06 =    6.2/s Avg:   305 Min:   240 Max:   383 Err:     0 (0.00%)
2021-05-05 19:58:32,848 INFO o.a.j.t.JMeterThread: Thread started: Thread Group 1-24
2021-05-05 19:58:35,846 INFO o.a.j.t.JMeterThread: Thread started: Thread Group 1-25
2021-05-05 19:58:38,846 INFO o.a.j.t.JMeterThread: Thread started: Thread Group 1-26
2021-05-05 19:58:41,847 INFO o.a.j.t.JMeterThread: Thread started: Thread Group 1-27
2021-05-05 19:58:44,846 INFO o.a.j.t.JMeterThread: Thread started: Thread Group 1-28
2021-05-05 19:58:47,846 INFO o.a.j.t.JMeterThread: Thread started: Thread Group 1-29
2021-05-05 19:58:50,846 INFO o.a.j.t.JMeterThread: Thread started: Thread Group 1-30
2021-05-05 19:58:53,848 INFO o.a.j.t.JMeterThread: Thread started: Thread Group 1-31
2021-05-05 19:58:56,846 INFO o.a.j.t.JMeterThread: Thread started: Thread Group 1-32
2021-05-05 19:58:59,847 INFO o.a.j.t.JMeterThread: Thread started: Thread Group 1-33
2021-05-05 19:59:00,020 INFO o.a.j.r.Summariser: summary +    431 in 00:00:30 =   14.4/s Avg:   394 Min:   349 Max:   491 Err:     0 (0.00%) Active: 33 Started: 33 Finished: 0
2021-05-05 19:59:00,021 INFO o.a.j.r.Summariser: summary =    842 in 00:01:36 =    8.8/s Avg:   351 Min:   240 Max:   491 Err:     0 (0.00%)
2021-05-05 19:59:02,846 INFO o.a.j.t.JMeterThread: Thread started: Thread Group 1-34
2021-05-05 19:59:05,847 INFO o.a.j.t.JMeterThread: Thread started: Thread Group 1-35
2021-05-05 19:59:08,848 INFO o.a.j.t.JMeterThread: Thread started: Thread Group 1-36
2021-05-05 19:59:11,846 INFO o.a.j.t.JMeterThread: Thread started: Thread Group 1-37
2021-05-05 19:59:14,846 INFO o.a.j.t.JMeterThread: Thread started: Thread Group 1-38
2021-05-05 19:59:17,846 INFO o.a.j.t.JMeterThread: Thread started: Thread Group 1-39
2021-05-05 19:59:20,847 INFO o.a.j.t.JMeterThread: Thread started: Thread Group 1-40
2021-05-05 19:59:23,846 INFO o.a.j.t.JMeterThread: Thread started: Thread Group 1-41
2021-05-05 19:59:26,847 INFO o.a.j.t.JMeterThread: Thread started: Thread Group 1-42
2021-05-05 19:59:29,846 INFO o.a.j.t.JMeterThread: Thread started: Thread Group 1-43
2021-05-05 19:59:30,084 INFO o.a.j.r.Summariser: summary +    564 in 00:00:30 =   18.8/s Avg:   484 Min:   430 Max:   562 Err:     0 (0.00%) Active: 43 Started: 43 Finished: 0
2021-05-05 19:59:30,084 INFO o.a.j.r.Summariser: summary =   1406 in 00:02:06 =   11.1/s Avg:   404 Min:   240 Max:   562 Err:     0 (0.00%)
2021-05-05 19:59:31,577 INFO o.a.j.t.JMeterThread: Shutdown Test detected by thread: Thread Group 1-2
2021-05-05 19:59:31,578 INFO o.a.j.t.JMeterThread: Thread finished: Thread Group 1-2
2021-05-05 19:59:31,580 INFO o.a.j.t.JMeterThread: Stopping: Thread Group 1-152
2021-05-05 19:59:31,580 INFO o.a.j.t.JMeterThread: Stopping: Thread Group 1-143
2021-05-05 19:59:31,580 INFO o.a.j.t.JMeterThread: Stopping: Thread Group 1-177
2021-05-05 19:59:31,580 INFO o.a.j.t.JMeterThread: Stopping: Thread Group 1-97
2021-05-05 19:59:31,581 INFO o.a.j.t.JMeterThread: Stopping: Thread Group 1-88
2021-05-05 19:59:31,581 INFO o.a.j.t.JMeterThread: Stopping: Thread Group 1-48
2021-05-05 19:59:31,581 INFO o.a.j.t.JMeterThread: Stopping: Thread Group 1-147
2021-05-05 19:59:31,581 INFO o.a.j.t.JMeterThread: Stopping: Thread Group 1-130
2021-05-05 19:59:31,581 INFO o.a.j.t.JMeterThread: Stopping: Thread Group 1-135
2021-05-05 19:59:31,581 INFO o.a.j.t.JMeterThread: Stopping: Thread Group 1-171
2021-05-05 19:59:31,581 INFO o.a.j.t.JMeterThread: Stopping: Thread Group 1-161
2021-05-05 19:59:31,581 INFO o.a.j.t.JMeterThread: Stopping: Thread Group 1-108
2021-05-05 19:59:31,582 INFO o.a.j.t.JMeterThread: Stopping: Thread Group 1-40
2021-05-05 19:59:31,582 INFO o.a.j.t.JMeterThread: Stopping: Thread Group 1-82
2021-05-05 19:59:31,582 INFO o.a.j.t.JMeterThread: Stopping: Thread Group 1-118
2021-05-05 19:59:31,582 INFO o.a.j.t.JMeterThread: Stopping: Thread Group 1-93
2021-05-05 19:59:31,582 INFO o.a.j.t.JMeterThread: Stopping: Thread Group 1-145
2021-05-05 19:59:31,582 INFO o.a.j.t.JMeterThread: Stopping: Thread Group 1-149
2021-05-05 19:59:31,582 INFO o.a.j.t.JMeterThread: Stopping: Thread Group 1-71
2021-05-05 19:59:31,582 INFO o.a.j.t.JMeterThread: Stopping: Thread Group 1-146
2021-05-05 19:59:31,583 INFO o.a.j.t.JMeterThread: Stopping: Thread Group 1-62
2021-05-05 19:59:31,583 INFO o.a.j.t.JMeterThread: Stopping: Thread Group 1-141
2021-05-05 19:59:31,583 INFO o.a.j.t.JMeterThread: Stopping: Thread Group 1-184
2021-05-05 19:59:31,583 INFO o.a.j.t.JMeterThread: Stopping: Thread Group 1-115
2021-05-05 19:59:31,583 INFO o.a.j.t.JMeterThread: Stopping: Thread Group 1-129
2021-05-05 19:59:31,583 INFO o.a.j.t.JMeterThread: Stopping: Thread Group 1-21
2021-05-05 19:59:31,583 INFO o.a.j.t.JMeterThread: Stopping: Thread Group 1-160
2021-05-05 19:59:31,583 INFO o.a.j.t.JMeterThread: Stopping: Thread Group 1-199
2021-05-05 19:59:31,583 INFO o.a.j.t.JMeterThread: Stopping: Thread Group 1-26
2021-05-05 19:59:31,584 INFO o.a.j.t.JMeterThread: Stopping: Thread Group 1-87
2021-05-05 19:59:31,584 INFO o.a.j.t.JMeterThread: Stopping: Thread Group 1-36
2021-05-05 19:59:31,584 INFO o.a.j.t.JMeterThread: Stopping: Thread Group 1-49
2021-05-05 19:59:31,584 INFO o.a.j.t.JMeterThread: Stopping: Thread Group 1-96
2021-05-05 19:59:31,584 INFO o.a.j.t.JMeterThread: Stopping: Thread Group 1-24
2021-05-05 19:59:31,584 INFO o.a.j.t.JMeterThread: Stopping: Thread Group 1-10
2021-05-05 19:59:31,584 INFO o.a.j.t.JMeterThread: Stopping: Thread Group 1-13
2021-05-05 19:59:31,585 INFO o.a.j.t.JMeterThread: Stopping: Thread Group 1-187
2021-05-05 19:59:31,585 INFO o.a.j.t.JMeterThread: Stopping: Thread Group 1-43
2021-05-05 19:59:31,585 INFO o.a.j.t.JMeterThread: Stopping: Thread Group 1-137
2021-05-05 19:59:31,585 INFO o.a.j.t.JMeterThread: Stopping: Thread Group 1-99
2021-05-05 19:59:31,585 INFO o.a.j.t.JMeterThread: Stopping: Thread Group 1-197
2021-05-05 19:59:31,585 INFO o.a.j.t.JMeterThread: Stopping: Thread Group 1-64
2021-05-05 19:59:31,585 INFO o.a.j.t.JMeterThread: Stopping: Thread Group 1-37
2021-05-05 19:59:31,585 INFO o.a.j.t.JMeterThread: Stopping: Thread Group 1-142
2021-05-05 19:59:31,585 INFO o.a.j.t.JMeterThread: Stopping: Thread Group 1-169
2021-05-05 19:59:31,586 INFO o.a.j.t.JMeterThread: Stopping: Thread Group 1-127
2021-05-05 19:59:31,586 INFO o.a.j.t.JMeterThread: Stopping: Thread Group 1-25
2021-05-05 19:59:31,586 INFO o.a.j.t.JMeterThread: Stopping: Thread Group 1-119
2021-05-05 19:59:31,586 INFO o.a.j.t.JMeterThread: Stopping: Thread Group 1-16
2021-05-05 19:59:31,586 INFO o.a.j.t.JMeterThread: Stopping: Thread Group 1-144
2021-05-05 19:59:31,586 INFO o.a.j.t.JMeterThread: Stopping: Thread Group 1-126
2021-05-05 19:59:31,586 INFO o.a.j.t.JMeterThread: Stopping: Thread Group 1-81
2021-05-05 19:59:31,586 INFO o.a.j.t.JMeterThread: Stopping: Thread Group 1-77
2021-05-05 19:59:31,587 INFO o.a.j.t.JMeterThread: Stopping: Thread Group 1-158
2021-05-05 19:59:31,587 INFO o.a.j.t.JMeterThread: Stopping: Thread Group 1-154
2021-05-05 19:59:31,587 INFO o.a.j.t.JMeterThread: Stopping: Thread Group 1-181
2021-05-05 19:59:31,587 INFO o.a.j.t.JMeterThread: Stopping: Thread Group 1-11
2021-05-05 19:59:31,587 INFO o.a.j.t.JMeterThread: Stopping: Thread Group 1-112
2021-05-05 19:59:31,587 INFO o.a.j.t.JMeterThread: Stopping: Thread Group 1-174
2021-05-05 19:59:31,587 INFO o.a.j.t.JMeterThread: Stopping: Thread Group 1-193
2021-05-05 19:59:31,587 INFO o.a.j.t.JMeterThread: Stopping: Thread Group 1-151
2021-05-05 19:59:31,587 INFO o.a.j.t.JMeterThread: Stopping: Thread Group 1-140
2021-05-05 19:59:31,588 INFO o.a.j.t.JMeterThread: Stopping: Thread Group 1-20
2021-05-05 19:59:31,588 INFO o.a.j.t.JMeterThread: Stopping: Thread Group 1-124
2021-05-05 19:59:31,588 INFO o.a.j.t.JMeterThread: Stopping: Thread Group 1-4
2021-05-05 19:59:31,588 INFO o.a.j.t.JMeterThread: Stopping: Thread Group 1-95
2021-05-05 19:59:31,588 INFO o.a.j.t.JMeterThread: Stopping: Thread Group 1-19
2021-05-05 19:59:31,588 INFO o.a.j.t.JMeterThread: Stopping: Thread Group 1-41
2021-05-05 19:59:31,588 INFO o.a.j.t.JMeterThread: Stopping: Thread Group 1-65
2021-05-05 19:59:31,588 INFO o.a.j.t.JMeterThread: Stopping: Thread Group 1-116
2021-05-05 19:59:31,588 INFO o.a.j.t.JMeterThread: Stopping: Thread Group 1-165
2021-05-05 19:59:31,589 INFO o.a.j.t.JMeterThread: Stopping: Thread Group 1-34
2021-05-05 19:59:31,589 INFO o.a.j.t.JMeterThread: Stopping: Thread Group 1-52
2021-05-05 19:59:31,589 INFO o.a.j.t.JMeterThread: Stopping: Thread Group 1-76
2021-05-05 19:59:31,589 INFO o.a.j.t.JMeterThread: Stopping: Thread Group 1-138
2021-05-05 19:59:31,589 INFO o.a.j.t.JMeterThread: Stopping: Thread Group 1-179
2021-05-05 19:59:31,589 INFO o.a.j.t.JMeterThread: Stopping: Thread Group 1-35
2021-05-05 19:59:31,589 INFO o.a.j.t.JMeterThread: Stopping: Thread Group 1-63
2021-05-05 19:59:31,589 INFO o.a.j.t.JMeterThread: Stopping: Thread Group 1-109
2021-05-05 19:59:31,589 INFO o.a.j.t.JMeterThread: Stopping: Thread Group 1-59
2021-05-05 19:59:31,590 INFO o.a.j.t.JMeterThread: Stopping: Thread Group 1-39
2021-05-05 19:59:31,590 INFO o.a.j.t.JMeterThread: Stopping: Thread Group 1-55
2021-05-05 19:59:31,590 INFO o.a.j.t.JMeterThread: Stopping: Thread Group 1-98
2021-05-05 19:59:31,590 INFO o.a.j.t.JMeterThread: Stopping: Thread Group 1-122
2021-05-05 19:59:31,590 INFO o.a.j.t.JMeterThread: Stopping: Thread Group 1-170
2021-05-05 19:59:31,590 INFO o.a.j.t.JMeterThread: Stopping: Thread Group 1-114
2021-05-05 19:59:31,590 INFO o.a.j.t.JMeterThread: Stopping: Thread Group 1-155
2021-05-05 19:59:31,590 INFO o.a.j.t.JMeterThread: Stopping: Thread Group 1-192
2021-05-05 19:59:31,590 INFO o.a.j.t.JMeterThread: Stopping: Thread Group 1-56
2021-05-05 19:59:31,591 INFO o.a.j.t.JMeterThread: Stopping: Thread Group 1-125
2021-05-05 19:59:31,591 INFO o.a.j.t.JMeterThread: Stopping: Thread Group 1-50
2021-05-05 19:59:31,591 INFO o.a.j.t.JMeterThread: Stopping: Thread Group 1-183
2021-05-05 19:59:31,591 INFO o.a.j.t.JMeterThread: Stopping: Thread Group 1-75
2021-05-05 19:59:31,591 INFO o.a.j.t.JMeterThread: Stopping: Thread Group 1-80
2021-05-05 19:59:31,591 INFO o.a.j.t.JMeterThread: Stopping: Thread Group 1-131
2021-05-05 19:59:31,591 INFO o.a.j.t.JMeterThread: Stopping: Thread Group 1-83
2021-05-05 19:59:31,592 INFO o.a.j.t.JMeterThread: Stopping: Thread Group 1-100
2021-05-05 19:59:31,592 INFO o.a.j.t.JMeterThread: Stopping: Thread Group 1-84
2021-05-05 19:59:31,592 INFO o.a.j.t.JMeterThread: Stopping: Thread Group 1-182
2021-05-05 19:59:31,592 INFO o.a.j.t.JMeterThread: Stopping: Thread Group 1-159
2021-05-05 19:59:31,592 INFO o.a.j.t.JMeterThread: Stopping: Thread Group 1-186
2021-05-05 19:59:31,592 INFO o.a.j.t.JMeterThread: Stopping: Thread Group 1-91
2021-05-05 19:59:31,592 INFO o.a.j.t.JMeterThread: Stopping: Thread Group 1-121
2021-05-05 19:59:31,593 INFO o.a.j.t.JMeterThread: Stopping: Thread Group 1-195
2021-05-05 19:59:31,593 INFO o.a.j.t.JMeterThread: Stopping: Thread Group 1-120
2021-05-05 19:59:31,593 INFO o.a.j.t.JMeterThread: Stopping: Thread Group 1-85
2021-05-05 19:59:31,593 INFO o.a.j.t.JMeterThread: Stopping: Thread Group 1-113
2021-05-05 19:59:31,593 INFO o.a.j.t.JMeterThread: Stopping: Thread Group 1-164
2021-05-05 19:59:31,593 INFO o.a.j.t.JMeterThread: Stopping: Thread Group 1-94
2021-05-05 19:59:31,593 INFO o.a.j.t.JMeterThread: Stopping: Thread Group 1-136
2021-05-05 19:59:31,593 INFO o.a.j.t.JMeterThread: Stopping: Thread Group 1-128
2021-05-05 19:59:31,593 INFO o.a.j.t.JMeterThread: Stopping: Thread Group 1-42
2021-05-05 19:59:31,594 INFO o.a.j.t.JMeterThread: Stopping: Thread Group 1-23
2021-05-05 19:59:31,594 INFO o.a.j.t.JMeterThread: Stopping: Thread Group 1-189
2021-05-05 19:59:31,594 INFO o.a.j.t.JMeterThread: Stopping: Thread Group 1-110
2021-05-05 19:59:31,594 INFO o.a.j.t.JMeterThread: Stopping: Thread Group 1-156
2021-05-05 19:59:31,594 INFO o.a.j.t.JMeterThread: Stopping: Thread Group 1-7
2021-05-05 19:59:31,594 INFO o.a.j.t.JMeterThread: Stopping: Thread Group 1-86
2021-05-05 19:59:31,595 INFO o.a.j.t.JMeterThread: Stopping: Thread Group 1-172
2021-05-05 19:59:31,595 INFO o.a.j.t.JMeterThread: Stopping: Thread Group 1-148
2021-05-05 19:59:31,595 INFO o.a.j.t.JMeterThread: Stopping: Thread Group 1-198
2021-05-05 19:59:31,595 INFO o.a.j.t.JMeterThread: Stopping: Thread Group 1-70
2021-05-05 19:59:31,595 INFO o.a.j.t.JMeterThread: Stopping: Thread Group 1-162
2021-05-05 19:59:31,595 INFO o.a.j.t.JMeterThread: Stopping: Thread Group 1-168
2021-05-05 19:59:31,596 INFO o.a.j.t.JMeterThread: Stopping: Thread Group 1-175
2021-05-05 19:59:31,596 INFO o.a.j.t.JMeterThread: Stopping: Thread Group 1-69
2021-05-05 19:59:31,596 INFO o.a.j.t.JMeterThread: Stopping: Thread Group 1-74
2021-05-05 19:59:31,596 INFO o.a.j.t.JMeterThread: Stopping: Thread Group 1-194
2021-05-05 19:59:31,596 INFO o.a.j.t.JMeterThread: Stopping: Thread Group 1-106
2021-05-05 19:59:31,596 INFO o.a.j.t.JMeterThread: Stopping: Thread Group 1-17
2021-05-05 19:59:31,596 INFO o.a.j.t.JMeterThread: Stopping: Thread Group 1-90
2021-05-05 19:59:31,596 INFO o.a.j.t.JMeterThread: Stopping: Thread Group 1-178
2021-05-05 19:59:31,596 INFO o.a.j.t.JMeterThread: Stopping: Thread Group 1-51
2021-05-05 19:59:31,596 INFO o.a.j.t.JMeterThread: Stopping: Thread Group 1-157
2021-05-05 19:59:31,597 INFO o.a.j.t.JMeterThread: Stopping: Thread Group 1-101
2021-05-05 19:59:31,597 INFO o.a.j.t.JMeterThread: Stopping: Thread Group 1-166
2021-05-05 19:59:31,597 INFO o.a.j.t.JMeterThread: Stopping: Thread Group 1-67
2021-05-05 19:59:31,597 INFO o.a.j.t.JMeterThread: Stopping: Thread Group 1-68
2021-05-05 19:59:31,597 INFO o.a.j.t.JMeterThread: Stopping: Thread Group 1-123
2021-05-05 19:59:31,597 INFO o.a.j.t.JMeterThread: Stopping: Thread Group 1-163
2021-05-05 19:59:31,597 INFO o.a.j.t.JMeterThread: Stopping: Thread Group 1-105
2021-05-05 19:59:31,597 INFO o.a.j.t.JMeterThread: Stopping: Thread Group 1-8
2021-05-05 19:59:31,597 INFO o.a.j.t.JMeterThread: Stopping: Thread Group 1-180
2021-05-05 19:59:31,598 INFO o.a.j.t.JMeterThread: Stopping: Thread Group 1-134
2021-05-05 19:59:31,598 INFO o.a.j.t.JMeterThread: Stopping: Thread Group 1-12
2021-05-05 19:59:31,598 INFO o.a.j.t.JMeterThread: Stopping: Thread Group 1-45
2021-05-05 19:59:31,598 INFO o.a.j.t.JMeterThread: Stopping: Thread Group 1-32
2021-05-05 19:59:31,598 INFO o.a.j.t.JMeterThread: Stopping: Thread Group 1-1
2021-05-05 19:59:31,598 INFO o.a.j.t.JMeterThread: Stopping: Thread Group 1-33
2021-05-05 19:59:31,598 INFO o.a.j.t.JMeterThread: Stopping: Thread Group 1-196
2021-05-05 19:59:31,598 INFO o.a.j.t.JMeterThread: Stopping: Thread Group 1-79
2021-05-05 19:59:31,598 INFO o.a.j.t.JMeterThread: Stopping: Thread Group 1-111
2021-05-05 19:59:31,598 INFO o.a.j.t.JMeterThread: Stopping: Thread Group 1-173
2021-05-05 19:59:31,598 INFO o.a.j.t.JMeterThread: Stopping: Thread Group 1-3
2021-05-05 19:59:31,599 INFO o.a.j.t.JMeterThread: Stopping: Thread Group 1-200
2021-05-05 19:59:31,599 INFO o.a.j.t.JMeterThread: Stopping: Thread Group 1-9
2021-05-05 19:59:31,599 INFO o.a.j.t.JMeterThread: Stopping: Thread Group 1-58
2021-05-05 19:59:31,599 INFO o.a.j.t.JMeterThread: Stopping: Thread Group 1-104
2021-05-05 19:59:31,599 INFO o.a.j.t.JMeterThread: Stopping: Thread Group 1-190
2021-05-05 19:59:31,599 INFO o.a.j.t.JMeterThread: Stopping: Thread Group 1-54
2021-05-05 19:59:31,599 INFO o.a.j.t.JMeterThread: Stopping: Thread Group 1-15
2021-05-05 19:59:31,599 INFO o.a.j.t.JMeterThread: Stopping: Thread Group 1-139
2021-05-05 19:59:31,599 INFO o.a.j.t.JMeterThread: Stopping: Thread Group 1-92
2021-05-05 19:59:31,599 INFO o.a.j.t.JMeterThread: Stopping: Thread Group 1-73
2021-05-05 19:59:31,599 INFO o.a.j.t.JMeterThread: Stopping: Thread Group 1-132
2021-05-05 19:59:31,600 INFO o.a.j.t.JMeterThread: Stopping: Thread Group 1-150
2021-05-05 19:59:31,600 INFO o.a.j.t.JMeterThread: Stopping: Thread Group 1-78
2021-05-05 19:59:31,600 INFO o.a.j.t.JMeterThread: Stopping: Thread Group 1-103
2021-05-05 19:59:31,600 INFO o.a.j.t.JMeterThread: Stopping: Thread Group 1-46
2021-05-05 19:59:31,600 INFO o.a.j.t.JMeterThread: Stopping: Thread Group 1-133
2021-05-05 19:59:31,600 INFO o.a.j.t.JMeterThread: Stopping: Thread Group 1-185
2021-05-05 19:59:31,600 INFO o.a.j.t.JMeterThread: Stopping: Thread Group 1-31
2021-05-05 19:59:31,600 INFO o.a.j.t.JMeterThread: Stopping: Thread Group 1-30
2021-05-05 19:59:31,600 INFO o.a.j.t.JMeterThread: Stopping: Thread Group 1-5
2021-05-05 19:59:31,600 INFO o.a.j.t.JMeterThread: Stopping: Thread Group 1-188
2021-05-05 19:59:31,601 INFO o.a.j.t.JMeterThread: Stopping: Thread Group 1-6
2021-05-05 19:59:31,601 INFO o.a.j.t.JMeterThread: Stopping: Thread Group 1-27
2021-05-05 19:59:31,601 INFO o.a.j.t.JMeterThread: Stopping: Thread Group 1-57
2021-05-05 19:59:31,601 INFO o.a.j.t.JMeterThread: Stopping: Thread Group 1-167
2021-05-05 19:59:31,601 INFO o.a.j.t.JMeterThread: Stopping: Thread Group 1-66
2021-05-05 19:59:31,601 INFO o.a.j.t.JMeterThread: Stopping: Thread Group 1-18
2021-05-05 19:59:31,601 INFO o.a.j.t.JMeterThread: Stopping: Thread Group 1-28
2021-05-05 19:59:31,601 INFO o.a.j.t.JMeterThread: Stopping: Thread Group 1-72
2021-05-05 19:59:31,601 INFO o.a.j.t.JMeterThread: Stopping: Thread Group 1-102
2021-05-05 19:59:31,601 INFO o.a.j.t.JMeterThread: Stopping: Thread Group 1-153
2021-05-05 19:59:31,601 INFO o.a.j.t.JMeterThread: Stopping: Thread Group 1-60
2021-05-05 19:59:31,602 INFO o.a.j.t.JMeterThread: Stopping: Thread Group 1-61
2021-05-05 19:59:31,602 INFO o.a.j.t.JMeterThread: Stopping: Thread Group 1-38
2021-05-05 19:59:31,602 INFO o.a.j.t.JMeterThread: Stopping: Thread Group 1-47
2021-05-05 19:59:31,602 INFO o.a.j.t.JMeterThread: Stopping: Thread Group 1-89
2021-05-05 19:59:31,602 INFO o.a.j.t.JMeterThread: Stopping: Thread Group 1-53
2021-05-05 19:59:31,602 INFO o.a.j.t.JMeterThread: Stopping: Thread Group 1-14
2021-05-05 19:59:31,602 INFO o.a.j.t.JMeterThread: Stopping: Thread Group 1-107
2021-05-05 19:59:31,602 INFO o.a.j.t.JMeterThread: Stopping: Thread Group 1-191
2021-05-05 19:59:31,602 INFO o.a.j.t.JMeterThread: Stopping: Thread Group 1-29
2021-05-05 19:59:31,602 INFO o.a.j.t.JMeterThread: Stopping: Thread Group 1-22
2021-05-05 19:59:31,602 INFO o.a.j.t.JMeterThread: Stopping: Thread Group 1-44
2021-05-05 19:59:31,602 INFO o.a.j.t.JMeterThread: Stopping: Thread Group 1-117
2021-05-05 19:59:31,603 INFO o.a.j.t.JMeterThread: Stopping: Thread Group 1-176
2021-05-05 19:59:31,604 INFO o.a.j.t.JMeterThread: Thread finished: Thread Group 1-26
2021-05-05 19:59:31,651 INFO o.a.j.t.JMeterThread: Thread finished: Thread Group 1-18
2021-05-05 19:59:31,674 INFO o.a.j.t.JMeterThread: Thread finished: Thread Group 1-20
2021-05-05 19:59:31,686 INFO o.a.j.t.JMeterThread: Thread finished: Thread Group 1-33
2021-05-05 19:59:31,727 INFO o.a.j.t.JMeterThread: Thread finished: Thread Group 1-12
2021-05-05 19:59:31,759 INFO o.a.j.t.JMeterThread: Thread finished: Thread Group 1-1
2021-05-05 19:59:31,769 INFO o.a.j.t.JMeterThread: Thread finished: Thread Group 1-11
2021-05-05 19:59:31,799 INFO o.a.j.t.JMeterThread: Thread finished: Thread Group 1-30
2021-05-05 19:59:31,807 INFO o.a.j.t.JMeterThread: Thread finished: Thread Group 1-35
2021-05-05 19:59:31,840 INFO o.a.j.t.JMeterThread: Thread finished: Thread Group 1-15
2021-05-05 19:59:31,857 INFO o.a.j.t.JMeterThread: Thread finished: Thread Group 1-17
2021-05-05 19:59:31,880 INFO o.a.j.t.JMeterThread: Thread started: Thread Group 1-49
2021-05-05 19:59:31,880 INFO o.a.j.t.JMeterThread: Thread started: Thread Group 1-48
2021-05-05 19:59:31,880 INFO o.a.j.t.JMeterThread: Thread started: Thread Group 1-45
2021-05-05 19:59:31,881 INFO o.a.j.t.JMeterThread: Thread finished: Thread Group 1-48
2021-05-05 19:59:31,881 INFO o.a.j.t.JMeterThread: Thread finished: Thread Group 1-45
2021-05-05 19:59:31,880 INFO o.a.j.t.JMeterThread: Thread started: Thread Group 1-50
2021-05-05 19:59:31,881 INFO o.a.j.t.JMeterThread: Thread finished: Thread Group 1-49
2021-05-05 19:59:31,881 INFO o.a.j.t.JMeterThread: Thread finished: Thread Group 1-50
2021-05-05 19:59:31,881 INFO o.a.j.t.JMeterThread: Thread started: Thread Group 1-47
2021-05-05 19:59:31,881 INFO o.a.j.t.JMeterThread: Thread started: Thread Group 1-46
2021-05-05 19:59:31,881 INFO o.a.j.t.JMeterThread: Thread finished: Thread Group 1-47
2021-05-05 19:59:31,881 INFO o.a.j.t.JMeterThread: Thread finished: Thread Group 1-46
2021-05-05 19:59:31,882 INFO o.a.j.t.JMeterThread: Thread started: Thread Group 1-44
2021-05-05 19:59:31,882 INFO o.a.j.t.JMeterThread: Thread started: Thread Group 1-55
2021-05-05 19:59:31,882 INFO o.a.j.t.JMeterThread: Thread finished: Thread Group 1-44
2021-05-05 19:59:31,882 INFO o.a.j.t.JMeterThread: Thread finished: Thread Group 1-55
2021-05-05 19:59:31,882 INFO o.a.j.t.JMeterThread: Thread started: Thread Group 1-59
2021-05-05 19:59:31,882 INFO o.a.j.t.JMeterThread: Thread finished: Thread Group 1-59
2021-05-05 19:59:31,882 INFO o.a.j.t.JMeterThread: Thread started: Thread Group 1-58
2021-05-05 19:59:31,882 INFO o.a.j.t.JMeterThread: Thread started: Thread Group 1-53
2021-05-05 19:59:31,882 INFO o.a.j.t.JMeterThread: Thread started: Thread Group 1-54
2021-05-05 19:59:31,883 INFO o.a.j.t.JMeterThread: Thread finished: Thread Group 1-53
2021-05-05 19:59:31,883 INFO o.a.j.t.JMeterThread: Thread finished: Thread Group 1-58
2021-05-05 19:59:31,883 INFO o.a.j.t.JMeterThread: Thread finished: Thread Group 1-54
2021-05-05 19:59:31,884 INFO o.a.j.t.JMeterThread: Thread started: Thread Group 1-61
2021-05-05 19:59:31,884 INFO o.a.j.t.JMeterThread: Thread finished: Thread Group 1-61
2021-05-05 19:59:31,884 INFO o.a.j.t.JMeterThread: Thread started: Thread Group 1-57
2021-05-05 19:59:31,884 INFO o.a.j.t.JMeterThread: Thread finished: Thread Group 1-57
2021-05-05 19:59:31,885 INFO o.a.j.t.JMeterThread: Thread started: Thread Group 1-62
2021-05-05 19:59:31,885 INFO o.a.j.t.JMeterThread: Thread finished: Thread Group 1-62
2021-05-05 19:59:31,885 INFO o.a.j.t.JMeterThread: Thread started: Thread Group 1-64
2021-05-05 19:59:31,885 INFO o.a.j.t.JMeterThread: Thread started: Thread Group 1-60
2021-05-05 19:59:31,885 INFO o.a.j.t.JMeterThread: Thread started: Thread Group 1-67
2021-05-05 19:59:31,886 INFO o.a.j.t.JMeterThread: Thread finished: Thread Group 1-64
2021-05-05 19:59:31,885 INFO o.a.j.t.JMeterThread: Thread started: Thread Group 1-73
2021-05-05 19:59:31,886 INFO o.a.j.t.JMeterThread: Thread finished: Thread Group 1-60
2021-05-05 19:59:31,886 INFO o.a.j.t.JMeterThread: Thread finished: Thread Group 1-73
2021-05-05 19:59:31,886 INFO o.a.j.t.JMeterThread: Thread started: Thread Group 1-69
2021-05-05 19:59:31,886 INFO o.a.j.t.JMeterThread: Thread started: Thread Group 1-72
2021-05-05 19:59:31,886 INFO o.a.j.t.JMeterThread: Thread finished: Thread Group 1-72
2021-05-05 19:59:31,886 INFO o.a.j.t.JMeterThread: Thread finished: Thread Group 1-69
2021-05-05 19:59:31,886 INFO o.a.j.t.JMeterThread: Thread started: Thread Group 1-68
2021-05-05 19:59:31,886 INFO o.a.j.t.JMeterThread: Thread finished: Thread Group 1-68
2021-05-05 19:59:31,885 INFO o.a.j.t.JMeterThread: Thread started: Thread Group 1-52
2021-05-05 19:59:31,885 INFO o.a.j.t.JMeterThread: Thread started: Thread Group 1-66
2021-05-05 19:59:31,886 INFO o.a.j.t.JMeterThread: Thread finished: Thread Group 1-52
2021-05-05 19:59:31,887 INFO o.a.j.t.JMeterThread: Thread finished: Thread Group 1-66
2021-05-05 19:59:31,886 INFO o.a.j.t.JMeterThread: Thread started: Thread Group 1-63
2021-05-05 19:59:31,886 INFO o.a.j.t.JMeterThread: Thread started: Thread Group 1-51
2021-05-05 19:59:31,887 INFO o.a.j.t.JMeterThread: Thread finished: Thread Group 1-51
2021-05-05 19:59:31,886 INFO o.a.j.t.JMeterThread: Thread started: Thread Group 1-56
2021-05-05 19:59:31,887 INFO o.a.j.t.JMeterThread: Thread finished: Thread Group 1-56
2021-05-05 19:59:31,886 INFO o.a.j.t.JMeterThread: Thread started: Thread Group 1-65
2021-05-05 19:59:31,886 INFO o.a.j.t.JMeterThread: Thread started: Thread Group 1-71
2021-05-05 19:59:31,886 INFO o.a.j.t.JMeterThread: Thread finished: Thread Group 1-67
2021-05-05 19:59:31,886 INFO o.a.j.t.JMeterThread: Thread started: Thread Group 1-70
2021-05-05 19:59:31,888 INFO o.a.j.t.JMeterThread: Thread finished: Thread Group 1-65
2021-05-05 19:59:31,888 INFO o.a.j.t.JMeterThread: Thread finished: Thread Group 1-63
2021-05-05 19:59:31,888 INFO o.a.j.t.JMeterThread: Thread finished: Thread Group 1-70
2021-05-05 19:59:31,888 INFO o.a.j.t.JMeterThread: Thread finished: Thread Group 1-71
2021-05-05 19:59:31,889 INFO o.a.j.t.JMeterThread: Thread started: Thread Group 1-77
2021-05-05 19:59:31,896 INFO o.a.j.t.JMeterThread: Thread started: Thread Group 1-85
2021-05-05 19:59:31,896 INFO o.a.j.t.JMeterThread: Thread started: Thread Group 1-97
2021-05-05 19:59:31,897 INFO o.a.j.t.JMeterThread: Thread finished: Thread Group 1-77
2021-05-05 19:59:31,889 INFO o.a.j.t.JMeterThread: Thread started: Thread Group 1-79
2021-05-05 19:59:31,897 INFO o.a.j.t.JMeterThread: Thread started: Thread Group 1-94
2021-05-05 19:59:31,896 INFO o.a.j.t.JMeterThread: Thread started: Thread Group 1-88
2021-05-05 19:59:31,897 INFO o.a.j.t.JMeterThread: Thread started: Thread Group 1-80
2021-05-05 19:59:31,897 INFO o.a.j.t.JMeterThread: Thread finished: Thread Group 1-80
2021-05-05 19:59:31,897 INFO o.a.j.t.JMeterThread: Thread started: Thread Group 1-86
2021-05-05 19:59:31,897 INFO o.a.j.t.JMeterThread: Thread started: Thread Group 1-87
2021-05-05 19:59:31,897 INFO o.a.j.t.JMeterThread: Thread finished: Thread Group 1-86
2021-05-05 19:59:31,897 INFO o.a.j.t.JMeterThread: Thread started: Thread Group 1-102
2021-05-05 19:59:31,897 INFO o.a.j.t.JMeterThread: Thread started: Thread Group 1-82
2021-05-05 19:59:31,897 INFO o.a.j.t.JMeterThread: Thread started: Thread Group 1-74
2021-05-05 19:59:31,897 INFO o.a.j.t.JMeterThread: Thread finished: Thread Group 1-74
2021-05-05 19:59:31,897 INFO o.a.j.t.JMeterThread: Thread started: Thread Group 1-100
2021-05-05 19:59:31,897 INFO o.a.j.t.JMeterThread: Thread started: Thread Group 1-76
2021-05-05 19:59:31,898 INFO o.a.j.t.JMeterThread: Thread finished: Thread Group 1-76
2021-05-05 19:59:31,898 INFO o.a.j.t.JMeterThread: Thread finished: Thread Group 1-100
2021-05-05 19:59:31,898 INFO o.a.j.t.JMeterThread: Thread started: Thread Group 1-92
2021-05-05 19:59:31,898 INFO o.a.j.t.JMeterThread: Thread finished: Thread Group 1-92
2021-05-05 19:59:31,898 INFO o.a.j.t.JMeterThread: Thread started: Thread Group 1-95
2021-05-05 19:59:31,898 INFO o.a.j.t.JMeterThread: Thread started: Thread Group 1-75
2021-05-05 19:59:31,898 INFO o.a.j.t.JMeterThread: Thread started: Thread Group 1-98
2021-05-05 19:59:31,897 INFO o.a.j.t.JMeterThread: Thread started: Thread Group 1-101
2021-05-05 19:59:31,898 INFO o.a.j.t.JMeterThread: Thread finished: Thread Group 1-97
2021-05-05 19:59:31,898 INFO o.a.j.t.JMeterThread: Thread finished: Thread Group 1-98
2021-05-05 19:59:31,898 INFO o.a.j.t.JMeterThread: Thread started: Thread Group 1-90
2021-05-05 19:59:31,898 INFO o.a.j.t.JMeterThread: Thread finished: Thread Group 1-90
2021-05-05 19:59:31,898 INFO o.a.j.t.JMeterThread: Thread started: Thread Group 1-109
2021-05-05 19:59:31,899 INFO o.a.j.t.JMeterThread: Thread finished: Thread Group 1-109
2021-05-05 19:59:31,899 INFO o.a.j.t.JMeterThread: Thread started: Thread Group 1-84
2021-05-05 19:59:31,898 INFO o.a.j.t.JMeterThread: Thread started: Thread Group 1-81
2021-05-05 19:59:31,899 INFO o.a.j.t.JMeterThread: Thread started: Thread Group 1-93
2021-05-05 19:59:31,899 INFO o.a.j.t.JMeterThread: Thread started: Thread Group 1-96
2021-05-05 19:59:31,899 INFO o.a.j.t.JMeterThread: Thread finished: Thread Group 1-81
2021-05-05 19:59:31,899 INFO o.a.j.t.JMeterThread: Thread started: Thread Group 1-89
2021-05-05 19:59:31,899 INFO o.a.j.t.JMeterThread: Thread finished: Thread Group 1-93
2021-05-05 19:59:31,899 INFO o.a.j.t.JMeterThread: Thread finished: Thread Group 1-89
2021-05-05 19:59:31,899 INFO o.a.j.t.JMeterThread: Thread finished: Thread Group 1-5
2021-05-05 19:59:31,899 INFO o.a.j.t.JMeterThread: Thread finished: Thread Group 1-75
2021-05-05 19:59:31,900 INFO o.a.j.t.JMeterThread: Thread finished: Thread Group 1-95
2021-05-05 19:59:31,899 INFO o.a.j.t.JMeterThread: Thread started: Thread Group 1-78
2021-05-05 19:59:31,897 INFO o.a.j.t.JMeterThread: Thread finished: Thread Group 1-82
2021-05-05 19:59:31,900 INFO o.a.j.t.JMeterThread: Thread finished: Thread Group 1-78
2021-05-05 19:59:31,897 INFO o.a.j.t.JMeterThread: Thread finished: Thread Group 1-102
2021-05-05 19:59:31,898 INFO o.a.j.t.JMeterThread: Thread started: Thread Group 1-91
2021-05-05 19:59:31,897 INFO o.a.j.t.JMeterThread: Thread started: Thread Group 1-99
2021-05-05 19:59:31,900 INFO o.a.j.t.JMeterThread: Thread finished: Thread Group 1-91
2021-05-05 19:59:31,901 INFO o.a.j.t.JMeterThread: Thread finished: Thread Group 1-87
2021-05-05 19:59:31,897 INFO o.a.j.t.JMeterThread: Thread finished: Thread Group 1-88
2021-05-05 19:59:31,897 INFO o.a.j.t.JMeterThread: Thread finished: Thread Group 1-94
2021-05-05 19:59:31,896 INFO o.a.j.t.JMeterThread: Thread started: Thread Group 1-83
2021-05-05 19:59:31,901 INFO o.a.j.t.JMeterThread: Thread finished: Thread Group 1-83
2021-05-05 19:59:31,897 INFO o.a.j.t.JMeterThread: Thread finished: Thread Group 1-85
2021-05-05 19:59:31,901 INFO o.a.j.t.JMeterThread: Thread finished: Thread Group 1-79
2021-05-05 19:59:31,899 INFO o.a.j.t.JMeterThread: Thread finished: Thread Group 1-96
2021-05-05 19:59:31,901 INFO o.a.j.t.JMeterThread: Thread finished: Thread Group 1-99
2021-05-05 19:59:31,898 INFO o.a.j.t.JMeterThread: Thread started: Thread Group 1-105
2021-05-05 19:59:31,901 INFO o.a.j.t.JMeterThread: Thread started: Thread Group 1-103
2021-05-05 19:59:31,901 INFO o.a.j.t.JMeterThread: Thread finished: Thread Group 1-105
2021-05-05 19:59:31,898 INFO o.a.j.t.JMeterThread: Thread started: Thread Group 1-108
2021-05-05 19:59:31,898 INFO o.a.j.t.JMeterThread: Thread started: Thread Group 1-111
2021-05-05 19:59:31,899 INFO o.a.j.t.JMeterThread: Thread finished: Thread Group 1-84
2021-05-05 19:59:31,902 INFO o.a.j.t.JMeterThread: Thread finished: Thread Group 1-108
2021-05-05 19:59:31,898 INFO o.a.j.t.JMeterThread: Thread finished: Thread Group 1-101
2021-05-05 19:59:31,902 INFO o.a.j.t.JMeterThread: Thread finished: Thread Group 1-111
2021-05-05 19:59:31,901 INFO o.a.j.t.JMeterThread: Thread started: Thread Group 1-107
2021-05-05 19:59:31,902 INFO o.a.j.t.JMeterThread: Thread finished: Thread Group 1-107
2021-05-05 19:59:31,902 INFO o.a.j.t.JMeterThread: Thread finished: Thread Group 1-103
2021-05-05 19:59:31,901 INFO o.a.j.t.JMeterThread: Thread started: Thread Group 1-104
2021-05-05 19:59:31,903 INFO o.a.j.t.JMeterThread: Thread started: Thread Group 1-112
2021-05-05 19:59:31,903 INFO o.a.j.t.JMeterThread: Thread finished: Thread Group 1-112
2021-05-05 19:59:31,903 INFO o.a.j.t.JMeterThread: Thread finished: Thread Group 1-104
2021-05-05 19:59:31,902 INFO o.a.j.t.JMeterThread: Thread started: Thread Group 1-115
2021-05-05 19:59:31,903 INFO o.a.j.t.JMeterThread: Thread finished: Thread Group 1-115
2021-05-05 19:59:31,902 INFO o.a.j.t.JMeterThread: Thread started: Thread Group 1-113
2021-05-05 19:59:31,903 INFO o.a.j.t.JMeterThread: Thread finished: Thread Group 1-113
2021-05-05 19:59:31,904 INFO o.a.j.t.JMeterThread: Thread started: Thread Group 1-110
2021-05-05 19:59:31,904 INFO o.a.j.t.JMeterThread: Thread finished: Thread Group 1-110
2021-05-05 19:59:31,904 INFO o.a.j.t.JMeterThread: Thread started: Thread Group 1-114
2021-05-05 19:59:31,904 INFO o.a.j.t.JMeterThread: Thread started: Thread Group 1-106
2021-05-05 19:59:31,905 INFO o.a.j.t.JMeterThread: Thread finished: Thread Group 1-114
2021-05-05 19:59:31,905 INFO o.a.j.t.JMeterThread: Thread finished: Thread Group 1-106
2021-05-05 19:59:31,906 INFO o.a.j.t.JMeterThread: Thread started: Thread Group 1-117
2021-05-05 19:59:31,906 INFO o.a.j.t.JMeterThread: Thread started: Thread Group 1-116
2021-05-05 19:59:31,906 INFO o.a.j.t.JMeterThread: Thread finished: Thread Group 1-117
2021-05-05 19:59:31,906 INFO o.a.j.t.JMeterThread: Thread finished: Thread Group 1-116
2021-05-05 19:59:31,906 INFO o.a.j.t.JMeterThread: Thread started: Thread Group 1-119
2021-05-05 19:59:31,907 INFO o.a.j.t.JMeterThread: Thread started: Thread Group 1-122
2021-05-05 19:59:31,907 INFO o.a.j.t.JMeterThread: Thread finished: Thread Group 1-119
2021-05-05 19:59:31,907 INFO o.a.j.t.JMeterThread: Thread started: Thread Group 1-120
2021-05-05 19:59:31,907 INFO o.a.j.t.JMeterThread: Thread finished: Thread Group 1-122
2021-05-05 19:59:31,907 INFO o.a.j.t.JMeterThread: Thread finished: Thread Group 1-120
2021-05-05 19:59:31,907 INFO o.a.j.t.JMeterThread: Thread started: Thread Group 1-118
2021-05-05 19:59:31,907 INFO o.a.j.t.JMeterThread: Thread finished: Thread Group 1-118
2021-05-05 19:59:31,908 INFO o.a.j.t.JMeterThread: Thread started: Thread Group 1-128
2021-05-05 19:59:31,908 INFO o.a.j.t.JMeterThread: Thread finished: Thread Group 1-128
2021-05-05 19:59:31,906 INFO o.a.j.t.JMeterThread: Thread started: Thread Group 1-121
2021-05-05 19:59:31,909 INFO o.a.j.t.JMeterThread: Thread finished: Thread Group 1-121
2021-05-05 19:59:31,909 INFO o.a.j.t.JMeterThread: Thread started: Thread Group 1-125
2021-05-05 19:59:31,909 INFO o.a.j.t.JMeterThread: Thread started: Thread Group 1-124
2021-05-05 19:59:31,909 INFO o.a.j.t.JMeterThread: Thread started: Thread Group 1-129
2021-05-05 19:59:31,909 INFO o.a.j.t.JMeterThread: Thread started: Thread Group 1-126
2021-05-05 19:59:31,909 INFO o.a.j.t.JMeterThread: Thread started: Thread Group 1-127
2021-05-05 19:59:31,910 INFO o.a.j.t.JMeterThread: Thread finished: Thread Group 1-129
2021-05-05 19:59:31,909 INFO o.a.j.t.JMeterThread: Thread finished: Thread Group 1-124
2021-05-05 19:59:31,909 INFO o.a.j.t.JMeterThread: Thread started: Thread Group 1-130
2021-05-05 19:59:31,910 INFO o.a.j.t.JMeterThread: Thread finished: Thread Group 1-127
2021-05-05 19:59:31,910 INFO o.a.j.t.JMeterThread: Thread finished: Thread Group 1-130
2021-05-05 19:59:31,910 INFO o.a.j.t.JMeterThread: Thread finished: Thread Group 1-125
2021-05-05 19:59:31,911 INFO o.a.j.t.JMeterThread: Thread started: Thread Group 1-131
2021-05-05 19:59:31,910 INFO o.a.j.t.JMeterThread: Thread finished: Thread Group 1-126
2021-05-05 19:59:31,911 INFO o.a.j.t.JMeterThread: Thread finished: Thread Group 1-131
2021-05-05 19:59:31,911 INFO o.a.j.t.JMeterThread: Thread started: Thread Group 1-134
2021-05-05 19:59:31,911 INFO o.a.j.t.JMeterThread: Thread finished: Thread Group 1-134
2021-05-05 19:59:31,909 INFO o.a.j.t.JMeterThread: Thread started: Thread Group 1-123
2021-05-05 19:59:31,911 INFO o.a.j.t.JMeterThread: Thread finished: Thread Group 1-123
2021-05-05 19:59:31,911 INFO o.a.j.t.JMeterThread: Thread started: Thread Group 1-133
2021-05-05 19:59:31,911 INFO o.a.j.t.JMeterThread: Thread finished: Thread Group 1-133
2021-05-05 19:59:31,911 INFO o.a.j.t.JMeterThread: Thread started: Thread Group 1-132
2021-05-05 19:59:31,912 INFO o.a.j.t.JMeterThread: Thread finished: Thread Group 1-132
2021-05-05 19:59:31,912 INFO o.a.j.t.JMeterThread: Thread finished: Thread Group 1-14
2021-05-05 19:59:31,912 INFO o.a.j.t.JMeterThread: Thread started: Thread Group 1-136
2021-05-05 19:59:31,912 INFO o.a.j.t.JMeterThread: Thread finished: Thread Group 1-136
2021-05-05 19:59:31,913 INFO o.a.j.t.JMeterThread: Thread started: Thread Group 1-135
2021-05-05 19:59:31,913 INFO o.a.j.t.JMeterThread: Thread finished: Thread Group 1-135
2021-05-05 19:59:31,913 INFO o.a.j.t.JMeterThread: Thread finished: Thread Group 1-43
2021-05-05 19:59:31,916 INFO o.a.j.t.JMeterThread: Thread started: Thread Group 1-141
2021-05-05 19:59:31,916 INFO o.a.j.t.JMeterThread: Thread finished: Thread Group 1-141
2021-05-05 19:59:31,916 INFO o.a.j.t.JMeterThread: Thread started: Thread Group 1-139
2021-05-05 19:59:31,916 INFO o.a.j.t.JMeterThread: Thread started: Thread Group 1-146
2021-05-05 19:59:31,916 INFO o.a.j.t.JMeterThread: Thread started: Thread Group 1-152
2021-05-05 19:59:31,916 INFO o.a.j.t.JMeterThread: Thread started: Thread Group 1-137
2021-05-05 19:59:31,916 INFO o.a.j.t.JMeterThread: Thread finished: Thread Group 1-146
2021-05-05 19:59:31,917 INFO o.a.j.t.JMeterThread: Thread started: Thread Group 1-145
2021-05-05 19:59:31,917 INFO o.a.j.t.JMeterThread: Thread finished: Thread Group 1-145
2021-05-05 19:59:31,916 INFO o.a.j.t.JMeterThread: Thread started: Thread Group 1-149
2021-05-05 19:59:31,917 INFO o.a.j.t.JMeterThread: Thread started: Thread Group 1-144
2021-05-05 19:59:31,917 INFO o.a.j.t.JMeterThread: Thread finished: Thread Group 1-149
2021-05-05 19:59:31,917 INFO o.a.j.t.JMeterThread: Thread started: Thread Group 1-142
2021-05-05 19:59:31,917 INFO o.a.j.t.JMeterThread: Thread finished: Thread Group 1-142
2021-05-05 19:59:31,917 INFO o.a.j.t.JMeterThread: Thread started: Thread Group 1-153
2021-05-05 19:59:31,917 INFO o.a.j.t.JMeterThread: Thread finished: Thread Group 1-153
2021-05-05 19:59:31,917 INFO o.a.j.t.JMeterThread: Thread started: Thread Group 1-143
2021-05-05 19:59:31,917 INFO o.a.j.t.JMeterThread: Thread started: Thread Group 1-151
2021-05-05 19:59:31,916 INFO o.a.j.t.JMeterThread: Thread started: Thread Group 1-158
2021-05-05 19:59:31,918 INFO o.a.j.t.JMeterThread: Thread finished: Thread Group 1-143
2021-05-05 19:59:31,918 INFO o.a.j.t.JMeterThread: Thread finished: Thread Group 1-158
2021-05-05 19:59:31,916 INFO o.a.j.t.JMeterThread: Thread finished: Thread Group 1-139
2021-05-05 19:59:31,918 INFO o.a.j.t.JMeterThread: Thread started: Thread Group 1-150
2021-05-05 19:59:31,918 INFO o.a.j.t.JMeterThread: Thread started: Thread Group 1-138
2021-05-05 19:59:31,918 INFO o.a.j.t.JMeterThread: Thread started: Thread Group 1-156
2021-05-05 19:59:31,918 INFO o.a.j.t.JMeterThread: Thread finished: Thread Group 1-138
2021-05-05 19:59:31,918 INFO o.a.j.t.JMeterThread: Thread finished: Thread Group 1-156
2021-05-05 19:59:31,918 INFO o.a.j.t.JMeterThread: Thread started: Thread Group 1-154
2021-05-05 19:59:31,918 INFO o.a.j.t.JMeterThread: Thread started: Thread Group 1-163
2021-05-05 19:59:31,918 INFO o.a.j.t.JMeterThread: Thread started: Thread Group 1-159
2021-05-05 19:59:31,918 INFO o.a.j.t.JMeterThread: Thread finished: Thread Group 1-154
2021-05-05 19:59:31,919 INFO o.a.j.t.JMeterThread: Thread finished: Thread Group 1-159
2021-05-05 19:59:31,919 INFO o.a.j.t.JMeterThread: Thread started: Thread Group 1-161
2021-05-05 19:59:31,919 INFO o.a.j.t.JMeterThread: Thread finished: Thread Group 1-161
2021-05-05 19:59:31,919 INFO o.a.j.t.JMeterThread: Thread finished: Thread Group 1-163
2021-05-05 19:59:31,918 INFO o.a.j.t.JMeterThread: Thread started: Thread Group 1-147
2021-05-05 19:59:31,919 INFO o.a.j.t.JMeterThread: Thread finished: Thread Group 1-152
2021-05-05 19:59:31,918 INFO o.a.j.t.JMeterThread: Thread finished: Thread Group 1-150
2021-05-05 19:59:31,917 INFO o.a.j.t.JMeterThread: Thread started: Thread Group 1-148
2021-05-05 19:59:31,917 INFO o.a.j.t.JMeterThread: Thread finished: Thread Group 1-144
2021-05-05 19:59:31,919 INFO o.a.j.t.JMeterThread: Thread finished: Thread Group 1-151
2021-05-05 19:59:31,919 INFO o.a.j.t.JMeterThread: Thread finished: Thread Group 1-148
2021-05-05 19:59:31,917 INFO o.a.j.t.JMeterThread: Thread finished: Thread Group 1-137
2021-05-05 19:59:31,918 INFO o.a.j.t.JMeterThread: Thread started: Thread Group 1-140
2021-05-05 19:59:31,919 INFO o.a.j.t.JMeterThread: Thread finished: Thread Group 1-147
2021-05-05 19:59:31,919 INFO o.a.j.t.JMeterThread: Thread finished: Thread Group 1-140
2021-05-05 19:59:31,921 INFO o.a.j.t.JMeterThread: Thread started: Thread Group 1-162
2021-05-05 19:59:31,921 INFO o.a.j.t.JMeterThread: Thread finished: Thread Group 1-162
2021-05-05 19:59:31,921 INFO o.a.j.t.JMeterThread: Thread started: Thread Group 1-167
2021-05-05 19:59:31,921 INFO o.a.j.t.JMeterThread: Thread finished: Thread Group 1-167
2021-05-05 19:59:31,921 INFO o.a.j.t.JMeterThread: Thread started: Thread Group 1-174
2021-05-05 19:59:31,921 INFO o.a.j.t.JMeterThread: Thread finished: Thread Group 1-174
2021-05-05 19:59:31,921 INFO o.a.j.t.JMeterThread: Thread started: Thread Group 1-173
2021-05-05 19:59:31,921 INFO o.a.j.t.JMeterThread: Thread started: Thread Group 1-155
2021-05-05 19:59:31,921 INFO o.a.j.t.JMeterThread: Thread started: Thread Group 1-168
2021-05-05 19:59:31,922 INFO o.a.j.t.JMeterThread: Thread finished: Thread Group 1-168
2021-05-05 19:59:31,922 INFO o.a.j.t.JMeterThread: Thread finished: Thread Group 1-155
2021-05-05 19:59:31,921 INFO o.a.j.t.JMeterThread: Thread started: Thread Group 1-171
2021-05-05 19:59:31,922 INFO o.a.j.t.JMeterThread: Thread finished: Thread Group 1-173
2021-05-05 19:59:31,922 INFO o.a.j.t.JMeterThread: Thread finished: Thread Group 1-171
2021-05-05 19:59:31,922 INFO o.a.j.t.JMeterThread: Thread started: Thread Group 1-175
2021-05-05 19:59:31,923 INFO o.a.j.t.JMeterThread: Thread finished: Thread Group 1-175
2021-05-05 19:59:31,923 INFO o.a.j.t.JMeterThread: Thread started: Thread Group 1-186
2021-05-05 19:59:31,923 INFO o.a.j.t.JMeterThread: Thread started: Thread Group 1-179
2021-05-05 19:59:31,924 INFO o.a.j.t.JMeterThread: Thread finished: Thread Group 1-179
2021-05-05 19:59:31,924 INFO o.a.j.t.JMeterThread: Thread finished: Thread Group 1-186
2021-05-05 19:59:31,921 INFO o.a.j.t.JMeterThread: Thread started: Thread Group 1-157
2021-05-05 19:59:31,923 INFO o.a.j.t.JMeterThread: Thread started: Thread Group 1-182
2021-05-05 19:59:31,924 INFO o.a.j.t.JMeterThread: Thread started: Thread Group 1-170
2021-05-05 19:59:31,924 INFO o.a.j.t.JMeterThread: Thread finished: Thread Group 1-182
2021-05-05 19:59:31,924 INFO o.a.j.t.JMeterThread: Thread finished: Thread Group 1-157
2021-05-05 19:59:31,924 INFO o.a.j.t.JMeterThread: Thread finished: Thread Group 1-170
2021-05-05 19:59:31,924 INFO o.a.j.t.JMeterThread: Thread started: Thread Group 1-178
2021-05-05 19:59:31,924 INFO o.a.j.t.JMeterThread: Thread started: Thread Group 1-200
2021-05-05 19:59:31,924 INFO o.a.j.t.JMeterThread: Thread started: Thread Group 1-184
2021-05-05 19:59:31,924 INFO o.a.j.t.JMeterThread: Thread finished: Thread Group 1-178
2021-05-05 19:59:31,924 INFO o.a.j.t.JMeterThread: Thread started: Thread Group 1-190
2021-05-05 19:59:31,924 INFO o.a.j.t.JMeterThread: Thread finished: Thread Group 1-190
2021-05-05 19:59:31,924 INFO o.a.j.t.JMeterThread: Thread started: Thread Group 1-176
2021-05-05 19:59:31,924 INFO o.a.j.t.JMeterThread: Thread started: Thread Group 1-188
2021-05-05 19:59:31,925 INFO o.a.j.t.JMeterThread: Thread finished: Thread Group 1-176
2021-05-05 19:59:31,925 INFO o.a.j.t.JMeterThread: Thread started: Thread Group 1-183
2021-05-05 19:59:31,925 INFO o.a.j.t.JMeterThread: Thread finished: Thread Group 1-188
2021-05-05 19:59:31,925 INFO o.a.j.t.JMeterThread: Thread started: Thread Group 1-180
2021-05-05 19:59:31,924 INFO o.a.j.t.JMeterThread: Thread started: Thread Group 1-193
2021-05-05 19:59:31,924 INFO o.a.j.t.JMeterThread: Thread started: Thread Group 1-198
2021-05-05 19:59:31,925 INFO o.a.j.t.JMeterThread: Thread finished: Thread Group 1-180
2021-05-05 19:59:31,925 INFO o.a.j.t.JMeterThread: Thread finished: Thread Group 1-198
2021-05-05 19:59:31,925 INFO o.a.j.t.JMeterThread: Thread finished: Thread Group 1-193
2021-05-05 19:59:31,925 INFO o.a.j.t.JMeterThread: Thread started: Thread Group 1-192
2021-05-05 19:59:31,925 INFO o.a.j.t.JMeterThread: Thread started: Thread Group 1-191
2021-05-05 19:59:31,925 INFO o.a.j.t.JMeterThread: Thread started: Thread Group 1-189
2021-05-05 19:59:31,926 INFO o.a.j.t.JMeterThread: Thread started: Thread Group 1-187
2021-05-05 19:59:31,923 INFO o.a.j.t.JMeterThread: Thread started: Thread Group 1-169
2021-05-05 19:59:31,921 INFO o.a.j.t.JMeterThread: Thread started: Thread Group 1-164
2021-05-05 19:59:31,927 INFO o.a.j.t.JMeterThread: Thread finished: Thread Group 1-164
2021-05-05 19:59:31,927 INFO o.a.j.t.JMeterThread: Thread finished: Thread Group 1-169
2021-05-05 19:59:31,925 INFO o.a.j.t.JMeterThread: Thread started: Thread Group 1-177
2021-05-05 19:59:31,926 INFO o.a.j.t.JMeterThread: Thread started: Thread Group 1-199
2021-05-05 19:59:31,926 INFO o.a.j.t.JMeterThread: Thread started: Thread Group 1-194
2021-05-05 19:59:31,927 INFO o.a.j.t.JMeterThread: Thread finished: Thread Group 1-199
2021-05-05 19:59:31,927 INFO o.a.j.t.JMeterThread: Thread finished: Thread Group 1-194
2021-05-05 19:59:31,927 INFO o.a.j.t.JMeterThread: Thread finished: Thread Group 1-177
2021-05-05 19:59:31,922 INFO o.a.j.t.JMeterThread: Thread started: Thread Group 1-165
2021-05-05 19:59:31,926 INFO o.a.j.t.JMeterThread: Thread finished: Thread Group 1-187
2021-05-05 19:59:31,927 INFO o.a.j.t.JMeterThread: Thread finished: Thread Group 1-165
2021-05-05 19:59:31,926 INFO o.a.j.t.JMeterThread: Thread finished: Thread Group 1-184
2021-05-05 19:59:31,926 INFO o.a.j.t.JMeterThread: Thread finished: Thread Group 1-200
2021-05-05 19:59:31,925 INFO o.a.j.t.JMeterThread: Thread started: Thread Group 1-197
2021-05-05 19:59:31,925 INFO o.a.j.t.JMeterThread: Thread finished: Thread Group 1-183
2021-05-05 19:59:31,928 INFO o.a.j.t.JMeterThread: Thread finished: Thread Group 1-191
2021-05-05 19:59:31,928 INFO o.a.j.t.JMeterThread: Thread finished: Thread Group 1-197
2021-05-05 19:59:31,924 INFO o.a.j.t.JMeterThread: Thread started: Thread Group 1-196
2021-05-05 19:59:31,928 INFO o.a.j.t.JMeterThread: Thread started: Thread Group 1-185
2021-05-05 19:59:31,928 INFO o.a.j.t.JMeterThread: Thread finished: Thread Group 1-196
2021-05-05 19:59:31,928 INFO o.a.j.t.JMeterThread: Thread finished: Thread Group 1-189
2021-05-05 19:59:31,928 INFO o.a.j.t.JMeterThread: Thread started: Thread Group 1-195
2021-05-05 19:59:31,926 INFO o.a.j.t.JMeterThread: Thread finished: Thread Group 1-192
2021-05-05 19:59:31,928 INFO o.a.j.t.JMeterThread: Thread finished: Thread Group 1-195
2021-05-05 19:59:31,928 INFO o.a.j.t.JMeterThread: Thread finished: Thread Group 1-185
2021-05-05 19:59:31,923 INFO o.a.j.t.JMeterThread: Thread started: Thread Group 1-160
2021-05-05 19:59:31,923 INFO o.a.j.t.JMeterThread: Thread started: Thread Group 1-181
2021-05-05 19:59:31,922 INFO o.a.j.t.JMeterThread: Thread started: Thread Group 1-166
2021-05-05 19:59:31,930 INFO o.a.j.t.JMeterThread: Thread finished: Thread Group 1-160
2021-05-05 19:59:31,930 INFO o.a.j.t.JMeterThread: Thread finished: Thread Group 1-181
2021-05-05 19:59:31,922 INFO o.a.j.t.JMeterThread: Thread started: Thread Group 1-172
2021-05-05 19:59:31,930 INFO o.a.j.t.JMeterThread: Thread finished: Thread Group 1-166
2021-05-05 19:59:31,930 INFO o.a.j.t.JMeterThread: Thread finished: Thread Group 1-172
2021-05-05 19:59:31,936 INFO o.a.j.t.JMeterThread: Thread finished: Thread Group 1-25
2021-05-05 19:59:31,939 INFO o.a.j.t.JMeterThread: Thread finished: Thread Group 1-37
2021-05-05 19:59:31,979 INFO o.a.j.t.JMeterThread: Thread finished: Thread Group 1-41
2021-05-05 19:59:31,985 INFO o.a.j.t.JMeterThread: Shutdown Test detected by thread: Thread Group 1-23
2021-05-05 19:59:31,985 INFO o.a.j.t.JMeterThread: Thread finished: Thread Group 1-23
2021-05-05 19:59:32,005 INFO o.a.j.t.JMeterThread: Thread finished: Thread Group 1-4
2021-05-05 19:59:32,006 INFO o.a.j.t.JMeterThread: Thread finished: Thread Group 1-39
2021-05-05 19:59:32,029 INFO o.a.j.t.JMeterThread: Thread finished: Thread Group 1-28
2021-05-05 19:59:32,053 INFO o.a.j.t.JMeterThread: Thread finished: Thread Group 1-32
2021-05-05 19:59:32,126 INFO o.a.j.t.JMeterThread: Thread finished: Thread Group 1-8
2021-05-05 19:59:32,159 INFO o.a.j.t.JMeterThread: Thread finished: Thread Group 1-7
2021-05-05 19:59:32,231 INFO o.a.j.t.JMeterThread: Thread finished: Thread Group 1-22
2021-05-05 19:59:32,236 INFO o.a.j.t.JMeterThread: Thread finished: Thread Group 1-34
2021-05-05 19:59:32,287 INFO o.a.j.t.JMeterThread: Thread finished: Thread Group 1-27
2021-05-05 19:59:32,349 INFO o.a.j.t.JMeterThread: Thread finished: Thread Group 1-10
2021-05-05 19:59:32,386 INFO o.a.j.t.JMeterThread: Thread finished: Thread Group 1-36
2021-05-05 19:59:32,428 INFO o.a.j.t.JMeterThread: Thread finished: Thread Group 1-19
2021-05-05 19:59:32,442 INFO o.a.j.t.JMeterThread: Thread finished: Thread Group 1-42
2021-05-05 19:59:32,461 INFO o.a.j.t.JMeterThread: Thread finished: Thread Group 1-38
2021-05-05 19:59:32,489 INFO o.a.j.t.JMeterThread: Thread finished: Thread Group 1-40
2021-05-05 19:59:32,523 INFO o.a.j.t.JMeterThread: Thread finished: Thread Group 1-3
2021-05-05 19:59:32,573 INFO o.a.j.t.JMeterThread: Thread finished: Thread Group 1-13
2021-05-05 19:59:32,644 INFO o.a.j.t.JMeterThread: Thread finished: Thread Group 1-16
2021-05-05 19:59:32,668 INFO o.a.j.t.JMeterThread: Thread finished: Thread Group 1-29
2021-05-05 19:59:32,739 INFO o.a.j.t.JMeterThread: Thread finished: Thread Group 1-24
2021-05-05 19:59:32,820 INFO o.a.j.t.JMeterThread: Thread finished: Thread Group 1-6
2021-05-05 19:59:32,909 INFO o.a.j.t.JMeterThread: Thread finished: Thread Group 1-31
2021-05-05 19:59:32,980 INFO o.a.j.t.JMeterThread: Thread finished: Thread Group 1-21
2021-05-05 19:59:32,990 INFO o.a.j.t.JMeterThread: Thread finished: Thread Group 1-9
2021-05-05 19:59:32,991 INFO o.a.j.e.StandardJMeterEngine: Notifying test listeners of end of test
2021-05-05 19:59:32,992 INFO o.a.j.r.Summariser: summary +     43 in 00:00:03 =   14.8/s Avg:   538 Min:   527 Max:   571 Err:     2 (4.65%) Active: 0 Started: 200 Finished: 200
2021-05-05 19:59:32,993 INFO o.a.j.r.Summariser: summary =   1449 in 00:02:09 =   11.2/s Avg:   408 Min:   240 Max:   571 Err:     2 (0.14%)
2021-05-05 19:59:32,993 INFO o.a.j.JMeter: Generating Dashboard
2021-05-05 19:59:32,994 INFO o.a.j.r.d.ReportGenerator: Flushing result collector before report Generation
2021-05-05 19:59:33,014 INFO o.a.j.r.p.NormalizerSampleConsumer: Using format, 'ms', to parse timeStamp field
2021-05-05 19:59:33,207 INFO o.a.j.r.p.AbstractSampleConsumer: class org.apache.jmeter.report.processor.AggregateConsumer#stopProducing(): beginDate produced 0 samples
2021-05-05 19:59:33,207 INFO o.a.j.r.p.AbstractSampleConsumer: class org.apache.jmeter.report.processor.AggregateConsumer#stopProducing(): endDate produced 0 samples
2021-05-05 19:59:33,209 INFO o.a.j.r.p.AbstractSampleConsumer: class org.apache.jmeter.report.processor.ApdexSummaryConsumer#stopProducing(): apdexSummary produced 0 samples
2021-05-05 19:59:33,209 INFO o.a.j.r.p.AbstractSampleConsumer: class org.apache.jmeter.report.processor.RequestsSummaryConsumer#stopProducing(): requestsSummary produced 0 samples
2021-05-05 19:59:33,214 INFO o.a.j.r.p.AbstractSampleConsumer: class org.apache.jmeter.report.processor.StatisticsSummaryConsumer#stopProducing(): statisticsSummary produced 0 samples
2021-05-05 19:59:33,218 INFO o.a.j.r.p.AbstractSampleConsumer: class org.apache.jmeter.report.processor.Top5ErrorsBySamplerConsumer#stopProducing(): top5ErrorsBySampler produced 0 samples
2021-05-05 19:59:33,218 INFO o.a.j.r.p.AbstractSampleConsumer: class org.apache.jmeter.report.processor.ErrorsSummaryConsumer#stopProducing(): errorsSummary produced 0 samples
2021-05-05 19:59:33,218 INFO o.a.j.r.p.AbstractSampleConsumer: class org.apache.jmeter.report.processor.graph.impl.HitsPerSecondGraphConsumer#stopProducing(): hitsPerSecond produced 0 samples
2021-05-05 19:59:33,251 INFO o.a.j.r.p.AbstractSampleConsumer: class org.apache.jmeter.report.processor.graph.impl.LatencyVSRequestGraphConsumer#stopProducing(): latencyVsRequest produced 0 samples
2021-05-05 19:59:33,252 INFO o.a.j.r.p.AbstractSampleConsumer: class org.apache.jmeter.report.processor.graph.impl.SyntheticResponseTimeDistributionGraphConsumer#stopProducing(): syntheticResponseTimeDistribution produced 0 samples
2021-05-05 19:59:33,252 INFO o.a.j.r.p.AbstractSampleConsumer: class org.apache.jmeter.report.processor.graph.impl.BytesThroughputGraphConsumer#stopProducing(): bytesThroughputOverTime produced 0 samples
2021-05-05 19:59:33,253 INFO o.a.j.r.p.AbstractSampleConsumer: class org.apache.jmeter.report.processor.graph.impl.CodesPerSecondGraphConsumer#stopProducing(): codesPerSecond produced 0 samples
2021-05-05 19:59:33,268 INFO o.a.j.r.p.AbstractSampleConsumer: class org.apache.jmeter.report.processor.graph.impl.ResponseTimeVSRequestGraphConsumer#stopProducing(): responseTimeVsRequest produced 0 samples
2021-05-05 19:59:33,269 INFO o.a.j.r.p.AbstractSampleConsumer: class org.apache.jmeter.report.processor.FilterConsumer#stopProducing(): startIntervalControlerFilter produced 10143 samples
2021-05-05 19:59:33,269 INFO o.a.j.r.p.AbstractSampleConsumer: class org.apache.jmeter.report.processor.graph.impl.TotalTPSGraphConsumer#stopProducing(): totalTPS produced 0 samples
2021-05-05 19:59:33,269 INFO o.a.j.r.p.AbstractSampleConsumer: class org.apache.jmeter.report.processor.graph.impl.ActiveThreadsGraphConsumer#stopProducing(): activeThreadsOverTime produced 0 samples
2021-05-05 19:59:33,269 INFO o.a.j.r.p.AbstractSampleConsumer: class org.apache.jmeter.report.processor.graph.impl.TimeVSThreadGraphConsumer#stopProducing(): timeVsThreads produced 0 samples
2021-05-05 19:59:33,270 INFO o.a.j.r.p.AbstractSampleConsumer: class org.apache.jmeter.report.processor.graph.impl.ResponseTimeDistributionGraphConsumer#stopProducing(): responseTimeDistribution produced 0 samples
2021-05-05 19:59:33,270 INFO o.a.j.r.p.AbstractSampleConsumer: class org.apache.jmeter.report.processor.graph.impl.TransactionsPerSecondGraphConsumer#stopProducing(): transactionsPerSecond produced 0 samples
2021-05-05 19:59:33,270 INFO o.a.j.r.p.AbstractSampleConsumer: class org.apache.jmeter.report.processor.graph.impl.ResponseTimePercentilesGraphConsumer#stopProducing(): responseTimePercentiles produced 0 samples
2021-05-05 19:59:33,272 INFO o.a.j.r.p.AbstractSampleConsumer: class org.apache.jmeter.report.processor.graph.impl.ResponseTimePercentilesOverTimeGraphConsumer#stopProducing(): responseTimePercentilesOverTime produced 0 samples
2021-05-05 19:59:33,278 INFO o.a.j.r.p.AbstractSampleConsumer: class org.apache.jmeter.report.processor.graph.impl.ResponseTimeOverTimeGraphConsumer#stopProducing(): responseTimesOverTime produced 0 samples
2021-05-05 19:59:33,278 INFO o.a.j.r.p.AbstractSampleConsumer: class org.apache.jmeter.report.processor.graph.impl.ConnectTimeOverTimeGraphConsumer#stopProducing(): connectTimeOverTime produced 0 samples
2021-05-05 19:59:33,279 INFO o.a.j.r.p.AbstractSampleConsumer: class org.apache.jmeter.report.processor.graph.impl.LatencyOverTimeGraphConsumer#stopProducing(): latenciesOverTime produced 0 samples
2021-05-05 19:59:33,279 INFO o.a.j.r.p.AbstractSampleConsumer: class org.apache.jmeter.report.processor.FilterConsumer#stopProducing(): nameFilter produced 21735 samples
2021-05-05 19:59:33,279 INFO o.a.j.r.p.AbstractSampleConsumer: class org.apache.jmeter.report.processor.FilterConsumer#stopProducing(): dateRangeFilter produced 4347 samples
2021-05-05 19:59:33,279 INFO o.a.j.r.p.AbstractSampleConsumer: class org.apache.jmeter.report.processor.NormalizerSampleConsumer#stopProducing(): normalizer produced 1449 samples
2021-05-05 19:59:33,279 INFO o.a.j.r.p.CsvFileSampleSource: produce(): 1449 samples produced in 229ms on channel 0
2021-05-05 19:59:33,280 INFO o.a.j.r.d.ReportGenerator: Exporting data using exporter:'json' of className:'org.apache.jmeter.report.dashboard.JsonExporter'
2021-05-05 19:59:33,361 INFO o.a.j.r.d.JsonExporter: Found data for consumer statisticsSummaryin context
2021-05-05 19:59:33,361 INFO o.a.j.r.d.JsonExporter: Creating statistics for overall
2021-05-05 19:59:33,362 INFO o.a.j.r.d.JsonExporter: Creating statistics for other transactions
2021-05-05 19:59:33,362 INFO o.a.j.r.d.JsonExporter: Checking output folder
2021-05-05 19:59:33,362 INFO o.a.j.r.d.JsonExporter: Writing statistics JSON to /hdd/homework/testing/lab4/load3/out/statistics.json
2021-05-05 19:59:33,393 INFO o.a.j.r.d.ReportGenerator: Exporting data using exporter:'html' of className:'org.apache.jmeter.report.dashboard.HtmlTemplateExporter'
2021-05-05 19:59:33,395 INFO o.a.j.r.d.HtmlTemplateExporter: Will generate dashboard in folder: /hdd/homework/testing/lab4/load3/out
2021-05-05 19:59:33,486 INFO o.a.j.r.d.HtmlTemplateExporter: Report will be generated in: /hdd/homework/testing/lab4/load3/out, creating folder structure
2021-05-05 19:59:33,489 INFO o.a.j.r.d.TemplateVisitor: Copying folder from '/hdd/homework/testing/apache-jmeter-5.4.1/bin/report-template' to '/hdd/homework/testing/lab4/load3/out', got message: /hdd/homework/testing/lab4/load3/out, found non empty folder with following content [/hdd/homework/testing/lab4/load3/out/statistics.json], will be ignored
2021-05-05 19:59:33,709 INFO o.a.j.JMeter: Dashboard generated
