2021-05-05 20:24:26,758 INFO o.a.j.u.JMeterUtils: Setting Locale to en_EN
2021-05-05 20:24:26,778 INFO o.a.j.JMeter: Loading user properties from: /hdd/homework/testing/apache-jmeter-5.4.1/bin/user.properties
2021-05-05 20:24:26,778 INFO o.a.j.JMeter: Loading system properties from: /hdd/homework/testing/apache-jmeter-5.4.1/bin/system.properties
2021-05-05 20:24:26,778 INFO o.a.j.JMeter: Loading additional properties from: ../jmeter.properties
2021-05-05 20:24:26,783 INFO o.a.j.JMeter: Copyright (c) 1998-2021 The Apache Software Foundation
2021-05-05 20:24:26,783 INFO o.a.j.JMeter: Version 5.4.1
2021-05-05 20:24:26,783 INFO o.a.j.JMeter: java.version=15.0.2
2021-05-05 20:24:26,784 INFO o.a.j.JMeter: java.vm.name=OpenJDK 64-Bit Server VM
2021-05-05 20:24:26,784 INFO o.a.j.JMeter: os.name=Linux
2021-05-05 20:24:26,784 INFO o.a.j.JMeter: os.arch=amd64
2021-05-05 20:24:26,784 INFO o.a.j.JMeter: os.version=5.4.114-1-MANJARO
2021-05-05 20:24:26,784 INFO o.a.j.JMeter: file.encoding=UTF-8
2021-05-05 20:24:26,784 INFO o.a.j.JMeter: java.awt.headless=true
2021-05-05 20:24:26,784 INFO o.a.j.JMeter: Max memory     =1073741824
2021-05-05 20:24:26,784 INFO o.a.j.JMeter: Available Processors =8
2021-05-05 20:24:26,792 INFO o.a.j.JMeter: Default Locale=English (EN)
2021-05-05 20:24:26,793 INFO o.a.j.JMeter: JMeter  Locale=English (EN)
2021-05-05 20:24:26,793 INFO o.a.j.JMeter: JMeterHome=/hdd/homework/testing/apache-jmeter-5.4.1
2021-05-05 20:24:26,793 INFO o.a.j.JMeter: user.dir  =/hdd/homework/testing/lab4/stress3
2021-05-05 20:24:26,793 INFO o.a.j.JMeter: PWD       =/hdd/homework/testing/lab4/stress3
2021-05-05 20:24:26,793 INFO o.a.j.JMeter: IP: 127.0.1.1 Name: asurkis-manjaro FullName: asurkis-manjaro
2021-05-05 20:24:26,798 INFO o.a.j.JMeter: Setting property 'jmeter.reportgenerator.outputdir' to:'/hdd/homework/testing/lab4/stress3/out'
2021-05-05 20:24:26,800 INFO o.a.j.s.FileServer: Default base='/hdd/homework/testing/lab4/stress3'
2021-05-05 20:24:26,800 INFO o.a.j.s.FileServer: Set new base='/hdd/homework/testing/lab4/stress3'
2021-05-05 20:24:26,934 INFO o.a.j.s.SaveService: Testplan (JMX) version: 2.2. Testlog (JTL) version: 2.2
2021-05-05 20:24:26,953 INFO o.a.j.s.SaveService: Using SaveService properties version 5.0
2021-05-05 20:24:26,955 INFO o.a.j.s.SaveService: Using SaveService properties file encoding UTF-8
2021-05-05 20:24:26,957 INFO o.a.j.s.SaveService: Loading file: test.jmx
2021-05-05 20:24:26,992 INFO o.a.j.p.h.s.HTTPSamplerBase: Parser for text/html is org.apache.jmeter.protocol.http.parser.LagartoBasedHtmlParser
2021-05-05 20:24:26,992 INFO o.a.j.p.h.s.HTTPSamplerBase: Parser for application/xhtml+xml is org.apache.jmeter.protocol.http.parser.LagartoBasedHtmlParser
2021-05-05 20:24:26,992 INFO o.a.j.p.h.s.HTTPSamplerBase: Parser for application/xml is org.apache.jmeter.protocol.http.parser.LagartoBasedHtmlParser
2021-05-05 20:24:26,992 INFO o.a.j.p.h.s.HTTPSamplerBase: Parser for text/xml is org.apache.jmeter.protocol.http.parser.LagartoBasedHtmlParser
2021-05-05 20:24:26,992 INFO o.a.j.p.h.s.HTTPSamplerBase: Parser for text/vnd.wap.wml is org.apache.jmeter.protocol.http.parser.RegexpHTMLParser
2021-05-05 20:24:26,992 INFO o.a.j.p.h.s.HTTPSamplerBase: Parser for text/css is org.apache.jmeter.protocol.http.parser.CssParser
2021-05-05 20:24:27,003 INFO o.a.j.JMeter: Creating summariser <summary>
2021-05-05 20:24:27,011 INFO o.a.j.r.d.ReportGenerator: ReportGenerator will use for Parsing the separator: ','
2021-05-05 20:24:27,011 INFO o.a.j.r.d.ReportGenerator: Will generate report at end of test from  results file: samples.csv
2021-05-05 20:24:27,011 INFO o.a.j.r.d.ReportGenerator: Reading report generator properties from: /hdd/homework/testing/apache-jmeter-5.4.1/bin/reportgenerator.properties
2021-05-05 20:24:27,013 INFO o.a.j.r.d.ReportGenerator: Merging with JMeter properties
2021-05-05 20:24:27,017 INFO o.a.j.r.c.ReportGeneratorConfiguration: Property 'jmeter.reportgenerator.temp_dir' not found, using default value 'temp' instead.
2021-05-05 20:24:27,020 INFO o.a.j.r.c.ReportGeneratorConfiguration: Property 'jmeter.reportgenerator.apdex_per_transaction' not found, using default value 'null' instead.
2021-05-05 20:24:27,020 INFO o.a.j.r.c.ReportGeneratorConfiguration: apdex_per_transaction is empty, not APDEX per transaction customization
2021-05-05 20:24:27,020 INFO o.a.j.r.c.ReportGeneratorConfiguration: Property 'jmeter.reportgenerator.sample_filter' not found, using default value 'null' instead.
2021-05-05 20:24:27,020 INFO o.a.j.r.c.ReportGeneratorConfiguration: Property 'jmeter.reportgenerator.report_title' not found, using default value 'null' instead.
2021-05-05 20:24:27,020 INFO o.a.j.r.c.ReportGeneratorConfiguration: Property 'jmeter.reportgenerator.start_date' not found, using default value 'null' instead.
2021-05-05 20:24:27,021 INFO o.a.j.r.c.ReportGeneratorConfiguration: Property 'jmeter.reportgenerator.end_date' not found, using default value 'null' instead.
2021-05-05 20:24:27,021 INFO o.a.j.r.c.ReportGeneratorConfiguration: Property 'jmeter.reportgenerator.date_format' not found, using default value 'null' instead.
2021-05-05 20:24:27,021 INFO o.a.j.r.c.ReportGeneratorConfiguration: Will use date range start date: null, end date: null
2021-05-05 20:24:27,025 INFO o.a.j.r.c.ReportGeneratorConfiguration: Property 'jmeter.reportgenerator.graph.totalTPS.exclude_controllers' not found, using default value 'false' instead.
2021-05-05 20:24:27,025 INFO o.a.j.r.c.ReportGeneratorConfiguration: Property 'jmeter.reportgenerator.graph.activeThreadsOverTime.exclude_controllers' not found, using default value 'false' instead.
2021-05-05 20:24:27,025 INFO o.a.j.r.c.ReportGeneratorConfiguration: Property 'jmeter.reportgenerator.graph.timeVsThreads.exclude_controllers' not found, using default value 'false' instead.
2021-05-05 20:24:27,025 INFO o.a.j.r.c.ReportGeneratorConfiguration: Property 'jmeter.reportgenerator.graph.responseTimeDistribution.exclude_controllers' not found, using default value 'false' instead.
2021-05-05 20:24:27,026 INFO o.a.j.r.c.ReportGeneratorConfiguration: Property 'jmeter.reportgenerator.graph.transactionsPerSecond.exclude_controllers' not found, using default value 'false' instead.
2021-05-05 20:24:27,026 INFO o.a.j.r.c.ReportGeneratorConfiguration: Property 'jmeter.reportgenerator.graph.responseTimePercentiles.exclude_controllers' not found, using default value 'false' instead.
2021-05-05 20:24:27,026 INFO o.a.j.r.c.ReportGeneratorConfiguration: Property 'jmeter.reportgenerator.graph.responseTimePercentilesOverTime.exclude_controllers' not found, using default value 'false' instead.
2021-05-05 20:24:27,026 INFO o.a.j.r.c.ReportGeneratorConfiguration: Property 'jmeter.reportgenerator.graph.responseTimesOverTime.exclude_controllers' not found, using default value 'false' instead.
2021-05-05 20:24:27,026 INFO o.a.j.r.c.ReportGeneratorConfiguration: Property 'jmeter.reportgenerator.graph.connectTimeOverTime.exclude_controllers' not found, using default value 'false' instead.
2021-05-05 20:24:27,027 INFO o.a.j.r.c.ReportGeneratorConfiguration: Property 'jmeter.reportgenerator.graph.latenciesOverTime.exclude_controllers' not found, using default value 'false' instead.
2021-05-05 20:24:27,027 INFO o.a.j.r.c.ReportGeneratorConfiguration: Property 'jmeter.reportgenerator.exporter.json.filters_only_sample_series' not found, using default value 'true' instead.
2021-05-05 20:24:27,027 INFO o.a.j.r.c.ReportGeneratorConfiguration: Property 'jmeter.reportgenerator.exporter.json.series_filter' not found, using default value '' instead.
2021-05-05 20:24:27,028 INFO o.a.j.r.c.ReportGeneratorConfiguration: Property 'jmeter.reportgenerator.exporter.json.show_controllers_only' not found, using default value 'false' instead.
2021-05-05 20:24:27,028 INFO o.a.j.r.c.ReportGeneratorConfiguration: Property 'jmeter.reportgenerator.exporter.html.filters_only_sample_series' not found, using default value 'true' instead.
2021-05-05 20:24:27,028 INFO o.a.j.r.c.ReportGeneratorConfiguration: Property 'jmeter.reportgenerator.exporter.html.series_filter' not found, using default value '' instead.
2021-05-05 20:24:27,028 INFO o.a.j.r.c.ReportGeneratorConfiguration: Property 'jmeter.reportgenerator.exporter.html.show_controllers_only' not found, using default value 'false' instead.
2021-05-05 20:24:27,031 INFO o.a.j.e.StandardJMeterEngine: Running the test!
2021-05-05 20:24:27,032 INFO o.a.j.s.SampleEvent: List of sample_variables: []
2021-05-05 20:24:27,032 INFO o.a.j.s.SampleEvent: List of sample_variables: []
2021-05-05 20:24:27,036 INFO o.a.j.e.u.CompoundVariable: Note: Function class names must contain the string: '.functions.'
2021-05-05 20:24:27,036 INFO o.a.j.e.u.CompoundVariable: Note: Function class names must not contain the string: '.gui.'
2021-05-05 20:24:27,080 INFO o.a.j.JMeter: Running test (1620235467080)
2021-05-05 20:24:27,091 INFO o.a.j.e.StandardJMeterEngine: Starting ThreadGroup: 1 : Thread Group
2021-05-05 20:24:27,091 INFO o.a.j.e.StandardJMeterEngine: Starting 300 threads for group Thread Group.
2021-05-05 20:24:27,091 INFO o.a.j.e.StandardJMeterEngine: Test will stop on error
2021-05-05 20:24:27,091 INFO o.a.j.t.ThreadGroup: Starting thread group... number=1 threads=300 ramp-up=900 delayedStart=false
2021-05-05 20:24:27,098 INFO o.a.j.t.JMeterThread: Thread started: Thread Group 1-1
2021-05-05 20:24:27,213 INFO o.a.j.t.ThreadGroup: Started thread group number 1
2021-05-05 20:24:27,213 INFO o.a.j.e.StandardJMeterEngine: All thread groups have been started
2021-05-05 20:24:28,613 INFO o.a.j.p.h.s.HTTPHCAbstractImpl: Local host = asurkis-manjaro
2021-05-05 20:24:28,618 INFO o.a.j.p.h.s.HTTPHC4Impl: HTTP request retry count = 0
2021-05-05 20:24:28,619 INFO o.a.j.s.SampleResult: Note: Sample TimeStamps are START times
2021-05-05 20:24:28,619 INFO o.a.j.s.SampleResult: sampleresult.default.encoding is set to ISO-8859-1
2021-05-05 20:24:28,620 INFO o.a.j.s.SampleResult: sampleresult.useNanoTime=true
2021-05-05 20:24:28,620 INFO o.a.j.s.SampleResult: sampleresult.nanoThreadSleep=5000
2021-05-05 20:24:30,094 INFO o.a.j.t.JMeterThread: Thread started: Thread Group 1-2
2021-05-05 20:24:30,749 INFO o.a.j.r.Summariser: summary +      2 in 00:00:04 =    0.5/s Avg:   276 Min:   243 Max:   310 Err:     0 (0.00%) Active: 2 Started: 2 Finished: 0
2021-05-05 20:24:33,095 INFO o.a.j.t.JMeterThread: Thread started: Thread Group 1-3
2021-05-05 20:24:36,093 INFO o.a.j.t.JMeterThread: Thread started: Thread Group 1-4
2021-05-05 20:24:39,093 INFO o.a.j.t.JMeterThread: Thread started: Thread Group 1-5
2021-05-05 20:24:42,094 INFO o.a.j.t.JMeterThread: Thread started: Thread Group 1-6
2021-05-05 20:24:45,093 INFO o.a.j.t.JMeterThread: Thread started: Thread Group 1-7
2021-05-05 20:24:48,093 INFO o.a.j.t.JMeterThread: Thread started: Thread Group 1-8
2021-05-05 20:24:51,093 INFO o.a.j.t.JMeterThread: Thread started: Thread Group 1-9
2021-05-05 20:24:54,092 INFO o.a.j.t.JMeterThread: Thread started: Thread Group 1-10
2021-05-05 20:24:57,091 INFO o.a.j.t.JMeterThread: Thread started: Thread Group 1-11
2021-05-05 20:25:00,028 INFO o.a.j.r.Summariser: summary +    104 in 00:00:29 =    3.6/s Avg:   271 Min:   243 Max:   325 Err:     0 (0.00%) Active: 11 Started: 11 Finished: 0
2021-05-05 20:25:00,028 INFO o.a.j.r.Summariser: summary =    106 in 00:00:33 =    3.2/s Avg:   271 Min:   243 Max:   325 Err:     0 (0.00%)
2021-05-05 20:25:00,092 INFO o.a.j.t.JMeterThread: Thread started: Thread Group 1-12
2021-05-05 20:25:03,091 INFO o.a.j.t.JMeterThread: Thread started: Thread Group 1-13
2021-05-05 20:25:06,092 INFO o.a.j.t.JMeterThread: Thread started: Thread Group 1-14
2021-05-05 20:25:09,092 INFO o.a.j.t.JMeterThread: Thread started: Thread Group 1-15
2021-05-05 20:25:12,092 INFO o.a.j.t.JMeterThread: Thread started: Thread Group 1-16
2021-05-05 20:25:15,092 INFO o.a.j.t.JMeterThread: Thread started: Thread Group 1-17
2021-05-05 20:25:18,091 INFO o.a.j.t.JMeterThread: Thread started: Thread Group 1-18
2021-05-05 20:25:21,095 INFO o.a.j.t.JMeterThread: Thread started: Thread Group 1-19
2021-05-05 20:25:24,091 INFO o.a.j.t.JMeterThread: Thread started: Thread Group 1-20
2021-05-05 20:25:27,092 INFO o.a.j.t.JMeterThread: Thread started: Thread Group 1-21
2021-05-05 20:25:30,092 INFO o.a.j.t.JMeterThread: Thread started: Thread Group 1-22
2021-05-05 20:25:30,192 INFO o.a.j.r.Summariser: summary +    268 in 00:00:30 =    8.9/s Avg:   319 Min:   284 Max:   388 Err:     0 (0.00%) Active: 22 Started: 22 Finished: 0
2021-05-05 20:25:30,192 INFO o.a.j.r.Summariser: summary =    374 in 00:01:03 =    5.9/s Avg:   305 Min:   243 Max:   388 Err:     0 (0.00%)
2021-05-05 20:25:33,091 INFO o.a.j.t.JMeterThread: Thread started: Thread Group 1-23
2021-05-05 20:25:36,091 INFO o.a.j.t.JMeterThread: Thread started: Thread Group 1-24
2021-05-05 20:25:39,092 INFO o.a.j.t.JMeterThread: Thread started: Thread Group 1-25
2021-05-05 20:25:42,092 INFO o.a.j.t.JMeterThread: Thread started: Thread Group 1-26
2021-05-05 20:25:45,091 INFO o.a.j.t.JMeterThread: Thread started: Thread Group 1-27
2021-05-05 20:25:48,092 INFO o.a.j.t.JMeterThread: Thread started: Thread Group 1-28
2021-05-05 20:25:51,091 INFO o.a.j.t.JMeterThread: Thread started: Thread Group 1-29
2021-05-05 20:25:54,093 INFO o.a.j.t.JMeterThread: Thread started: Thread Group 1-30
2021-05-05 20:25:57,094 INFO o.a.j.t.JMeterThread: Thread started: Thread Group 1-31
2021-05-05 20:26:00,023 INFO o.a.j.r.Summariser: summary +    411 in 00:00:30 =   13.8/s Avg:   391 Min:   345 Max:   605 Err:     0 (0.00%) Active: 31 Started: 31 Finished: 0
2021-05-05 20:26:00,024 INFO o.a.j.r.Summariser: summary =    785 in 00:01:33 =    8.4/s Avg:   350 Min:   243 Max:   605 Err:     0 (0.00%)
2021-05-05 20:26:00,091 INFO o.a.j.t.JMeterThread: Thread started: Thread Group 1-32
2021-05-05 20:26:03,093 INFO o.a.j.t.JMeterThread: Thread started: Thread Group 1-33
2021-05-05 20:26:06,091 INFO o.a.j.t.JMeterThread: Thread started: Thread Group 1-34
2021-05-05 20:26:09,091 INFO o.a.j.t.JMeterThread: Thread started: Thread Group 1-35
2021-05-05 20:26:12,091 INFO o.a.j.t.JMeterThread: Thread started: Thread Group 1-36
2021-05-05 20:26:15,092 INFO o.a.j.t.JMeterThread: Thread started: Thread Group 1-37
2021-05-05 20:26:18,091 INFO o.a.j.t.JMeterThread: Thread started: Thread Group 1-38
2021-05-05 20:26:21,094 INFO o.a.j.t.JMeterThread: Thread started: Thread Group 1-39
2021-05-05 20:26:24,091 INFO o.a.j.t.JMeterThread: Thread started: Thread Group 1-40
2021-05-05 20:26:27,092 INFO o.a.j.t.JMeterThread: Thread started: Thread Group 1-41
2021-05-05 20:26:30,052 INFO o.a.j.r.Summariser: summary +    548 in 00:00:30 =   18.2/s Avg:   477 Min:   424 Max:   646 Err:     0 (0.00%) Active: 41 Started: 41 Finished: 0
2021-05-05 20:26:30,053 INFO o.a.j.r.Summariser: summary =   1333 in 00:02:03 =   10.8/s Avg:   402 Min:   243 Max:   646 Err:     0 (0.00%)
2021-05-05 20:26:30,091 INFO o.a.j.t.JMeterThread: Thread started: Thread Group 1-42
2021-05-05 20:26:33,092 INFO o.a.j.t.JMeterThread: Thread started: Thread Group 1-43
2021-05-05 20:26:36,092 INFO o.a.j.t.JMeterThread: Thread started: Thread Group 1-44
2021-05-05 20:26:39,092 INFO o.a.j.t.JMeterThread: Thread started: Thread Group 1-45
2021-05-05 20:26:42,092 INFO o.a.j.t.JMeterThread: Thread started: Thread Group 1-46
2021-05-05 20:26:45,092 INFO o.a.j.t.JMeterThread: Thread started: Thread Group 1-47
2021-05-05 20:26:48,092 INFO o.a.j.t.JMeterThread: Thread started: Thread Group 1-48
2021-05-05 20:26:51,092 INFO o.a.j.t.JMeterThread: Thread started: Thread Group 1-49
2021-05-05 20:26:54,092 INFO o.a.j.t.JMeterThread: Thread started: Thread Group 1-50
2021-05-05 20:26:57,092 INFO o.a.j.t.JMeterThread: Thread started: Thread Group 1-51
2021-05-05 20:27:00,002 INFO o.a.j.r.Summariser: summary +    665 in 00:00:30 =   22.2/s Avg:   579 Min:   520 Max:   679 Err:     0 (0.00%) Active: 51 Started: 51 Finished: 0
2021-05-05 20:27:00,002 INFO o.a.j.r.Summariser: summary =   1998 in 00:02:33 =   13.1/s Avg:   461 Min:   243 Max:   679 Err:     0 (0.00%)
2021-05-05 20:27:00,092 INFO o.a.j.t.JMeterThread: Thread started: Thread Group 1-52
2021-05-05 20:27:03,092 INFO o.a.j.t.JMeterThread: Thread started: Thread Group 1-53
2021-05-05 20:27:06,091 INFO o.a.j.t.JMeterThread: Thread started: Thread Group 1-54
2021-05-05 20:27:09,091 INFO o.a.j.t.JMeterThread: Thread started: Thread Group 1-55
2021-05-05 20:27:12,092 INFO o.a.j.t.JMeterThread: Thread started: Thread Group 1-56
2021-05-05 20:27:15,093 INFO o.a.j.t.JMeterThread: Thread started: Thread Group 1-57
2021-05-05 20:27:18,091 INFO o.a.j.t.JMeterThread: Thread started: Thread Group 1-58
2021-05-05 20:27:21,091 INFO o.a.j.t.JMeterThread: Thread started: Thread Group 1-59
2021-05-05 20:27:24,091 INFO o.a.j.t.JMeterThread: Thread started: Thread Group 1-60
2021-05-05 20:27:27,091 INFO o.a.j.t.JMeterThread: Thread started: Thread Group 1-61
2021-05-05 20:27:30,018 INFO o.a.j.r.Summariser: summary +    765 in 00:00:30 =   25.5/s Avg:   696 Min:   623 Max:   803 Err:     0 (0.00%) Active: 61 Started: 61 Finished: 0
2021-05-05 20:27:30,019 INFO o.a.j.r.Summariser: summary =   2763 in 00:03:03 =   15.1/s Avg:   526 Min:   243 Max:   803 Err:     0 (0.00%)
2021-05-05 20:27:30,092 INFO o.a.j.t.JMeterThread: Thread started: Thread Group 1-62
2021-05-05 20:27:33,092 INFO o.a.j.t.JMeterThread: Thread started: Thread Group 1-63
2021-05-05 20:27:36,091 INFO o.a.j.t.JMeterThread: Thread started: Thread Group 1-64
2021-05-05 20:27:39,091 INFO o.a.j.t.JMeterThread: Thread started: Thread Group 1-65
2021-05-05 20:27:42,091 INFO o.a.j.t.JMeterThread: Thread started: Thread Group 1-66
2021-05-05 20:27:45,093 INFO o.a.j.t.JMeterThread: Thread started: Thread Group 1-67
2021-05-05 20:27:48,093 INFO o.a.j.t.JMeterThread: Thread started: Thread Group 1-68
2021-05-05 20:27:51,091 INFO o.a.j.t.JMeterThread: Thread started: Thread Group 1-69
2021-05-05 20:27:54,092 INFO o.a.j.t.JMeterThread: Thread started: Thread Group 1-70
2021-05-05 20:27:57,092 INFO o.a.j.t.JMeterThread: Thread started: Thread Group 1-71
2021-05-05 20:28:00,001 INFO o.a.j.r.Summariser: summary +    852 in 00:00:30 =   28.4/s Avg:   821 Min:   749 Max:   920 Err:     0 (0.00%) Active: 71 Started: 71 Finished: 0
2021-05-05 20:28:00,001 INFO o.a.j.r.Summariser: summary =   3615 in 00:03:33 =   17.0/s Avg:   595 Min:   243 Max:   920 Err:     0 (0.00%)
2021-05-05 20:28:00,091 INFO o.a.j.t.JMeterThread: Thread started: Thread Group 1-72
2021-05-05 20:28:03,092 INFO o.a.j.t.JMeterThread: Thread started: Thread Group 1-73
2021-05-05 20:28:06,091 INFO o.a.j.t.JMeterThread: Thread started: Thread Group 1-74
2021-05-05 20:28:09,093 INFO o.a.j.t.JMeterThread: Thread started: Thread Group 1-75
2021-05-05 20:28:12,092 INFO o.a.j.t.JMeterThread: Thread started: Thread Group 1-76
2021-05-05 20:28:15,091 INFO o.a.j.t.JMeterThread: Thread started: Thread Group 1-77
2021-05-05 20:28:18,092 INFO o.a.j.t.JMeterThread: Thread started: Thread Group 1-78
2021-05-05 20:28:21,091 INFO o.a.j.t.JMeterThread: Thread started: Thread Group 1-79
2021-05-05 20:28:24,091 INFO o.a.j.t.JMeterThread: Thread started: Thread Group 1-80
2021-05-05 20:28:27,092 INFO o.a.j.t.JMeterThread: Thread started: Thread Group 1-81
2021-05-05 20:28:30,018 INFO o.a.j.r.Summariser: summary +    928 in 00:00:30 =   30.9/s Avg:   953 Min:   877 Max:  1134 Err:     0 (0.00%) Active: 81 Started: 81 Finished: 0
2021-05-05 20:28:30,019 INFO o.a.j.r.Summariser: summary =   4543 in 00:04:03 =   18.7/s Avg:   668 Min:   243 Max:  1134 Err:     0 (0.00%)
2021-05-05 20:28:30,093 INFO o.a.j.t.JMeterThread: Thread started: Thread Group 1-82
2021-05-05 20:28:33,091 INFO o.a.j.t.JMeterThread: Thread started: Thread Group 1-83
2021-05-05 20:28:36,091 INFO o.a.j.t.JMeterThread: Thread started: Thread Group 1-84
2021-05-05 20:28:39,091 INFO o.a.j.t.JMeterThread: Thread started: Thread Group 1-85
2021-05-05 20:28:42,091 INFO o.a.j.t.JMeterThread: Thread started: Thread Group 1-86
2021-05-05 20:28:45,092 INFO o.a.j.t.JMeterThread: Thread started: Thread Group 1-87
2021-05-05 20:28:48,094 INFO o.a.j.t.JMeterThread: Thread started: Thread Group 1-88
2021-05-05 20:28:51,092 INFO o.a.j.t.JMeterThread: Thread started: Thread Group 1-89
2021-05-05 20:28:54,092 INFO o.a.j.t.JMeterThread: Thread started: Thread Group 1-90
2021-05-05 20:28:57,091 INFO o.a.j.t.JMeterThread: Thread started: Thread Group 1-91
2021-05-05 20:29:00,006 INFO o.a.j.r.Summariser: summary +    995 in 00:00:30 =   33.2/s Avg:  1088 Min:  1008 Max:  1202 Err:     0 (0.00%) Active: 91 Started: 91 Finished: 0
2021-05-05 20:29:00,007 INFO o.a.j.r.Summariser: summary =   5538 in 00:04:33 =   20.3/s Avg:   744 Min:   243 Max:  1202 Err:     0 (0.00%)
2021-05-05 20:29:00,092 INFO o.a.j.t.JMeterThread: Thread started: Thread Group 1-92
2021-05-05 20:29:03,092 INFO o.a.j.t.JMeterThread: Thread started: Thread Group 1-93
2021-05-05 20:29:06,093 INFO o.a.j.t.JMeterThread: Thread started: Thread Group 1-94
2021-05-05 20:29:09,091 INFO o.a.j.t.JMeterThread: Thread started: Thread Group 1-95
2021-05-05 20:29:12,092 INFO o.a.j.t.JMeterThread: Thread started: Thread Group 1-96
2021-05-05 20:29:15,091 INFO o.a.j.t.JMeterThread: Thread started: Thread Group 1-97
2021-05-05 20:29:18,093 INFO o.a.j.t.JMeterThread: Thread started: Thread Group 1-98
2021-05-05 20:29:21,092 INFO o.a.j.t.JMeterThread: Thread started: Thread Group 1-99
2021-05-05 20:29:24,091 INFO o.a.j.t.JMeterThread: Thread started: Thread Group 1-100
2021-05-05 20:29:27,093 INFO o.a.j.t.JMeterThread: Thread started: Thread Group 1-101
2021-05-05 20:29:30,020 INFO o.a.j.r.Summariser: summary +   1055 in 00:00:30 =   35.2/s Avg:  1228 Min:  1149 Max:  1573 Err:     0 (0.00%) Active: 101 Started: 101 Finished: 0
2021-05-05 20:29:30,020 INFO o.a.j.r.Summariser: summary =   6593 in 00:05:03 =   21.8/s Avg:   821 Min:   243 Max:  1573 Err:     0 (0.00%)
2021-05-05 20:29:30,093 INFO o.a.j.t.JMeterThread: Thread started: Thread Group 1-102
2021-05-05 20:29:33,091 INFO o.a.j.t.JMeterThread: Thread started: Thread Group 1-103
2021-05-05 20:29:36,092 INFO o.a.j.t.JMeterThread: Thread started: Thread Group 1-104
2021-05-05 20:29:39,092 INFO o.a.j.t.JMeterThread: Thread started: Thread Group 1-105
2021-05-05 20:29:42,091 INFO o.a.j.t.JMeterThread: Thread started: Thread Group 1-106
2021-05-05 20:29:45,092 INFO o.a.j.t.JMeterThread: Thread started: Thread Group 1-107
2021-05-05 20:29:48,092 INFO o.a.j.t.JMeterThread: Thread started: Thread Group 1-108
2021-05-05 20:29:51,091 INFO o.a.j.t.JMeterThread: Thread started: Thread Group 1-109
2021-05-05 20:29:54,093 INFO o.a.j.t.JMeterThread: Thread started: Thread Group 1-110
2021-05-05 20:29:57,091 INFO o.a.j.t.JMeterThread: Thread started: Thread Group 1-111
2021-05-05 20:30:00,021 INFO o.a.j.r.Summariser: summary +   1105 in 00:00:30 =   36.8/s Avg:  1367 Min:  1218 Max:  1516 Err:     0 (0.00%) Active: 111 Started: 111 Finished: 0
2021-05-05 20:30:00,021 INFO o.a.j.r.Summariser: summary =   7698 in 00:05:33 =   23.1/s Avg:   899 Min:   243 Max:  1573 Err:     0 (0.00%)
2021-05-05 20:30:00,092 INFO o.a.j.t.JMeterThread: Thread started: Thread Group 1-112
2021-05-05 20:30:03,092 INFO o.a.j.t.JMeterThread: Thread started: Thread Group 1-113
2021-05-05 20:30:06,091 INFO o.a.j.t.JMeterThread: Thread started: Thread Group 1-114
2021-05-05 20:30:09,091 INFO o.a.j.t.JMeterThread: Thread started: Thread Group 1-115
2021-05-05 20:30:12,093 INFO o.a.j.t.JMeterThread: Thread started: Thread Group 1-116
2021-05-05 20:30:15,097 INFO o.a.j.t.JMeterThread: Thread started: Thread Group 1-117
2021-05-05 20:30:18,091 INFO o.a.j.t.JMeterThread: Thread started: Thread Group 1-118
2021-05-05 20:30:21,092 INFO o.a.j.t.JMeterThread: Thread started: Thread Group 1-119
2021-05-05 20:30:24,091 INFO o.a.j.t.JMeterThread: Thread started: Thread Group 1-120
2021-05-05 20:30:27,091 INFO o.a.j.t.JMeterThread: Thread started: Thread Group 1-121
2021-05-05 20:30:30,008 INFO o.a.j.r.Summariser: summary +   1153 in 00:00:30 =   38.4/s Avg:  1508 Min:  1411 Max:  1618 Err:     0 (0.00%) Active: 121 Started: 121 Finished: 0
2021-05-05 20:30:30,009 INFO o.a.j.r.Summariser: summary =   8851 in 00:06:03 =   24.4/s Avg:   979 Min:   243 Max:  1618 Err:     0 (0.00%)
2021-05-05 20:30:30,095 INFO o.a.j.t.JMeterThread: Thread started: Thread Group 1-122
2021-05-05 20:30:33,091 INFO o.a.j.t.JMeterThread: Thread started: Thread Group 1-123
2021-05-05 20:30:36,092 INFO o.a.j.t.JMeterThread: Thread started: Thread Group 1-124
2021-05-05 20:30:39,092 INFO o.a.j.t.JMeterThread: Thread started: Thread Group 1-125
2021-05-05 20:30:42,092 INFO o.a.j.t.JMeterThread: Thread started: Thread Group 1-126
2021-05-05 20:30:45,092 INFO o.a.j.t.JMeterThread: Thread started: Thread Group 1-127
2021-05-05 20:30:48,092 INFO o.a.j.t.JMeterThread: Thread started: Thread Group 1-128
2021-05-05 20:30:51,091 INFO o.a.j.t.JMeterThread: Thread started: Thread Group 1-129
2021-05-05 20:30:54,091 INFO o.a.j.t.JMeterThread: Thread started: Thread Group 1-130
2021-05-05 20:30:57,092 INFO o.a.j.t.JMeterThread: Thread started: Thread Group 1-131
2021-05-05 20:31:00,025 INFO o.a.j.r.Summariser: summary +   1196 in 00:00:30 =   39.8/s Avg:  1651 Min:  1548 Max:  1848 Err:     0 (0.00%) Active: 131 Started: 131 Finished: 0
2021-05-05 20:31:00,025 INFO o.a.j.r.Summariser: summary =  10047 in 00:06:33 =   25.6/s Avg:  1059 Min:   243 Max:  1848 Err:     0 (0.00%)
2021-05-05 20:31:00,092 INFO o.a.j.t.JMeterThread: Thread started: Thread Group 1-132
2021-05-05 20:31:03,091 INFO o.a.j.t.JMeterThread: Thread started: Thread Group 1-133
2021-05-05 20:31:06,091 INFO o.a.j.t.JMeterThread: Thread started: Thread Group 1-134
2021-05-05 20:31:09,091 INFO o.a.j.t.JMeterThread: Thread started: Thread Group 1-135
2021-05-05 20:31:12,091 INFO o.a.j.t.JMeterThread: Thread started: Thread Group 1-136
2021-05-05 20:31:15,093 INFO o.a.j.t.JMeterThread: Thread started: Thread Group 1-137
2021-05-05 20:31:18,091 INFO o.a.j.t.JMeterThread: Thread started: Thread Group 1-138
2021-05-05 20:31:21,091 INFO o.a.j.t.JMeterThread: Thread started: Thread Group 1-139
2021-05-05 20:31:24,091 INFO o.a.j.t.JMeterThread: Thread started: Thread Group 1-140
2021-05-05 20:31:27,091 INFO o.a.j.t.JMeterThread: Thread started: Thread Group 1-141
2021-05-05 20:31:30,035 INFO o.a.j.r.Summariser: summary +   1236 in 00:00:30 =   41.2/s Avg:  1792 Min:  1678 Max:  1899 Err:     0 (0.00%) Active: 141 Started: 141 Finished: 0
2021-05-05 20:31:30,035 INFO o.a.j.r.Summariser: summary =  11283 in 00:07:03 =   26.7/s Avg:  1139 Min:   243 Max:  1899 Err:     0 (0.00%)
2021-05-05 20:31:30,092 INFO o.a.j.t.JMeterThread: Thread started: Thread Group 1-142
2021-05-05 20:31:33,092 INFO o.a.j.t.JMeterThread: Thread started: Thread Group 1-143
2021-05-05 20:31:36,092 INFO o.a.j.t.JMeterThread: Thread started: Thread Group 1-144
2021-05-05 20:31:39,092 INFO o.a.j.t.JMeterThread: Thread started: Thread Group 1-145
2021-05-05 20:31:42,091 INFO o.a.j.t.JMeterThread: Thread started: Thread Group 1-146
2021-05-05 20:31:45,092 INFO o.a.j.t.JMeterThread: Thread started: Thread Group 1-147
2021-05-05 20:31:48,091 INFO o.a.j.t.JMeterThread: Thread started: Thread Group 1-148
2021-05-05 20:31:51,091 INFO o.a.j.t.JMeterThread: Thread started: Thread Group 1-149
2021-05-05 20:31:54,096 INFO o.a.j.t.JMeterThread: Thread started: Thread Group 1-150
2021-05-05 20:31:57,091 INFO o.a.j.t.JMeterThread: Thread started: Thread Group 1-151
2021-05-05 20:32:00,008 INFO o.a.j.r.Summariser: summary +   1271 in 00:00:30 =   42.4/s Avg:  1936 Min:  1812 Max:  2186 Err:     0 (0.00%) Active: 151 Started: 151 Finished: 0
2021-05-05 20:32:00,009 INFO o.a.j.r.Summariser: summary =  12554 in 00:07:33 =   27.7/s Avg:  1220 Min:   243 Max:  2186 Err:     0 (0.00%)
2021-05-05 20:32:00,091 INFO o.a.j.t.JMeterThread: Thread started: Thread Group 1-152
2021-05-05 20:32:03,093 INFO o.a.j.t.JMeterThread: Thread started: Thread Group 1-153
2021-05-05 20:32:06,093 INFO o.a.j.t.JMeterThread: Thread started: Thread Group 1-154
2021-05-05 20:32:09,092 INFO o.a.j.t.JMeterThread: Thread started: Thread Group 1-155
2021-05-05 20:32:12,091 INFO o.a.j.t.JMeterThread: Thread started: Thread Group 1-156
2021-05-05 20:32:15,091 INFO o.a.j.t.JMeterThread: Thread started: Thread Group 1-157
2021-05-05 20:32:18,093 INFO o.a.j.t.JMeterThread: Thread started: Thread Group 1-158
2021-05-05 20:32:21,092 INFO o.a.j.t.JMeterThread: Thread started: Thread Group 1-159
2021-05-05 20:32:24,091 INFO o.a.j.t.JMeterThread: Thread started: Thread Group 1-160
2021-05-05 20:32:27,092 INFO o.a.j.t.JMeterThread: Thread started: Thread Group 1-161
2021-05-05 20:32:30,005 INFO o.a.j.r.Summariser: summary +   1301 in 00:00:30 =   43.4/s Avg:  2077 Min:  1953 Max:  2229 Err:     0 (0.00%) Active: 161 Started: 161 Finished: 0
2021-05-05 20:32:30,006 INFO o.a.j.r.Summariser: summary =  13855 in 00:08:03 =   28.7/s Avg:  1300 Min:   243 Max:  2229 Err:     0 (0.00%)
2021-05-05 20:32:30,092 INFO o.a.j.t.JMeterThread: Thread started: Thread Group 1-162
2021-05-05 20:32:33,091 INFO o.a.j.t.JMeterThread: Thread started: Thread Group 1-163
2021-05-05 20:32:36,091 INFO o.a.j.t.JMeterThread: Thread started: Thread Group 1-164
2021-05-05 20:32:39,091 INFO o.a.j.t.JMeterThread: Thread started: Thread Group 1-165
2021-05-05 20:32:42,092 INFO o.a.j.t.JMeterThread: Thread started: Thread Group 1-166
2021-05-05 20:32:45,092 INFO o.a.j.t.JMeterThread: Thread started: Thread Group 1-167
2021-05-05 20:32:48,091 INFO o.a.j.t.JMeterThread: Thread started: Thread Group 1-168
2021-05-05 20:32:51,091 INFO o.a.j.t.JMeterThread: Thread started: Thread Group 1-169
2021-05-05 20:32:54,092 INFO o.a.j.t.JMeterThread: Thread started: Thread Group 1-170
2021-05-05 20:32:57,093 INFO o.a.j.t.JMeterThread: Thread started: Thread Group 1-171
2021-05-05 20:33:00,014 INFO o.a.j.r.Summariser: summary +   1337 in 00:00:30 =   44.6/s Avg:  2219 Min:  2093 Max:  2451 Err:     0 (0.00%) Active: 171 Started: 171 Finished: 0
2021-05-05 20:33:00,014 INFO o.a.j.r.Summariser: summary =  15192 in 00:08:33 =   29.6/s Avg:  1381 Min:   243 Max:  2451 Err:     0 (0.00%)
2021-05-05 20:33:00,092 INFO o.a.j.t.JMeterThread: Thread started: Thread Group 1-172
2021-05-05 20:33:03,091 INFO o.a.j.t.JMeterThread: Thread started: Thread Group 1-173
2021-05-05 20:33:06,091 INFO o.a.j.t.JMeterThread: Thread started: Thread Group 1-174
2021-05-05 20:33:09,091 INFO o.a.j.t.JMeterThread: Thread started: Thread Group 1-175
2021-05-05 20:33:12,091 INFO o.a.j.t.JMeterThread: Thread started: Thread Group 1-176
2021-05-05 20:33:15,093 INFO o.a.j.t.JMeterThread: Thread started: Thread Group 1-177
2021-05-05 20:33:18,091 INFO o.a.j.t.JMeterThread: Thread started: Thread Group 1-178
2021-05-05 20:33:21,091 INFO o.a.j.t.JMeterThread: Thread started: Thread Group 1-179
2021-05-05 20:33:24,091 INFO o.a.j.t.JMeterThread: Thread started: Thread Group 1-180
2021-05-05 20:33:27,091 INFO o.a.j.t.JMeterThread: Thread started: Thread Group 1-181
2021-05-05 20:33:30,023 INFO o.a.j.r.Summariser: summary +   1364 in 00:00:30 =   45.5/s Avg:  2359 Min:  2217 Max:  2480 Err:     0 (0.00%) Active: 181 Started: 181 Finished: 0
2021-05-05 20:33:30,024 INFO o.a.j.r.Summariser: summary =  16556 in 00:09:03 =   30.5/s Avg:  1462 Min:   243 Max:  2480 Err:     0 (0.00%)
2021-05-05 20:33:30,092 INFO o.a.j.t.JMeterThread: Thread started: Thread Group 1-182
2021-05-05 20:33:33,091 INFO o.a.j.t.JMeterThread: Thread started: Thread Group 1-183
2021-05-05 20:33:36,091 INFO o.a.j.t.JMeterThread: Thread started: Thread Group 1-184
2021-05-05 20:33:39,091 INFO o.a.j.t.JMeterThread: Thread started: Thread Group 1-185
2021-05-05 20:33:42,091 INFO o.a.j.t.JMeterThread: Thread started: Thread Group 1-186
2021-05-05 20:33:45,092 INFO o.a.j.t.JMeterThread: Thread started: Thread Group 1-187
2021-05-05 20:33:48,091 INFO o.a.j.t.JMeterThread: Thread started: Thread Group 1-188
2021-05-05 20:33:51,093 INFO o.a.j.t.JMeterThread: Thread started: Thread Group 1-189
2021-05-05 20:33:54,091 INFO o.a.j.t.JMeterThread: Thread started: Thread Group 1-190
2021-05-05 20:33:57,091 INFO o.a.j.t.JMeterThread: Thread started: Thread Group 1-191
2021-05-05 20:34:00,013 INFO o.a.j.r.Summariser: summary +   1388 in 00:00:30 =   46.3/s Avg:  2501 Min:  2321 Max:  2760 Err:     0 (0.00%) Active: 191 Started: 191 Finished: 0
2021-05-05 20:34:00,014 INFO o.a.j.r.Summariser: summary =  17944 in 00:09:33 =   31.3/s Avg:  1542 Min:   243 Max:  2760 Err:     0 (0.00%)
2021-05-05 20:34:00,091 INFO o.a.j.t.JMeterThread: Thread started: Thread Group 1-192
2021-05-05 20:34:03,093 INFO o.a.j.t.JMeterThread: Thread started: Thread Group 1-193
2021-05-05 20:34:06,092 INFO o.a.j.t.JMeterThread: Thread started: Thread Group 1-194
2021-05-05 20:34:09,091 INFO o.a.j.t.JMeterThread: Thread started: Thread Group 1-195
2021-05-05 20:34:12,093 INFO o.a.j.t.JMeterThread: Thread started: Thread Group 1-196
2021-05-05 20:34:15,093 INFO o.a.j.t.JMeterThread: Thread started: Thread Group 1-197
2021-05-05 20:34:18,092 INFO o.a.j.t.JMeterThread: Thread started: Thread Group 1-198
2021-05-05 20:34:21,092 INFO o.a.j.t.JMeterThread: Thread started: Thread Group 1-199
2021-05-05 20:34:24,091 INFO o.a.j.t.JMeterThread: Thread started: Thread Group 1-200
2021-05-05 20:34:27,093 INFO o.a.j.t.JMeterThread: Thread started: Thread Group 1-201
2021-05-05 20:34:30,013 INFO o.a.j.r.Summariser: summary +   1417 in 00:00:30 =   47.2/s Avg:  2639 Min:  2456 Max:  2850 Err:     0 (0.00%) Active: 201 Started: 201 Finished: 0
2021-05-05 20:34:30,013 INFO o.a.j.r.Summariser: summary =  19361 in 00:10:03 =   32.1/s Avg:  1622 Min:   243 Max:  2850 Err:     0 (0.00%)
2021-05-05 20:34:30,091 INFO o.a.j.t.JMeterThread: Thread started: Thread Group 1-202
2021-05-05 20:34:33,091 INFO o.a.j.t.JMeterThread: Thread started: Thread Group 1-203
2021-05-05 20:34:36,092 INFO o.a.j.t.JMeterThread: Thread started: Thread Group 1-204
2021-05-05 20:34:39,092 INFO o.a.j.t.JMeterThread: Thread started: Thread Group 1-205
2021-05-05 20:34:42,091 INFO o.a.j.t.JMeterThread: Thread started: Thread Group 1-206
2021-05-05 20:34:45,092 INFO o.a.j.t.JMeterThread: Thread started: Thread Group 1-207
2021-05-05 20:34:48,091 INFO o.a.j.t.JMeterThread: Thread started: Thread Group 1-208
2021-05-05 20:34:50,673 INFO o.a.j.t.JMeterThread: Shutdown Test detected by thread: Thread Group 1-61
2021-05-05 20:34:50,674 INFO o.a.j.t.JMeterThread: Thread finished: Thread Group 1-61
2021-05-05 20:34:50,675 INFO o.a.j.t.JMeterThread: Stopping: Thread Group 1-152
2021-05-05 20:34:50,676 INFO o.a.j.t.JMeterThread: Stopping: Thread Group 1-143
2021-05-05 20:34:50,676 INFO o.a.j.t.JMeterThread: Stopping: Thread Group 1-251
2021-05-05 20:34:50,676 INFO o.a.j.t.JMeterThread: Stopping: Thread Group 1-265
2021-05-05 20:34:50,676 INFO o.a.j.t.JMeterThread: Stopping: Thread Group 1-177
2021-05-05 20:34:50,676 INFO o.a.j.t.JMeterThread: Stopping: Thread Group 1-97
2021-05-05 20:34:50,676 INFO o.a.j.t.JMeterThread: Stopping: Thread Group 1-88
2021-05-05 20:34:50,676 INFO o.a.j.t.JMeterThread: Stopping: Thread Group 1-48
2021-05-05 20:34:50,676 INFO o.a.j.t.JMeterThread: Stopping: Thread Group 1-234
2021-05-05 20:34:50,676 INFO o.a.j.t.JMeterThread: Stopping: Thread Group 1-240
2021-05-05 20:34:50,677 INFO o.a.j.t.JMeterThread: Stopping: Thread Group 1-271
2021-05-05 20:34:50,677 INFO o.a.j.t.JMeterThread: Stopping: Thread Group 1-147
2021-05-05 20:34:50,677 INFO o.a.j.t.JMeterThread: Stopping: Thread Group 1-130
2021-05-05 20:34:50,677 INFO o.a.j.t.JMeterThread: Stopping: Thread Group 1-135
2021-05-05 20:34:50,677 INFO o.a.j.t.JMeterThread: Stopping: Thread Group 1-171
2021-05-05 20:34:50,677 INFO o.a.j.t.JMeterThread: Stopping: Thread Group 1-161
2021-05-05 20:34:50,677 INFO o.a.j.t.JMeterThread: Stopping: Thread Group 1-269
2021-05-05 20:34:50,677 INFO o.a.j.t.JMeterThread: Stopping: Thread Group 1-108
2021-05-05 20:34:50,677 INFO o.a.j.t.JMeterThread: Stopping: Thread Group 1-247
2021-05-05 20:34:50,677 INFO o.a.j.t.JMeterThread: Stopping: Thread Group 1-277
2021-05-05 20:34:50,677 INFO o.a.j.t.JMeterThread: Stopping: Thread Group 1-40
2021-05-05 20:34:50,678 INFO o.a.j.t.JMeterThread: Stopping: Thread Group 1-256
2021-05-05 20:34:50,678 INFO o.a.j.t.JMeterThread: Stopping: Thread Group 1-82
2021-05-05 20:34:50,678 INFO o.a.j.t.JMeterThread: Stopping: Thread Group 1-242
2021-05-05 20:34:50,678 INFO o.a.j.t.JMeterThread: Stopping: Thread Group 1-228
2021-05-05 20:34:50,678 INFO o.a.j.t.JMeterThread: Stopping: Thread Group 1-118
2021-05-05 20:34:50,678 INFO o.a.j.t.JMeterThread: Stopping: Thread Group 1-93
2021-05-05 20:34:50,678 INFO o.a.j.t.JMeterThread: Stopping: Thread Group 1-236
2021-05-05 20:34:50,678 INFO o.a.j.t.JMeterThread: Stopping: Thread Group 1-145
2021-05-05 20:34:50,678 INFO o.a.j.t.JMeterThread: Stopping: Thread Group 1-149
2021-05-05 20:34:50,678 INFO o.a.j.t.JMeterThread: Stopping: Thread Group 1-291
2021-05-05 20:34:50,679 INFO o.a.j.t.JMeterThread: Stopping: Thread Group 1-71
2021-05-05 20:34:50,679 INFO o.a.j.t.JMeterThread: Stopping: Thread Group 1-146
2021-05-05 20:34:50,679 INFO o.a.j.t.JMeterThread: Stopping: Thread Group 1-62
2021-05-05 20:34:50,679 INFO o.a.j.t.JMeterThread: Stopping: Thread Group 1-253
2021-05-05 20:34:50,679 INFO o.a.j.t.JMeterThread: Stopping: Thread Group 1-141
2021-05-05 20:34:50,679 INFO o.a.j.t.JMeterThread: Stopping: Thread Group 1-184
2021-05-05 20:34:50,679 INFO o.a.j.t.JMeterThread: Stopping: Thread Group 1-202
2021-05-05 20:34:50,679 INFO o.a.j.t.JMeterThread: Stopping: Thread Group 1-231
2021-05-05 20:34:50,679 INFO o.a.j.t.JMeterThread: Stopping: Thread Group 1-222
2021-05-05 20:34:50,679 INFO o.a.j.t.JMeterThread: Stopping: Thread Group 1-264
2021-05-05 20:34:50,679 INFO o.a.j.t.JMeterThread: Stopping: Thread Group 1-296
2021-05-05 20:34:50,679 INFO o.a.j.t.JMeterThread: Stopping: Thread Group 1-115
2021-05-05 20:34:50,680 INFO o.a.j.t.JMeterThread: Stopping: Thread Group 1-129
2021-05-05 20:34:50,680 INFO o.a.j.t.JMeterThread: Stopping: Thread Group 1-248
2021-05-05 20:34:50,680 INFO o.a.j.t.JMeterThread: Stopping: Thread Group 1-21
2021-05-05 20:34:50,680 INFO o.a.j.t.JMeterThread: Stopping: Thread Group 1-273
2021-05-05 20:34:50,680 INFO o.a.j.t.JMeterThread: Stopping: Thread Group 1-160
2021-05-05 20:34:50,680 INFO o.a.j.t.JMeterThread: Stopping: Thread Group 1-209
2021-05-05 20:34:50,680 INFO o.a.j.t.JMeterThread: Stopping: Thread Group 1-207
2021-05-05 20:34:50,680 INFO o.a.j.t.JMeterThread: Stopping: Thread Group 1-270
2021-05-05 20:34:50,680 INFO o.a.j.t.JMeterThread: Stopping: Thread Group 1-199
2021-05-05 20:34:50,681 INFO o.a.j.t.JMeterThread: Stopping: Thread Group 1-221
2021-05-05 20:34:50,681 INFO o.a.j.t.JMeterThread: Stopping: Thread Group 1-26
2021-05-05 20:34:50,681 INFO o.a.j.t.JMeterThread: Stopping: Thread Group 1-87
2021-05-05 20:34:50,681 INFO o.a.j.t.JMeterThread: Stopping: Thread Group 1-36
2021-05-05 20:34:50,681 INFO o.a.j.t.JMeterThread: Stopping: Thread Group 1-49
2021-05-05 20:34:50,681 INFO o.a.j.t.JMeterThread: Stopping: Thread Group 1-96
2021-05-05 20:34:50,681 INFO o.a.j.t.JMeterThread: Stopping: Thread Group 1-24
2021-05-05 20:34:50,681 INFO o.a.j.t.JMeterThread: Stopping: Thread Group 1-284
2021-05-05 20:34:50,681 INFO o.a.j.t.JMeterThread: Stopping: Thread Group 1-10
2021-05-05 20:34:50,681 INFO o.a.j.t.JMeterThread: Stopping: Thread Group 1-13
2021-05-05 20:34:50,682 INFO o.a.j.t.JMeterThread: Stopping: Thread Group 1-208
2021-05-05 20:34:50,682 INFO o.a.j.t.JMeterThread: Stopping: Thread Group 1-261
2021-05-05 20:34:50,682 INFO o.a.j.t.JMeterThread: Stopping: Thread Group 1-268
2021-05-05 20:34:50,682 INFO o.a.j.t.JMeterThread: Stopping: Thread Group 1-2
2021-05-05 20:34:50,682 INFO o.a.j.t.JMeterThread: Stopping: Thread Group 1-187
2021-05-05 20:34:50,682 INFO o.a.j.t.JMeterThread: Stopping: Thread Group 1-232
2021-05-05 20:34:50,682 INFO o.a.j.t.JMeterThread: Stopping: Thread Group 1-290
2021-05-05 20:34:50,682 INFO o.a.j.t.JMeterThread: Stopping: Thread Group 1-43
2021-05-05 20:34:50,682 INFO o.a.j.t.JMeterThread: Stopping: Thread Group 1-281
2021-05-05 20:34:50,682 INFO o.a.j.t.JMeterThread: Stopping: Thread Group 1-137
2021-05-05 20:34:50,682 INFO o.a.j.t.JMeterThread: Stopping: Thread Group 1-289
2021-05-05 20:34:50,682 INFO o.a.j.t.JMeterThread: Stopping: Thread Group 1-285
2021-05-05 20:34:50,682 INFO o.a.j.t.JMeterThread: Stopping: Thread Group 1-99
2021-05-05 20:34:50,683 INFO o.a.j.t.JMeterThread: Stopping: Thread Group 1-223
2021-05-05 20:34:50,683 INFO o.a.j.t.JMeterThread: Stopping: Thread Group 1-197
2021-05-05 20:34:50,683 INFO o.a.j.t.JMeterThread: Stopping: Thread Group 1-64
2021-05-05 20:34:50,683 INFO o.a.j.t.JMeterThread: Stopping: Thread Group 1-37
2021-05-05 20:34:50,683 INFO o.a.j.t.JMeterThread: Stopping: Thread Group 1-255
2021-05-05 20:34:50,683 INFO o.a.j.t.JMeterThread: Stopping: Thread Group 1-142
2021-05-05 20:34:50,683 INFO o.a.j.t.JMeterThread: Stopping: Thread Group 1-274
2021-05-05 20:34:50,683 INFO o.a.j.t.JMeterThread: Stopping: Thread Group 1-282
2021-05-05 20:34:50,683 INFO o.a.j.t.JMeterThread: Stopping: Thread Group 1-169
2021-05-05 20:34:50,683 INFO o.a.j.t.JMeterThread: Stopping: Thread Group 1-127
2021-05-05 20:34:50,683 INFO o.a.j.t.JMeterThread: Stopping: Thread Group 1-243
2021-05-05 20:34:50,683 INFO o.a.j.t.JMeterThread: Stopping: Thread Group 1-219
2021-05-05 20:34:50,683 INFO o.a.j.t.JMeterThread: Stopping: Thread Group 1-25
2021-05-05 20:34:50,683 INFO o.a.j.t.JMeterThread: Stopping: Thread Group 1-267
2021-05-05 20:34:50,684 INFO o.a.j.t.JMeterThread: Stopping: Thread Group 1-119
2021-05-05 20:34:50,684 INFO o.a.j.t.JMeterThread: Stopping: Thread Group 1-16
2021-05-05 20:34:50,684 INFO o.a.j.t.JMeterThread: Stopping: Thread Group 1-235
2021-05-05 20:34:50,684 INFO o.a.j.t.JMeterThread: Stopping: Thread Group 1-237
2021-05-05 20:34:50,684 INFO o.a.j.t.JMeterThread: Stopping: Thread Group 1-213
2021-05-05 20:34:50,684 INFO o.a.j.t.JMeterThread: Stopping: Thread Group 1-144
2021-05-05 20:34:50,684 INFO o.a.j.t.JMeterThread: Stopping: Thread Group 1-126
2021-05-05 20:34:50,684 INFO o.a.j.t.JMeterThread: Stopping: Thread Group 1-252
2021-05-05 20:34:50,684 INFO o.a.j.t.JMeterThread: Stopping: Thread Group 1-279
2021-05-05 20:34:50,684 INFO o.a.j.t.JMeterThread: Stopping: Thread Group 1-81
2021-05-05 20:34:50,684 INFO o.a.j.t.JMeterThread: Stopping: Thread Group 1-77
2021-05-05 20:34:50,684 INFO o.a.j.t.JMeterThread: Stopping: Thread Group 1-300
2021-05-05 20:34:50,684 INFO o.a.j.t.JMeterThread: Stopping: Thread Group 1-158
2021-05-05 20:34:50,685 INFO o.a.j.t.JMeterThread: Stopping: Thread Group 1-154
2021-05-05 20:34:50,685 INFO o.a.j.t.JMeterThread: Stopping: Thread Group 1-181
2021-05-05 20:34:50,685 INFO o.a.j.t.JMeterThread: Stopping: Thread Group 1-11
2021-05-05 20:34:50,685 INFO o.a.j.t.JMeterThread: Stopping: Thread Group 1-112
2021-05-05 20:34:50,685 INFO o.a.j.t.JMeterThread: Stopping: Thread Group 1-174
2021-05-05 20:34:50,685 INFO o.a.j.t.JMeterThread: Stopping: Thread Group 1-193
2021-05-05 20:34:50,685 INFO o.a.j.t.JMeterThread: Stopping: Thread Group 1-151
2021-05-05 20:34:50,685 INFO o.a.j.t.JMeterThread: Stopping: Thread Group 1-140
2021-05-05 20:34:50,685 INFO o.a.j.t.JMeterThread: Stopping: Thread Group 1-20
2021-05-05 20:34:50,686 INFO o.a.j.t.JMeterThread: Stopping: Thread Group 1-229
2021-05-05 20:34:50,686 INFO o.a.j.t.JMeterThread: Stopping: Thread Group 1-124
2021-05-05 20:34:50,686 INFO o.a.j.t.JMeterThread: Stopping: Thread Group 1-4
2021-05-05 20:34:50,686 INFO o.a.j.t.JMeterThread: Stopping: Thread Group 1-95
2021-05-05 20:34:50,686 INFO o.a.j.t.JMeterThread: Stopping: Thread Group 1-266
2021-05-05 20:34:50,686 INFO o.a.j.t.JMeterThread: Stopping: Thread Group 1-19
2021-05-05 20:34:50,686 INFO o.a.j.t.JMeterThread: Stopping: Thread Group 1-41
2021-05-05 20:34:50,686 INFO o.a.j.t.JMeterThread: Stopping: Thread Group 1-65
2021-05-05 20:34:50,686 INFO o.a.j.t.JMeterThread: Stopping: Thread Group 1-116
2021-05-05 20:34:50,686 INFO o.a.j.t.JMeterThread: Stopping: Thread Group 1-165
2021-05-05 20:34:50,686 INFO o.a.j.t.JMeterThread: Stopping: Thread Group 1-34
2021-05-05 20:34:50,686 INFO o.a.j.t.JMeterThread: Stopping: Thread Group 1-52
2021-05-05 20:34:50,686 INFO o.a.j.t.JMeterThread: Stopping: Thread Group 1-76
2021-05-05 20:34:50,686 INFO o.a.j.t.JMeterThread: Stopping: Thread Group 1-138
2021-05-05 20:34:50,687 INFO o.a.j.t.JMeterThread: Stopping: Thread Group 1-179
2021-05-05 20:34:50,687 INFO o.a.j.t.JMeterThread: Stopping: Thread Group 1-35
2021-05-05 20:34:50,687 INFO o.a.j.t.JMeterThread: Stopping: Thread Group 1-63
2021-05-05 20:34:50,687 INFO o.a.j.t.JMeterThread: Stopping: Thread Group 1-109
2021-05-05 20:34:50,687 INFO o.a.j.t.JMeterThread: Stopping: Thread Group 1-59
2021-05-05 20:34:50,687 INFO o.a.j.t.JMeterThread: Stopping: Thread Group 1-204
2021-05-05 20:34:50,687 INFO o.a.j.t.JMeterThread: Stopping: Thread Group 1-39
2021-05-05 20:34:50,687 INFO o.a.j.t.JMeterThread: Stopping: Thread Group 1-203
2021-05-05 20:34:50,687 INFO o.a.j.t.JMeterThread: Stopping: Thread Group 1-287
2021-05-05 20:34:50,687 INFO o.a.j.t.JMeterThread: Stopping: Thread Group 1-55
2021-05-05 20:34:50,687 INFO o.a.j.t.JMeterThread: Stopping: Thread Group 1-98
2021-05-05 20:34:50,687 INFO o.a.j.t.JMeterThread: Stopping: Thread Group 1-122
2021-05-05 20:34:50,687 INFO o.a.j.t.JMeterThread: Stopping: Thread Group 1-254
2021-05-05 20:34:50,687 INFO o.a.j.t.JMeterThread: Stopping: Thread Group 1-220
2021-05-05 20:34:50,688 INFO o.a.j.t.JMeterThread: Stopping: Thread Group 1-170
2021-05-05 20:34:50,688 INFO o.a.j.t.JMeterThread: Stopping: Thread Group 1-114
2021-05-05 20:34:50,688 INFO o.a.j.t.JMeterThread: Stopping: Thread Group 1-155
2021-05-05 20:34:50,688 INFO o.a.j.t.JMeterThread: Stopping: Thread Group 1-192
2021-05-05 20:34:50,688 INFO o.a.j.t.JMeterThread: Stopping: Thread Group 1-56
2021-05-05 20:34:50,688 INFO o.a.j.t.JMeterThread: Stopping: Thread Group 1-293
2021-05-05 20:34:50,688 INFO o.a.j.t.JMeterThread: Stopping: Thread Group 1-125
2021-05-05 20:34:50,688 INFO o.a.j.t.JMeterThread: Stopping: Thread Group 1-50
2021-05-05 20:34:50,688 INFO o.a.j.t.JMeterThread: Stopping: Thread Group 1-283
2021-05-05 20:34:50,688 INFO o.a.j.t.JMeterThread: Stopping: Thread Group 1-183
2021-05-05 20:34:50,688 INFO o.a.j.t.JMeterThread: Stopping: Thread Group 1-75
2021-05-05 20:34:50,688 INFO o.a.j.t.JMeterThread: Stopping: Thread Group 1-80
2021-05-05 20:34:50,688 INFO o.a.j.t.JMeterThread: Stopping: Thread Group 1-131
2021-05-05 20:34:50,688 INFO o.a.j.t.JMeterThread: Stopping: Thread Group 1-83
2021-05-05 20:34:50,689 INFO o.a.j.t.JMeterThread: Stopping: Thread Group 1-100
2021-05-05 20:34:50,689 INFO o.a.j.t.JMeterThread: Stopping: Thread Group 1-244
2021-05-05 20:34:50,689 INFO o.a.j.t.JMeterThread: Stopping: Thread Group 1-84
2021-05-05 20:34:50,689 INFO o.a.j.t.JMeterThread: Stopping: Thread Group 1-241
2021-05-05 20:34:50,689 INFO o.a.j.t.JMeterThread: Stopping: Thread Group 1-286
2021-05-05 20:34:50,689 INFO o.a.j.t.JMeterThread: Stopping: Thread Group 1-182
2021-05-05 20:34:50,689 INFO o.a.j.t.JMeterThread: Stopping: Thread Group 1-275
2021-05-05 20:34:50,689 INFO o.a.j.t.JMeterThread: Stopping: Thread Group 1-250
2021-05-05 20:34:50,689 INFO o.a.j.t.JMeterThread: Stopping: Thread Group 1-159
2021-05-05 20:34:50,689 INFO o.a.j.t.JMeterThread: Stopping: Thread Group 1-186
2021-05-05 20:34:50,689 INFO o.a.j.t.JMeterThread: Stopping: Thread Group 1-257
2021-05-05 20:34:50,689 INFO o.a.j.t.JMeterThread: Stopping: Thread Group 1-91
2021-05-05 20:34:50,689 INFO o.a.j.t.JMeterThread: Stopping: Thread Group 1-121
2021-05-05 20:34:50,689 INFO o.a.j.t.JMeterThread: Stopping: Thread Group 1-195
2021-05-05 20:34:50,689 INFO o.a.j.t.JMeterThread: Thread finished: Thread Group 1-130
2021-05-05 20:34:50,689 INFO o.a.j.t.JMeterThread: Stopping: Thread Group 1-262
2021-05-05 20:34:50,690 INFO o.a.j.t.JMeterThread: Stopping: Thread Group 1-120
2021-05-05 20:34:50,690 INFO o.a.j.t.JMeterThread: Stopping: Thread Group 1-230
2021-05-05 20:34:50,690 INFO o.a.j.t.JMeterThread: Stopping: Thread Group 1-85
2021-05-05 20:34:50,690 INFO o.a.j.t.JMeterThread: Stopping: Thread Group 1-113
2021-05-05 20:34:50,690 INFO o.a.j.t.JMeterThread: Stopping: Thread Group 1-164
2021-05-05 20:34:50,690 INFO o.a.j.t.JMeterThread: Stopping: Thread Group 1-212
2021-05-05 20:34:50,690 INFO o.a.j.t.JMeterThread: Stopping: Thread Group 1-94
2021-05-05 20:34:50,690 INFO o.a.j.t.JMeterThread: Stopping: Thread Group 1-136
2021-05-05 20:34:50,690 INFO o.a.j.t.JMeterThread: Stopping: Thread Group 1-128
2021-05-05 20:34:50,690 INFO o.a.j.t.JMeterThread: Stopping: Thread Group 1-42
2021-05-05 20:34:50,691 INFO o.a.j.t.JMeterThread: Stopping: Thread Group 1-23
2021-05-05 20:34:50,691 INFO o.a.j.t.JMeterThread: Stopping: Thread Group 1-189
2021-05-05 20:34:50,691 INFO o.a.j.t.JMeterThread: Stopping: Thread Group 1-110
2021-05-05 20:34:50,691 INFO o.a.j.t.JMeterThread: Stopping: Thread Group 1-298
2021-05-05 20:34:50,691 INFO o.a.j.t.JMeterThread: Stopping: Thread Group 1-156
2021-05-05 20:34:50,691 INFO o.a.j.t.JMeterThread: Stopping: Thread Group 1-7
2021-05-05 20:34:50,691 INFO o.a.j.t.JMeterThread: Stopping: Thread Group 1-86
2021-05-05 20:34:50,691 INFO o.a.j.t.JMeterThread: Stopping: Thread Group 1-172
2021-05-05 20:34:50,692 INFO o.a.j.t.JMeterThread: Stopping: Thread Group 1-276
2021-05-05 20:34:50,692 INFO o.a.j.t.JMeterThread: Stopping: Thread Group 1-246
2021-05-05 20:34:50,692 INFO o.a.j.t.JMeterThread: Stopping: Thread Group 1-148
2021-05-05 20:34:50,692 INFO o.a.j.t.JMeterThread: Stopping: Thread Group 1-198
2021-05-05 20:34:50,692 INFO o.a.j.t.JMeterThread: Stopping: Thread Group 1-211
2021-05-05 20:34:50,692 INFO o.a.j.t.JMeterThread: Stopping: Thread Group 1-280
2021-05-05 20:34:50,692 INFO o.a.j.t.JMeterThread: Stopping: Thread Group 1-70
2021-05-05 20:34:50,692 INFO o.a.j.t.JMeterThread: Stopping: Thread Group 1-162
2021-05-05 20:34:50,692 INFO o.a.j.t.JMeterThread: Stopping: Thread Group 1-168
2021-05-05 20:34:50,692 INFO o.a.j.t.JMeterThread: Stopping: Thread Group 1-175
2021-05-05 20:34:50,692 INFO o.a.j.t.JMeterThread: Stopping: Thread Group 1-69
2021-05-05 20:34:50,692 INFO o.a.j.t.JMeterThread: Stopping: Thread Group 1-216
2021-05-05 20:34:50,692 INFO o.a.j.t.JMeterThread: Stopping: Thread Group 1-74
2021-05-05 20:34:50,692 INFO o.a.j.t.JMeterThread: Stopping: Thread Group 1-194
2021-05-05 20:34:50,693 INFO o.a.j.t.JMeterThread: Stopping: Thread Group 1-106
2021-05-05 20:34:50,693 INFO o.a.j.t.JMeterThread: Stopping: Thread Group 1-17
2021-05-05 20:34:50,693 INFO o.a.j.t.JMeterThread: Stopping: Thread Group 1-288
2021-05-05 20:34:50,693 INFO o.a.j.t.JMeterThread: Stopping: Thread Group 1-299
2021-05-05 20:34:50,693 INFO o.a.j.t.JMeterThread: Stopping: Thread Group 1-214
2021-05-05 20:34:50,693 INFO o.a.j.t.JMeterThread: Stopping: Thread Group 1-259
2021-05-05 20:34:50,693 INFO o.a.j.t.JMeterThread: Stopping: Thread Group 1-294
2021-05-05 20:34:50,693 INFO o.a.j.t.JMeterThread: Stopping: Thread Group 1-90
2021-05-05 20:34:50,693 INFO o.a.j.t.JMeterThread: Stopping: Thread Group 1-178
2021-05-05 20:34:50,693 INFO o.a.j.t.JMeterThread: Stopping: Thread Group 1-227
2021-05-05 20:34:50,693 INFO o.a.j.t.JMeterThread: Stopping: Thread Group 1-51
2021-05-05 20:34:50,693 INFO o.a.j.t.JMeterThread: Stopping: Thread Group 1-157
2021-05-05 20:34:50,693 INFO o.a.j.t.JMeterThread: Stopping: Thread Group 1-278
2021-05-05 20:34:50,693 INFO o.a.j.t.JMeterThread: Stopping: Thread Group 1-101
2021-05-05 20:34:50,693 INFO o.a.j.t.JMeterThread: Stopping: Thread Group 1-249
2021-05-05 20:34:50,694 INFO o.a.j.t.JMeterThread: Stopping: Thread Group 1-166
2021-05-05 20:34:50,694 INFO o.a.j.t.JMeterThread: Stopping: Thread Group 1-226
2021-05-05 20:34:50,694 INFO o.a.j.t.JMeterThread: Stopping: Thread Group 1-67
2021-05-05 20:34:50,694 INFO o.a.j.t.JMeterThread: Stopping: Thread Group 1-68
2021-05-05 20:34:50,694 INFO o.a.j.t.JMeterThread: Stopping: Thread Group 1-123
2021-05-05 20:34:50,694 INFO o.a.j.t.JMeterThread: Stopping: Thread Group 1-258
2021-05-05 20:34:50,694 INFO o.a.j.t.JMeterThread: Stopping: Thread Group 1-163
2021-05-05 20:34:50,694 INFO o.a.j.t.JMeterThread: Stopping: Thread Group 1-105
2021-05-05 20:34:50,694 INFO o.a.j.t.JMeterThread: Stopping: Thread Group 1-295
2021-05-05 20:34:50,694 INFO o.a.j.t.JMeterThread: Stopping: Thread Group 1-8
2021-05-05 20:34:50,694 INFO o.a.j.t.JMeterThread: Stopping: Thread Group 1-180
2021-05-05 20:34:50,694 INFO o.a.j.t.JMeterThread: Stopping: Thread Group 1-134
2021-05-05 20:34:50,694 INFO o.a.j.t.JMeterThread: Stopping: Thread Group 1-210
2021-05-05 20:34:50,694 INFO o.a.j.t.JMeterThread: Stopping: Thread Group 1-12
2021-05-05 20:34:50,694 INFO o.a.j.t.JMeterThread: Stopping: Thread Group 1-45
2021-05-05 20:34:50,694 INFO o.a.j.t.JMeterThread: Stopping: Thread Group 1-239
2021-05-05 20:34:50,694 INFO o.a.j.t.JMeterThread: Stopping: Thread Group 1-32
2021-05-05 20:34:50,695 INFO o.a.j.t.JMeterThread: Stopping: Thread Group 1-1
2021-05-05 20:34:50,695 INFO o.a.j.t.JMeterThread: Stopping: Thread Group 1-33
2021-05-05 20:34:50,695 INFO o.a.j.t.JMeterThread: Stopping: Thread Group 1-196
2021-05-05 20:34:50,695 INFO o.a.j.t.JMeterThread: Stopping: Thread Group 1-238
2021-05-05 20:34:50,695 INFO o.a.j.t.JMeterThread: Stopping: Thread Group 1-79
2021-05-05 20:34:50,695 INFO o.a.j.t.JMeterThread: Stopping: Thread Group 1-111
2021-05-05 20:34:50,695 INFO o.a.j.t.JMeterThread: Stopping: Thread Group 1-173
2021-05-05 20:34:50,695 INFO o.a.j.t.JMeterThread: Stopping: Thread Group 1-3
2021-05-05 20:34:50,695 INFO o.a.j.t.JMeterThread: Stopping: Thread Group 1-200
2021-05-05 20:34:50,695 INFO o.a.j.t.JMeterThread: Stopping: Thread Group 1-206
2021-05-05 20:34:50,695 INFO o.a.j.t.JMeterThread: Stopping: Thread Group 1-9
2021-05-05 20:34:50,695 INFO o.a.j.t.JMeterThread: Stopping: Thread Group 1-58
2021-05-05 20:34:50,695 INFO o.a.j.t.JMeterThread: Stopping: Thread Group 1-104
2021-05-05 20:34:50,695 INFO o.a.j.t.JMeterThread: Stopping: Thread Group 1-190
2021-05-05 20:34:50,695 INFO o.a.j.t.JMeterThread: Stopping: Thread Group 1-54
2021-05-05 20:34:50,695 INFO o.a.j.t.JMeterThread: Stopping: Thread Group 1-225
2021-05-05 20:34:50,695 INFO o.a.j.t.JMeterThread: Stopping: Thread Group 1-15
2021-05-05 20:34:50,695 INFO o.a.j.t.JMeterThread: Stopping: Thread Group 1-139
2021-05-05 20:34:50,696 INFO o.a.j.t.JMeterThread: Stopping: Thread Group 1-215
2021-05-05 20:34:50,696 INFO o.a.j.t.JMeterThread: Stopping: Thread Group 1-92
2021-05-05 20:34:50,696 INFO o.a.j.t.JMeterThread: Stopping: Thread Group 1-73
2021-05-05 20:34:50,696 INFO o.a.j.t.JMeterThread: Stopping: Thread Group 1-132
2021-05-05 20:34:50,696 INFO o.a.j.t.JMeterThread: Stopping: Thread Group 1-150
2021-05-05 20:34:50,696 INFO o.a.j.t.JMeterThread: Stopping: Thread Group 1-78
2021-05-05 20:34:50,696 INFO o.a.j.t.JMeterThread: Stopping: Thread Group 1-103
2021-05-05 20:34:50,696 INFO o.a.j.t.JMeterThread: Stopping: Thread Group 1-46
2021-05-05 20:34:50,696 INFO o.a.j.t.JMeterThread: Stopping: Thread Group 1-133
2021-05-05 20:34:50,696 INFO o.a.j.t.JMeterThread: Stopping: Thread Group 1-185
2021-05-05 20:34:50,696 INFO o.a.j.t.JMeterThread: Stopping: Thread Group 1-31
2021-05-05 20:34:50,696 INFO o.a.j.t.JMeterThread: Stopping: Thread Group 1-30
2021-05-05 20:34:50,696 INFO o.a.j.t.JMeterThread: Stopping: Thread Group 1-224
2021-05-05 20:34:50,696 INFO o.a.j.t.JMeterThread: Stopping: Thread Group 1-5
2021-05-05 20:34:50,696 INFO o.a.j.t.JMeterThread: Stopping: Thread Group 1-188
2021-05-05 20:34:50,696 INFO o.a.j.t.JMeterThread: Stopping: Thread Group 1-6
2021-05-05 20:34:50,696 INFO o.a.j.t.JMeterThread: Stopping: Thread Group 1-27
2021-05-05 20:34:50,697 INFO o.a.j.t.JMeterThread: Stopping: Thread Group 1-263
2021-05-05 20:34:50,697 INFO o.a.j.t.JMeterThread: Stopping: Thread Group 1-57
2021-05-05 20:34:50,697 INFO o.a.j.t.JMeterThread: Stopping: Thread Group 1-245
2021-05-05 20:34:50,697 INFO o.a.j.t.JMeterThread: Stopping: Thread Group 1-272
2021-05-05 20:34:50,697 INFO o.a.j.t.JMeterThread: Stopping: Thread Group 1-167
2021-05-05 20:34:50,697 INFO o.a.j.t.JMeterThread: Stopping: Thread Group 1-66
2021-05-05 20:34:50,697 INFO o.a.j.t.JMeterThread: Stopping: Thread Group 1-18
2021-05-05 20:34:50,697 INFO o.a.j.t.JMeterThread: Stopping: Thread Group 1-218
2021-05-05 20:34:50,697 INFO o.a.j.t.JMeterThread: Stopping: Thread Group 1-217
2021-05-05 20:34:50,697 INFO o.a.j.t.JMeterThread: Stopping: Thread Group 1-28
2021-05-05 20:34:50,697 INFO o.a.j.t.JMeterThread: Stopping: Thread Group 1-72
2021-05-05 20:34:50,697 INFO o.a.j.t.JMeterThread: Stopping: Thread Group 1-102
2021-05-05 20:34:50,697 INFO o.a.j.t.JMeterThread: Stopping: Thread Group 1-205
2021-05-05 20:34:50,697 INFO o.a.j.t.JMeterThread: Stopping: Thread Group 1-153
2021-05-05 20:34:50,697 INFO o.a.j.t.JMeterThread: Stopping: Thread Group 1-201
2021-05-05 20:34:50,697 INFO o.a.j.t.JMeterThread: Stopping: Thread Group 1-297
2021-05-05 20:34:50,697 INFO o.a.j.t.JMeterThread: Stopping: Thread Group 1-60
2021-05-05 20:34:50,697 INFO o.a.j.t.JMeterThread: Stopping: Thread Group 1-38
2021-05-05 20:34:50,698 INFO o.a.j.t.JMeterThread: Stopping: Thread Group 1-47
2021-05-05 20:34:50,698 INFO o.a.j.t.JMeterThread: Stopping: Thread Group 1-292
2021-05-05 20:34:50,698 INFO o.a.j.t.JMeterThread: Stopping: Thread Group 1-89
2021-05-05 20:34:50,698 INFO o.a.j.t.JMeterThread: Stopping: Thread Group 1-53
2021-05-05 20:34:50,698 INFO o.a.j.t.JMeterThread: Stopping: Thread Group 1-14
2021-05-05 20:34:50,698 INFO o.a.j.t.JMeterThread: Stopping: Thread Group 1-233
2021-05-05 20:34:50,698 INFO o.a.j.t.JMeterThread: Stopping: Thread Group 1-107
2021-05-05 20:34:50,698 INFO o.a.j.t.JMeterThread: Stopping: Thread Group 1-191
2021-05-05 20:34:50,698 INFO o.a.j.t.JMeterThread: Stopping: Thread Group 1-29
2021-05-05 20:34:50,698 INFO o.a.j.t.JMeterThread: Stopping: Thread Group 1-22
2021-05-05 20:34:50,698 INFO o.a.j.t.JMeterThread: Stopping: Thread Group 1-44
2021-05-05 20:34:50,698 INFO o.a.j.t.JMeterThread: Stopping: Thread Group 1-260
2021-05-05 20:34:50,698 INFO o.a.j.t.JMeterThread: Stopping: Thread Group 1-117
2021-05-05 20:34:50,698 INFO o.a.j.t.JMeterThread: Stopping: Thread Group 1-176
2021-05-05 20:34:50,707 INFO o.a.j.t.JMeterThread: Thread finished: Thread Group 1-188
2021-05-05 20:34:50,719 INFO o.a.j.t.JMeterThread: Thread finished: Thread Group 1-206
2021-05-05 20:34:50,724 INFO o.a.j.t.JMeterThread: Thread finished: Thread Group 1-11
2021-05-05 20:34:50,749 INFO o.a.j.t.JMeterThread: Thread finished: Thread Group 1-80
2021-05-05 20:34:50,762 INFO o.a.j.t.JMeterThread: Thread finished: Thread Group 1-118
2021-05-05 20:34:50,765 INFO o.a.j.t.JMeterThread: Thread finished: Thread Group 1-141
2021-05-05 20:34:50,769 INFO o.a.j.t.JMeterThread: Thread finished: Thread Group 1-147
2021-05-05 20:34:50,787 INFO o.a.j.t.JMeterThread: Thread finished: Thread Group 1-1
2021-05-05 20:34:50,805 INFO o.a.j.t.JMeterThread: Thread finished: Thread Group 1-154
2021-05-05 20:34:50,812 INFO o.a.j.t.JMeterThread: Thread finished: Thread Group 1-123
2021-05-05 20:34:50,813 INFO o.a.j.t.JMeterThread: Thread finished: Thread Group 1-156
2021-05-05 20:34:50,835 INFO o.a.j.t.JMeterThread: Thread finished: Thread Group 1-10
2021-05-05 20:34:50,836 INFO o.a.j.t.JMeterThread: Thread finished: Thread Group 1-104
2021-05-05 20:34:50,840 INFO o.a.j.t.JMeterThread: Thread finished: Thread Group 1-193
2021-05-05 20:34:50,862 INFO o.a.j.t.JMeterThread: Thread finished: Thread Group 1-199
2021-05-05 20:34:50,878 INFO o.a.j.t.JMeterThread: Thread finished: Thread Group 1-172
2021-05-05 20:34:50,900 INFO o.a.j.t.JMeterThread: Thread finished: Thread Group 1-181
2021-05-05 20:34:50,903 INFO o.a.j.t.JMeterThread: Thread finished: Thread Group 1-121
2021-05-05 20:34:50,912 INFO o.a.j.t.JMeterThread: Thread finished: Thread Group 1-53
2021-05-05 20:34:50,918 INFO o.a.j.t.JMeterThread: Thread finished: Thread Group 1-129
2021-05-05 20:34:50,926 INFO o.a.j.t.JMeterThread: Thread finished: Thread Group 1-116
2021-05-05 20:34:50,927 INFO o.a.j.t.JMeterThread: Thread finished: Thread Group 1-114
2021-05-05 20:34:50,940 INFO o.a.j.t.JMeterThread: Thread finished: Thread Group 1-32
2021-05-05 20:34:50,943 INFO o.a.j.t.JMeterThread: Thread finished: Thread Group 1-138
2021-05-05 20:34:50,949 INFO o.a.j.t.JMeterThread: Thread finished: Thread Group 1-137
2021-05-05 20:34:50,959 INFO o.a.j.t.JMeterThread: Thread finished: Thread Group 1-165
2021-05-05 20:34:50,963 INFO o.a.j.t.JMeterThread: Thread finished: Thread Group 1-207
2021-05-05 20:34:50,967 INFO o.a.j.t.JMeterThread: Thread finished: Thread Group 1-117
2021-05-05 20:34:50,978 INFO o.a.j.t.JMeterThread: Thread finished: Thread Group 1-68
2021-05-05 20:34:51,002 INFO o.a.j.t.JMeterThread: Thread finished: Thread Group 1-167
2021-05-05 20:34:51,007 INFO o.a.j.t.JMeterThread: Thread finished: Thread Group 1-160
2021-05-05 20:34:51,012 INFO o.a.j.t.JMeterThread: Thread finished: Thread Group 1-46
2021-05-05 20:34:51,022 INFO o.a.j.t.JMeterThread: Thread finished: Thread Group 1-119
2021-05-05 20:34:51,033 INFO o.a.j.t.JMeterThread: Thread finished: Thread Group 1-149
2021-05-05 20:34:51,049 INFO o.a.j.t.JMeterThread: Thread finished: Thread Group 1-175
2021-05-05 20:34:51,055 INFO o.a.j.t.JMeterThread: Thread finished: Thread Group 1-113
2021-05-05 20:34:51,068 INFO o.a.j.t.JMeterThread: Thread finished: Thread Group 1-77
2021-05-05 20:34:51,070 INFO o.a.j.t.JMeterThread: Thread finished: Thread Group 1-93
2021-05-05 20:34:51,091 INFO o.a.j.t.JMeterThread: Thread finished: Thread Group 1-49
2021-05-05 20:34:51,091 INFO o.a.j.t.JMeterThread: Thread started: Thread Group 1-209
2021-05-05 20:34:51,092 INFO o.a.j.t.JMeterThread: Thread finished: Thread Group 1-209
2021-05-05 20:34:51,098 INFO o.a.j.t.JMeterThread: Thread finished: Thread Group 1-189
2021-05-05 20:34:51,100 INFO o.a.j.t.JMeterThread: Thread finished: Thread Group 1-112
2021-05-05 20:34:51,115 INFO o.a.j.t.JMeterThread: Thread finished: Thread Group 1-185
2021-05-05 20:34:51,125 INFO o.a.j.t.JMeterThread: Thread finished: Thread Group 1-115
2021-05-05 20:34:51,132 INFO o.a.j.t.JMeterThread: Thread finished: Thread Group 1-200
2021-05-05 20:34:51,151 INFO o.a.j.t.JMeterThread: Thread finished: Thread Group 1-146
2021-05-05 20:34:51,163 INFO o.a.j.t.JMeterThread: Thread finished: Thread Group 1-127
2021-05-05 20:34:51,168 INFO o.a.j.t.JMeterThread: Thread finished: Thread Group 1-16
2021-05-05 20:34:51,192 INFO o.a.j.t.JMeterThread: Thread finished: Thread Group 1-76
2021-05-05 20:34:51,194 INFO o.a.j.t.JMeterThread: Thread finished: Thread Group 1-13
2021-05-05 20:34:51,200 INFO o.a.j.t.JMeterThread: Thread finished: Thread Group 1-128
2021-05-05 20:34:51,217 INFO o.a.j.t.JMeterThread: Thread finished: Thread Group 1-86
2021-05-05 20:34:51,221 INFO o.a.j.t.JMeterThread: Thread finished: Thread Group 1-82
2021-05-05 20:34:51,226 INFO o.a.j.t.JMeterThread: Thread finished: Thread Group 1-170
2021-05-05 20:34:51,236 INFO o.a.j.t.JMeterThread: Thread started: Thread Group 1-213
2021-05-05 20:34:51,236 INFO o.a.j.t.JMeterThread: Thread finished: Thread Group 1-213
2021-05-05 20:34:51,237 INFO o.a.j.t.JMeterThread: Thread started: Thread Group 1-212
2021-05-05 20:34:51,237 INFO o.a.j.t.JMeterThread: Thread finished: Thread Group 1-212
2021-05-05 20:34:51,241 INFO o.a.j.t.JMeterThread: Thread started: Thread Group 1-221
2021-05-05 20:34:51,241 INFO o.a.j.t.JMeterThread: Thread started: Thread Group 1-210
2021-05-05 20:34:51,241 INFO o.a.j.t.JMeterThread: Thread finished: Thread Group 1-221
2021-05-05 20:34:51,241 INFO o.a.j.t.JMeterThread: Thread finished: Thread Group 1-210
2021-05-05 20:34:51,241 INFO o.a.j.t.JMeterThread: Thread started: Thread Group 1-211
2021-05-05 20:34:51,241 INFO o.a.j.t.JMeterThread: Thread started: Thread Group 1-230
2021-05-05 20:34:51,242 INFO o.a.j.t.JMeterThread: Thread finished: Thread Group 1-211
2021-05-05 20:34:51,242 INFO o.a.j.t.JMeterThread: Thread finished: Thread Group 1-230
2021-05-05 20:34:51,242 INFO o.a.j.t.JMeterThread: Thread started: Thread Group 1-228
2021-05-05 20:34:51,242 INFO o.a.j.t.JMeterThread: Thread finished: Thread Group 1-228
2021-05-05 20:34:51,242 INFO o.a.j.t.JMeterThread: Thread started: Thread Group 1-238
2021-05-05 20:34:51,242 INFO o.a.j.t.JMeterThread: Thread finished: Thread Group 1-238
2021-05-05 20:34:51,242 INFO o.a.j.t.JMeterThread: Thread started: Thread Group 1-243
2021-05-05 20:34:51,242 INFO o.a.j.t.JMeterThread: Thread started: Thread Group 1-234
2021-05-05 20:34:51,243 INFO o.a.j.t.JMeterThread: Thread finished: Thread Group 1-243
2021-05-05 20:34:51,242 INFO o.a.j.t.JMeterThread: Thread started: Thread Group 1-222
2021-05-05 20:34:51,242 INFO o.a.j.t.JMeterThread: Thread started: Thread Group 1-231
2021-05-05 20:34:51,243 INFO o.a.j.t.JMeterThread: Thread finished: Thread Group 1-222
2021-05-05 20:34:51,243 INFO o.a.j.t.JMeterThread: Thread started: Thread Group 1-261
2021-05-05 20:34:51,243 INFO o.a.j.t.JMeterThread: Thread finished: Thread Group 1-261
2021-05-05 20:34:51,243 INFO o.a.j.t.JMeterThread: Thread finished: Thread Group 1-234
2021-05-05 20:34:51,243 INFO o.a.j.t.JMeterThread: Thread started: Thread Group 1-259
2021-05-05 20:34:51,243 INFO o.a.j.t.JMeterThread: Thread finished: Thread Group 1-259
2021-05-05 20:34:51,243 INFO o.a.j.t.JMeterThread: Thread started: Thread Group 1-252
2021-05-05 20:34:51,243 INFO o.a.j.t.JMeterThread: Thread started: Thread Group 1-220
2021-05-05 20:34:51,243 INFO o.a.j.t.JMeterThread: Thread finished: Thread Group 1-252
2021-05-05 20:34:51,243 INFO o.a.j.t.JMeterThread: Thread started: Thread Group 1-236
2021-05-05 20:34:51,243 INFO o.a.j.t.JMeterThread: Thread started: Thread Group 1-229
2021-05-05 20:34:51,243 INFO o.a.j.t.JMeterThread: Thread finished: Thread Group 1-220
2021-05-05 20:34:51,243 INFO o.a.j.t.JMeterThread: Thread finished: Thread Group 1-236
2021-05-05 20:34:51,243 INFO o.a.j.t.JMeterThread: Thread finished: Thread Group 1-229
2021-05-05 20:34:51,243 INFO o.a.j.t.JMeterThread: Thread finished: Thread Group 1-231
2021-05-05 20:34:51,244 INFO o.a.j.t.JMeterThread: Thread started: Thread Group 1-216
2021-05-05 20:34:51,244 INFO o.a.j.t.JMeterThread: Thread started: Thread Group 1-235
2021-05-05 20:34:51,244 INFO o.a.j.t.JMeterThread: Thread started: Thread Group 1-223
2021-05-05 20:34:51,244 INFO o.a.j.t.JMeterThread: Thread finished: Thread Group 1-216
2021-05-05 20:34:51,244 INFO o.a.j.t.JMeterThread: Thread started: Thread Group 1-226
2021-05-05 20:34:51,245 INFO o.a.j.t.JMeterThread: Thread finished: Thread Group 1-235
2021-05-05 20:34:51,245 INFO o.a.j.t.JMeterThread: Thread finished: Thread Group 1-226
2021-05-05 20:34:51,244 INFO o.a.j.t.JMeterThread: Thread started: Thread Group 1-225
2021-05-05 20:34:51,245 INFO o.a.j.t.JMeterThread: Thread finished: Thread Group 1-225
2021-05-05 20:34:51,245 INFO o.a.j.t.JMeterThread: Thread started: Thread Group 1-215
2021-05-05 20:34:51,244 INFO o.a.j.t.JMeterThread: Thread started: Thread Group 1-227
2021-05-05 20:34:51,244 INFO o.a.j.t.JMeterThread: Thread started: Thread Group 1-262
2021-05-05 20:34:51,245 INFO o.a.j.t.JMeterThread: Thread finished: Thread Group 1-227
2021-05-05 20:34:51,245 INFO o.a.j.t.JMeterThread: Thread finished: Thread Group 1-262
2021-05-05 20:34:51,245 INFO o.a.j.t.JMeterThread: Thread finished: Thread Group 1-223
2021-05-05 20:34:51,245 INFO o.a.j.t.JMeterThread: Thread started: Thread Group 1-233
2021-05-05 20:34:51,244 INFO o.a.j.t.JMeterThread: Thread started: Thread Group 1-264
2021-05-05 20:34:51,245 INFO o.a.j.t.JMeterThread: Thread started: Thread Group 1-219
2021-05-05 20:34:51,246 INFO o.a.j.t.JMeterThread: Thread finished: Thread Group 1-219
2021-05-05 20:34:51,245 INFO o.a.j.t.JMeterThread: Thread started: Thread Group 1-241
2021-05-05 20:34:51,246 INFO o.a.j.t.JMeterThread: Thread finished: Thread Group 1-215
2021-05-05 20:34:51,246 INFO o.a.j.t.JMeterThread: Thread finished: Thread Group 1-241
2021-05-05 20:34:51,246 INFO o.a.j.t.JMeterThread: Thread started: Thread Group 1-263
2021-05-05 20:34:51,246 INFO o.a.j.t.JMeterThread: Thread started: Thread Group 1-246
2021-05-05 20:34:51,246 INFO o.a.j.t.JMeterThread: Thread finished: Thread Group 1-263
2021-05-05 20:34:51,245 INFO o.a.j.t.JMeterThread: Thread started: Thread Group 1-251
2021-05-05 20:34:51,246 INFO o.a.j.t.JMeterThread: Thread started: Thread Group 1-232
2021-05-05 20:34:51,246 INFO o.a.j.t.JMeterThread: Thread started: Thread Group 1-224
2021-05-05 20:34:51,246 INFO o.a.j.t.JMeterThread: Thread finished: Thread Group 1-251
2021-05-05 20:34:51,246 INFO o.a.j.t.JMeterThread: Thread finished: Thread Group 1-232
2021-05-05 20:34:51,245 INFO o.a.j.t.JMeterThread: Thread started: Thread Group 1-244
2021-05-05 20:34:51,244 INFO o.a.j.t.JMeterThread: Thread started: Thread Group 1-214
2021-05-05 20:34:51,245 INFO o.a.j.t.JMeterThread: Thread started: Thread Group 1-239
2021-05-05 20:34:51,246 INFO o.a.j.t.JMeterThread: Thread finished: Thread Group 1-244
2021-05-05 20:34:51,246 INFO o.a.j.t.JMeterThread: Thread finished: Thread Group 1-224
2021-05-05 20:34:51,246 INFO o.a.j.t.JMeterThread: Thread finished: Thread Group 1-239
2021-05-05 20:34:51,246 INFO o.a.j.t.JMeterThread: Thread finished: Thread Group 1-264
2021-05-05 20:34:51,246 INFO o.a.j.t.JMeterThread: Thread finished: Thread Group 1-246
2021-05-05 20:34:51,246 INFO o.a.j.t.JMeterThread: Thread started: Thread Group 1-218
2021-05-05 20:34:51,246 INFO o.a.j.t.JMeterThread: Thread started: Thread Group 1-217
2021-05-05 20:34:51,246 INFO o.a.j.t.JMeterThread: Thread started: Thread Group 1-245
2021-05-05 20:34:51,246 INFO o.a.j.t.JMeterThread: Thread finished: Thread Group 1-214
2021-05-05 20:34:51,246 INFO o.a.j.t.JMeterThread: Thread finished: Thread Group 1-233
2021-05-05 20:34:51,247 INFO o.a.j.t.JMeterThread: Thread finished: Thread Group 1-217
2021-05-05 20:34:51,247 INFO o.a.j.t.JMeterThread: Thread finished: Thread Group 1-218
2021-05-05 20:34:51,247 INFO o.a.j.t.JMeterThread: Thread finished: Thread Group 1-245
2021-05-05 20:34:51,247 INFO o.a.j.t.JMeterThread: Thread started: Thread Group 1-256
2021-05-05 20:34:51,247 INFO o.a.j.t.JMeterThread: Thread finished: Thread Group 1-256
2021-05-05 20:34:51,248 INFO o.a.j.t.JMeterThread: Thread started: Thread Group 1-257
2021-05-05 20:34:51,248 INFO o.a.j.t.JMeterThread: Thread started: Thread Group 1-255
2021-05-05 20:34:51,248 INFO o.a.j.t.JMeterThread: Thread started: Thread Group 1-280
2021-05-05 20:34:51,248 INFO o.a.j.t.JMeterThread: Thread started: Thread Group 1-285
2021-05-05 20:34:51,248 INFO o.a.j.t.JMeterThread: Thread finished: Thread Group 1-257
2021-05-05 20:34:51,248 INFO o.a.j.t.JMeterThread: Thread started: Thread Group 1-242
2021-05-05 20:34:51,249 INFO o.a.j.t.JMeterThread: Thread finished: Thread Group 1-280
2021-05-05 20:34:51,249 INFO o.a.j.t.JMeterThread: Thread started: Thread Group 1-284
2021-05-05 20:34:51,248 INFO o.a.j.t.JMeterThread: Thread started: Thread Group 1-237
2021-05-05 20:34:51,248 INFO o.a.j.t.JMeterThread: Thread started: Thread Group 1-288
2021-05-05 20:34:51,248 INFO o.a.j.t.JMeterThread: Thread started: Thread Group 1-278
2021-05-05 20:34:51,249 INFO o.a.j.t.JMeterThread: Thread finished: Thread Group 1-284
2021-05-05 20:34:51,248 INFO o.a.j.t.JMeterThread: Thread started: Thread Group 1-247
2021-05-05 20:34:51,249 INFO o.a.j.t.JMeterThread: Thread finished: Thread Group 1-247
2021-05-05 20:34:51,249 INFO o.a.j.t.JMeterThread: Thread finished: Thread Group 1-288
2021-05-05 20:34:51,248 INFO o.a.j.t.JMeterThread: Thread started: Thread Group 1-248
2021-05-05 20:34:51,249 INFO o.a.j.t.JMeterThread: Thread started: Thread Group 1-254
2021-05-05 20:34:51,249 INFO o.a.j.t.JMeterThread: Thread started: Thread Group 1-279
2021-05-05 20:34:51,249 INFO o.a.j.t.JMeterThread: Thread finished: Thread Group 1-242
2021-05-05 20:34:51,249 INFO o.a.j.t.JMeterThread: Thread finished: Thread Group 1-248
2021-05-05 20:34:51,249 INFO o.a.j.t.JMeterThread: Thread started: Thread Group 1-260
2021-05-05 20:34:51,249 INFO o.a.j.t.JMeterThread: Thread finished: Thread Group 1-260
2021-05-05 20:34:51,249 INFO o.a.j.t.JMeterThread: Thread finished: Thread Group 1-237
2021-05-05 20:34:51,248 INFO o.a.j.t.JMeterThread: Thread finished: Thread Group 1-255
2021-05-05 20:34:51,249 INFO o.a.j.t.JMeterThread: Thread started: Thread Group 1-275
2021-05-05 20:34:51,250 INFO o.a.j.t.JMeterThread: Thread finished: Thread Group 1-285
2021-05-05 20:34:51,249 INFO o.a.j.t.JMeterThread: Thread finished: Thread Group 1-278
2021-05-05 20:34:51,249 INFO o.a.j.t.JMeterThread: Thread started: Thread Group 1-240
2021-05-05 20:34:51,248 INFO o.a.j.t.JMeterThread: Thread started: Thread Group 1-258
2021-05-05 20:34:51,249 INFO o.a.j.t.JMeterThread: Thread finished: Thread Group 1-279
2021-05-05 20:34:51,249 INFO o.a.j.t.JMeterThread: Thread started: Thread Group 1-265
2021-05-05 20:34:51,250 INFO o.a.j.t.JMeterThread: Thread finished: Thread Group 1-240
2021-05-05 20:34:51,250 INFO o.a.j.t.JMeterThread: Thread finished: Thread Group 1-275
2021-05-05 20:34:51,250 INFO o.a.j.t.JMeterThread: Thread finished: Thread Group 1-265
2021-05-05 20:34:51,250 INFO o.a.j.t.JMeterThread: Thread started: Thread Group 1-287
2021-05-05 20:34:51,250 INFO o.a.j.t.JMeterThread: Thread finished: Thread Group 1-254
2021-05-05 20:34:51,250 INFO o.a.j.t.JMeterThread: Thread finished: Thread Group 1-258
2021-05-05 20:34:51,250 INFO o.a.j.t.JMeterThread: Thread finished: Thread Group 1-287
2021-05-05 20:34:51,251 INFO o.a.j.t.JMeterThread: Thread started: Thread Group 1-270
2021-05-05 20:34:51,251 INFO o.a.j.t.JMeterThread: Thread started: Thread Group 1-274
2021-05-05 20:34:51,251 INFO o.a.j.t.JMeterThread: Thread finished: Thread Group 1-274
2021-05-05 20:34:51,251 INFO o.a.j.t.JMeterThread: Thread finished: Thread Group 1-270
2021-05-05 20:34:51,251 INFO o.a.j.t.JMeterThread: Thread started: Thread Group 1-271
2021-05-05 20:34:51,251 INFO o.a.j.t.JMeterThread: Thread finished: Thread Group 1-271
2021-05-05 20:34:51,251 INFO o.a.j.t.JMeterThread: Thread started: Thread Group 1-283
2021-05-05 20:34:51,251 INFO o.a.j.t.JMeterThread: Thread finished: Thread Group 1-283
2021-05-05 20:34:51,252 INFO o.a.j.t.JMeterThread: Thread started: Thread Group 1-250
2021-05-05 20:34:51,252 INFO o.a.j.t.JMeterThread: Thread started: Thread Group 1-253
2021-05-05 20:34:51,252 INFO o.a.j.t.JMeterThread: Thread finished: Thread Group 1-250
2021-05-05 20:34:51,252 INFO o.a.j.t.JMeterThread: Thread started: Thread Group 1-249
2021-05-05 20:34:51,252 INFO o.a.j.t.JMeterThread: Thread finished: Thread Group 1-253
2021-05-05 20:34:51,253 INFO o.a.j.t.JMeterThread: Thread finished: Thread Group 1-249
2021-05-05 20:34:51,253 INFO o.a.j.t.JMeterThread: Thread started: Thread Group 1-276
2021-05-05 20:34:51,253 INFO o.a.j.t.JMeterThread: Thread finished: Thread Group 1-276
2021-05-05 20:34:51,253 INFO o.a.j.t.JMeterThread: Thread started: Thread Group 1-282
2021-05-05 20:34:51,254 INFO o.a.j.t.JMeterThread: Thread finished: Thread Group 1-282
2021-05-05 20:34:51,255 INFO o.a.j.t.JMeterThread: Thread started: Thread Group 1-266
2021-05-05 20:34:51,255 INFO o.a.j.t.JMeterThread: Thread started: Thread Group 1-268
2021-05-05 20:34:51,255 INFO o.a.j.t.JMeterThread: Thread finished: Thread Group 1-268
2021-05-05 20:34:51,255 INFO o.a.j.t.JMeterThread: Thread finished: Thread Group 1-266
2021-05-05 20:34:51,256 INFO o.a.j.t.JMeterThread: Thread started: Thread Group 1-286
2021-05-05 20:34:51,256 INFO o.a.j.t.JMeterThread: Thread finished: Thread Group 1-286
2021-05-05 20:34:51,257 INFO o.a.j.t.JMeterThread: Thread started: Thread Group 1-277
2021-05-05 20:34:51,257 INFO o.a.j.t.JMeterThread: Thread finished: Thread Group 1-277
2021-05-05 20:34:51,257 INFO o.a.j.t.JMeterThread: Thread started: Thread Group 1-269
2021-05-05 20:34:51,257 INFO o.a.j.t.JMeterThread: Thread started: Thread Group 1-267
2021-05-05 20:34:51,257 INFO o.a.j.t.JMeterThread: Thread finished: Thread Group 1-269
2021-05-05 20:34:51,257 INFO o.a.j.t.JMeterThread: Thread started: Thread Group 1-273
2021-05-05 20:34:51,257 INFO o.a.j.t.JMeterThread: Thread finished: Thread Group 1-273
2021-05-05 20:34:51,257 INFO o.a.j.t.JMeterThread: Thread started: Thread Group 1-272
2021-05-05 20:34:51,257 INFO o.a.j.t.JMeterThread: Thread finished: Thread Group 1-88
2021-05-05 20:34:51,257 INFO o.a.j.t.JMeterThread: Thread finished: Thread Group 1-267
2021-05-05 20:34:51,257 INFO o.a.j.t.JMeterThread: Thread started: Thread Group 1-281
2021-05-05 20:34:51,258 INFO o.a.j.t.JMeterThread: Thread finished: Thread Group 1-272
2021-05-05 20:34:51,258 INFO o.a.j.t.JMeterThread: Thread finished: Thread Group 1-281
2021-05-05 20:34:51,260 INFO o.a.j.t.JMeterThread: Thread finished: Thread Group 1-4
2021-05-05 20:34:51,263 INFO o.a.j.t.JMeterThread: Thread started: Thread Group 1-296
2021-05-05 20:34:51,263 INFO o.a.j.t.JMeterThread: Thread finished: Thread Group 1-296
2021-05-05 20:34:51,263 INFO o.a.j.t.JMeterThread: Thread started: Thread Group 1-299
2021-05-05 20:34:51,264 INFO o.a.j.t.JMeterThread: Thread finished: Thread Group 1-299
2021-05-05 20:34:51,264 INFO o.a.j.t.JMeterThread: Thread started: Thread Group 1-289
2021-05-05 20:34:51,264 INFO o.a.j.t.JMeterThread: Thread started: Thread Group 1-295
2021-05-05 20:34:51,264 INFO o.a.j.t.JMeterThread: Thread finished: Thread Group 1-289
2021-05-05 20:34:51,264 INFO o.a.j.t.JMeterThread: Thread finished: Thread Group 1-295
2021-05-05 20:34:51,264 INFO o.a.j.t.JMeterThread: Thread finished: Thread Group 1-34
2021-05-05 20:34:51,265 INFO o.a.j.t.JMeterThread: Thread started: Thread Group 1-291
2021-05-05 20:34:51,265 INFO o.a.j.t.JMeterThread: Thread finished: Thread Group 1-291
2021-05-05 20:34:51,265 INFO o.a.j.t.JMeterThread: Thread started: Thread Group 1-298
2021-05-05 20:34:51,265 INFO o.a.j.t.JMeterThread: Thread finished: Thread Group 1-298
2021-05-05 20:34:51,265 INFO o.a.j.t.JMeterThread: Thread started: Thread Group 1-300
2021-05-05 20:34:51,265 INFO o.a.j.t.JMeterThread: Thread finished: Thread Group 1-300
2021-05-05 20:34:51,268 INFO o.a.j.t.JMeterThread: Thread started: Thread Group 1-290
2021-05-05 20:34:51,268 INFO o.a.j.t.JMeterThread: Thread started: Thread Group 1-297
2021-05-05 20:34:51,268 INFO o.a.j.t.JMeterThread: Thread started: Thread Group 1-293
2021-05-05 20:34:51,268 INFO o.a.j.t.JMeterThread: Thread started: Thread Group 1-294
2021-05-05 20:34:51,268 INFO o.a.j.t.JMeterThread: Thread finished: Thread Group 1-294
2021-05-05 20:34:51,268 INFO o.a.j.t.JMeterThread: Thread finished: Thread Group 1-297
2021-05-05 20:34:51,268 INFO o.a.j.t.JMeterThread: Thread finished: Thread Group 1-290
2021-05-05 20:34:51,268 INFO o.a.j.t.JMeterThread: Thread started: Thread Group 1-292
2021-05-05 20:34:51,268 INFO o.a.j.t.JMeterThread: Thread finished: Thread Group 1-292
2021-05-05 20:34:51,268 INFO o.a.j.t.JMeterThread: Thread finished: Thread Group 1-293
2021-05-05 20:34:51,270 INFO o.a.j.t.JMeterThread: Thread finished: Thread Group 1-136
2021-05-05 20:34:51,287 INFO o.a.j.t.JMeterThread: Thread finished: Thread Group 1-14
2021-05-05 20:34:51,307 INFO o.a.j.t.JMeterThread: Thread finished: Thread Group 1-179
2021-05-05 20:34:51,330 INFO o.a.j.t.JMeterThread: Thread finished: Thread Group 1-126
2021-05-05 20:34:51,330 INFO o.a.j.t.JMeterThread: Thread finished: Thread Group 1-195
2021-05-05 20:34:51,348 INFO o.a.j.t.JMeterThread: Thread finished: Thread Group 1-36
2021-05-05 20:34:51,360 INFO o.a.j.t.JMeterThread: Thread finished: Thread Group 1-96
2021-05-05 20:34:51,369 INFO o.a.j.t.JMeterThread: Thread finished: Thread Group 1-161
2021-05-05 20:34:51,370 INFO o.a.j.t.JMeterThread: Thread finished: Thread Group 1-105
2021-05-05 20:34:51,378 INFO o.a.j.t.JMeterThread: Thread finished: Thread Group 1-153
2021-05-05 20:34:51,406 INFO o.a.j.t.JMeterThread: Thread finished: Thread Group 1-44
2021-05-05 20:34:51,424 INFO o.a.j.t.JMeterThread: Thread finished: Thread Group 1-31
2021-05-05 20:34:51,428 INFO o.a.j.t.JMeterThread: Thread finished: Thread Group 1-140
2021-05-05 20:34:51,435 INFO o.a.j.t.JMeterThread: Thread finished: Thread Group 1-120
2021-05-05 20:34:51,435 INFO o.a.j.t.JMeterThread: Thread finished: Thread Group 1-24
2021-05-05 20:34:51,451 INFO o.a.j.t.JMeterThread: Thread finished: Thread Group 1-176
2021-05-05 20:34:51,471 INFO o.a.j.t.JMeterThread: Thread finished: Thread Group 1-106
2021-05-05 20:34:51,472 INFO o.a.j.t.JMeterThread: Thread finished: Thread Group 1-69
2021-05-05 20:34:51,482 INFO o.a.j.t.JMeterThread: Thread finished: Thread Group 1-65
2021-05-05 20:34:51,486 INFO o.a.j.t.JMeterThread: Thread finished: Thread Group 1-81
2021-05-05 20:34:51,494 INFO o.a.j.t.JMeterThread: Thread finished: Thread Group 1-159
2021-05-05 20:34:51,494 INFO o.a.j.t.JMeterThread: Thread finished: Thread Group 1-202
2021-05-05 20:34:51,516 INFO o.a.j.t.JMeterThread: Thread finished: Thread Group 1-57
2021-05-05 20:34:51,535 INFO o.a.j.t.JMeterThread: Thread finished: Thread Group 1-72
2021-05-05 20:34:51,544 INFO o.a.j.t.JMeterThread: Thread finished: Thread Group 1-29
2021-05-05 20:34:51,556 INFO o.a.j.t.JMeterThread: Thread finished: Thread Group 1-148
2021-05-05 20:34:51,561 INFO o.a.j.t.JMeterThread: Thread finished: Thread Group 1-22
2021-05-05 20:34:51,563 INFO o.a.j.t.JMeterThread: Thread finished: Thread Group 1-73
2021-05-05 20:34:51,581 INFO o.a.j.t.JMeterThread: Thread finished: Thread Group 1-155
2021-05-05 20:34:51,588 INFO o.a.j.t.JMeterThread: Thread finished: Thread Group 1-94
2021-05-05 20:34:51,601 INFO o.a.j.t.JMeterThread: Thread finished: Thread Group 1-89
2021-05-05 20:34:51,621 INFO o.a.j.t.JMeterThread: Thread finished: Thread Group 1-196
2021-05-05 20:34:51,628 INFO o.a.j.t.JMeterThread: Thread finished: Thread Group 1-191
2021-05-05 20:34:51,656 INFO o.a.j.t.JMeterThread: Thread finished: Thread Group 1-108
2021-05-05 20:34:51,672 INFO o.a.j.t.JMeterThread: Thread finished: Thread Group 1-27
2021-05-05 20:34:51,673 INFO o.a.j.t.JMeterThread: Thread finished: Thread Group 1-54
2021-05-05 20:34:51,674 INFO o.a.j.t.JMeterThread: Thread finished: Thread Group 1-107
2021-05-05 20:34:51,688 INFO o.a.j.t.JMeterThread: Thread finished: Thread Group 1-203
2021-05-05 20:34:51,721 INFO o.a.j.t.JMeterThread: Thread finished: Thread Group 1-59
2021-05-05 20:34:51,740 INFO o.a.j.t.JMeterThread: Thread finished: Thread Group 1-56
2021-05-05 20:34:51,763 INFO o.a.j.t.JMeterThread: Thread finished: Thread Group 1-62
2021-05-05 20:34:51,781 INFO o.a.j.t.JMeterThread: Thread finished: Thread Group 1-125
2021-05-05 20:34:51,790 INFO o.a.j.t.JMeterThread: Thread finished: Thread Group 1-135
2021-05-05 20:34:51,812 INFO o.a.j.t.JMeterThread: Thread finished: Thread Group 1-139
2021-05-05 20:34:51,816 INFO o.a.j.t.JMeterThread: Thread finished: Thread Group 1-83
2021-05-05 20:34:51,834 INFO o.a.j.t.JMeterThread: Thread finished: Thread Group 1-180
2021-05-05 20:34:51,838 INFO o.a.j.t.JMeterThread: Thread finished: Thread Group 1-66
2021-05-05 20:34:51,840 INFO o.a.j.t.JMeterThread: Thread finished: Thread Group 1-97
2021-05-05 20:34:51,854 INFO o.a.j.t.JMeterThread: Thread finished: Thread Group 1-42
2021-05-05 20:34:51,856 INFO o.a.j.t.JMeterThread: Thread finished: Thread Group 1-9
2021-05-05 20:34:51,862 INFO o.a.j.t.JMeterThread: Thread finished: Thread Group 1-3
2021-05-05 20:34:51,864 INFO o.a.j.t.JMeterThread: Thread finished: Thread Group 1-187
2021-05-05 20:34:51,867 INFO o.a.j.t.JMeterThread: Thread finished: Thread Group 1-6
2021-05-05 20:34:51,889 INFO o.a.j.t.JMeterThread: Thread finished: Thread Group 1-47
2021-05-05 20:34:51,892 INFO o.a.j.t.JMeterThread: Thread finished: Thread Group 1-40
2021-05-05 20:34:51,897 INFO o.a.j.t.JMeterThread: Thread finished: Thread Group 1-38
2021-05-05 20:34:51,901 INFO o.a.j.t.JMeterThread: Thread finished: Thread Group 1-109
2021-05-05 20:34:51,905 INFO o.a.j.t.JMeterThread: Thread finished: Thread Group 1-192
2021-05-05 20:34:51,912 INFO o.a.j.t.JMeterThread: Thread finished: Thread Group 1-174
2021-05-05 20:34:51,918 INFO o.a.j.t.JMeterThread: Thread finished: Thread Group 1-183
2021-05-05 20:34:51,922 INFO o.a.j.t.JMeterThread: Thread finished: Thread Group 1-171
2021-05-05 20:34:51,941 INFO o.a.j.t.JMeterThread: Thread finished: Thread Group 1-166
2021-05-05 20:34:51,942 INFO o.a.j.t.JMeterThread: Thread finished: Thread Group 1-33
2021-05-05 20:34:51,951 INFO o.a.j.t.JMeterThread: Thread finished: Thread Group 1-21
2021-05-05 20:34:51,960 INFO o.a.j.t.JMeterThread: Thread finished: Thread Group 1-198
2021-05-05 20:34:51,963 INFO o.a.j.t.JMeterThread: Thread finished: Thread Group 1-87
2021-05-05 20:34:51,988 INFO o.a.j.t.JMeterThread: Thread finished: Thread Group 1-152
2021-05-05 20:34:51,992 INFO o.a.j.t.JMeterThread: Thread finished: Thread Group 1-19
2021-05-05 20:34:51,992 INFO o.a.j.t.JMeterThread: Thread finished: Thread Group 1-78
2021-05-05 20:34:52,015 INFO o.a.j.t.JMeterThread: Thread finished: Thread Group 1-98
2021-05-05 20:34:52,022 INFO o.a.j.t.JMeterThread: Thread finished: Thread Group 1-95
2021-05-05 20:34:52,023 INFO o.a.j.t.JMeterThread: Thread finished: Thread Group 1-205
2021-05-05 20:34:52,029 INFO o.a.j.t.JMeterThread: Thread finished: Thread Group 1-145
2021-05-05 20:34:52,058 INFO o.a.j.t.JMeterThread: Thread finished: Thread Group 1-45
2021-05-05 20:34:52,064 INFO o.a.j.t.JMeterThread: Thread finished: Thread Group 1-124
2021-05-05 20:34:52,083 INFO o.a.j.t.JMeterThread: Thread finished: Thread Group 1-63
2021-05-05 20:34:52,087 INFO o.a.j.t.JMeterThread: Thread finished: Thread Group 1-51
2021-05-05 20:34:52,103 INFO o.a.j.t.JMeterThread: Thread finished: Thread Group 1-7
2021-05-05 20:34:52,121 INFO o.a.j.t.JMeterThread: Thread finished: Thread Group 1-169
2021-05-05 20:34:52,123 INFO o.a.j.t.JMeterThread: Thread finished: Thread Group 1-110
2021-05-05 20:34:52,141 INFO o.a.j.t.JMeterThread: Thread finished: Thread Group 1-184
2021-05-05 20:34:52,148 INFO o.a.j.t.JMeterThread: Thread finished: Thread Group 1-122
2021-05-05 20:34:52,169 INFO o.a.j.t.JMeterThread: Thread finished: Thread Group 1-60
2021-05-05 20:34:52,171 INFO o.a.j.t.JMeterThread: Thread finished: Thread Group 1-111
2021-05-05 20:34:52,179 INFO o.a.j.t.JMeterThread: Thread finished: Thread Group 1-70
2021-05-05 20:34:52,193 INFO o.a.j.t.JMeterThread: Thread finished: Thread Group 1-164
2021-05-05 20:34:52,197 INFO o.a.j.t.JMeterThread: Thread finished: Thread Group 1-15
2021-05-05 20:34:52,204 INFO o.a.j.t.JMeterThread: Thread finished: Thread Group 1-26
2021-05-05 20:34:52,217 INFO o.a.j.t.JMeterThread: Thread finished: Thread Group 1-134
2021-05-05 20:34:52,240 INFO o.a.j.t.JMeterThread: Thread finished: Thread Group 1-35
2021-05-05 20:34:52,276 INFO o.a.j.t.JMeterThread: Thread finished: Thread Group 1-158
2021-05-05 20:34:52,316 INFO o.a.j.t.JMeterThread: Thread finished: Thread Group 1-144
2021-05-05 20:34:52,324 INFO o.a.j.t.JMeterThread: Thread finished: Thread Group 1-52
2021-05-05 20:34:52,345 INFO o.a.j.t.JMeterThread: Thread finished: Thread Group 1-18
2021-05-05 20:34:52,364 INFO o.a.j.t.JMeterThread: Thread finished: Thread Group 1-90
2021-05-05 20:34:52,372 INFO o.a.j.t.JMeterThread: Thread finished: Thread Group 1-74
2021-05-05 20:34:52,394 INFO o.a.j.t.JMeterThread: Thread finished: Thread Group 1-178
2021-05-05 20:34:52,417 INFO o.a.j.t.JMeterThread: Thread finished: Thread Group 1-151
2021-05-05 20:34:52,455 INFO o.a.j.t.JMeterThread: Thread finished: Thread Group 1-2
2021-05-05 20:34:52,460 INFO o.a.j.t.JMeterThread: Thread finished: Thread Group 1-99
2021-05-05 20:34:52,471 INFO o.a.j.t.JMeterThread: Thread finished: Thread Group 1-12
2021-05-05 20:34:52,478 INFO o.a.j.t.JMeterThread: Thread finished: Thread Group 1-208
2021-05-05 20:34:52,506 INFO o.a.j.t.JMeterThread: Thread finished: Thread Group 1-133
2021-05-05 20:34:52,515 INFO o.a.j.t.JMeterThread: Thread finished: Thread Group 1-43
2021-05-05 20:34:52,548 INFO o.a.j.t.JMeterThread: Thread finished: Thread Group 1-39
2021-05-05 20:34:52,578 INFO o.a.j.t.JMeterThread: Thread finished: Thread Group 1-194
2021-05-05 20:34:52,582 INFO o.a.j.t.JMeterThread: Thread finished: Thread Group 1-55
2021-05-05 20:34:52,600 INFO o.a.j.t.JMeterThread: Thread finished: Thread Group 1-84
2021-05-05 20:34:52,641 INFO o.a.j.t.JMeterThread: Thread finished: Thread Group 1-67
2021-05-05 20:34:52,654 INFO o.a.j.t.JMeterThread: Thread finished: Thread Group 1-100
2021-05-05 20:34:52,683 INFO o.a.j.t.JMeterThread: Thread finished: Thread Group 1-101
2021-05-05 20:34:52,720 INFO o.a.j.t.JMeterThread: Thread finished: Thread Group 1-23
2021-05-05 20:34:52,724 INFO o.a.j.t.JMeterThread: Thread finished: Thread Group 1-190
2021-05-05 20:34:52,738 INFO o.a.j.t.JMeterThread: Thread finished: Thread Group 1-37
2021-05-05 20:34:52,747 INFO o.a.j.t.JMeterThread: Thread finished: Thread Group 1-201
2021-05-05 20:34:52,788 INFO o.a.j.t.JMeterThread: Thread finished: Thread Group 1-132
2021-05-05 20:34:52,808 INFO o.a.j.t.JMeterThread: Thread finished: Thread Group 1-182
2021-05-05 20:34:52,836 INFO o.a.j.t.JMeterThread: Thread finished: Thread Group 1-143
2021-05-05 20:34:52,843 INFO o.a.j.t.JMeterThread: Thread finished: Thread Group 1-50
2021-05-05 20:34:52,859 INFO o.a.j.t.JMeterThread: Thread finished: Thread Group 1-173
2021-05-05 20:34:52,889 INFO o.a.j.t.JMeterThread: Thread finished: Thread Group 1-186
2021-05-05 20:34:52,917 INFO o.a.j.t.JMeterThread: Thread finished: Thread Group 1-157
2021-05-05 20:34:52,925 INFO o.a.j.t.JMeterThread: Thread finished: Thread Group 1-5
2021-05-05 20:34:52,930 INFO o.a.j.t.JMeterThread: Thread finished: Thread Group 1-28
2021-05-05 20:34:52,968 INFO o.a.j.t.JMeterThread: Thread finished: Thread Group 1-91
2021-05-05 20:34:52,986 INFO o.a.j.t.JMeterThread: Thread finished: Thread Group 1-92
2021-05-05 20:34:53,003 INFO o.a.j.t.JMeterThread: Thread finished: Thread Group 1-41
2021-05-05 20:34:53,030 INFO o.a.j.t.JMeterThread: Thread finished: Thread Group 1-163
2021-05-05 20:34:53,053 INFO o.a.j.t.JMeterThread: Thread finished: Thread Group 1-79
2021-05-05 20:34:53,071 INFO o.a.j.t.JMeterThread: Thread finished: Thread Group 1-168
2021-05-05 20:34:53,075 INFO o.a.j.t.JMeterThread: Thread finished: Thread Group 1-8
2021-05-05 20:34:53,116 INFO o.a.j.t.JMeterThread: Thread finished: Thread Group 1-102
2021-05-05 20:34:53,167 INFO o.a.j.t.JMeterThread: Thread finished: Thread Group 1-58
2021-05-05 20:34:53,209 INFO o.a.j.t.JMeterThread: Thread finished: Thread Group 1-75
2021-05-05 20:34:53,253 INFO o.a.j.t.JMeterThread: Thread finished: Thread Group 1-142
2021-05-05 20:34:53,295 INFO o.a.j.t.JMeterThread: Thread finished: Thread Group 1-131
2021-05-05 20:34:53,344 INFO o.a.j.t.JMeterThread: Thread finished: Thread Group 1-197
2021-05-05 20:34:53,369 INFO o.a.j.t.JMeterThread: Thread finished: Thread Group 1-85
2021-05-05 20:34:53,379 INFO o.a.j.t.JMeterThread: Thread finished: Thread Group 1-103
2021-05-05 20:34:53,393 INFO o.a.j.t.JMeterThread: Thread finished: Thread Group 1-150
2021-05-05 20:34:53,394 INFO o.a.j.t.JMeterThread: Thread finished: Thread Group 1-64
2021-05-05 20:34:53,423 INFO o.a.j.t.JMeterThread: Thread finished: Thread Group 1-48
2021-05-05 20:34:53,430 INFO o.a.j.t.JMeterThread: Thread finished: Thread Group 1-25
2021-05-05 20:34:53,442 INFO o.a.j.t.JMeterThread: Thread finished: Thread Group 1-20
2021-05-05 20:34:53,450 INFO o.a.j.t.JMeterThread: Thread finished: Thread Group 1-162
2021-05-05 20:34:53,459 INFO o.a.j.t.JMeterThread: Thread finished: Thread Group 1-71
2021-05-05 20:34:53,484 INFO o.a.j.t.JMeterThread: Thread finished: Thread Group 1-204
2021-05-05 20:34:53,487 INFO o.a.j.t.JMeterThread: Thread finished: Thread Group 1-30
2021-05-05 20:34:53,509 INFO o.a.j.t.JMeterThread: Thread finished: Thread Group 1-177
2021-05-05 20:34:53,546 INFO o.a.j.t.JMeterThread: Thread finished: Thread Group 1-17
2021-05-05 20:34:53,547 INFO o.a.j.e.StandardJMeterEngine: Notifying test listeners of end of test
2021-05-05 20:34:53,548 INFO o.a.j.r.Summariser: summary +   1124 in 00:00:24 =   47.8/s Avg:  2765 Min:   140 Max:  3038 Err:     1 (0.09%) Active: 0 Started: 300 Finished: 300
2021-05-05 20:34:53,548 INFO o.a.j.r.Summariser: summary =  20485 in 00:10:26 =   32.7/s Avg:  1685 Min:   140 Max:  3038 Err:     1 (0.00%)
2021-05-05 20:34:53,548 INFO o.a.j.JMeter: Generating Dashboard
2021-05-05 20:34:53,548 INFO o.a.j.r.d.ReportGenerator: Flushing result collector before report Generation
2021-05-05 20:34:53,573 INFO o.a.j.r.p.NormalizerSampleConsumer: Using format, 'ms', to parse timeStamp field
2021-05-05 20:34:54,241 INFO o.a.j.r.p.AbstractSampleConsumer: class org.apache.jmeter.report.processor.AggregateConsumer#stopProducing(): beginDate produced 0 samples
2021-05-05 20:34:54,241 INFO o.a.j.r.p.AbstractSampleConsumer: class org.apache.jmeter.report.processor.AggregateConsumer#stopProducing(): endDate produced 0 samples
2021-05-05 20:34:54,242 INFO o.a.j.r.p.AbstractSampleConsumer: class org.apache.jmeter.report.processor.ApdexSummaryConsumer#stopProducing(): apdexSummary produced 0 samples
2021-05-05 20:34:54,242 INFO o.a.j.r.p.AbstractSampleConsumer: class org.apache.jmeter.report.processor.RequestsSummaryConsumer#stopProducing(): requestsSummary produced 0 samples
2021-05-05 20:34:54,255 INFO o.a.j.r.p.AbstractSampleConsumer: class org.apache.jmeter.report.processor.StatisticsSummaryConsumer#stopProducing(): statisticsSummary produced 0 samples
2021-05-05 20:34:54,258 INFO o.a.j.r.p.AbstractSampleConsumer: class org.apache.jmeter.report.processor.Top5ErrorsBySamplerConsumer#stopProducing(): top5ErrorsBySampler produced 0 samples
2021-05-05 20:34:54,258 INFO o.a.j.r.p.AbstractSampleConsumer: class org.apache.jmeter.report.processor.ErrorsSummaryConsumer#stopProducing(): errorsSummary produced 0 samples
2021-05-05 20:34:54,258 INFO o.a.j.r.p.AbstractSampleConsumer: class org.apache.jmeter.report.processor.graph.impl.HitsPerSecondGraphConsumer#stopProducing(): hitsPerSecond produced 0 samples
2021-05-05 20:34:54,415 INFO o.a.j.r.p.AbstractSampleConsumer: class org.apache.jmeter.report.processor.graph.impl.LatencyVSRequestGraphConsumer#stopProducing(): latencyVsRequest produced 0 samples
2021-05-05 20:34:54,416 INFO o.a.j.r.p.AbstractSampleConsumer: class org.apache.jmeter.report.processor.graph.impl.SyntheticResponseTimeDistributionGraphConsumer#stopProducing(): syntheticResponseTimeDistribution produced 0 samples
2021-05-05 20:34:54,417 INFO o.a.j.r.p.AbstractSampleConsumer: class org.apache.jmeter.report.processor.graph.impl.BytesThroughputGraphConsumer#stopProducing(): bytesThroughputOverTime produced 0 samples
2021-05-05 20:34:54,418 INFO o.a.j.r.p.AbstractSampleConsumer: class org.apache.jmeter.report.processor.graph.impl.CodesPerSecondGraphConsumer#stopProducing(): codesPerSecond produced 0 samples
2021-05-05 20:34:54,536 INFO o.a.j.r.p.AbstractSampleConsumer: class org.apache.jmeter.report.processor.graph.impl.ResponseTimeVSRequestGraphConsumer#stopProducing(): responseTimeVsRequest produced 0 samples
2021-05-05 20:34:54,537 INFO o.a.j.r.p.AbstractSampleConsumer: class org.apache.jmeter.report.processor.FilterConsumer#stopProducing(): startIntervalControlerFilter produced 143395 samples
2021-05-05 20:34:54,537 INFO o.a.j.r.p.AbstractSampleConsumer: class org.apache.jmeter.report.processor.graph.impl.TotalTPSGraphConsumer#stopProducing(): totalTPS produced 0 samples
2021-05-05 20:34:54,537 INFO o.a.j.r.p.AbstractSampleConsumer: class org.apache.jmeter.report.processor.graph.impl.ActiveThreadsGraphConsumer#stopProducing(): activeThreadsOverTime produced 0 samples
2021-05-05 20:34:54,538 INFO o.a.j.r.p.AbstractSampleConsumer: class org.apache.jmeter.report.processor.graph.impl.TimeVSThreadGraphConsumer#stopProducing(): timeVsThreads produced 0 samples
2021-05-05 20:34:54,539 INFO o.a.j.r.p.AbstractSampleConsumer: class org.apache.jmeter.report.processor.graph.impl.ResponseTimeDistributionGraphConsumer#stopProducing(): responseTimeDistribution produced 0 samples
2021-05-05 20:34:54,539 INFO o.a.j.r.p.AbstractSampleConsumer: class org.apache.jmeter.report.processor.graph.impl.TransactionsPerSecondGraphConsumer#stopProducing(): transactionsPerSecond produced 0 samples
2021-05-05 20:34:54,539 INFO o.a.j.r.p.AbstractSampleConsumer: class org.apache.jmeter.report.processor.graph.impl.ResponseTimePercentilesGraphConsumer#stopProducing(): responseTimePercentiles produced 0 samples
2021-05-05 20:34:54,547 INFO o.a.j.r.p.AbstractSampleConsumer: class org.apache.jmeter.report.processor.graph.impl.ResponseTimePercentilesOverTimeGraphConsumer#stopProducing(): responseTimePercentilesOverTime produced 0 samples
2021-05-05 20:34:54,564 INFO o.a.j.r.p.AbstractSampleConsumer: class org.apache.jmeter.report.processor.graph.impl.ResponseTimeOverTimeGraphConsumer#stopProducing(): responseTimesOverTime produced 0 samples
2021-05-05 20:34:54,564 INFO o.a.j.r.p.AbstractSampleConsumer: class org.apache.jmeter.report.processor.graph.impl.ConnectTimeOverTimeGraphConsumer#stopProducing(): connectTimeOverTime produced 0 samples
2021-05-05 20:34:54,565 INFO o.a.j.r.p.AbstractSampleConsumer: class org.apache.jmeter.report.processor.graph.impl.LatencyOverTimeGraphConsumer#stopProducing(): latenciesOverTime produced 0 samples
2021-05-05 20:34:54,565 INFO o.a.j.r.p.AbstractSampleConsumer: class org.apache.jmeter.report.processor.FilterConsumer#stopProducing(): nameFilter produced 307275 samples
2021-05-05 20:34:54,565 INFO o.a.j.r.p.AbstractSampleConsumer: class org.apache.jmeter.report.processor.FilterConsumer#stopProducing(): dateRangeFilter produced 61455 samples
2021-05-05 20:34:54,565 INFO o.a.j.r.p.AbstractSampleConsumer: class org.apache.jmeter.report.processor.NormalizerSampleConsumer#stopProducing(): normalizer produced 20485 samples
2021-05-05 20:34:54,566 INFO o.a.j.r.p.CsvFileSampleSource: produce(): 20485 samples produced in 958ms on channel 0
2021-05-05 20:34:54,566 INFO o.a.j.r.d.ReportGenerator: Exporting data using exporter:'json' of className:'org.apache.jmeter.report.dashboard.JsonExporter'
2021-05-05 20:34:54,639 INFO o.a.j.r.d.JsonExporter: Found data for consumer statisticsSummaryin context
2021-05-05 20:34:54,639 INFO o.a.j.r.d.JsonExporter: Creating statistics for overall
2021-05-05 20:34:54,640 INFO o.a.j.r.d.JsonExporter: Creating statistics for other transactions
2021-05-05 20:34:54,640 INFO o.a.j.r.d.JsonExporter: Checking output folder
2021-05-05 20:34:54,640 INFO o.a.j.r.d.JsonExporter: Writing statistics JSON to /hdd/homework/testing/lab4/stress3/out/statistics.json
2021-05-05 20:34:54,665 INFO o.a.j.r.d.ReportGenerator: Exporting data using exporter:'html' of className:'org.apache.jmeter.report.dashboard.HtmlTemplateExporter'
2021-05-05 20:34:54,667 INFO o.a.j.r.d.HtmlTemplateExporter: Will generate dashboard in folder: /hdd/homework/testing/lab4/stress3/out
2021-05-05 20:34:54,747 INFO o.a.j.r.d.HtmlTemplateExporter: Report will be generated in: /hdd/homework/testing/lab4/stress3/out, creating folder structure
2021-05-05 20:34:54,749 INFO o.a.j.r.d.TemplateVisitor: Copying folder from '/hdd/homework/testing/apache-jmeter-5.4.1/bin/report-template' to '/hdd/homework/testing/lab4/stress3/out', got message: /hdd/homework/testing/lab4/stress3/out, found non empty folder with following content [/hdd/homework/testing/lab4/stress3/out/statistics.json], will be ignored
2021-05-05 20:34:54,930 INFO o.a.j.JMeter: Dashboard generated
